#
# A fatal error has been detected by the Java Runtime Environment:
#
#  EXCEPTION_ACCESS_VIOLATION (0xc0000005) at pc=0x00000000778432d0, pid=2316, tid=5176
#
# JRE version: 7.0_17-b02
# Java VM: Java HotSpot(TM) 64-Bit Server VM (23.7-b01 mixed mode windows-amd64 compressed oops)
# Problematic frame:
# C  [ntdll.dll+0x532d0]  RtlFreeHeap+0xd0
#
# Failed to write core dump. Minidumps are not enabled by default on client versions of Windows
#
# If you would like to submit a bug report, please visit:
#   http://bugreport.sun.com/bugreport/crash.jsp
#

---------------  T H R E A D  ---------------

Current thread (0x000000000de63800):  Thread [stack: 0x0000000017bf0000,0x0000000017cf0000] [id=1132088138]

siginfo: ExceptionCode=0xc0000005, reading address 0x00000f20ab951088

Registers:
RAX=0x000000006188b1d0, RBX=0x00000f20ab951080, RCX=0x000000ffffffffff, RDX=0x000000000fee1630
RSP=0x0000000017cef2d0, RBP=0x0000000000000000, RSI=0x0000000002090000, RDI=0x000000000fee1640
R8 =0x000000000fee1640, R9 =0x0000011202ea034b, R10=0x0000000000000000, R11=0x0000000000000203
R12=0x0000000000000000, R13=0x0000000000000000, R14=0x0000000000000000, R15=0x0000000000000000
RIP=0x00000000778432d0, EFLAGS=0x0000000000010202

Top of Stack: (sp=0x0000000017cef2d0)
0x0000000017cef2d0:   000000000de63800 0000000017cef288
0x0000000017cef2e0:   0000000000000000 0000000000000000
0x0000000017cef2f0:   0000000000000000 0000000000000000
0x0000000017cef300:   000000000de63800 000007fefdf9132c
0x0000000017cef310:   0000000000000000 0000000000000000
0x0000000017cef320:   0000000000000000 0000000000000000
0x0000000017cef330:   000000000fee1640 0000000000000000
0x0000000017cef340:   0000000017cef800 00000000775a307a
0x0000000017cef350:   0000000000000000 000000000de63800
0x0000000017cef360:   000000006094bbe6 000000000de6c980
0x0000000017cef370:   000000001366adf0 000000006c728bd4
0x0000000017cef380:   0000000000000000 0000000000000000
0x0000000017cef390:   0000000000000000 0000000000000000
0x0000000017cef3a0:   000000000de63800 000000006bec30b5
0x0000000017cef3b0:   000000000de63800 000000000de63800
0x0000000017cef3c0:   0000000000000000 000000000de63800 

Instructions: (pc=0x00000000778432d0)
0x00000000778432b0:   ff ff 00 00 00 48 33 de 48 23 c1 48 c1 eb 04 48
0x00000000778432c0:   33 d8 48 33 1d ff f0 0d 00 48 c1 e3 04 0f 0d 0b
0x00000000778432d0:   4c 8b 63 08 49 bd 01 00 00 00 01 00 00 00 49 be
0x00000000778432e0:   ff 7f 00 00 ff ff ff ff c6 42 0f 80 c6 42 0e 00 


Register to memory mapping:

RAX=0x000000006188b1d0 is an unknown value
RBX=0x00000f20ab951080 is an unknown value
RCX=0x000000ffffffffff is an unknown value
RDX=0x000000000fee1630 is an unknown value
RSP=0x0000000017cef2d0 is an unknown value
RBP=0x0000000000000000 is an unknown value
RSI=0x0000000002090000 is an unknown value
RDI=0x000000000fee1640 is an unknown value
R8 =0x000000000fee1640 is an unknown value
R9 =0x0000011202ea034b is an unknown value
R10=0x0000000000000000 is an unknown value
R11=0x0000000000000203 is an unknown value
R12=0x0000000000000000 is an unknown value
R13=0x0000000000000000 is an unknown value
R14=0x0000000000000000 is an unknown value
R15=0x0000000000000000 is an unknown value


Stack: [0x0000000017bf0000,0x0000000017cf0000],  sp=0x0000000017cef2d0,  free space=1020k
Native frames: (J=compiled Java code, j=interpreted, Vv=VM code, C=native code)
C  [ntdll.dll+0x532d0]  RtlFreeHeap+0xd0

[error occurred during error reporting (printing native stack), id 0xc0000005]


---------------  P R O C E S S  ---------------

Java Threads: ( => current thread )
  0x000000000fb7f800 JavaThread "D3D Screen Updater" daemon [_thread_blocked, id=4136, stack(0x0000000017a70000,0x0000000017b70000)]
  0x000000000fb7e000 JavaThread "Swing-Shell" daemon [_thread_blocked, id=5912, stack(0x0000000018110000,0x0000000018210000)]
  0x000000000fa5b800 JavaThread "DestroyJavaVM" [_thread_blocked, id=6112, stack(0x00000000024f0000,0x00000000025f0000)]
  0x000000000fac6800 JavaThread "TimerQueue" daemon [_thread_blocked, id=5420, stack(0x0000000016bf0000,0x0000000016cf0000)]
  0x0000000013a8e800 JavaThread "AWT-EventQueue-0" [_thread_blocked, id=5828, stack(0x0000000014af0000,0x0000000014bf0000)]
  0x00000000135bc800 JavaThread "AWT-Shutdown" [_thread_blocked, id=3788, stack(0x0000000013110000,0x0000000013210000)]
  0x0000000013c0a800 JavaThread "Thread-6" [_thread_in_native, id=5156, stack(0x00000000149c0000,0x0000000014ac0000)]
  0x0000000013b41800 JavaThread "Thread-5" [_thread_in_native, id=4576, stack(0x0000000014860000,0x0000000014960000)]
  0x0000000013a60800 JavaThread "Timer-0" [_thread_blocked, id=4880, stack(0x00000000146d0000,0x00000000147d0000)]
  0x000000001397f800 JavaThread "Thread-3" [_thread_in_native, id=2892, stack(0x0000000014540000,0x0000000014640000)]
  0x000000000fb4d800 JavaThread "AWT-Windows" daemon [_thread_in_native, id=5956, stack(0x0000000010360000,0x0000000010460000)]
  0x000000000fa7b000 JavaThread "Java2D Disposer" daemon [_thread_blocked, id=5220, stack(0x000000000f7e0000,0x000000000f8e0000)]
  0x000000000dd55800 JavaThread "Service Thread" daemon [_thread_blocked, id=5288, stack(0x000000000f6c0000,0x000000000f7c0000)]
  0x000000000dd4d000 JavaThread "C2 CompilerThread1" daemon [_thread_blocked, id=5012, stack(0x000000000f450000,0x000000000f550000)]
  0x000000000dd49800 JavaThread "C2 CompilerThread0" daemon [_thread_blocked, id=5716, stack(0x000000000eec0000,0x000000000efc0000)]
  0x000000000dd31800 JavaThread "JDWP Command Reader" daemon [_thread_in_native, id=5804, stack(0x000000000f290000,0x000000000f390000)]
  0x000000000dd31000 JavaThread "JDWP Event Helper Thread" daemon [_thread_in_vm, id=5800, stack(0x000000000f170000,0x000000000f270000)]
  0x000000000dd1e000 JavaThread "JDWP Transport Listener: dt_socket" daemon [_thread_blocked, id=5744, stack(0x000000000f020000,0x000000000f120000)]
  0x000000000dd18000 JavaThread "Attach Listener" daemon [_thread_blocked, id=5752, stack(0x000000000e330000,0x000000000e430000)]
  0x000000000dd17000 JavaThread "Signal Dispatcher" daemon [_thread_blocked, id=6060, stack(0x000000000e0d0000,0x000000000e1d0000)]
  0x000000000bd8a800 JavaThread "Finalizer" daemon [_thread_blocked, id=5720, stack(0x000000000da90000,0x000000000db90000)]
  0x000000000bd82800 JavaThread "Reference Handler" daemon [_thread_blocked, id=4048, stack(0x000000000dbc0000,0x000000000dcc0000)]

Other Threads:
  0x000000000bd77000 VMThread [stack: 0x000000000d900000,0x000000000da00000] [id=5484]
  0x000000000dd62800 WatcherThread [stack: 0x000000000f900000,0x000000000fa00000] [id=5848]

=>0x000000000de63800 (exited) Thread [stack: 0x0000000017bf0000,0x0000000017cf0000] [id=1132088138]

VM state:not at safepoint (normal execution)

VM Mutex/Monitor currently owned by a thread: None

Heap
 PSYoungGen      total 70656K, used 40037K [0x00000007d5960000, 0x00000007da3a0000, 0x0000000800000000)
  eden space 65280K, 53% used [0x00000007d5960000,0x00000007d7b3c658,0x00000007d9920000)
  from space 5376K, 99% used [0x00000007d9920000,0x00000007d9e5cfa0,0x00000007d9e60000)
  to   space 5376K, 0% used [0x00000007d9e60000,0x00000007d9e60000,0x00000007da3a0000)
 ParOldGen       total 86848K, used 1967K [0x0000000780c00000, 0x00000007860d0000, 0x00000007d5960000)
  object space 86848K, 2% used [0x0000000780c00000,0x0000000780debfa0,0x00000007860d0000)
 PSPermGen       total 22784K, used 22660K [0x000000077ba00000, 0x000000077d040000, 0x0000000780c00000)
  object space 22784K, 99% used [0x000000077ba00000,0x000000077d021080,0x000000077d040000)

Card table byte_map: [0x00000000055f0000,0x0000000005a20000] byte_map_base: 0x0000000001a13000

Polling page: 0x0000000000120000

Code Cache  [0x00000000025f0000, 0x0000000002860000, 0x00000000055f0000)
 total_blobs=822 nmethods=269 adapters=512 free_code_cache=47763Kb largest_free_block=48866624

Compilation events (10 events):
Event: 20.039 Thread 0x000000000dd49800 nmethod 272 0x000000000274a550 code [0x000000000274a760, 0x000000000274b3c8]
Event: 20.039 Thread 0x000000000dd49800  274             sun.java2d.d3d.D3DMaskFill::validateContext (29 bytes)
Event: 20.046 Thread 0x000000000dd49800 nmethod 274 0x00000000026dc310 code [0x00000000026dc480, 0x00000000026dc718]
Event: 20.049 Thread 0x000000000dd49800  275             java.awt.geom.RoundRectIterator::currentSegment (144 bytes)
Event: 20.062 Thread 0x000000000dd49800 nmethod 275 0x0000000002731650 code [0x00000000027317c0, 0x0000000002731c68]
Event: 20.140 Thread 0x000000000dd49800  276             java.awt.geom.RoundRectIterator::isDone (17 bytes)
Event: 20.142 Thread 0x000000000dd49800 nmethod 276 0x0000000002732110 code [0x0000000002732240, 0x00000000027322f8]
Event: 20.157 Thread 0x000000000dd4d000 nmethod 273 0x0000000002751050 code [0x0000000002751220, 0x00000000027542a8]
Event: 20.254 Thread 0x000000000dd49800  277             java.util.HashMap::<init> (165 bytes)
Event: 20.271 Thread 0x000000000dd49800 nmethod 277 0x0000000002735a10 code [0x0000000002735be0, 0x0000000002736130]

GC Heap History (6 events):
Event: 3.393 GC heap before
{Heap before GC invocations=1 (full 0):
 PSYoungGen      total 38016K, used 32640K [0x00000007d5960000, 0x00000007d83c0000, 0x0000000800000000)
  eden space 32640K, 100% used [0x00000007d5960000,0x00000007d7940000,0x00000007d7940000)
  from space 5376K, 0% used [0x00000007d7e80000,0x00000007d7e80000,0x00000007d83c0000)
  to   space 5376K, 0% used [0x00000007d7940000,0x00000007d7940000,0x00000007d7e80000)
 ParOldGen       total 86848K, used 0K [0x0000000780c00000, 0x00000007860d0000, 0x00000007d5960000)
  object space 86848K, 0% used [0x0000000780c00000,0x0000000780c00000,0x00000007860d0000)
 PSPermGen       total 21248K, used 14241K [0x000000077ba00000, 0x000000077cec0000, 0x0000000780c00000)
  object space 21248K, 67% used [0x000000077ba00000,0x000000077c7e8640,0x000000077cec0000)
Event: 3.429 GC heap after
Heap after GC invocations=1 (full 0):
 PSYoungGen      total 38016K, used 5365K [0x00000007d5960000, 0x00000007da3a0000, 0x0000000800000000)
  eden space 32640K, 0% used [0x00000007d5960000,0x00000007d5960000,0x00000007d7940000)
  from space 5376K, 99% used [0x00000007d7940000,0x00000007d7e7d720,0x00000007d7e80000)
  to   space 5376K, 0% used [0x00000007d9e60000,0x00000007d9e60000,0x00000007da3a0000)
 ParOldGen       total 86848K, used 118K [0x0000000780c00000, 0x00000007860d0000, 0x00000007d5960000)
  object space 86848K, 0% used [0x0000000780c00000,0x0000000780c1d8d8,0x00000007860d0000)
 PSPermGen       total 21248K, used 14241K [0x000000077ba00000, 0x000000077cec0000, 0x0000000780c00000)
  object space 21248K, 67% used [0x000000077ba00000,0x000000077c7e8640,0x000000077cec0000)
}
Event: 4.964 GC heap before
{Heap before GC invocations=2 (full 0):
 PSYoungGen      total 38016K, used 35927K [0x00000007d5960000, 0x00000007da3a0000, 0x0000000800000000)
  eden space 32640K, 93% used [0x00000007d5960000,0x00000007d7738620,0x00000007d7940000)
  from space 5376K, 99% used [0x00000007d7940000,0x00000007d7e7d720,0x00000007d7e80000)
  to   space 5376K, 0% used [0x00000007d9e60000,0x00000007d9e60000,0x00000007da3a0000)
 ParOldGen       total 86848K, used 118K [0x0000000780c00000, 0x00000007860d0000, 0x00000007d5960000)
  object space 86848K, 0% used [0x0000000780c00000,0x0000000780c1d8d8,0x00000007860d0000)
 PSPermGen       total 21248K, used 16605K [0x000000077ba00000, 0x000000077cec0000, 0x0000000780c00000)
  object space 21248K, 78% used [0x000000077ba00000,0x000000077ca37660,0x000000077cec0000)
Event: 4.981 GC heap after
Heap after GC invocations=2 (full 0):
 PSYoungGen      total 70656K, used 5375K [0x00000007d5960000, 0x00000007da3a0000, 0x0000000800000000)
  eden space 65280K, 0% used [0x00000007d5960000,0x00000007d5960000,0x00000007d9920000)
  from space 5376K, 99% used [0x00000007d9e60000,0x00000007da39fca0,0x00000007da3a0000)
  to   space 5376K, 0% used [0x00000007d9920000,0x00000007d9920000,0x00000007d9e60000)
 ParOldGen       total 86848K, used 998K [0x0000000780c00000, 0x00000007860d0000, 0x00000007d5960000)
  object space 86848K, 1% used [0x0000000780c00000,0x0000000780cf99f0,0x00000007860d0000)
 PSPermGen       total 21248K, used 16605K [0x000000077ba00000, 0x000000077cec0000, 0x0000000780c00000)
  object space 21248K, 78% used [0x000000077ba00000,0x000000077ca37660,0x000000077cec0000)
}
Event: 9.695 GC heap before
{Heap before GC invocations=3 (full 0):
 PSYoungGen      total 70656K, used 70655K [0x00000007d5960000, 0x00000007da3a0000, 0x0000000800000000)
  eden space 65280K, 100% used [0x00000007d5960000,0x00000007d9920000,0x00000007d9920000)
  from space 5376K, 99% used [0x00000007d9e60000,0x00000007da39fca0,0x00000007da3a0000)
  to   space 5376K, 0% used [0x00000007d9920000,0x00000007d9920000,0x00000007d9e60000)
 ParOldGen       total 86848K, used 998K [0x0000000780c00000, 0x00000007860d0000, 0x00000007d5960000)
  object space 86848K, 1% used [0x0000000780c00000,0x0000000780cf99f0,0x00000007860d0000)
 PSPermGen       total 21248K, used 18621K [0x000000077ba00000, 0x000000077cec0000, 0x0000000780c00000)
  object space 21248K, 87% used [0x000000077ba00000,0x000000077cc2f5c8,0x000000077cec0000)
Event: 9.716 GC heap after
Heap after GC invocations=3 (full 0):
 PSYoungGen      total 70656K, used 5363K [0x00000007d5960000, 0x00000007da3a0000, 0x0000000800000000)
  eden space 65280K, 0% used [0x00000007d5960000,0x00000007d5960000,0x00000007d9920000)
  from space 5376K, 99% used [0x00000007d9920000,0x00000007d9e5cfa0,0x00000007d9e60000)
  to   space 5376K, 0% used [0x00000007d9e60000,0x00000007d9e60000,0x00000007da3a0000)
 ParOldGen       total 86848K, used 1967K [0x0000000780c00000, 0x00000007860d0000, 0x00000007d5960000)
  object space 86848K, 2% used [0x0000000780c00000,0x0000000780debfa0,0x00000007860d0000)
 PSPermGen       total 21248K, used 18621K [0x000000077ba00000, 0x000000077cec0000, 0x0000000780c00000)
  object space 21248K, 87% used [0x000000077ba00000,0x000000077cc2f5c8,0x000000077cec0000)
}

Deoptimization events (10 events):
Event: 5.805 Thread 0x0000000013a8e800 Uncommon trap -34 fr.pc 0x000000000267c258
Event: 9.855 Thread 0x0000000013a8e800 Uncommon trap -83 fr.pc 0x00000000026aabcc
Event: 12.872 Thread 0x0000000013a8e800 Uncommon trap 43 fr.pc 0x000000000270b440
Event: 12.989 Thread 0x0000000013b41800 Uncommon trap -34 fr.pc 0x00000000026980e4
Event: 12.989 Thread 0x0000000013b41800 Uncommon trap -34 fr.pc 0x00000000026980e4
Event: 12.989 Thread 0x0000000013b41800 Uncommon trap -34 fr.pc 0x00000000026980e4
Event: 12.989 Thread 0x0000000013b41800 Uncommon trap -34 fr.pc 0x00000000026980e4
Event: 17.166 Thread 0x0000000013a8e800 Uncommon trap -34 fr.pc 0x000000000268c9f4
Event: 17.168 Thread 0x0000000013a8e800 Uncommon trap -83 fr.pc 0x000000000268c9bc
Event: 17.171 Thread 0x0000000013a8e800 Uncommon trap -83 fr.pc 0x000000000268b3d8

Internal exceptions (10 events):
Event: 9.963 Thread 0x0000000013a8e800 Threw 0x00000007d5c2bb70 at C:\jdk7u2_64p\jdk7u17\hotspot\src\share\vm\prims\jvm.cpp:1166
Event: 9.974 Thread 0x0000000013a8e800 Threw 0x00000007d5c2dc98 at C:\jdk7u2_64p\jdk7u17\hotspot\src\share\vm\prims\jvm.cpp:1166
Event: 9.984 Thread 0x0000000013a8e800 Threw 0x00000007d5c31208 at C:\jdk7u2_64p\jdk7u17\hotspot\src\share\vm\prims\jvm.cpp:1166
Event: 9.985 Thread 0x0000000013a8e800 Threw 0x00000007d5c38498 at C:\jdk7u2_64p\jdk7u17\hotspot\src\share\vm\prims\jvm.cpp:1166
Event: 9.989 Thread 0x0000000013a8e800 Threw 0x00000007d5c40050 at C:\jdk7u2_64p\jdk7u17\hotspot\src\share\vm\prims\jvm.cpp:1166
Event: 9.993 Thread 0x0000000013a8e800 Threw 0x00000007d5c472e8 at C:\jdk7u2_64p\jdk7u17\hotspot\src\share\vm\prims\jvm.cpp:1166
Event: 10.155 Thread 0x0000000013a8e800 Threw 0x00000007d5c6bc38 at C:\jdk7u2_64p\jdk7u17\hotspot\src\share\vm\prims\jvm.cpp:1166
Event: 17.171 Thread 0x0000000013a8e800 Implicit null exception at 0x000000000268b36c to 0x000000000268b3c6
Event: 19.842 Thread 0x0000000013a8e800 Threw 0x00000007d6d92060 at C:\jdk7u2_64p\jdk7u17\hotspot\src\share\vm\prims\jvm.cpp:1166
Event: 19.854 Thread 0x000000000fb81000 Threw 0x00000007d6d9cfc0 at C:\jdk7u2_64p\jdk7u17\hotspot\src\share\vm\prims\jvm.cpp:1166

Events (10 events):
Event: 27.367 Thread 0x000000000de64000 Thread added: 0x000000000de64000
Event: 27.367 Thread 0x000000000de65000 Thread added: 0x000000000de65000
Event: 27.368 Thread 0x000000000de66800 Thread added: 0x000000000de66800
Event: 27.369 Thread 0x000000000fb80800 Thread added: 0x000000000fb80800
Event: 27.369 Thread 0x000000000fb81000 Thread added: 0x000000000fb81000
Event: 27.369 Thread 0x000000000fb7f000 Thread added: 0x000000000fb7f000
Event: 27.377 Thread 0x000000000de65800 Thread exited: 0x000000000de65800
Event: 27.385 Thread 0x000000000fb81000 Thread exited: 0x000000000fb81000
Event: 27.388 Thread 0x000000000fb80800 Thread exited: 0x000000000fb80800
Event: 27.389 Thread 0x000000000de66800 Thread exited: 0x000000000de66800


Dynamic libraries:
0x000000013f1e0000 - 0x000000013f213000 	C:\Program Files\Java\jre7\bin\javaw.exe
0x00000000777f0000 - 0x0000000077999000 	C:\Windows\SYSTEM32\ntdll.dll
0x0000000077580000 - 0x000000007769f000 	C:\Windows\system32\kernel32.dll
0x000007fefdf90000 - 0x000007fefdffb000 	C:\Windows\system32\KERNELBASE.dll
0x000007fefe470000 - 0x000007fefe54b000 	C:\Windows\system32\ADVAPI32.dll
0x000007fefe020000 - 0x000007fefe0bf000 	C:\Windows\system32\msvcrt.dll
0x000007fefe210000 - 0x000007fefe22f000 	C:\Windows\SYSTEM32\sechost.dll
0x000007fefe260000 - 0x000007fefe38d000 	C:\Windows\system32\RPCRT4.dll
0x0000000077270000 - 0x000000007736a000 	C:\Windows\system32\USER32.dll
0x000007fefe5f0000 - 0x000007fefe657000 	C:\Windows\system32\GDI32.dll
0x000007fefe180000 - 0x000007fefe18e000 	C:\Windows\system32\LPK.dll
0x000007fefe780000 - 0x000007fefe849000 	C:\Windows\system32\USP10.dll
0x000007fefc440000 - 0x000007fefc634000 	C:\Windows\WinSxS\amd64_microsoft.windows.common-controls_6595b64144ccf1df_6.0.7601.17514_none_fa396087175ac9ac\COMCTL32.dll
0x000007fefe190000 - 0x000007fefe201000 	C:\Windows\system32\SHLWAPI.dll
0x000007fefe230000 - 0x000007fefe25e000 	C:\Windows\system32\IMM32.DLL
0x000007feff9f0000 - 0x000007feffaf9000 	C:\Windows\system32\MSCTF.dll
0x000000006c6c0000 - 0x000000006c791000 	C:\Program Files\Java\jre7\bin\msvcr100.dll
0x000000006bcf0000 - 0x000000006c40f000 	C:\Program Files\Java\jre7\bin\server\jvm.dll
0x000007fefa6a0000 - 0x000007fefa6a9000 	C:\Windows\system32\WSOCK32.dll
0x000007fefe130000 - 0x000007fefe17d000 	C:\Windows\system32\WS2_32.dll
0x000007fefe120000 - 0x000007fefe128000 	C:\Windows\system32\NSI.dll
0x000007fefc1c0000 - 0x000007fefc1fb000 	C:\Windows\system32\WINMM.dll
0x00000000779b0000 - 0x00000000779b7000 	C:\Windows\system32\PSAPI.DLL
0x000000006c6b0000 - 0x000000006c6bf000 	C:\Program Files\Java\jre7\bin\verify.dll
0x000000006c680000 - 0x000000006c6a8000 	C:\Program Files\Java\jre7\bin\java.dll
0x000000006b200000 - 0x000000006b235000 	C:\Program Files\Java\jre7\bin\jdwp.dll
0x000000006b1f0000 - 0x000000006b1f8000 	C:\Program Files\Java\jre7\bin\npt.dll
0x000000006c660000 - 0x000000006c675000 	C:\Program Files\Java\jre7\bin\zip.dll
0x000000006b1e0000 - 0x000000006b1e9000 	C:\Program Files\Java\jre7\bin\dt_socket.dll
0x000007fefd480000 - 0x000007fefd4d5000 	C:\Windows\system32\mswsock.dll
0x000007fefd300000 - 0x000007fefd35b000 	C:\Windows\system32\DNSAPI.dll
0x000007fef5d50000 - 0x000007fef5d65000 	C:\Windows\system32\napinsp.dll
0x000007fef5d30000 - 0x000007fef5d49000 	C:\Windows\system32\pnrpnsp.dll
0x000007fef5d20000 - 0x000007fef5d2b000 	C:\Windows\System32\winrnr.dll
0x000007fef5d10000 - 0x000007fef5d20000 	C:\Windows\system32\wshbth.dll
0x000007fefa570000 - 0x000007fefa582000 	C:\Windows\system32\PrxerNsp.dll
0x000007fefcc30000 - 0x000007fefcc57000 	C:\Windows\system32\IPHLPAPI.DLL
0x000007fefcc20000 - 0x000007fefcc2b000 	C:\Windows\system32\WINNSI.DLL
0x000007fefa560000 - 0x000007fefa568000 	C:\Windows\system32\rasadhlp.dll
0x0000000180000000 - 0x000000018003e000 	C:\Program Files (x86)\Avira\AntiVir Desktop\avsda64.dll
0x000007fefcc00000 - 0x000007fefcc16000 	C:\Windows\system32\PrxerDrv.dll
0x000007fefcbf0000 - 0x000007fefcbf7000 	C:\Windows\System32\wshtcpip.dll
0x0000000061830000 - 0x00000000619c3000 	C:\Program Files\Java\jre7\bin\awt.dll
0x000007fefe390000 - 0x000007fefe467000 	C:\Windows\system32\OLEAUT32.dll
0x000007fefea30000 - 0x000007fefec33000 	C:\Windows\system32\ole32.dll
0x000007fefc010000 - 0x000007fefc028000 	C:\Windows\system32\DWMAPI.DLL
0x000007fefbfb0000 - 0x000007fefc006000 	C:\Windows\system32\uxtheme.dll
0x0000000002270000 - 0x00000000022b1000 	C:\Program Files (x86)\ATI Technologies\HydraVision\HydraDMH64.dll
0x0000000006410000 - 0x0000000006465000 	C:\Program Files (x86)\ATI Technologies\HydraVision\GridHook64.dll
0x000007fefb560000 - 0x000007fefb5d1000 	C:\Windows\system32\WINSPOOL.DRV
0x0000000006470000 - 0x00000000064ab000 	C:\Windows\W7FBC\dll.dll
0x000007fefe550000 - 0x000007fefe5e7000 	C:\Windows\system32\COMDLG32.dll
0x000007fefec60000 - 0x000007feff9e8000 	C:\Windows\system32\SHELL32.dll
0x000007fefbd90000 - 0x000007fefbfa5000 	C:\Windows\WinSxS\amd64_microsoft.windows.gdiplus_6595b64144ccf1df_1.1.7601.17514_none_2b24536c71ed437a\gdiplus.dll
0x000000000bb10000 - 0x000000000bb59000 	C:\Program Files (x86)\ATI Technologies\HydraVision\HydraMDH64.dll
0x000007fefdb40000 - 0x000007fefdb4f000 	C:\Windows\system32\CRYPTBASE.dll
0x000007fee6250000 - 0x000007fee644f000 	C:\Windows\system32\d3d9.dll
0x000007fefcb00000 - 0x000007fefcb0c000 	C:\Windows\system32\VERSION.dll
0x000007fefb270000 - 0x000007fefb277000 	C:\Windows\system32\d3d8thk.dll
0x000007fef8910000 - 0x000007fef8a33000 	C:\Windows\system32\aticfx64.dll
0x000007feec700000 - 0x000007feec720000 	C:\Windows\system32\atiu9p64.dll
0x000007fee5ba0000 - 0x000007fee6247000 	C:\Windows\system32\atiumd64.dll
0x0000000061c30000 - 0x00000000620f2000 	C:\Windows\system32\atiumd6a.dll
0x000000006b1a0000 - 0x000000006b1d9000 	C:\Program Files\Java\jre7\bin\kcms.dll
0x000000006c430000 - 0x000000006c449000 	C:\Program Files\Java\jre7\bin\net.dll
0x000007fefd470000 - 0x000007fefd477000 	C:\Windows\System32\wship6.dll
0x000000006b500000 - 0x000000006b511000 	C:\Program Files\Java\jre7\bin\nio.dll
0x000000006b190000 - 0x000000006b19b000 	C:\Program Files\Java\jre7\bin\management.dll
0x000000006b110000 - 0x000000006b144000 	C:\Program Files\Java\jre7\bin\fontmanager.dll
0x000000006b0c0000 - 0x000000006b101000 	C:\Program Files\Java\jre7\bin\t2k.dll
0x000000000d850000 - 0x000000000d8b5000 	C:\Program Files\WIDCOMM\Bluetooth Software\btmmhook.dll
0x000000006b160000 - 0x000000006b190000 	C:\Program Files\Java\jre7\bin\jpeg.dll
0x000007fefe6e0000 - 0x000007fefe779000 	C:\Windows\system32\CLBCatQ.DLL
0x000007fefb990000 - 0x000007fefbaba000 	C:\Windows\system32\WindowsCodecs.dll
0x000007fefdae0000 - 0x000007fefdb37000 	C:\Windows\system32\apphelp.dll
0x0000000071ab0000 - 0x0000000071ac6000 	C:\Program Files\Common Files\TortoiseOverlays\TortoiseOverlays.dll
0x0000000071aa0000 - 0x0000000071ab0000 	C:\Program Files\TortoiseSVN\bin\TortoiseStub.dll
0x0000000071a20000 - 0x0000000071a98000 	C:\Program Files\TortoiseSVN\bin\TortoiseSVN.dll
0x0000000077110000 - 0x000000007726a000 	C:\Windows\system32\WININET.dll
0x00000000779c0000 - 0x00000000779c3000 	C:\Windows\system32\Normaliz.dll
0x0000000077370000 - 0x000000007757d000 	C:\Windows\system32\iertutil.dll
0x00000000776a0000 - 0x00000000777ed000 	C:\Windows\system32\urlmon.dll
0x000007fef7d20000 - 0x000007fef80fc000 	C:\Program Files\TortoiseSVN\bin\libsvn_tsvn.dll
0x00000000719f0000 - 0x0000000071a1b000 	C:\Program Files\TortoiseSVN\bin\libapr_tsvn.dll
0x00000000718c0000 - 0x0000000071901000 	C:\Program Files\TortoiseSVN\bin\libaprutil_tsvn.dll
0x000007fefe0c0000 - 0x000007fefe112000 	C:\Windows\system32\WLDAP32.dll
0x000007fef9500000 - 0x000007fef9510000 	C:\Program Files\TortoiseSVN\bin\intl3_tsvn.dll
0x000007fef8b20000 - 0x000007fef8b3a000 	C:\Program Files\TortoiseSVN\bin\libsasl.dll
0x000007fefd8f0000 - 0x000007fefd8fb000 	C:\Windows\system32\Secur32.dll
0x000007fefdab0000 - 0x000007fefdad5000 	C:\Windows\system32\SSPICLI.DLL
0x000007fefde20000 - 0x000007fefdf87000 	C:\Windows\system32\CRYPT32.dll
0x000007fefdcf0000 - 0x000007fefdcff000 	C:\Windows\system32\MSASN1.dll
0x0000000071820000 - 0x00000000718b8000 	C:\Windows\system32\MSVCP100.dll
0x000007fef7cc0000 - 0x000007fef7cf5000 	C:\Windows\system32\EhStorShell.dll
0x000007fefe850000 - 0x000007fefea27000 	C:\Windows\system32\SETUPAPI.dll
0x000007fefdd00000 - 0x000007fefdd36000 	C:\Windows\system32\CFGMGR32.dll
0x000007fefe000000 - 0x000007fefe01a000 	C:\Windows\system32\DEVOBJ.dll
0x000007fefc090000 - 0x000007fefc1bc000 	C:\Windows\system32\PROPSYS.dll
0x000007fef70c0000 - 0x000007fef7731000 	C:\PROGRA~1\MIF5BA~1\Office14\GROOVEEX.DLL
0x0000000071770000 - 0x000000007180d000 	C:\Windows\WinSxS\amd64_microsoft.vc90.crt_1fc8b3b9a1e18e3b_9.0.30729.4940_none_08e4299fa83d7e3c\MSVCR90.dll
0x0000000071690000 - 0x0000000071763000 	C:\Windows\WinSxS\amd64_microsoft.vc90.crt_1fc8b3b9a1e18e3b_9.0.30729.4940_none_08e4299fa83d7e3c\MSVCP90.dll
0x0000000071660000 - 0x000000007168f000 	C:\Windows\WinSxS\amd64_microsoft.vc90.atl_1fc8b3b9a1e18e3b_9.0.30729.4148_none_0a1d2fcba76b3f00\ATL90.DLL
0x000007fef6c20000 - 0x000007fef702f000 	C:\PROGRA~1\COMMON~1\MICROS~1\OFFICE14\Cultures\office.odf
0x000007fef63a0000 - 0x000007fef6c04000 	C:\PROGRA~1\MIF5BA~1\Office14\1033\GrooveIntlResource.dll
0x000000006b090000 - 0x000000006b0ba000 	C:\Program Files\Java\jre7\bin\dcpr.dll
0x0000000068d90000 - 0x0000000068e32000 	C:\Program Files\Java\jre7\bin\mlib_image.dll
0x000000000f120000 - 0x000000000f151000 	C:\Program Files\WIDCOMM\Bluetooth Software\btkeyind.dll
0x000007fefb670000 - 0x000007fefb6c3000 	C:\Windows\System32\fwpuclnt.dll
0x000007fefd4e0000 - 0x000007fefd4f7000 	C:\Windows\system32\CRYPTSP.dll
0x000007fefd1e0000 - 0x000007fefd227000 	C:\Windows\system32\rsaenh.dll
0x000007fefcfa0000 - 0x000007fefcfbe000 	C:\Windows\system32\USERENV.dll
0x000007fefdc50000 - 0x000007fefdc5f000 	C:\Windows\system32\profapi.dll
0x000007fefa6e0000 - 0x000007fefa780000 	C:\Windows\WinSxS\amd64_microsoft.windows.common-controls_6595b64144ccf1df_5.82.7601.17514_none_a4d6a923711520a9\comctl32.dll
0x000007fefc270000 - 0x000007fefc29d000 	C:\Windows\system32\ntmarta.dll
0x000007fef5b50000 - 0x000007fef5cec000 	C:\Windows\system32\NetworkExplorer.dll
0x000007fef61d0000 - 0x000007fef6204000 	C:\Windows\System32\shdocvw.dll
0x000007fefb930000 - 0x000007fefb93b000 	C:\Windows\system32\slc.dll
0x000007fef94d0000 - 0x000007fef94e8000 	C:\Windows\system32\MPR.dll
0x000007fefa8e0000 - 0x000007fefa8ea000 	C:\Windows\System32\drprov.dll
0x000007fefdbf0000 - 0x000007fefdc2d000 	C:\Windows\System32\WINSTA.dll
0x000007fef4230000 - 0x000007fef4252000 	C:\Windows\System32\ntlanman.dll
0x000007fef3f90000 - 0x000007fef3fac000 	C:\Windows\System32\davclnt.dll
0x000007fef4220000 - 0x000007fef422a000 	C:\Windows\System32\DAVHLPR.dll
0x000007fefb110000 - 0x000007fefb125000 	C:\Windows\system32\wkscli.dll
0x000007fef6c10000 - 0x000007fef6c1f000 	C:\Windows\system32\cscapi.dll
0x000007fefb150000 - 0x000007fefb15c000 	C:\Windows\system32\netutils.dll
0x000007feef9b0000 - 0x000007feefc21000 	C:\Windows\system32\wpdshext.dll
0x000007fef7a60000 - 0x000007fef7b1d000 	C:\Windows\system32\PortableDeviceApi.dll

VM Arguments:
jvm_args: -agentlib:jdwp=transport=dt_socket,suspend=y,address=localhost:1580 -Djava.library.path=C:\Users\Armin\Desktop\Kar\jajeem\lib\native -Dfile.encoding=Cp1256 
java_command: com.jajeem.core.design.StudentLogin
Launcher Type: SUN_STANDARD

Environment Variables:
JAVA_HOME=C:\Program Files\Java\jdk1.7.0
PATH=C:\Program Files (x86)\AMD APP\bin\x86_64;C:\Program Files (x86)\AMD APP\bin\x86;C:\Program Files (x86)\NVIDIA Corporation\PhysX\Common;C:\Program Files (x86)\MiKTeX 2.9\miktex\bin;C:\Windows\system32;C:\Windows;C:\Windows\System32\Wbem;C:\Windows\System32\WindowsPowerShell\v1.0\;c:\Program Files (x86)\ATI Technologies\ATI.ACE\Core-Static;C:\Program Files\Intel\WiFi\bin\;C:\Program Files\Common Files\Intel\WirelessCommon\;C:\Program Files (x86)\Common Files\Roxio Shared\DLLShared\;C:\Program Files (x86)\Common Files\Roxio Shared\OEM\DLLShared\;C:\Program Files (x86)\Common Files\Roxio Shared\OEM\DLLShared\;C:\Program Files (x86)\Common Files\Roxio Shared\OEM\12.0\DLLShared\;C:\Program Files (x86)\Roxio\OEM\AudioCore\;C:\Program Files (x86)\Java\jre6\bin;C:\Program Files\TortoiseSVN\bin;C:\Program Files (x86)\Microsoft SQL Server\100\Tools\Binn\;C:\Program Files\Microsoft SQL Server\100\Tools\Binn\;C:\Program Files\Microsoft SQL Server\100\DTS\Binn\;C:\Program Files (x86)\Microsoft SQL Server\100\Tools\Binn\VSShell\Common7\IDE\;C:\Program Files (x86)\Microsoft Visual Studio 9.0\Common7\IDE\PrivateAssemblies\;C:\Program Files (x86)\Microsoft SQL Server\100\DTS\Binn\;C:\Program Files\Microsoft\Web Platform Installer\;;C:\Program Files (x86)\Universal Extractor;C:\Program Files (x86)\Universal Extractor\bin;C:\Program Files (x86)\Microsoft ASP.NET\ASP.NET Web Pages\v1.0\;C:\Program Files (x86)\Windows Kits\8.0\Windows Performance Toolkit\;C:\Program Files\Microsoft SQL Server\110\Tools\Binn\;C:\Program Files\WIDCOMM\Bluetooth Software\;C:\Program Files\WIDCOMM\Bluetooth Software\syswow64;C:\Users\Armin\Desktop\Kar\apache-ant\bin;C:\Program Files (x86)\OpenVPN\bin
USERNAME=Armin
OS=Windows_NT
PROCESSOR_IDENTIFIER=Intel64 Family 6 Model 42 Stepping 7, GenuineIntel



---------------  S Y S T E M  ---------------

OS: Windows 7 , 64 bit Build 7601 Service Pack 1

CPU:total 8 (4 cores per cpu, 2 threads per core) family 6 model 42 stepping 7, cmov, cx8, fxsr, mmx, sse, sse2, sse3, ssse3, sse4.1, sse4.2, popcnt, avx, ht, tsc, tscinvbit

Memory: 4k page, physical 8335180k(4961452k free), swap 16668512k(12405776k free)

vm_info: Java HotSpot(TM) 64-Bit Server VM (23.7-b01) for windows-amd64 JRE (1.7.0_17-b02), built on Mar  1 2013 03:38:30 by "java_re" with unknown MS VC++:1600

time: Mon Jul 08 11:10:30 2013
elapsed time: 27 seconds

