#
# A fatal error has been detected by the Java Runtime Environment:
#
#  EXCEPTION_ACCESS_VIOLATION (0xc0000005) at pc=0x000000007718e4b4, pid=6584, tid=5012
#
# JRE version: 7.0_17-b02
# Java VM: Java HotSpot(TM) 64-Bit Server VM (23.7-b01 mixed mode windows-amd64 compressed oops)
# Problematic frame:
# C  [ntdll.dll+0x4e4b4]  RtlDeNormalizeProcessParams+0x5a4
#
# Failed to write core dump. Minidumps are not enabled by default on client versions of Windows
#
# If you would like to submit a bug report, please visit:
#   http://bugreport.sun.com/bugreport/crash.jsp
# The crash happened outside the Java Virtual Machine in native code.
# See problematic frame for where to report the bug.
#

---------------  T H R E A D  ---------------

Current thread (0x00000000137e7800):  JavaThread "pool-2-thread-1" [_thread_in_native, id=5012, stack(0x00000000198c0000,0x00000000199c0000)]

siginfo: ExceptionCode=0xc0000005, writing address 0x0000000000000024

Registers:
RAX=0x0000000000000000, RBX=0x0000000017f2b480, RCX=0x00000000fffffffc, RDX=0x0000000000000bdc
RSP=0x00000000199be4e0, RBP=0x0000000000000000, RSI=0x0000000000000bdc, RDI=0x0000000000000000
R8 =0x00000000199be498, R9 =0x0000000000000004, R10=0x0000000000000000, R11=0x0000000000000246
R12=0x0000000000000000, R13=0x0000000000000000, R14=0x000007fffff50000, R15=0x0000000000000000
RIP=0x000000007718e4b4, EFLAGS=0x0000000000010213

Top of Stack: (sp=0x00000000199be4e0)
0x00000000199be4e0:   00000000107e98c0 0000000000000bdc
0x00000000199be4f0:   0000000002646590 0000000017f2b478
0x00000000199be500:   00000000137e79d8 00000000199be688
0x00000000199be510:   00000000137e7800 000000005de65f08
0x00000000199be520:   0000000002295770 000000005bbd4d41
0x00000000199be530:   0000000000000000 0000000000000000
0x00000000199be540:   0000000017f2b4e0 000000001388b228
0x00000000199be550:   0000000017f2b4e0 0000000000000000
0x00000000199be560:   00000000137e7800 00000000199bedf0
0x00000000199be570:   0000000000000004 0000000000000001
0x00000000199be580:   00000000ff000000 000000007718e3db
0x00000000199be590:   0000000000000000 0000000000000000
0x00000000199be5a0:   000000077d2a8cf0 0000000017f2b480
0x00000000199be5b0:   0000000017f2b408 000000005c228b65
0x00000000199be5c0:   00000000199be680 0000000017f2b478
0x00000000199be5d0:   0000000002646590 0000000000000000 

Instructions: (pc=0x000000007718e4b4)
0x000000007718e494:   0f b1 4b 08 0f 85 9b 47 fd ff 48 8b 03 4c 89 ac
0x000000007718e4a4:   24 c0 00 00 00 33 ed 45 33 ed 48 83 f8 ff 74 03
0x000000007718e4b4:   ff 40 24 ba 22 17 00 00 48 8d 3d cd 8f 0e 00 80
0x000000007718e4c4:   3c 25 82 03 fe 7f 00 0f 85 53 be 01 00 48 83 fe 


Register to memory mapping:

RAX=0x0000000000000000 is an unknown value
RBX=0x0000000017f2b480 is an unknown value
RCX=0x00000000fffffffc is an unknown value
RDX=0x0000000000000bdc is an unknown value
RSP=0x00000000199be4e0 is pointing into the stack for thread: 0x00000000137e7800
RBP=0x0000000000000000 is an unknown value
RSI=0x0000000000000bdc is an unknown value
RDI=0x0000000000000000 is an unknown value
R8 =0x00000000199be498 is pointing into the stack for thread: 0x00000000137e7800
R9 =0x0000000000000004 is an unknown value
R10=0x0000000000000000 is an unknown value
R11=0x0000000000000246 is an unknown value
R12=0x0000000000000000 is an unknown value
R13=0x0000000000000000 is an unknown value
R14=0x000007fffff50000 is an unknown value
R15=0x0000000000000000 is an unknown value


Stack: [0x00000000198c0000,0x00000000199c0000],  sp=0x00000000199be4e0,  free space=1017k
Native frames: (J=compiled Java code, j=interpreted, Vv=VM code, C=native code)
C  [ntdll.dll+0x4e4b4]  RtlDeNormalizeProcessParams+0x5a4

[error occurred during error reporting (printing native stack), id 0xc0000005]

Java frames: (J=compiled Java code, j=interpreted, Vv=VM code)
j  com.sun.jna.Native.invokeLong(JI[Ljava/lang/Object;)J+0
j  com.sun.jna.Function.invoke([Ljava/lang/Object;Ljava/lang/Class;Z)Ljava/lang/Object;+389
j  com.sun.jna.Function.invoke(Ljava/lang/Class;[Ljava/lang/Object;Ljava/util/Map;)Ljava/lang/Object;+214
j  com.sun.jna.Library$Handler.invoke(Ljava/lang/Object;Ljava/lang/reflect/Method;[Ljava/lang/Object;)Ljava/lang/Object;+341
j  com.sun.proxy.$Proxy8.libvlc_media_player_get_time(Luk/co/caprica/vlcj/binding/internal/libvlc_media_player_t;)J+16
j  uk.co.caprica.vlcj.player.DefaultMediaPlayer.getTime()J+17
j  com.jajeem.videoplayer.design.PlayerControlsPanel$UpdateRunnable.run()V+4
j  java.util.concurrent.Executors$RunnableAdapter.call()Ljava/lang/Object;+4
j  java.util.concurrent.FutureTask$Sync.innerRunAndReset()Z+30
j  java.util.concurrent.FutureTask.runAndReset()Z+4
j  java.util.concurrent.ScheduledThreadPoolExecutor$ScheduledFutureTask.access$301(Ljava/util/concurrent/ScheduledThreadPoolExecutor$ScheduledFutureTask;)Z+1
j  java.util.concurrent.ScheduledThreadPoolExecutor$ScheduledFutureTask.run()V+37
j  java.util.concurrent.ThreadPoolExecutor.runWorker(Ljava/util/concurrent/ThreadPoolExecutor$Worker;)V+95
j  java.util.concurrent.ThreadPoolExecutor$Worker.run()V+5
j  java.lang.Thread.run()V+11
v  ~StubRoutines::call_stub

---------------  P R O C E S S  ---------------

Java Threads: ( => current thread )
=>0x00000000137e7800 JavaThread "pool-2-thread-1" [_thread_in_native, id=5012, stack(0x00000000198c0000,0x00000000199c0000)]
  0x00000000137e6000 JavaThread "Swing-Shell" daemon [_thread_blocked, id=6656, stack(0x00000000197b0000,0x00000000198b0000)]
  0x00000000137e5000 JavaThread "RMI Scheduler(0)" daemon [_thread_blocked, id=2216, stack(0x0000000019560000,0x0000000019660000)]
  0x00000000137e0800 JavaThread "D3D Screen Updater" daemon [_thread_blocked, id=7004, stack(0x0000000016260000,0x0000000016360000)]
  0x00000000137e1800 JavaThread "Thread-92" [_thread_in_native, id=5348, stack(0x0000000017970000,0x0000000017a70000)]
  0x00000000137e3000 JavaThread "Timer-1" [_thread_blocked, id=6476, stack(0x0000000017720000,0x0000000017820000)]
  0x00000000137e3800 JavaThread "Timer-0" [_thread_blocked, id=3172, stack(0x0000000017510000,0x0000000017610000)]
  0x00000000137e4800 JavaThread "TimerQueue" daemon [_thread_blocked, id=5956, stack(0x0000000015090000,0x0000000015190000)]
  0x00000000137e0000 JavaThread "DestroyJavaVM" [_thread_blocked, id=2292, stack(0x0000000002540000,0x0000000002640000)]
  0x00000000137de800 JavaThread "Thread-4" [_thread_in_native, id=3052, stack(0x0000000014710000,0x0000000014810000)]
  0x0000000010675000 JavaThread "RMI TCP Accept-2020" daemon [_thread_in_native, id=5408, stack(0x0000000014b50000,0x0000000014c50000)]
  0x00000000108e6000 JavaThread "GC Daemon" daemon [_thread_blocked, id=6516, stack(0x00000000102e0000,0x00000000103e0000)]
  0x00000000108e5800 JavaThread "RMI Reaper" [_thread_blocked, id=6784, stack(0x0000000010470000,0x0000000010570000)]
  0x0000000010939800 JavaThread "RMI TCP Accept-2019" daemon [_thread_in_native, id=7144, stack(0x0000000010100000,0x0000000010200000)]
  0x0000000013ad7000 JavaThread "AWT-EventQueue-0" [_thread_blocked, id=6428, stack(0x000000000f9a0000,0x000000000faa0000)]
  0x000000001389c800 JavaThread "AWT-Shutdown" [_thread_blocked, id=3164, stack(0x000000000fe40000,0x000000000ff40000)]
  0x0000000013d61800 JavaThread "H2 Log Writer JAJEEM.DB" daemon [_thread_blocked, id=6640, stack(0x00000000148a0000,0x00000000149a0000)]
  0x000000001092a800 JavaThread "H2 File Lock Watchdog C:/Users/Armin/Desktop/Kar/jajeem/jajeem.db.lock.db" daemon [_thread_blocked, id=5720, stack(0x0000000014a40000,0x0000000014b40000)]
  0x000000000e254000 JavaThread "AWT-Windows" daemon [_thread_in_native, id=4284, stack(0x000000000fd30000,0x000000000fe30000)]
  0x000000000e11b000 JavaThread "Java2D Disposer" daemon [_thread_blocked, id=6392, stack(0x000000000fad0000,0x000000000fbd0000)]
  0x000000000def4000 JavaThread "Service Thread" daemon [_thread_blocked, id=6672, stack(0x000000000f400000,0x000000000f500000)]
  0x000000000deeb800 JavaThread "C2 CompilerThread1" daemon [_thread_blocked, id=6936, stack(0x000000000f650000,0x000000000f750000)]
  0x000000000dee8000 JavaThread "C2 CompilerThread0" daemon [_thread_blocked, id=6488, stack(0x000000000f550000,0x000000000f650000)]
  0x000000000ded2000 JavaThread "JDWP Command Reader" daemon [_thread_in_native, id=4032, stack(0x000000000eea0000,0x000000000efa0000)]
  0x000000000decd800 JavaThread "JDWP Event Helper Thread" daemon [_thread_blocked, id=4232, stack(0x000000000f2b0000,0x000000000f3b0000)]
  0x000000000debf000 JavaThread "JDWP Transport Listener: dt_socket" daemon [_thread_blocked, id=2228, stack(0x000000000f080000,0x000000000f180000)]
  0x000000000deb8000 JavaThread "Attach Listener" daemon [_thread_blocked, id=6876, stack(0x000000000e440000,0x000000000e540000)]
  0x000000000deb7000 JavaThread "Signal Dispatcher" daemon [_thread_blocked, id=6104, stack(0x000000000e270000,0x000000000e370000)]
  0x000000000bf5b000 JavaThread "Finalizer" daemon [_thread_blocked, id=4396, stack(0x000000000dd60000,0x000000000de60000)]
  0x000000000bf52800 JavaThread "Reference Handler" daemon [_thread_blocked, id=6260, stack(0x000000000d9d0000,0x000000000dad0000)]

Other Threads:
  0x000000000bf47000 VMThread [stack: 0x000000000daf0000,0x000000000dbf0000] [id=2936]
  0x000000000df03000 WatcherThread [stack: 0x000000000f820000,0x000000000f920000] [id=4664]

VM state:not at safepoint (normal execution)

VM Mutex/Monitor currently owned by a thread: None

Heap
 PSYoungGen      total 38016K, used 23504K [0x00000007d5960000, 0x00000007d83c0000, 0x0000000800000000)
  eden space 32640K, 55% used [0x00000007d5960000,0x00000007d6b16ac0,0x00000007d7940000)
  from space 5376K, 99% used [0x00000007d7e80000,0x00000007d83bd830,0x00000007d83c0000)
  to   space 5376K, 0% used [0x00000007d7940000,0x00000007d7940000,0x00000007d7e80000)
 ParOldGen       total 86848K, used 15297K [0x0000000780c00000, 0x00000007860d0000, 0x00000007d5960000)
  object space 86848K, 17% used [0x0000000780c00000,0x0000000781af0708,0x00000007860d0000)
 PSPermGen       total 35712K, used 30357K [0x000000077ba00000, 0x000000077dce0000, 0x0000000780c00000)
  object space 35712K, 85% used [0x000000077ba00000,0x000000077d7a5560,0x000000077dce0000)

Card table byte_map: [0x0000000005640000,0x0000000005a70000] byte_map_base: 0x0000000001a63000

Polling page: 0x0000000000220000

Code Cache  [0x0000000002640000, 0x00000000028b0000, 0x0000000005640000)
 total_blobs=982 nmethods=384 adapters=557 free_code_cache=47621Kb largest_free_block=48724288

Compilation events (10 events):
Event: 28.704 Thread 0x000000000deeb800 nmethod 402 0x0000000002724750 code [0x0000000002724900, 0x0000000002725228]
Event: 29.689 Thread 0x000000000dee8000  403             sun.java2d.pipe.Region::dimAdd (20 bytes)
Event: 29.690 Thread 0x000000000dee8000 nmethod 403 0x0000000002745090 code [0x00000000027451c0, 0x0000000002745218]
Event: 30.181 Thread 0x000000000deeb800  404             java.awt.Container::findComponentAtImpl (315 bytes)
Event: 30.210 Thread 0x000000000deeb800 nmethod 404 0x000000000271e650 code [0x000000000271e8c0, 0x0000000002720120]
Event: 30.672 Thread 0x000000000dee8000  405             java.util.WeakHashMap::eq (19 bytes)
Event: 30.679 Thread 0x000000000dee8000 nmethod 405 0x000000000271dc50 code [0x000000000271dde0, 0x000000000271e218]
Event: 30.928 Thread 0x000000000deeb800  406             java.lang.Integer::<init> (10 bytes)
Event: 30.928 Thread 0x000000000deeb800 nmethod 406 0x0000000002742250 code [0x0000000002742380, 0x00000000027423d8]
Event: 31.161 Thread 0x000000000dee8000  407  s          java.beans.ChangeListenerMap::get (25 bytes)

GC Heap History (10 events):
Event: 1.257 GC heap before
{Heap before GC invocations=1 (full 0):
 PSYoungGen      total 38016K, used 32640K [0x00000007d5960000, 0x00000007d83c0000, 0x0000000800000000)
  eden space 32640K, 100% used [0x00000007d5960000,0x00000007d7940000,0x00000007d7940000)
  from space 5376K, 0% used [0x00000007d7e80000,0x00000007d7e80000,0x00000007d83c0000)
  to   space 5376K, 0% used [0x00000007d7940000,0x00000007d7940000,0x00000007d7e80000)
 ParOldGen       total 86848K, used 0K [0x0000000780c00000, 0x00000007860d0000, 0x00000007d5960000)
  object space 86848K, 0% used [0x0000000780c00000,0x0000000780c00000,0x00000007860d0000)
 PSPermGen       total 21248K, used 14635K [0x000000077ba00000, 0x000000077cec0000, 0x0000000780c00000)
  object space 21248K, 68% used [0x000000077ba00000,0x000000077c84af68,0x000000077cec0000)
Event: 1.266 GC heap after
Heap after GC invocations=1 (full 0):
 PSYoungGen      total 38016K, used 5366K [0x00000007d5960000, 0x00000007d83c0000, 0x0000000800000000)
  eden space 32640K, 0% used [0x00000007d5960000,0x00000007d5960000,0x00000007d7940000)
  from space 5376K, 99% used [0x00000007d7940000,0x00000007d7e7d840,0x00000007d7e80000)
  to   space 5376K, 0% used [0x00000007d7e80000,0x00000007d7e80000,0x00000007d83c0000)
 ParOldGen       total 86848K, used 1519K [0x0000000780c00000, 0x00000007860d0000, 0x00000007d5960000)
  object space 86848K, 1% used [0x0000000780c00000,0x0000000780d7bf80,0x00000007860d0000)
 PSPermGen       total 21248K, used 14635K [0x000000077ba00000, 0x000000077cec0000, 0x0000000780c00000)
  object space 21248K, 68% used [0x000000077ba00000,0x000000077c84af68,0x000000077cec0000)
}
Event: 2.800 GC heap before
{Heap before GC invocations=2 (full 0):
 PSYoungGen      total 38016K, used 24878K [0x00000007d5960000, 0x00000007d83c0000, 0x0000000800000000)
  eden space 32640K, 59% used [0x00000007d5960000,0x00000007d6c6e0f8,0x00000007d7940000)
  from space 5376K, 99% used [0x00000007d7940000,0x00000007d7e7d840,0x00000007d7e80000)
  to   space 5376K, 0% used [0x00000007d7e80000,0x00000007d7e80000,0x00000007d83c0000)
 ParOldGen       total 86848K, used 1519K [0x0000000780c00000, 0x00000007860d0000, 0x00000007d5960000)
  object space 86848K, 1% used [0x0000000780c00000,0x0000000780d7bf80,0x00000007860d0000)
 PSPermGen       total 21248K, used 17594K [0x000000077ba00000, 0x000000077cec0000, 0x0000000780c00000)
  object space 21248K, 82% used [0x000000077ba00000,0x000000077cb2e8a8,0x000000077cec0000)
Event: 2.808 GC heap after
Heap after GC invocations=2 (full 0):
 PSYoungGen      total 38016K, used 5369K [0x00000007d5960000, 0x00000007d83c0000, 0x0000000800000000)
  eden space 32640K, 0% used [0x00000007d5960000,0x00000007d5960000,0x00000007d7940000)
  from space 5376K, 99% used [0x00000007d7e80000,0x00000007d83be728,0x00000007d83c0000)
  to   space 5376K, 0% used [0x00000007d7940000,0x00000007d7940000,0x00000007d7e80000)
 ParOldGen       total 86848K, used 4850K [0x0000000780c00000, 0x00000007860d0000, 0x00000007d5960000)
  object space 86848K, 5% used [0x0000000780c00000,0x00000007810bc8d0,0x00000007860d0000)
 PSPermGen       total 21248K, used 17594K [0x000000077ba00000, 0x000000077cec0000, 0x0000000780c00000)
  object space 21248K, 82% used [0x000000077ba00000,0x000000077cb2e8a8,0x000000077cec0000)
}
Event: 2.808 GC heap before
{Heap before GC invocations=3 (full 1):
 PSYoungGen      total 38016K, used 5369K [0x00000007d5960000, 0x00000007d83c0000, 0x0000000800000000)
  eden space 32640K, 0% used [0x00000007d5960000,0x00000007d5960000,0x00000007d7940000)
  from space 5376K, 99% used [0x00000007d7e80000,0x00000007d83be728,0x00000007d83c0000)
  to   space 5376K, 0% used [0x00000007d7940000,0x00000007d7940000,0x00000007d7e80000)
 ParOldGen       total 86848K, used 4850K [0x0000000780c00000, 0x00000007860d0000, 0x00000007d5960000)
  object space 86848K, 5% used [0x0000000780c00000,0x00000007810bc8d0,0x00000007860d0000)
 PSPermGen       total 21248K, used 17594K [0x000000077ba00000, 0x000000077cec0000, 0x0000000780c00000)
  object space 21248K, 82% used [0x000000077ba00000,0x000000077cb2e8a8,0x000000077cec0000)
Event: 2.839 GC heap after
Heap after GC invocations=3 (full 1):
 PSYoungGen      total 38016K, used 0K [0x00000007d5960000, 0x00000007d83c0000, 0x0000000800000000)
  eden space 32640K, 0% used [0x00000007d5960000,0x00000007d5960000,0x00000007d7940000)
  from space 5376K, 0% used [0x00000007d7e80000,0x00000007d7e80000,0x00000007d83c0000)
  to   space 5376K, 0% used [0x00000007d7940000,0x00000007d7940000,0x00000007d7e80000)
 ParOldGen       total 86848K, used 8441K [0x0000000780c00000, 0x00000007860d0000, 0x00000007d5960000)
  object space 86848K, 9% used [0x0000000780c00000,0x000000078143e668,0x00000007860d0000)
 PSPermGen       total 35712K, used 17589K [0x000000077ba00000, 0x000000077dce0000, 0x0000000780c00000)
  object space 35712K, 49% used [0x000000077ba00000,0x000000077cb2d598,0x000000077dce0000)
}
Event: 7.612 GC heap before
{Heap before GC invocations=4 (full 1):
 PSYoungGen      total 38016K, used 32640K [0x00000007d5960000, 0x00000007d83c0000, 0x0000000800000000)
  eden space 32640K, 100% used [0x00000007d5960000,0x00000007d7940000,0x00000007d7940000)
  from space 5376K, 0% used [0x00000007d7e80000,0x00000007d7e80000,0x00000007d83c0000)
  to   space 5376K, 0% used [0x00000007d7940000,0x00000007d7940000,0x00000007d7e80000)
 ParOldGen       total 86848K, used 8441K [0x0000000780c00000, 0x00000007860d0000, 0x00000007d5960000)
  object space 86848K, 9% used [0x0000000780c00000,0x000000078143e668,0x00000007860d0000)
 PSPermGen       total 35712K, used 21749K [0x000000077ba00000, 0x000000077dce0000, 0x0000000780c00000)
  object space 35712K, 60% used [0x000000077ba00000,0x000000077cf3d4a8,0x000000077dce0000)
Event: 7.620 GC heap after
Heap after GC invocations=4 (full 1):
 PSYoungGen      total 38016K, used 3720K [0x00000007d5960000, 0x00000007d83c0000, 0x0000000800000000)
  eden space 32640K, 0% used [0x00000007d5960000,0x00000007d5960000,0x00000007d7940000)
  from space 5376K, 69% used [0x00000007d7940000,0x00000007d7ce2308,0x00000007d7e80000)
  to   space 5376K, 0% used [0x00000007d7e80000,0x00000007d7e80000,0x00000007d83c0000)
 ParOldGen       total 86848K, used 8441K [0x0000000780c00000, 0x00000007860d0000, 0x00000007d5960000)
  object space 86848K, 9% used [0x0000000780c00000,0x000000078143e668,0x00000007860d0000)
 PSPermGen       total 35712K, used 21749K [0x000000077ba00000, 0x000000077dce0000, 0x0000000780c00000)
  object space 35712K, 60% used [0x000000077ba00000,0x000000077cf3d4a8,0x000000077dce0000)
}
Event: 22.837 GC heap before
{Heap before GC invocations=5 (full 1):
 PSYoungGen      total 38016K, used 36360K [0x00000007d5960000, 0x00000007d83c0000, 0x0000000800000000)
  eden space 32640K, 100% used [0x00000007d5960000,0x00000007d7940000,0x00000007d7940000)
  from space 5376K, 69% used [0x00000007d7940000,0x00000007d7ce2308,0x00000007d7e80000)
  to   space 5376K, 0% used [0x00000007d7e80000,0x00000007d7e80000,0x00000007d83c0000)
 ParOldGen       total 86848K, used 8441K [0x0000000780c00000, 0x00000007860d0000, 0x00000007d5960000)
  object space 86848K, 9% used [0x0000000780c00000,0x000000078143e668,0x00000007860d0000)
 PSPermGen       total 35712K, used 29977K [0x000000077ba00000, 0x000000077dce0000, 0x0000000780c00000)
  object space 35712K, 83% used [0x000000077ba00000,0x000000077d746750,0x000000077dce0000)
Event: 22.855 GC heap after
Heap after GC invocations=5 (full 1):
 PSYoungGen      total 38016K, used 5366K [0x00000007d5960000, 0x00000007d83c0000, 0x0000000800000000)
  eden space 32640K, 0% used [0x00000007d5960000,0x00000007d5960000,0x00000007d7940000)
  from space 5376K, 99% used [0x00000007d7e80000,0x00000007d83bd830,0x00000007d83c0000)
  to   space 5376K, 0% used [0x00000007d7940000,0x00000007d7940000,0x00000007d7e80000)
 ParOldGen       total 86848K, used 15297K [0x0000000780c00000, 0x00000007860d0000, 0x00000007d5960000)
  object space 86848K, 17% used [0x0000000780c00000,0x0000000781af0708,0x00000007860d0000)
 PSPermGen       total 35712K, used 29977K [0x000000077ba00000, 0x000000077dce0000, 0x0000000780c00000)
  object space 35712K, 83% used [0x000000077ba00000,0x000000077d746750,0x000000077dce0000)
}

Deoptimization events (10 events):
Event: 16.471 Thread 0x0000000013ad7000 Uncommon trap -83 fr.pc 0x00000000027b8b08
Event: 24.561 Thread 0x0000000013ad7000 Uncommon trap -42 fr.pc 0x00000000027c6100
Event: 24.561 Thread 0x0000000013ad7000 Uncommon trap -42 fr.pc 0x00000000027c61ec
Event: 24.561 Thread 0x0000000013ad7000 Uncommon trap -42 fr.pc 0x00000000027c601c
Event: 24.561 Thread 0x0000000013ad7000 Uncommon trap -42 fr.pc 0x00000000027c601c
Event: 27.314 Thread 0x00000000137e2000 Uncommon trap -83 fr.pc 0x00000000027b4b80
Event: 28.430 Thread 0x0000000013ad7000 Uncommon trap -34 fr.pc 0x00000000026e4508
Event: 28.431 Thread 0x0000000013ad7000 Uncommon trap -34 fr.pc 0x00000000026e4508
Event: 28.433 Thread 0x0000000013ad7000 Uncommon trap -34 fr.pc 0x00000000026e4508
Event: 28.445 Thread 0x0000000013ad7000 Uncommon trap -34 fr.pc 0x00000000026e4508

Internal exceptions (10 events):
Event: 27.393 Thread 0x00000000137e6800 Threw 0x00000007d60cd770 at C:\jdk7u2_64p\jdk7u17\hotspot\src\share\vm\prims\jvm.cpp:1166
Event: 27.395 Thread 0x00000000137e6800 Threw 0x00000007d60dadd0 at C:\jdk7u2_64p\jdk7u17\hotspot\src\share\vm\prims\jvm.cpp:1166
Event: 27.562 Thread 0x00000000137e2000 Threw 0x00000007d64e3b20 at C:\jdk7u2_64p\jdk7u17\hotspot\src\share\vm\prims\jvm.cpp:1166
Event: 27.564 Thread 0x00000000137e6800 Threw 0x00000007d639cb60 at C:\jdk7u2_64p\jdk7u17\hotspot\src\share\vm\prims\jvm.cpp:1166
Event: 27.566 Thread 0x00000000137e6800 Threw 0x00000007d6507f20 at C:\jdk7u2_64p\jdk7u17\hotspot\src\share\vm\prims\jvm.cpp:1166
Event: 27.567 Thread 0x00000000137e6800 Threw 0x00000007d6512b50 at C:\jdk7u2_64p\jdk7u17\hotspot\src\share\vm\prims\jvm.cpp:1166
Event: 27.568 Thread 0x00000000137e6800 Threw 0x00000007d6514f90 at C:\jdk7u2_64p\jdk7u17\hotspot\src\share\vm\prims\jvm.cpp:1166
Event: 27.652 Thread 0x00000000137e2000 Threw 0x00000007d65572f8 at C:\jdk7u2_64p\jdk7u17\hotspot\src\share\vm\prims\jvm.cpp:1166
Event: 27.655 Thread 0x00000000137e2000 Threw 0x00000007d6585dd0 at C:\jdk7u2_64p\jdk7u17\hotspot\src\share\vm\prims\jvm.cpp:1166
Event: 31.006 Thread 0x0000000013ad7000 Threw 0x00000007d6a40010 at C:\jdk7u2_64p\jdk7u17\hotspot\src\share\vm\prims\jvm.cpp:1166

Events (10 events):
Event: 31.006 loading class 0x0000000010bfa3c0 done
Event: 31.154 Executing VM operation: RevokeBias
Event: 31.154 Executing VM operation: RevokeBias done
Event: 31.154 Thread 0x00000000137e6800 Thread exited: 0x00000000137e6800
Event: 31.164 loading class 0x00000000107f4090
Event: 31.164 loading class 0x000000000e20a0c0
Event: 31.164 loading class 0x000000000e20a0c0 done
Event: 31.164 loading class 0x00000000107f4090 done
Event: 31.165 loading class 0x000000000e1e9940
Event: 31.165 loading class 0x000000000e1e9940 done


Dynamic libraries:
0x000000013f030000 - 0x000000013f063000 	C:\Program Files\Java\jre7\bin\javaw.exe
0x0000000077140000 - 0x00000000772e9000 	C:\Windows\SYSTEM32\ntdll.dll
0x0000000076a60000 - 0x0000000076b7f000 	C:\Windows\system32\kernel32.dll
0x000007fefd900000 - 0x000007fefd96b000 	C:\Windows\system32\KERNELBASE.dll
0x000007fefdd60000 - 0x000007fefde3b000 	C:\Windows\system32\ADVAPI32.dll
0x000007fefec50000 - 0x000007fefecef000 	C:\Windows\system32\msvcrt.dll
0x000007fefefe0000 - 0x000007fefefff000 	C:\Windows\SYSTEM32\sechost.dll
0x000007feff000000 - 0x000007feff12d000 	C:\Windows\system32\RPCRT4.dll
0x0000000076b80000 - 0x0000000076c7a000 	C:\Windows\system32\USER32.dll
0x000007fefdcf0000 - 0x000007fefdd57000 	C:\Windows\system32\GDI32.dll
0x000007fefeed0000 - 0x000007fefeede000 	C:\Windows\system32\LPK.dll
0x000007feff350000 - 0x000007feff419000 	C:\Windows\system32\USP10.dll
0x000007fefbf30000 - 0x000007fefc124000 	C:\Windows\WinSxS\amd64_microsoft.windows.common-controls_6595b64144ccf1df_6.0.7601.17514_none_fa396087175ac9ac\COMCTL32.dll
0x000007fefd970000 - 0x000007fefd9e1000 	C:\Windows\system32\SHLWAPI.dll
0x000007feff420000 - 0x000007feff44e000 	C:\Windows\system32\IMM32.DLL
0x000007feff150000 - 0x000007feff259000 	C:\Windows\system32\MSCTF.dll
0x000000005e080000 - 0x000000005e151000 	C:\Program Files\Java\jre7\bin\msvcr100.dll
0x000000005d960000 - 0x000000005e07f000 	C:\Program Files\Java\jre7\bin\server\jvm.dll
0x000007fefa180000 - 0x000007fefa189000 	C:\Windows\system32\WSOCK32.dll
0x000007fefd9f0000 - 0x000007fefda3d000 	C:\Windows\system32\WS2_32.dll
0x000007feff260000 - 0x000007feff268000 	C:\Windows\system32\NSI.dll
0x000007fefb760000 - 0x000007fefb79b000 	C:\Windows\system32\WINMM.dll
0x0000000077310000 - 0x0000000077317000 	C:\Windows\system32\PSAPI.DLL
0x000000005fce0000 - 0x000000005fcef000 	C:\Program Files\Java\jre7\bin\verify.dll
0x000000005fc40000 - 0x000000005fc68000 	C:\Program Files\Java\jre7\bin\java.dll
0x000000005c1d0000 - 0x000000005c205000 	C:\Program Files\Java\jre7\bin\jdwp.dll
0x000000005c260000 - 0x000000005c268000 	C:\Program Files\Java\jre7\bin\npt.dll
0x000000005fb40000 - 0x000000005fb55000 	C:\Program Files\Java\jre7\bin\zip.dll
0x000000005c250000 - 0x000000005c259000 	C:\Program Files\Java\jre7\bin\dt_socket.dll
0x000007fefcdd0000 - 0x000007fefce25000 	C:\Windows\system32\mswsock.dll
0x000007fefcc50000 - 0x000007fefccab000 	C:\Windows\system32\DNSAPI.dll
0x000007fee3cd0000 - 0x000007fee3ce5000 	C:\Windows\system32\napinsp.dll
0x000007fee3cb0000 - 0x000007fee3cc9000 	C:\Windows\system32\pnrpnsp.dll
0x000007fee4bc0000 - 0x000007fee4bcb000 	C:\Windows\System32\winrnr.dll
0x000007fef1a50000 - 0x000007fef1a60000 	C:\Windows\system32\wshbth.dll
0x000007fefa040000 - 0x000007fefa052000 	C:\Windows\system32\PrxerNsp.dll
0x000007fefc580000 - 0x000007fefc5a7000 	C:\Windows\system32\IPHLPAPI.DLL
0x000007fefc570000 - 0x000007fefc57b000 	C:\Windows\system32\WINNSI.DLL
0x000007fefa030000 - 0x000007fefa038000 	C:\Windows\system32\rasadhlp.dll
0x0000000180000000 - 0x000000018003e000 	C:\Program Files (x86)\Avira\AntiVir Desktop\avsda64.dll
0x000007fefc550000 - 0x000007fefc566000 	C:\Windows\system32\PrxerDrv.dll
0x000007fefc540000 - 0x000007fefc547000 	C:\Windows\System32\wshtcpip.dll
0x000000005d790000 - 0x000000005d923000 	C:\Program Files\Java\jre7\bin\awt.dll
0x000007feff270000 - 0x000007feff347000 	C:\Windows\system32\OLEAUT32.dll
0x000007fefdae0000 - 0x000007fefdce3000 	C:\Windows\system32\ole32.dll
0x000007fefbae0000 - 0x000007fefbb36000 	C:\Windows\system32\uxtheme.dll
0x0000000000500000 - 0x000000000053b000 	C:\Windows\W7FBC\dll.dll
0x000007fefda40000 - 0x000007fefdad7000 	C:\Windows\system32\COMDLG32.dll
0x000007fefdec0000 - 0x000007fefec48000 	C:\Windows\system32\SHELL32.dll
0x000007fefb820000 - 0x000007fefba35000 	C:\Windows\WinSxS\amd64_microsoft.windows.gdiplus_6595b64144ccf1df_1.1.7601.17514_none_2b24536c71ed437a\gdiplus.dll
0x000007fefb4d0000 - 0x000007fefb4e8000 	C:\Windows\system32\dwmapi.dll
0x000007fefd490000 - 0x000007fefd49f000 	C:\Windows\system32\CRYPTBASE.dll
0x000000005c2a0000 - 0x000000005c2d9000 	C:\Program Files\Java\jre7\bin\kcms.dll
0x000007feebfe0000 - 0x000007feec1df000 	C:\Windows\system32\d3d9.dll
0x000007fefc450000 - 0x000007fefc45c000 	C:\Windows\system32\VERSION.dll
0x000007fef1a80000 - 0x000007fef1a87000 	C:\Windows\system32\d3d8thk.dll
0x000000006f150000 - 0x000000006f1f3000 	C:\Windows\system32\aticfx64.dll
0x000007fef3310000 - 0x000007fef331d000 	C:\Windows\system32\atiu9p64.dll
0x000000006b280000 - 0x000000006b78d000 	C:\Windows\system32\atiumd64.dll
0x000000006b970000 - 0x000000006bc9b000 	C:\Windows\system32\atiumd6a.dll
0x000000005fb20000 - 0x000000005fb39000 	C:\Program Files\Java\jre7\bin\net.dll
0x000007fefcdc0000 - 0x000007fefcdc7000 	C:\Windows\System32\wship6.dll
0x000000005fb00000 - 0x000000005fb11000 	C:\Program Files\Java\jre7\bin\nio.dll
0x0000000060d20000 - 0x0000000060d2b000 	C:\Program Files\Java\jre7\bin\management.dll
0x000007fefce30000 - 0x000007fefce47000 	C:\Windows\system32\CRYPTSP.dll
0x000007fefcb30000 - 0x000007fefcb77000 	C:\Windows\system32\rsaenh.dll
0x000007fefc8e0000 - 0x000007fefc8fe000 	C:\Windows\system32\USERENV.dll
0x000007fefd5a0000 - 0x000007fefd5af000 	C:\Windows\system32\profapi.dll
0x000007fefae80000 - 0x000007fefaed3000 	C:\Windows\System32\fwpuclnt.dll
0x000000005c360000 - 0x000000005c394000 	C:\Program Files\Java\jre7\bin\fontmanager.dll
0x0000000006790000 - 0x00000000067f5000 	C:\Program Files\WIDCOMM\Bluetooth Software\btmmhook.dll
0x000000005c270000 - 0x000000005c2a0000 	C:\Program Files\Java\jre7\bin\jpeg.dll
0x000007fefeee0000 - 0x000007fefef79000 	C:\Windows\system32\CLBCatQ.DLL
0x000007fefb290000 - 0x000007fefb3ba000 	C:\Windows\system32\WindowsCodecs.dll
0x000007fefd430000 - 0x000007fefd487000 	C:\Windows\system32\apphelp.dll
0x000000006f290000 - 0x000000006f2a6000 	C:\Program Files\Common Files\TortoiseOverlays\TortoiseOverlays.dll
0x000000006f330000 - 0x000000006f340000 	C:\Program Files\TortoiseSVN\bin\TortoiseStub.dll
0x000000006f210000 - 0x000000006f288000 	C:\Program Files\TortoiseSVN\bin\TortoiseSVN.dll
0x0000000076e90000 - 0x0000000076fea000 	C:\Windows\system32\WININET.dll
0x0000000077300000 - 0x0000000077303000 	C:\Windows\system32\Normaliz.dll
0x0000000076c80000 - 0x0000000076e8d000 	C:\Windows\system32\iertutil.dll
0x0000000076ff0000 - 0x000000007713d000 	C:\Windows\system32\urlmon.dll
0x000007fef5210000 - 0x000007fef55ec000 	C:\Program Files\TortoiseSVN\bin\libsvn_tsvn.dll
0x000000006ec80000 - 0x000000006ecab000 	C:\Program Files\TortoiseSVN\bin\libapr_tsvn.dll
0x000000006eaf0000 - 0x000000006eb31000 	C:\Program Files\TortoiseSVN\bin\libaprutil_tsvn.dll
0x000007fefef80000 - 0x000007fefefd2000 	C:\Windows\system32\WLDAP32.dll
0x000007fef51e0000 - 0x000007fef51f0000 	C:\Program Files\TortoiseSVN\bin\intl3_tsvn.dll
0x000007fef51c0000 - 0x000007fef51da000 	C:\Program Files\TortoiseSVN\bin\libsasl.dll
0x000007fefd0a0000 - 0x000007fefd0ab000 	C:\Windows\system32\Secur32.dll
0x000007fefd400000 - 0x000007fefd425000 	C:\Windows\system32\SSPICLI.DLL
0x000007fefd730000 - 0x000007fefd897000 	C:\Windows\system32\CRYPT32.dll
0x000007fefd640000 - 0x000007fefd64f000 	C:\Windows\system32\MSASN1.dll
0x000000006e990000 - 0x000000006ea28000 	C:\Windows\system32\MSVCP100.dll
0x000007fef5180000 - 0x000007fef51b5000 	C:\Windows\system32\EhStorShell.dll
0x000007fefecf0000 - 0x000007fefeec7000 	C:\Windows\system32\SETUPAPI.dll
0x000007fefd8a0000 - 0x000007fefd8d6000 	C:\Windows\system32\CFGMGR32.dll
0x000007fefd8e0000 - 0x000007fefd8fa000 	C:\Windows\system32\DEVOBJ.dll
0x000007fefbc10000 - 0x000007fefbd3c000 	C:\Windows\system32\PROPSYS.dll
0x000007fef4b00000 - 0x000007fef5171000 	C:\PROGRA~1\MIF5BA~1\Office14\GROOVEEX.DLL
0x000000006e770000 - 0x000000006e80d000 	C:\Windows\WinSxS\amd64_microsoft.vc90.crt_1fc8b3b9a1e18e3b_9.0.30729.4940_none_08e4299fa83d7e3c\MSVCR90.dll
0x000000006e680000 - 0x000000006e753000 	C:\Windows\WinSxS\amd64_microsoft.vc90.crt_1fc8b3b9a1e18e3b_9.0.30729.4940_none_08e4299fa83d7e3c\MSVCP90.dll
0x000000006e5c0000 - 0x000000006e5ef000 	C:\Windows\WinSxS\amd64_microsoft.vc90.atl_1fc8b3b9a1e18e3b_9.0.30729.4148_none_0a1d2fcba76b3f00\ATL90.DLL
0x000007fef46f0000 - 0x000007fef4aff000 	C:\PROGRA~1\COMMON~1\MICROS~1\OFFICE14\Cultures\office.odf
0x000007fef3a10000 - 0x000007fef4274000 	C:\PROGRA~1\MIF5BA~1\Office14\1033\GrooveIntlResource.dll
0x000000005c310000 - 0x000000005c351000 	C:\Program Files\Java\jre7\bin\t2k.dll
0x000000005c2e0000 - 0x000000005c30a000 	C:\Program Files\Java\jre7\bin\dcpr.dll
0x000000005bdc0000 - 0x000000005be62000 	C:\Program Files\Java\jre7\bin\mlib_image.dll
0x000000000e3c0000 - 0x000000000e3f1000 	C:\Program Files\WIDCOMM\Bluetooth Software\btkeyind.dll
0x000000005d930000 - 0x000000005d954000 	C:\Program Files\Java\jre7\bin\sunec.dll
0x000007fee3770000 - 0x000007fee37a7000 	C:\Users\Armin\AppData\Local\Temp\jna-Armin\jna2421901668813514820.dll
0x000000005c220000 - 0x000000005c250000 	C:\Users\Armin\Desktop\Kar\jajeem\util\vlclib\libvlc.dll
0x000000005bb60000 - 0x000000005bdb4000 	C:\Users\Armin\Desktop\Kar\jajeem\util\vlclib\libvlccore.dll
0x000000005bb00000 - 0x000000005bb56000 	C:\Users\Armin\Desktop\Kar\jajeem\util\vlclib\plugins\access\libdshow_plugin.dll
0x000000005c190000 - 0x000000005c1b0000 	C:\Users\Armin\Desktop\Kar\jajeem\util\vlclib\plugins\audio_output\libaout_directx_plugin.dll
0x000000005bf00000 - 0x000000005bf20000 	C:\Users\Armin\Desktop\Kar\jajeem\util\vlclib\plugins\audio_output\libwaveout_plugin.dll
0x000007fefba40000 - 0x000007fefbac8000 	C:\Windows\system32\DSOUND.dll
0x000007fefc420000 - 0x000007fefc44c000 	C:\Windows\system32\POWRPROF.dll
0x0000000059a10000 - 0x000000005a583000 	C:\Users\Armin\Desktop\Kar\jajeem\util\vlclib\plugins\gui\libqt4_plugin.dll
0x000007fefb0e0000 - 0x000007fefb151000 	C:\Windows\system32\WINSPOOL.DRV
0x000000005b980000 - 0x000000005bafa000 	C:\Users\Armin\Desktop\Kar\jajeem\util\vlclib\plugins\misc\libxml_plugin.dll
0x000000005bea0000 - 0x000000005bec6000 	C:\Users\Armin\Desktop\Kar\jajeem\util\vlclib\plugins\video_output\libdirectx_plugin.dll
0x000000005bee0000 - 0x000000005befc000 	C:\Users\Armin\Desktop\Kar\jajeem\util\vlclib\plugins\mmxext\libmemcpymmxext_plugin.dll
0x000000005b950000 - 0x000000005b971000 	C:\Users\Armin\Desktop\Kar\jajeem\util\vlclib\plugins\control\libhotkeys_plugin.dll
0x000007fefb7d0000 - 0x000007fefb81b000 	C:\Windows\system32\MMDevAPI.DLL
0x000007fee2500000 - 0x000007fee253b000 	C:\Windows\system32\wdmaud.drv
0x0000000063340000 - 0x0000000063346000 	C:\Windows\system32\ksuser.dll
0x000007fefbad0000 - 0x000007fefbad9000 	C:\Windows\system32\AVRT.dll
0x000007fefb4f0000 - 0x000007fefb53f000 	C:\Windows\system32\AUDIOSES.DLL

VM Arguments:
jvm_args: -agentlib:jdwp=transport=dt_socket,suspend=y,address=localhost:36616 -Dfile.encoding=Cp1256 
java_command: com.jajeem.core.design.InstructorLogin
Launcher Type: SUN_STANDARD

Environment Variables:
PATH=C:\Program Files (x86)\NVIDIA Corporation\PhysX\Common;C:\Program Files (x86)\MiKTeX 2.9\miktex\bin;C:\Windows\system32;C:\Windows;C:\Windows\System32\Wbem;C:\Windows\System32\WindowsPowerShell\v1.0\;c:\Program Files (x86)\ATI Technologies\ATI.ACE\Core-Static;C:\Program Files\Intel\WiFi\bin\;C:\Program Files\Common Files\Intel\WirelessCommon\;C:\Program Files (x86)\Common Files\Roxio Shared\DLLShared\;C:\Program Files (x86)\Common Files\Roxio Shared\OEM\DLLShared\;C:\Program Files (x86)\Common Files\Roxio Shared\OEM\DLLShared\;C:\Program Files (x86)\Common Files\Roxio Shared\OEM\12.0\DLLShared\;C:\Program Files (x86)\Roxio\OEM\AudioCore\;C:\Program Files (x86)\Java\jre6\bin;C:\Program Files\TortoiseSVN\bin;C:\Program Files (x86)\Microsoft SQL Server\100\Tools\Binn\;C:\Program Files\Microsoft SQL Server\100\Tools\Binn\;C:\Program Files\Microsoft SQL Server\100\DTS\Binn\;C:\Program Files (x86)\Microsoft SQL Server\100\Tools\Binn\VSShell\Common7\IDE\;C:\Program Files (x86)\Microsoft Visual Studio 9.0\Common7\IDE\PrivateAssemblies\;C:\Program Files (x86)\Microsoft SQL Server\100\DTS\Binn\;C:\Program Files\Microsoft\Web Platform Installer\;;C:\Program Files (x86)\Universal Extractor;C:\Program Files (x86)\Universal Extractor\bin;C:\Program Files (x86)\Microsoft ASP.NET\ASP.NET Web Pages\v1.0\;C:\Program Files (x86)\Windows Kits\8.0\Windows Performance Toolkit\;C:\Program Files\Microsoft SQL Server\110\Tools\Binn\;C:\Program Files\WIDCOMM\Bluetooth Software\;C:\Program Files\WIDCOMM\Bluetooth Software\syswow64;C:\Program Files (x86)\OpenVPN\bin
USERNAME=Armin
OS=Windows_NT
PROCESSOR_IDENTIFIER=Intel64 Family 6 Model 42 Stepping 7, GenuineIntel



---------------  S Y S T E M  ---------------

OS: Windows 7 , 64 bit Build 7601 Service Pack 1

CPU:total 8 (4 cores per cpu, 2 threads per core) family 6 model 42 stepping 7, cmov, cx8, fxsr, mmx, sse, sse2, sse3, ssse3, sse4.1, sse4.2, popcnt, avx, ht, tsc, tscinvbit

Memory: 4k page, physical 8335180k(3627668k free), swap 16668512k(10802884k free)

vm_info: Java HotSpot(TM) 64-Bit Server VM (23.7-b01) for windows-amd64 JRE (1.7.0_17-b02), built on Mar  1 2013 03:38:30 by "java_re" with unknown MS VC++:1600

time: Mon Jun 17 18:05:21 2013
elapsed time: 31 seconds

