#
# A fatal error has been detected by the Java Runtime Environment:
#
#  EXCEPTION_ACCESS_VIOLATION (0xc0000005) at pc=0x000000007730e4b4, pid=4392, tid=5132
#
# JRE version: 7.0_17-b02
# Java VM: Java HotSpot(TM) 64-Bit Server VM (23.7-b01 mixed mode windows-amd64 compressed oops)
# Problematic frame:
# C  [ntdll.dll+0x4e4b4]  RtlDeNormalizeProcessParams+0x5a4
#
# Failed to write core dump. Minidumps are not enabled by default on client versions of Windows
#
# If you would like to submit a bug report, please visit:
#   http://bugreport.sun.com/bugreport/crash.jsp
# The crash happened outside the Java Virtual Machine in native code.
# See problematic frame for where to report the bug.
#

---------------  T H R E A D  ---------------

Current thread (0x000000000df6a000):  JavaThread "pool-2-thread-1" [_thread_in_native, id=5132, stack(0x00000000147e0000,0x00000000148e0000)]

siginfo: ExceptionCode=0xc0000005, writing address 0x0000000000000024

Registers:
RAX=0x0000000000000000, RBX=0x0000000012d665e0, RCX=0x00000000fffffffc, RDX=0x000000000000081c
RSP=0x00000000148de250, RBP=0x0000000000000000, RSI=0x000000000000081c, RDI=0x0000000000000000
R8 =0x00000000148de208, R9 =0x0000000000000004, R10=0x0000000000000000, R11=0x0000000000000246
R12=0x0000000000000000, R13=0x0000000000000000, R14=0x000007fffff6a000, R15=0x0000000000000000
RIP=0x000000007730e4b4, EFLAGS=0x0000000000010213

Top of Stack: (sp=0x00000000148de250)
0x00000000148de250:   000000000deda920 000000000000081c
0x00000000148de260:   00000000023264f0 0000000012d665d8
0x00000000148de270:   000000000df6a1d8 00000000148de3f8
0x00000000148de280:   000000000df6a000 00000000603b5f08
0x00000000148de290:   00000000020cbcb0 00000000148de3f0
0x00000000148de2a0:   0000000000000000 0000000000000000
0x00000000148de2b0:   00000000bb618c52 000000000b0ae198
0x00000000148de2c0:   00000000bb6aa098 0000000000000000
0x00000000148de2d0:   000000000df6a000 00000000148deb60
0x00000000148de2e0:   0000000000000004 0000000000000001
0x00000000148de2f0:   00000000ff000000 000000007730e3db
0x00000000148de300:   0000000000000000 0000000000000000
0x00000000148de310:   00000000bcddf0b0 0000000012d665e0
0x00000000148de320:   0000000012d66568 0000000065a48b65
0x00000000148de330:   00000000148de3f0 0000000012d665d8
0x00000000148de340:   00000000023264f0 000007fef98605fa 

Instructions: (pc=0x000000007730e4b4)
0x000000007730e494:   0f b1 4b 08 0f 85 9b 47 fd ff 48 8b 03 4c 89 ac
0x000000007730e4a4:   24 c0 00 00 00 33 ed 45 33 ed 48 83 f8 ff 74 03
0x000000007730e4b4:   ff 40 24 ba 22 17 00 00 48 8d 3d cd 8f 0e 00 80
0x000000007730e4c4:   3c 25 82 03 fe 7f 00 0f 85 53 be 01 00 48 83 fe 


Register to memory mapping:

RAX=0x0000000000000000 is an unknown value
RBX=0x0000000012d665e0 is an unknown value
RCX=0x00000000fffffffc is an unallocated location in the heap
RDX=0x000000000000081c is an unknown value
RSP=0x00000000148de250 is pointing into the stack for thread: 0x000000000df6a000
RBP=0x0000000000000000 is an unknown value
RSI=0x000000000000081c is an unknown value
RDI=0x0000000000000000 is an unknown value
R8 =0x00000000148de208 is pointing into the stack for thread: 0x000000000df6a000
R9 =0x0000000000000004 is an unknown value
R10=0x0000000000000000 is an unknown value
R11=0x0000000000000246 is an unknown value
R12=0x0000000000000000 is an unknown value
R13=0x0000000000000000 is an unknown value
R14=0x000007fffff6a000 is an unknown value
R15=0x0000000000000000 is an unknown value


Stack: [0x00000000147e0000,0x00000000148e0000],  sp=0x00000000148de250,  free space=1016k
Native frames: (J=compiled Java code, j=interpreted, Vv=VM code, C=native code)
C  [ntdll.dll+0x4e4b4]  RtlDeNormalizeProcessParams+0x5a4

[error occurred during error reporting (printing native stack), id 0xc0000005]

Java frames: (J=compiled Java code, j=interpreted, Vv=VM code)
j  com.sun.jna.Native.invokeLong(JI[Ljava/lang/Object;)J+0
j  com.sun.jna.Function.invoke([Ljava/lang/Object;Ljava/lang/Class;Z)Ljava/lang/Object;+389
j  com.sun.jna.Function.invoke(Ljava/lang/Class;[Ljava/lang/Object;Ljava/util/Map;)Ljava/lang/Object;+214
j  com.sun.jna.Library$Handler.invoke(Ljava/lang/Object;Ljava/lang/reflect/Method;[Ljava/lang/Object;)Ljava/lang/Object;+341
j  com.sun.proxy.$Proxy8.libvlc_media_player_get_time(Luk/co/caprica/vlcj/binding/internal/libvlc_media_player_t;)J+16
j  uk.co.caprica.vlcj.player.DefaultMediaPlayer.getTime()J+17
j  com.jajeem.videoplayer.design.PlayerControlsPanel$UpdateRunnable.run()V+4
j  java.util.concurrent.Executors$RunnableAdapter.call()Ljava/lang/Object;+4
j  java.util.concurrent.FutureTask$Sync.innerRunAndReset()Z+30
j  java.util.concurrent.FutureTask.runAndReset()Z+4
j  java.util.concurrent.ScheduledThreadPoolExecutor$ScheduledFutureTask.access$301(Ljava/util/concurrent/ScheduledThreadPoolExecutor$ScheduledFutureTask;)Z+1
j  java.util.concurrent.ScheduledThreadPoolExecutor$ScheduledFutureTask.run()V+37
j  java.util.concurrent.ThreadPoolExecutor.runWorker(Ljava/util/concurrent/ThreadPoolExecutor$Worker;)V+95
j  java.util.concurrent.ThreadPoolExecutor$Worker.run()V+5
j  java.lang.Thread.run()V+11
v  ~StubRoutines::call_stub

---------------  P R O C E S S  ---------------

Java Threads: ( => current thread )
  0x000000000df69000 JavaThread "D3D Screen Updater" daemon [_thread_blocked, id=6060, stack(0x0000000014660000,0x0000000014760000)]
=>0x000000000df6a000 JavaThread "pool-2-thread-1" [_thread_in_native, id=5132, stack(0x00000000147e0000,0x00000000148e0000)]
  0x000000000df68800 JavaThread "Swing-Shell" daemon [_thread_blocked, id=5576, stack(0x0000000012a40000,0x0000000012b40000)]
  0x000000000df66000 JavaThread "vlcj native mouse hook" [_thread_in_native, id=792, stack(0x0000000012910000,0x0000000012a10000)]
  0x000000000b2ea800 JavaThread "Timer-2" [_thread_blocked, id=1520, stack(0x0000000010380000,0x0000000010480000)]
  0x000000000b2e9800 JavaThread "Thread-21" [_thread_in_native, id=5780, stack(0x000000000f810000,0x000000000f910000)]
  0x000000000b2e8800 JavaThread "Timer-1" [_thread_blocked, id=4672, stack(0x00000000109c0000,0x0000000010ac0000)]
  0x000000000b2e8000 JavaThread "Timer-0" [_thread_blocked, id=3152, stack(0x000000000f710000,0x000000000f810000)]
  0x000000000b2e7000 JavaThread "TimerQueue" daemon [_thread_blocked, id=1732, stack(0x0000000010ac0000,0x0000000010bc0000)]
  0x000000000b2e6800 JavaThread "DestroyJavaVM" [_thread_blocked, id=3260, stack(0x0000000002220000,0x0000000002320000)]
  0x000000000b2e5800 JavaThread "AWT-EventQueue-0" [_thread_blocked, id=5632, stack(0x000000000f160000,0x000000000f260000)]
  0x000000000b2e5000 JavaThread "AWT-Shutdown" [_thread_blocked, id=5584, stack(0x000000000f3d0000,0x000000000f4d0000)]
  0x000000000b2e4000 JavaThread "H2 Log Writer JAJEEM.DB" daemon [_thread_blocked, id=4152, stack(0x000000000aab0000,0x000000000abb0000)]
  0x000000000b2e3800 JavaThread "H2 File Lock Watchdog D:/Teanab/jajeem/jajeem.db.lock.db" daemon [_thread_blocked, id=1980, stack(0x000000000a8a0000,0x000000000a9a0000)]
  0x000000000b2e0000 JavaThread "Thread-3" [_thread_in_native, id=4720, stack(0x000000000f4e0000,0x000000000f5e0000)]
  0x000000000a1ae000 JavaThread "RMI TCP Accept-2020" daemon [_thread_in_native, id=3660, stack(0x000000000f290000,0x000000000f390000)]
  0x000000000a1ad000 JavaThread "GC Daemon" daemon [_thread_blocked, id=4008, stack(0x000000000f020000,0x000000000f120000)]
  0x000000000a1ab800 JavaThread "RMI Reaper" [_thread_blocked, id=4128, stack(0x000000000edf0000,0x000000000eef0000)]
  0x000000000a1a5800 JavaThread "RMI TCP Accept-2019" daemon [_thread_in_native, id=3360, stack(0x000000000daa0000,0x000000000dba0000)]
  0x0000000009fab800 JavaThread "AWT-Windows" daemon [_thread_in_native, id=1076, stack(0x000000000a7a0000,0x000000000a8a0000)]
  0x0000000009f01000 JavaThread "Java2D Disposer" daemon [_thread_blocked, id=5968, stack(0x000000000a350000,0x000000000a450000)]
  0x0000000008681800 JavaThread "Service Thread" daemon [_thread_blocked, id=4284, stack(0x0000000009dd0000,0x0000000009ed0000)]
  0x0000000008673800 JavaThread "C2 CompilerThread1" daemon [_thread_blocked, id=1156, stack(0x0000000009bf0000,0x0000000009cf0000)]
  0x000000000866a800 JavaThread "C2 CompilerThread0" daemon [_thread_blocked, id=2656, stack(0x00000000099e0000,0x0000000009ae0000)]
  0x0000000008665000 JavaThread "Attach Listener" daemon [_thread_blocked, id=5284, stack(0x00000000098e0000,0x00000000099e0000)]
  0x0000000008663800 JavaThread "Signal Dispatcher" daemon [_thread_blocked, id=3392, stack(0x00000000096d0000,0x00000000097d0000)]
  0x00000000085de000 JavaThread "Finalizer" daemon [_thread_blocked, id=160, stack(0x0000000009470000,0x0000000009570000)]
  0x00000000085d5000 JavaThread "Reference Handler" daemon [_thread_blocked, id=2620, stack(0x0000000009280000,0x0000000009380000)]

Other Threads:
  0x00000000085ce000 VMThread [stack: 0x0000000009050000,0x0000000009150000] [id=5356]
  0x000000000868c000 WatcherThread [stack: 0x00000000095d0000,0x00000000096d0000] [id=5448]

VM state:not at safepoint (normal execution)

VM Mutex/Monitor currently owned by a thread: None

Heap
 PSYoungGen      total 39808K, used 32612K [0x00000000ead60000, 0x00000000efac0000, 0x0000000100000000)
  eden space 32512K, 84% used [0x00000000ead60000,0x00000000ec839d80,0x00000000ecd20000)
  from space 7296K, 70% used [0x00000000ecd20000,0x00000000ed21f450,0x00000000ed440000)
  to   space 7104K, 0% used [0x00000000ef3d0000,0x00000000ef3d0000,0x00000000efac0000)
 ParOldGen       total 43392K, used 15249K [0x00000000c0800000, 0x00000000c3260000, 0x00000000ead60000)
  object space 43392K, 35% used [0x00000000c0800000,0x00000000c16e45a8,0x00000000c3260000)
 PSPermGen       total 28928K, used 28841K [0x00000000bb600000, 0x00000000bd240000, 0x00000000c0800000)
  object space 28928K, 99% used [0x00000000bb600000,0x00000000bd22a400,0x00000000bd240000)

Card table byte_map: [0x0000000005320000,0x0000000005550000] byte_map_base: 0x0000000004d45000

Polling page: 0x0000000000440000

Code Cache  [0x0000000002320000, 0x0000000002590000, 0x0000000005320000)
 total_blobs=900 nmethods=305 adapters=546 free_code_cache=47823Kb largest_free_block=48928192

Compilation events (10 events):
Event: 25.670 Thread 0x0000000008673800  315             java.lang.ref.SoftReference::get (29 bytes)
Event: 25.670 Thread 0x0000000008673800 nmethod 315 0x0000000002469b50 code [0x0000000002469c80, 0x0000000002469cf8]
Event: 25.768 Thread 0x000000000866a800  316   !         java.util.WeakHashMap::expungeStaleEntries (139 bytes)
Event: 25.775 Thread 0x000000000866a800 nmethod 316 0x000000000246ca50 code [0x000000000246cbc0, 0x000000000246d5d8]
Event: 34.310 Thread 0x0000000008673800  317             java.util.WeakHashMap::getTable (9 bytes)
Event: 34.311 Thread 0x0000000008673800 nmethod 317 0x000000000246c7d0 code [0x000000000246c920, 0x000000000246c9a8]
Event: 35.531 Thread 0x000000000866a800  318             java.util.IdentityHashMap$IdentityHashMapIterator::hasNext (50 bytes)
Event: 35.534 Thread 0x000000000866a800 nmethod 318 0x000000000246c450 code [0x000000000246c580, 0x000000000246c718]
Event: 35.611 Thread 0x0000000008673800  319             sun.java2d.pipe.BufferedContext::validate (524 bytes)
Event: 35.641 Thread 0x0000000008673800 nmethod 319 0x0000000002473910 code [0x0000000002473be0, 0x0000000002474df8]

GC Heap History (10 events):
Event: 7.226 GC heap before
{Heap before GC invocations=3 (full 0):
 PSYoungGen      total 18944K, used 18660K [0x00000000ead60000, 0x00000000ec280000, 0x0000000100000000)
  eden space 16256K, 98% used [0x00000000ead60000,0x00000000ebcff3d0,0x00000000ebd40000)
  from space 2688K, 99% used [0x00000000ebfe0000,0x00000000ec279e58,0x00000000ec280000)
  to   space 2688K, 0% used [0x00000000ebd40000,0x00000000ebd40000,0x00000000ebfe0000)
 ParOldGen       total 43392K, used 4480K [0x00000000c0800000, 0x00000000c3260000, 0x00000000ead60000)
  object space 43392K, 10% used [0x00000000c0800000,0x00000000c0c603b8,0x00000000c3260000)
 PSPermGen       total 21824K, used 21707K [0x00000000bb600000, 0x00000000bcb50000, 0x00000000c0800000)
  object space 21824K, 99% used [0x00000000bb600000,0x00000000bcb32c60,0x00000000bcb50000)
Event: 7.244 GC heap after
Heap after GC invocations=3 (full 0):
 PSYoungGen      total 18944K, used 2679K [0x00000000ead60000, 0x00000000ed260000, 0x0000000100000000)
  eden space 16256K, 0% used [0x00000000ead60000,0x00000000ead60000,0x00000000ebd40000)
  from space 2688K, 99% used [0x00000000ebd40000,0x00000000ebfdde78,0x00000000ebfe0000)
  to   space 2688K, 0% used [0x00000000ecfc0000,0x00000000ecfc0000,0x00000000ed260000)
 ParOldGen       total 43392K, used 9193K [0x00000000c0800000, 0x00000000c3260000, 0x00000000ead60000)
  object space 43392K, 21% used [0x00000000c0800000,0x00000000c10fa648,0x00000000c3260000)
 PSPermGen       total 21824K, used 21707K [0x00000000bb600000, 0x00000000bcb50000, 0x00000000c0800000)
  object space 21824K, 99% used [0x00000000bb600000,0x00000000bcb32c60,0x00000000bcb50000)
}
Event: 11.990 GC heap before
{Heap before GC invocations=4 (full 0):
 PSYoungGen      total 18944K, used 18935K [0x00000000ead60000, 0x00000000ed260000, 0x0000000100000000)
  eden space 16256K, 100% used [0x00000000ead60000,0x00000000ebd40000,0x00000000ebd40000)
  from space 2688K, 99% used [0x00000000ebd40000,0x00000000ebfdde78,0x00000000ebfe0000)
  to   space 2688K, 0% used [0x00000000ecfc0000,0x00000000ecfc0000,0x00000000ed260000)
 ParOldGen       total 43392K, used 9193K [0x00000000c0800000, 0x00000000c3260000, 0x00000000ead60000)
  object space 43392K, 21% used [0x00000000c0800000,0x00000000c10fa648,0x00000000c3260000)
 PSPermGen       total 23552K, used 23473K [0x00000000bb600000, 0x00000000bcd00000, 0x00000000c0800000)
  object space 23552K, 99% used [0x00000000bb600000,0x00000000bccec6b0,0x00000000bcd00000)
Event: 12.001 GC heap after
Heap after GC invocations=4 (full 0):
 PSYoungGen      total 18944K, used 2679K [0x00000000ead60000, 0x00000000ed260000, 0x0000000100000000)
  eden space 16256K, 0% used [0x00000000ead60000,0x00000000ead60000,0x00000000ebd40000)
  from space 2688K, 99% used [0x00000000ecfc0000,0x00000000ed25de98,0x00000000ed260000)
  to   space 2688K, 0% used [0x00000000ebd40000,0x00000000ebd40000,0x00000000ebfe0000)
 ParOldGen       total 43392K, used 12072K [0x00000000c0800000, 0x00000000c3260000, 0x00000000ead60000)
  object space 43392K, 27% used [0x00000000c0800000,0x00000000c13ca130,0x00000000c3260000)
 PSPermGen       total 23552K, used 23473K [0x00000000bb600000, 0x00000000bcd00000, 0x00000000c0800000)
  object space 23552K, 99% used [0x00000000bb600000,0x00000000bccec6b0,0x00000000bcd00000)
}
Event: 12.550 GC heap before
{Heap before GC invocations=5 (full 0):
 PSYoungGen      total 18944K, used 18140K [0x00000000ead60000, 0x00000000ed260000, 0x0000000100000000)
  eden space 16256K, 95% used [0x00000000ead60000,0x00000000ebc79348,0x00000000ebd40000)
  from space 2688K, 99% used [0x00000000ecfc0000,0x00000000ed25de98,0x00000000ed260000)
  to   space 2688K, 0% used [0x00000000ebd40000,0x00000000ebd40000,0x00000000ebfe0000)
 ParOldGen       total 43392K, used 12072K [0x00000000c0800000, 0x00000000c3260000, 0x00000000ead60000)
  object space 43392K, 27% used [0x00000000c0800000,0x00000000c13ca130,0x00000000c3260000)
 PSPermGen       total 24320K, used 24145K [0x00000000bb600000, 0x00000000bcdc0000, 0x00000000c0800000)
  object space 24320K, 99% used [0x00000000bb600000,0x00000000bcd94780,0x00000000bcdc0000)
Event: 12.559 GC heap after
Heap after GC invocations=5 (full 0):
 PSYoungGen      total 18944K, used 2674K [0x00000000ead60000, 0x00000000edbe0000, 0x0000000100000000)
  eden space 16256K, 0% used [0x00000000ead60000,0x00000000ead60000,0x00000000ebd40000)
  from space 2688K, 99% used [0x00000000ebd40000,0x00000000ebfdc858,0x00000000ebfe0000)
  to   space 7552K, 0% used [0x00000000ed480000,0x00000000ed480000,0x00000000edbe0000)
 ParOldGen       total 43392K, used 14041K [0x00000000c0800000, 0x00000000c3260000, 0x00000000ead60000)
  object space 43392K, 32% used [0x00000000c0800000,0x00000000c15b6730,0x00000000c3260000)
 PSPermGen       total 24320K, used 24145K [0x00000000bb600000, 0x00000000bcdc0000, 0x00000000c0800000)
  object space 24320K, 99% used [0x00000000bb600000,0x00000000bcd94780,0x00000000bcdc0000)
}
Event: 12.834 GC heap before
{Heap before GC invocations=6 (full 0):
 PSYoungGen      total 18944K, used 16697K [0x00000000ead60000, 0x00000000edbe0000, 0x0000000100000000)
  eden space 16256K, 86% used [0x00000000ead60000,0x00000000ebb11d98,0x00000000ebd40000)
  from space 2688K, 99% used [0x00000000ebd40000,0x00000000ebfdc858,0x00000000ebfe0000)
  to   space 7552K, 0% used [0x00000000ed480000,0x00000000ed480000,0x00000000edbe0000)
 ParOldGen       total 43392K, used 14041K [0x00000000c0800000, 0x00000000c3260000, 0x00000000ead60000)
  object space 43392K, 32% used [0x00000000c0800000,0x00000000c15b6730,0x00000000c3260000)
 PSPermGen       total 24320K, used 24191K [0x00000000bb600000, 0x00000000bcdc0000, 0x00000000c0800000)
  object space 24320K, 99% used [0x00000000bb600000,0x00000000bcd9ffe0,0x00000000bcdc0000)
Event: 12.843 GC heap after
Heap after GC invocations=6 (full 0):
 PSYoungGen      total 39552K, used 5282K [0x00000000ead60000, 0x00000000edb60000, 0x0000000100000000)
  eden space 32512K, 0% used [0x00000000ead60000,0x00000000ead60000,0x00000000ecd20000)
  from space 7040K, 75% used [0x00000000ed480000,0x00000000ed9a8b28,0x00000000edb60000)
  to   space 7296K, 0% used [0x00000000ecd20000,0x00000000ecd20000,0x00000000ed440000)
 ParOldGen       total 43392K, used 14041K [0x00000000c0800000, 0x00000000c3260000, 0x00000000ead60000)
  object space 43392K, 32% used [0x00000000c0800000,0x00000000c15b6730,0x00000000c3260000)
 PSPermGen       total 24320K, used 24191K [0x00000000bb600000, 0x00000000bcdc0000, 0x00000000c0800000)
  object space 24320K, 99% used [0x00000000bb600000,0x00000000bcd9ffe0,0x00000000bcdc0000)
}
Event: 18.639 GC heap before
{Heap before GC invocations=7 (full 0):
 PSYoungGen      total 39552K, used 37794K [0x00000000ead60000, 0x00000000edb60000, 0x0000000100000000)
  eden space 32512K, 100% used [0x00000000ead60000,0x00000000ecd20000,0x00000000ecd20000)
  from space 7040K, 75% used [0x00000000ed480000,0x00000000ed9a8b28,0x00000000edb60000)
  to   space 7296K, 0% used [0x00000000ecd20000,0x00000000ecd20000,0x00000000ed440000)
 ParOldGen       total 43392K, used 14041K [0x00000000c0800000, 0x00000000c3260000, 0x00000000ead60000)
  object space 43392K, 32% used [0x00000000c0800000,0x00000000c15b6730,0x00000000c3260000)
 PSPermGen       total 26048K, used 25946K [0x00000000bb600000, 0x00000000bcf70000, 0x00000000c0800000)
  object space 26048K, 99% used [0x00000000bb600000,0x00000000bcf56990,0x00000000bcf70000)
Event: 18.652 GC heap after
Heap after GC invocations=7 (full 0):
 PSYoungGen      total 39808K, used 5117K [0x00000000ead60000, 0x00000000efac0000, 0x0000000100000000)
  eden space 32512K, 0% used [0x00000000ead60000,0x00000000ead60000,0x00000000ecd20000)
  from space 7296K, 70% used [0x00000000ecd20000,0x00000000ed21f450,0x00000000ed440000)
  to   space 7104K, 0% used [0x00000000ef3d0000,0x00000000ef3d0000,0x00000000efac0000)
 ParOldGen       total 43392K, used 15249K [0x00000000c0800000, 0x00000000c3260000, 0x00000000ead60000)
  object space 43392K, 35% used [0x00000000c0800000,0x00000000c16e45a8,0x00000000c3260000)
 PSPermGen       total 26048K, used 25946K [0x00000000bb600000, 0x00000000bcf70000, 0x00000000c0800000)
  object space 26048K, 99% used [0x00000000bb600000,0x00000000bcf56990,0x00000000bcf70000)
}

Deoptimization events (10 events):
Event: 18.623 Thread 0x000000000df66000 Uncommon trap -34 fr.pc 0x00000000023aec1c
Event: 19.263 Thread 0x000000000b2e5800 Uncommon trap -34 fr.pc 0x000000000242b340
Event: 20.468 Thread 0x000000000b2e5800 Uncommon trap -34 fr.pc 0x000000000243bca0
Event: 20.518 Thread 0x000000000b2e5800 Uncommon trap -34 fr.pc 0x000000000243bca0
Event: 20.560 Thread 0x000000000b2e5800 Uncommon trap -34 fr.pc 0x000000000243bca0
Event: 20.657 Thread 0x000000000b2e5800 Uncommon trap -34 fr.pc 0x000000000243bca0
Event: 22.187 Thread 0x000000000b2e5800 Uncommon trap -34 fr.pc 0x000000000243db1c
Event: 22.187 Thread 0x000000000b2e5800 Uncommon trap -34 fr.pc 0x000000000243db1c
Event: 22.198 Thread 0x000000000b2e5800 Uncommon trap -34 fr.pc 0x000000000243db1c
Event: 22.198 Thread 0x000000000b2e5800 Uncommon trap -34 fr.pc 0x000000000243db1c

Internal exceptions (10 events):
Event: 20.439 Thread 0x000000000b2e5800 Threw 0x00000000eb432b50 at C:\jdk7u2_64p\jdk7u17\hotspot\src\share\vm\prims\jvm.cpp:1166
Event: 20.440 Thread 0x000000000b2e5800 Threw 0x00000000eb437d60 at C:\jdk7u2_64p\jdk7u17\hotspot\src\share\vm\prims\jvm.cpp:1166
Event: 20.440 Thread 0x000000000b2e5800 Threw 0x00000000eb43c8e0 at C:\jdk7u2_64p\jdk7u17\hotspot\src\share\vm\prims\jvm.cpp:1166
Event: 20.441 Thread 0x000000000b2e5800 Threw 0x00000000eb4408f0 at C:\jdk7u2_64p\jdk7u17\hotspot\src\share\vm\prims\jvm.cpp:1166
Event: 20.442 Thread 0x000000000b2e5800 Threw 0x00000000eb449020 at C:\jdk7u2_64p\jdk7u17\hotspot\src\share\vm\prims\jvm.cpp:1166
Event: 20.443 Thread 0x000000000b2e5800 Threw 0x00000000eb451688 at C:\jdk7u2_64p\jdk7u17\hotspot\src\share\vm\prims\jvm.cpp:1166
Event: 20.444 Thread 0x000000000b2e5800 Threw 0x00000000eb4574f0 at C:\jdk7u2_64p\jdk7u17\hotspot\src\share\vm\prims\jvm.cpp:1166
Event: 20.445 Thread 0x000000000b2e5800 Threw 0x00000000eb461f20 at C:\jdk7u2_64p\jdk7u17\hotspot\src\share\vm\prims\jvm.cpp:1166
Event: 21.847 Thread 0x000000000df66000 Threw 0x00000000ebab0328 at C:\jdk7u2_64p\jdk7u17\hotspot\src\share\vm\prims\jni.cpp:742
Event: 35.522 Thread 0x000000000b2e5800 Threw 0x00000000ec049e10 at C:\jdk7u2_64p\jdk7u17\hotspot\src\share\vm\prims\jni.cpp:742

Events (10 events):
Event: 35.572 Thread 0x000000000df67800 Thread added: 0x000000000df67800
Event: 35.591 Thread 0x000000000df67800 Thread exited: 0x000000000df67800
Event: 35.591 Thread 0x000000000df67800 Thread added: 0x000000000df67800
Event: 35.592 Thread 0x000000000df67800 Thread exited: 0x000000000df67800
Event: 35.594 Thread 0x000000000df67800 Thread added: 0x000000000df67800
Event: 35.606 Thread 0x000000000df67800 Thread exited: 0x000000000df67800
Event: 35.606 Thread 0x000000000df67800 Thread added: 0x000000000df67800
Event: 35.607 Thread 0x000000000df67800 Thread exited: 0x000000000df67800
Event: 36.265 loading class 0x0000000009fb48e0
Event: 36.304 loading class 0x0000000009fb48e0 done


Dynamic libraries:
0x000000013f860000 - 0x000000013f893000 	C:\Program Files\Java\jre7\bin\javaw.exe
0x00000000772c0000 - 0x0000000077469000 	C:\Windows\SYSTEM32\ntdll.dll
0x00000000770a0000 - 0x00000000771bf000 	C:\Windows\system32\kernel32.dll
0x000007fefd380000 - 0x000007fefd3eb000 	C:\Windows\system32\KERNELBASE.dll
0x000007fefd4d0000 - 0x000007fefd5ab000 	C:\Windows\system32\ADVAPI32.dll
0x000007fefda60000 - 0x000007fefdaff000 	C:\Windows\system32\msvcrt.dll
0x000007fefe660000 - 0x000007fefe67f000 	C:\Windows\SYSTEM32\sechost.dll
0x000007fefdb00000 - 0x000007fefdc2d000 	C:\Windows\system32\RPCRT4.dll
0x00000000771c0000 - 0x00000000772ba000 	C:\Windows\system32\USER32.dll
0x000007fefe5e0000 - 0x000007fefe647000 	C:\Windows\system32\GDI32.dll
0x000007fefe750000 - 0x000007fefe75e000 	C:\Windows\system32\LPK.dll
0x000007fefe680000 - 0x000007fefe749000 	C:\Windows\system32\USP10.dll
0x000007fefba70000 - 0x000007fefbc64000 	C:\Windows\WinSxS\amd64_microsoft.windows.common-controls_6595b64144ccf1df_6.0.7601.17514_none_fa396087175ac9ac\COMCTL32.dll
0x000007fefe560000 - 0x000007fefe5d1000 	C:\Windows\system32\SHLWAPI.dll
0x000007fefe760000 - 0x000007fefe78e000 	C:\Windows\system32\IMM32.DLL
0x000007fefe450000 - 0x000007fefe559000 	C:\Windows\system32\MSCTF.dll
0x000000006aea0000 - 0x000000006af71000 	C:\Program Files\Java\jre7\bin\msvcr100.dll
0x000000005feb0000 - 0x00000000605cf000 	C:\Program Files\Java\jre7\bin\server\jvm.dll
0x000007fef9f90000 - 0x000007fef9f99000 	C:\Windows\system32\WSOCK32.dll
0x000007fefe790000 - 0x000007fefe7dd000 	C:\Windows\system32\WS2_32.dll
0x000007fefe650000 - 0x000007fefe658000 	C:\Windows\system32\NSI.dll
0x000007fefa2d0000 - 0x000007fefa30b000 	C:\Windows\system32\WINMM.dll
0x0000000077480000 - 0x0000000077487000 	C:\Windows\system32\PSAPI.DLL
0x0000000074e60000 - 0x0000000074e6f000 	C:\Program Files\Java\jre7\bin\verify.dll
0x000000006e1a0000 - 0x000000006e1c8000 	C:\Program Files\Java\jre7\bin\java.dll
0x000000006e750000 - 0x000000006e765000 	C:\Program Files\Java\jre7\bin\zip.dll
0x000000005da20000 - 0x000000005dbb3000 	C:\Program Files\Java\jre7\bin\awt.dll
0x000007fefdec0000 - 0x000007fefdf97000 	C:\Windows\system32\OLEAUT32.dll
0x000007fefdfa0000 - 0x000007fefe1a3000 	C:\Windows\system32\ole32.dll
0x000007fefb860000 - 0x000007fefb8b6000 	C:\Windows\system32\uxtheme.dll
0x000007fefb060000 - 0x000007fefb078000 	C:\Windows\system32\dwmapi.dll
0x000007fefcf90000 - 0x000007fefcf9f000 	C:\Windows\system32\CRYPTBASE.dll
0x000007fefe840000 - 0x000007feff5c8000 	C:\Windows\system32\SHELL32.dll
0x0000000068150000 - 0x0000000068189000 	C:\Program Files\Java\jre7\bin\kcms.dll
0x000007fef6cb0000 - 0x000007fef6eaf000 	C:\Windows\system32\d3d9.dll
0x000007fefc2b0000 - 0x000007fefc2bc000 	C:\Windows\system32\VERSION.dll
0x000007fefba20000 - 0x000007fefba27000 	C:\Windows\system32\d3d8thk.dll
0x000007fee7430000 - 0x000007fee7d5e000 	C:\Windows\system32\nvd3dumx.dll
0x000007fefb0a0000 - 0x000007fefb0cc000 	C:\Windows\system32\powrprof.dll
0x000007fefd5b0000 - 0x000007fefd787000 	C:\Windows\system32\SETUPAPI.dll
0x000007fefd480000 - 0x000007fefd4b6000 	C:\Windows\system32\CFGMGR32.dll
0x000007fefd3f0000 - 0x000007fefd40a000 	C:\Windows\system32\DEVOBJ.dll
0x00000000739f0000 - 0x0000000073a09000 	C:\Program Files\Java\jre7\bin\net.dll
0x000007fefc2c0000 - 0x000007fefc2d6000 	C:\Windows\system32\PrxerDrv.dll
0x000007fefc9c0000 - 0x000007fefca15000 	C:\Windows\system32\mswsock.dll
0x000007fefc9b0000 - 0x000007fefc9b7000 	C:\Windows\System32\wship6.dll
0x000000006e730000 - 0x000000006e741000 	C:\Program Files\Java\jre7\bin\nio.dll
0x000000006e080000 - 0x000000006e08b000 	C:\Program Files\Java\jre7\bin\management.dll
0x000007fefaf50000 - 0x000007fefaf65000 	C:\Windows\system32\NLAapi.dll
0x000007fef7050000 - 0x000007fef7065000 	C:\Windows\system32\napinsp.dll
0x000007fef7030000 - 0x000007fef7049000 	C:\Windows\system32\pnrpnsp.dll
0x000007fef6ec0000 - 0x000007fef6ed0000 	C:\Windows\system32\wshbth.dll
0x000007fef92a0000 - 0x000007fef92b2000 	C:\Windows\system32\PrxerNsp.dll
0x000007fefc740000 - 0x000007fefc79b000 	C:\Windows\system32\DNSAPI.dll
0x0000000073540000 - 0x0000000073566000 	C:\Program Files\Bonjour\mdnsNSP.dll
0x000007fef9f20000 - 0x000007fef9f47000 	C:\Windows\system32\Iphlpapi.DLL
0x000007fef9ed0000 - 0x000007fef9edb000 	C:\Windows\system32\WINNSI.DLL
0x000007fef6eb0000 - 0x000007fef6ebb000 	C:\Windows\System32\winrnr.dll
0x000007fefc2a0000 - 0x000007fefc2a7000 	C:\Windows\System32\wshtcpip.dll
0x000007fef9290000 - 0x000007fef9298000 	C:\Windows\system32\rasadhlp.dll
0x000007fef9e20000 - 0x000007fef9e73000 	C:\Windows\System32\fwpuclnt.dll
0x000000006e0a0000 - 0x000000006e0c4000 	C:\Program Files\Java\jre7\bin\sunec.dll
0x000007fefcb20000 - 0x000007fefcb37000 	C:\Windows\system32\CRYPTSP.dll
0x000007fefc6f0000 - 0x000007fefc737000 	C:\Windows\system32\rsaenh.dll
0x000007fefc3f0000 - 0x000007fefc40e000 	C:\Windows\system32\USERENV.dll
0x000007fefd0a0000 - 0x000007fefd0af000 	C:\Windows\system32\profapi.dll
0x0000000065ea0000 - 0x0000000065ed4000 	C:\Program Files\Java\jre7\bin\fontmanager.dll
0x0000000010000000 - 0x0000000010065000 	C:\Program Files\WIDCOMM\Bluetooth Software\btmmhook.dll
0x0000000068120000 - 0x0000000068150000 	C:\Program Files\Java\jre7\bin\jpeg.dll
0x000007fefd790000 - 0x000007fefd829000 	C:\Windows\system32\CLBCatQ.DLL
0x000007fefad40000 - 0x000007fefaea1000 	C:\Windows\system32\WindowsCodecs.dll
0x000007fefcf30000 - 0x000007fefcf87000 	C:\Windows\system32\apphelp.dll
0x0000000074e40000 - 0x0000000074e56000 	C:\Program Files\Common Files\TortoiseOverlays\TortoiseOverlays.dll
0x0000000074e20000 - 0x0000000074e37000 	C:\Program Files\TortoiseGit\bin\TortoiseGitStub.dll
0x0000000074a90000 - 0x0000000074b1b000 	C:\Program Files\TortoiseGit\bin\TortoiseGit.dll
0x000007fef5920000 - 0x000007fef59b4000 	C:\Program Files\TortoiseGit\bin\libgit2.dll
0x000007fef65f0000 - 0x000007fef6608000 	C:\Program Files\TortoiseGit\bin\zlib1.dll
0x000007fef5630000 - 0x000007fef5704000 	C:\Windows\system32\MSVCR110.dll
0x000007fef8500000 - 0x000007fef8571000 	C:\Windows\system32\WINHTTP.dll
0x000007fef7fc0000 - 0x000007fef8024000 	C:\Windows\system32\webio.dll
0x000007fef53c0000 - 0x000007fef55cf000 	C:\Program Files\TortoiseGit\bin\gitdll.dll
0x000007fef5310000 - 0x000007fef53b7000 	C:\Windows\system32\MSVCP110.dll
0x000007fef4b70000 - 0x000007fef4e87000 	C:\Program Files\TortoiseGit\bin\crshhndl.dll
0x0000000009430000 - 0x0000000009440000 	C:\Program Files\TortoiseSVN\bin\TortoiseStub.dll
0x0000000010070000 - 0x0000000010157000 	C:\Program Files\TortoiseSVN\bin\TortoiseSVN.dll
0x000007fef6ed0000 - 0x000007fef6ed7000 	C:\Windows\system32\SHFOLDER.dll
0x000007fefd830000 - 0x000007fefda5d000 	C:\Windows\system32\WININET.dll
0x000007fefd470000 - 0x000007fefd474000 	C:\Windows\system32\api-ms-win-downlevel-user32-l1-1-0.dll
0x000007fefd4c0000 - 0x000007fefd4c5000 	C:\Windows\system32\api-ms-win-downlevel-advapi32-l1-1-0.dll
0x000007fefd460000 - 0x000007fefd464000 	C:\Windows\system32\api-ms-win-downlevel-shlwapi-l1-1-0.dll
0x000007fefd450000 - 0x000007fefd454000 	C:\Windows\system32\api-ms-win-downlevel-version-l1-1-0.dll
0x000007fefd370000 - 0x000007fefd373000 	C:\Windows\system32\api-ms-win-downlevel-normaliz-l1-1-0.dll
0x0000000077490000 - 0x0000000077493000 	C:\Windows\system32\normaliz.DLL
0x000007fefdc30000 - 0x000007fefdebc000 	C:\Windows\system32\iertutil.dll
0x000000006eec0000 - 0x000000006eeea000 	C:\Program Files\TortoiseSVN\bin\libapr_tsvn.dll
0x0000000071040000 - 0x00000000710e3000 	C:\Windows\WinSxS\amd64_microsoft.vc90.crt_1fc8b3b9a1e18e3b_9.0.30729.5570_none_08e72cf3a83ac624\MSVCR90.dll
0x0000000070ff0000 - 0x0000000071032000 	C:\Program Files\TortoiseSVN\bin\libaprutil_tsvn.dll
0x000007fefe7e0000 - 0x000007fefe832000 	C:\Windows\system32\WLDAP32.dll
0x0000000180000000 - 0x0000000180010000 	C:\Program Files\TortoiseSVN\bin\intl3_tsvn.dll
0x0000000070f10000 - 0x0000000070fe3000 	C:\Windows\WinSxS\amd64_microsoft.vc90.crt_1fc8b3b9a1e18e3b_9.0.30729.5570_none_08e72cf3a83ac624\MSVCP90.dll
0x000007fefd200000 - 0x000007fefd36a000 	C:\Windows\system32\CRYPT32.dll
0x000007fefd140000 - 0x000007fefd14f000 	C:\Windows\system32\MSASN1.dll
0x000007fef58e0000 - 0x000007fef5915000 	C:\Windows\system32\EhStorShell.dll
0x000007fefb8c0000 - 0x000007fefb9ec000 	C:\Windows\system32\PROPSYS.dll
0x000007fef68b0000 - 0x000007fef68b9000 	C:\Program Files (x86)\Internet Download Manager\IDMShellExt64.dll
0x000007fef4af0000 - 0x000007fef4b70000 	C:\Windows\system32\ntshrui.dll
0x000007fefcbd0000 - 0x000007fefcbf3000 	C:\Windows\system32\srvcli.dll
0x000007fef88b0000 - 0x000007fef88bf000 	C:\Windows\system32\cscapi.dll
0x000007fefa210000 - 0x000007fefa21b000 	C:\Windows\system32\slc.dll
0x0000000065a70000 - 0x0000000065ab1000 	C:\Program Files\Java\jre7\bin\t2k.dll
0x0000000065dd0000 - 0x0000000065dfa000 	C:\Program Files\Java\jre7\bin\dcpr.dll
0x00000000646e0000 - 0x0000000064782000 	C:\Program Files\Java\jre7\bin\mlib_image.dll
0x000007fef9850000 - 0x000007fef9887000 	C:\Users\Mohammad\AppData\Local\Temp\jna-Mohammad\jna3547122775029421350.dll
0x0000000065a40000 - 0x0000000065a70000 	D:\Teanab\jajeem\vlclib\libvlc.dll
0x000000005d7c0000 - 0x000000005da14000 	D:\Teanab\jajeem\vlclib\libvlccore.dll
0x000007feed2f0000 - 0x000007feed378000 	C:\Windows\system32\DSOUND.dll
0x000000005cc40000 - 0x000000005d7b3000 	D:\Teanab\jajeem\vlclib\plugins\gui\libqt4_plugin.dll
0x000007fefe1b0000 - 0x000007fefe247000 	C:\Windows\system32\comdlg32.dll
0x000007fefa160000 - 0x000007fefa1d1000 	C:\Windows\system32\WINSPOOL.DRV
0x000000005cac0000 - 0x000000005cc3a000 	D:\Teanab\jajeem\vlclib\plugins\misc\libxml_plugin.dll
0x000007fefb2b0000 - 0x000007fefb2fb000 	C:\Windows\system32\MMDevAPI.DLL
0x000007fefa270000 - 0x000007fefa2ab000 	C:\Windows\system32\wdmaud.drv
0x0000000074d90000 - 0x0000000074d96000 	C:\Windows\system32\ksuser.dll
0x000007fefb050000 - 0x000007fefb059000 	C:\Windows\system32\AVRT.dll
0x000007fefa220000 - 0x000007fefa26f000 	C:\Windows\system32\AUDIOSES.DLL
0x000007fef9d20000 - 0x000007fef9d2a000 	C:\Windows\system32\msacm32.drv
0x000007fef9a40000 - 0x000007fef9a58000 	C:\Windows\system32\MSACM32.dll
0x000007fef9c80000 - 0x000007fef9c89000 	C:\Windows\system32\midimap.dll

VM Arguments:
jvm_args: -Dfile.encoding=Cp1252 
java_command: com.jajeem.core.design.InstructorLogin
Launcher Type: SUN_STANDARD

Environment Variables:
JAVA_HOME=C:\Program Files\Java\jre7
CLASSPATH=.;.;C:\PROGRA~2\JMF21~1.1E\lib\sound.jar;C:\PROGRA~2\JMF21~1.1E\lib\jmf.jar;C:\PROGRA~2\JMF21~1.1E\lib;
PATH=C:\Program Files (x86)\MiKTeX 2.8\miktex\bin;C:\Windows\system32;C:\Windows;C:\Windows\System32\Wbem;C:\Windows\System32\WindowsPowerShell\v1.0\;C:\Program Files\WIDCOMM\Bluetooth Software\;C:\Program Files\WIDCOMM\Bluetooth Software\syswow64;C:\Program Files (x86)\Common Files\Roxio Shared\10.0\DLLShared\;C:\Program Files (x86)\Common Files\Roxio Shared\DLLShared\;C:\Program Files\Java\jdk1.7.0_17\bin;C:\Program Files\TortoiseGit\bin;C:\Program Files (x86)\xindy\miktex\bin;C:\Program Files\TortoiseSVN\bin;C:\Python27;C:\apache-ant\bin;
USERNAME=Mohammad
OS=Windows_NT
PROCESSOR_IDENTIFIER=Intel64 Family 6 Model 23 Stepping 10, GenuineIntel



---------------  S Y S T E M  ---------------

OS: Windows 7 , 64 bit Build 7601 Service Pack 1

CPU:total 2 (2 cores per cpu, 1 threads per core) family 6 model 23 stepping 10, cmov, cx8, fxsr, mmx, sse, sse2, sse3, ssse3, sse4.1, tsc

Memory: 4k page, physical 4160544k(1476532k free), swap 8319228k(4805548k free)

vm_info: Java HotSpot(TM) 64-Bit Server VM (23.7-b01) for windows-amd64 JRE (1.7.0_17-b02), built on Mar  1 2013 03:38:30 by "java_re" with unknown MS VC++:1600

time: Sun Jun 09 10:34:48 2013
elapsed time: 36 seconds

