#
# A fatal error has been detected by the Java Runtime Environment:
#
#  EXCEPTION_ACCESS_VIOLATION (0xc0000005) at pc=0x000000007718e4b4, pid=6740, tid=8944
#
# JRE version: 7.0_17-b02
# Java VM: Java HotSpot(TM) 64-Bit Server VM (23.7-b01 mixed mode windows-amd64 compressed oops)
# Problematic frame:
# C  [ntdll.dll+0x4e4b4]  RtlDeNormalizeProcessParams+0x5a4
#
# Failed to write core dump. Minidumps are not enabled by default on client versions of Windows
#
# If you would like to submit a bug report, please visit:
#   http://bugreport.sun.com/bugreport/crash.jsp
# The crash happened outside the Java Virtual Machine in native code.
# See problematic frame for where to report the bug.
#

---------------  T H R E A D  ---------------

Current thread (0x000000000f9ad800):  JavaThread "pool-2-thread-1" [_thread_in_native, id=8944, stack(0x0000000014bc0000,0x0000000014cc0000)]

siginfo: ExceptionCode=0xc0000005, writing address 0x0000000000000024

Registers:
RAX=0x0000000000000000, RBX=0x0000000012ee3e20, RCX=0x00000000fffffffc, RDX=0x000000000000062c
RSP=0x0000000014cbea10, RBP=0x0000000000000000, RSI=0x000000000000062c, RDI=0x0000000000000000
R8 =0x0000000014cbe9c8, R9 =0x0000000000000004, R10=0x0000000000000000, R11=0x0000000000000246
R12=0x0000000000000000, R13=0x0000000000000000, R14=0x000007fffff6e000, R15=0x0000000000000000
RIP=0x000000007718e4b4, EFLAGS=0x0000000000010213

Top of Stack: (sp=0x0000000014cbea10)
0x0000000014cbea10:   000000000fe25110 000000000000062c
0x0000000014cbea20:   0000000002696590 0000000012ee3e18
0x0000000014cbea30:   000000000f9ad9d8 0000000014cbebb8
0x0000000014cbea40:   000000000f9ad800 0000000062e05f08
0x0000000014cbea50:   0000000002245710 0000000063f94d41
0x0000000014cbea60:   0000000000000000 0000000000000000
0x0000000014cbea70:   0000000012e87800 000000000decf858
0x0000000014cbea80:   0000000012e87800 0000000000000000
0x0000000014cbea90:   000000000f9ad800 0000000014cbf320
0x0000000014cbeaa0:   0000000000000004 0000000000000001
0x0000000014cbeab0:   00000000ff000000 000000007718e3db
0x0000000014cbeac0:   0000000000000000 0000000000000000
0x0000000014cbead0:   000000077bd70670 0000000012ee3e20
0x0000000014cbeae0:   0000000012ee3da8 0000000066458b65
0x0000000014cbeaf0:   0000000014cbebb0 0000000012ee3e18
0x0000000014cbeb00:   0000000002696590 0000000000000000 

Instructions: (pc=0x000000007718e4b4)
0x000000007718e494:   0f b1 4b 08 0f 85 9b 47 fd ff 48 8b 03 4c 89 ac
0x000000007718e4a4:   24 c0 00 00 00 33 ed 45 33 ed 48 83 f8 ff 74 03
0x000000007718e4b4:   ff 40 24 ba 22 17 00 00 48 8d 3d cd 8f 0e 00 80
0x000000007718e4c4:   3c 25 82 03 fe 7f 00 0f 85 53 be 01 00 48 83 fe 


Register to memory mapping:

RAX=0x0000000000000000 is an unknown value
RBX=0x0000000012ee3e20 is an unknown value
RCX=0x00000000fffffffc is an unknown value
RDX=0x000000000000062c is an unknown value
RSP=0x0000000014cbea10 is pointing into the stack for thread: 0x000000000f9ad800
RBP=0x0000000000000000 is an unknown value
RSI=0x000000000000062c is an unknown value
RDI=0x0000000000000000 is an unknown value
R8 =0x0000000014cbe9c8 is pointing into the stack for thread: 0x000000000f9ad800
R9 =0x0000000000000004 is an unknown value
R10=0x0000000000000000 is an unknown value
R11=0x0000000000000246 is an unknown value
R12=0x0000000000000000 is an unknown value
R13=0x0000000000000000 is an unknown value
R14=0x000007fffff6e000 is an unknown value
R15=0x0000000000000000 is an unknown value


Stack: [0x0000000014bc0000,0x0000000014cc0000],  sp=0x0000000014cbea10,  free space=1018k
Native frames: (J=compiled Java code, j=interpreted, Vv=VM code, C=native code)
C  [ntdll.dll+0x4e4b4]  RtlDeNormalizeProcessParams+0x5a4

[error occurred during error reporting (printing native stack), id 0xc0000005]

Java frames: (J=compiled Java code, j=interpreted, Vv=VM code)
j  com.sun.jna.Native.invokeLong(JI[Ljava/lang/Object;)J+0
j  com.sun.jna.Function.invoke([Ljava/lang/Object;Ljava/lang/Class;Z)Ljava/lang/Object;+389
j  com.sun.jna.Function.invoke(Ljava/lang/Class;[Ljava/lang/Object;Ljava/util/Map;)Ljava/lang/Object;+214
j  com.sun.jna.Library$Handler.invoke(Ljava/lang/Object;Ljava/lang/reflect/Method;[Ljava/lang/Object;)Ljava/lang/Object;+341
j  com.sun.proxy.$Proxy0.libvlc_media_player_get_time(Luk/co/caprica/vlcj/binding/internal/libvlc_media_player_t;)J+16
j  uk.co.caprica.vlcj.player.DefaultMediaPlayer.getTime()J+17
j  com.jajeem.videoplayer.design.PlayerControlsPanel$UpdateRunnable.run()V+4
j  java.util.concurrent.Executors$RunnableAdapter.call()Ljava/lang/Object;+4
j  java.util.concurrent.FutureTask$Sync.innerRunAndReset()Z+30
j  java.util.concurrent.FutureTask.runAndReset()Z+4
j  java.util.concurrent.ScheduledThreadPoolExecutor$ScheduledFutureTask.access$301(Ljava/util/concurrent/ScheduledThreadPoolExecutor$ScheduledFutureTask;)Z+1
j  java.util.concurrent.ScheduledThreadPoolExecutor$ScheduledFutureTask.run()V+37
j  java.util.concurrent.ThreadPoolExecutor.runWorker(Ljava/util/concurrent/ThreadPoolExecutor$Worker;)V+95
j  java.util.concurrent.ThreadPoolExecutor$Worker.run()V+5
j  java.lang.Thread.run()V+11
v  ~StubRoutines::call_stub

---------------  P R O C E S S  ---------------

Java Threads: ( => current thread )
  0x000000000f9ae000 JavaThread "TimerQueue" daemon [_thread_blocked, id=5596, stack(0x00000000183d0000,0x00000000184d0000)]
  0x000000000f9ac800 JavaThread "D3D Screen Updater" daemon [_thread_blocked, id=7732, stack(0x0000000014eb0000,0x0000000014fb0000)]
=>0x000000000f9ad800 JavaThread "pool-2-thread-1" [_thread_in_native, id=8944, stack(0x0000000014bc0000,0x0000000014cc0000)]
  0x000000000f9ab800 JavaThread "Swing-Shell" daemon [_thread_blocked, id=3260, stack(0x0000000014070000,0x0000000014170000)]
  0x000000000f9aa000 JavaThread "DestroyJavaVM" [_thread_blocked, id=9112, stack(0x0000000002590000,0x0000000002690000)]
  0x000000000f9a9800 JavaThread "AWT-EventQueue-0" [_thread_blocked, id=9104, stack(0x0000000010e00000,0x0000000010f00000)]
  0x000000000f9a8800 JavaThread "AWT-Windows" daemon [_thread_in_native, id=9120, stack(0x0000000010520000,0x0000000010620000)]
  0x000000000f9a8000 JavaThread "AWT-Shutdown" [_thread_blocked, id=7376, stack(0x0000000010360000,0x0000000010460000)]
  0x000000000f9a7000 JavaThread "Java2D Disposer" daemon [_thread_blocked, id=5488, stack(0x0000000010160000,0x0000000010260000)]
  0x000000000dd03800 JavaThread "Service Thread" daemon [_thread_blocked, id=8252, stack(0x000000000f660000,0x000000000f760000)]
  0x000000000dcfb000 JavaThread "C2 CompilerThread1" daemon [_thread_blocked, id=6348, stack(0x000000000f3b0000,0x000000000f4b0000)]
  0x000000000dcf7800 JavaThread "C2 CompilerThread0" daemon [_thread_blocked, id=1524, stack(0x000000000f060000,0x000000000f160000)]
  0x000000000dce1800 JavaThread "JDWP Command Reader" daemon [_thread_in_native, id=7280, stack(0x000000000f1e0000,0x000000000f2e0000)]
  0x000000000dce1000 JavaThread "JDWP Event Helper Thread" daemon [_thread_blocked, id=8264, stack(0x000000000ee20000,0x000000000ef20000)]
  0x000000000dcd2800 JavaThread "JDWP Transport Listener: dt_socket" daemon [_thread_blocked, id=5632, stack(0x000000000ec50000,0x000000000ed50000)]
  0x000000000dcc8000 JavaThread "Attach Listener" daemon [_thread_blocked, id=3348, stack(0x000000000e220000,0x000000000e320000)]
  0x000000000dcc7000 JavaThread "Signal Dispatcher" daemon [_thread_blocked, id=8704, stack(0x000000000e090000,0x000000000e190000)]
  0x000000000bb9b000 JavaThread "Finalizer" daemon [_thread_blocked, id=8384, stack(0x000000000db70000,0x000000000dc70000)]
  0x000000000bb92800 JavaThread "Reference Handler" daemon [_thread_blocked, id=8648, stack(0x000000000d7d0000,0x000000000d8d0000)]

Other Threads:
  0x000000000bb87000 VMThread [stack: 0x000000000d8d0000,0x000000000d9d0000] [id=8288]
  0x000000000dd12800 WatcherThread [stack: 0x000000000f780000,0x000000000f880000] [id=8688]

VM state:not at safepoint (normal execution)

VM Mutex/Monitor currently owned by a thread: None

Heap
 PSYoungGen      total 38016K, used 23091K [0x00000007d5960000, 0x00000007d83c0000, 0x0000000800000000)
  eden space 32640K, 54% used [0x00000007d5960000,0x00000007d6ab0d20,0x00000007d7940000)
  from space 5376K, 99% used [0x00000007d7940000,0x00000007d7e7bf60,0x00000007d7e80000)
  to   space 5376K, 0% used [0x00000007d7e80000,0x00000007d7e80000,0x00000007d83c0000)
 ParOldGen       total 86848K, used 8385K [0x0000000780c00000, 0x00000007860d0000, 0x00000007d5960000)
  object space 86848K, 9% used [0x0000000780c00000,0x0000000781430420,0x00000007860d0000)
 PSPermGen       total 21248K, used 18257K [0x000000077ba00000, 0x000000077cec0000, 0x0000000780c00000)
  object space 21248K, 85% used [0x000000077ba00000,0x000000077cbd47e8,0x000000077cec0000)

Card table byte_map: [0x0000000005690000,0x0000000005ac0000] byte_map_base: 0x0000000001ab3000

Polling page: 0x0000000000320000

Code Cache  [0x0000000002690000, 0x0000000002900000, 0x0000000005690000)
 total_blobs=705 nmethods=200 adapters=464 free_code_cache=48120Kb largest_free_block=49238464

Compilation events (10 events):
Event: 14.015 Thread 0x000000000dcf7800  195             java.util.EnumMap$EnumMapIterator::hasNext (64 bytes)
Event: 14.021 Thread 0x000000000dcf7800 nmethod 195 0x00000000027914d0 code [0x0000000002791620, 0x0000000002791898]
Event: 14.053 Thread 0x000000000dcfb000  196   !         com.sun.jna.Native::findEnclosingLibraryClass (125 bytes)
Event: 14.084 Thread 0x000000000dcfb000 nmethod 196 0x0000000002797750 code [0x0000000002797a20, 0x0000000002799558]
Event: 14.564 Thread 0x000000000dcf7800  197             sun.awt.SunToolkit::getContainingWindow (24 bytes)
Event: 14.566 Thread 0x000000000dcfb000  198             java.awt.Component::getPeer (5 bytes)
Event: 14.566 Thread 0x000000000dcf7800 nmethod 197 0x0000000002789c10 code [0x0000000002789d60, 0x0000000002789e18]
Event: 14.566 Thread 0x000000000dcf7800  199             java.util.EventObject::getSource (5 bytes)
Event: 14.566 Thread 0x000000000dcf7800 nmethod 199 0x0000000002791a50 code [0x0000000002791b80, 0x0000000002791bf8]
Event: 14.568 Thread 0x000000000dcfb000 nmethod 198 0x00000000027912d0 code [0x0000000002791400, 0x0000000002791478]

GC Heap History (2 events):
Event: 5.727 GC heap before
{Heap before GC invocations=1 (full 0):
 PSYoungGen      total 38016K, used 32640K [0x00000007d5960000, 0x00000007d83c0000, 0x0000000800000000)
  eden space 32640K, 100% used [0x00000007d5960000,0x00000007d7940000,0x00000007d7940000)
  from space 5376K, 0% used [0x00000007d7e80000,0x00000007d7e80000,0x00000007d83c0000)
  to   space 5376K, 0% used [0x00000007d7940000,0x00000007d7940000,0x00000007d7e80000)
 ParOldGen       total 86848K, used 0K [0x0000000780c00000, 0x00000007860d0000, 0x00000007d5960000)
  object space 86848K, 0% used [0x0000000780c00000,0x0000000780c00000,0x00000007860d0000)
 PSPermGen       total 21248K, used 17648K [0x000000077ba00000, 0x000000077cec0000, 0x0000000780c00000)
  object space 21248K, 83% used [0x000000077ba00000,0x000000077cb3c108,0x000000077cec0000)
Event: 5.737 GC heap after
Heap after GC invocations=1 (full 0):
 PSYoungGen      total 38016K, used 5359K [0x00000007d5960000, 0x00000007d83c0000, 0x0000000800000000)
  eden space 32640K, 0% used [0x00000007d5960000,0x00000007d5960000,0x00000007d7940000)
  from space 5376K, 99% used [0x00000007d7940000,0x00000007d7e7bf60,0x00000007d7e80000)
  to   space 5376K, 0% used [0x00000007d7e80000,0x00000007d7e80000,0x00000007d83c0000)
 ParOldGen       total 86848K, used 8385K [0x0000000780c00000, 0x00000007860d0000, 0x00000007d5960000)
  object space 86848K, 9% used [0x0000000780c00000,0x0000000781430420,0x00000007860d0000)
 PSPermGen       total 21248K, used 17648K [0x000000077ba00000, 0x000000077cec0000, 0x0000000780c00000)
  object space 21248K, 83% used [0x000000077ba00000,0x000000077cb3c108,0x000000077cec0000)
}

Deoptimization events (10 events):
Event: 0.430 Thread 0x000000000f9a9800 Uncommon trap -58 fr.pc 0x0000000002710d5c
Event: 0.830 Thread 0x000000000f9a9800 Uncommon trap -83 fr.pc 0x000000000270fc28
Event: 1.069 Thread 0x000000000f9a9800 Uncommon trap -34 fr.pc 0x000000000270e6bc
Event: 1.069 Thread 0x000000000f9a9800 Uncommon trap -34 fr.pc 0x000000000270e6bc
Event: 1.070 Thread 0x000000000f9a9800 Uncommon trap -34 fr.pc 0x000000000270e6bc
Event: 1.070 Thread 0x000000000f9a9800 Uncommon trap -34 fr.pc 0x000000000270e6bc
Event: 7.502 Thread 0x000000000f9a9800 Uncommon trap -42 fr.pc 0x000000000277de0c
Event: 7.502 Thread 0x000000000f9a9800 Uncommon trap -42 fr.pc 0x000000000277ded4
Event: 7.502 Thread 0x000000000f9a9800 Uncommon trap -42 fr.pc 0x000000000277dd44
Event: 7.502 Thread 0x000000000f9a9800 Uncommon trap -42 fr.pc 0x000000000277dd44

Internal exceptions (10 events):
Event: 9.556 Thread 0x000000000f9af000 Threw 0x00000007d627fbd0 at C:\jdk7u2_64p\jdk7u17\hotspot\src\share\vm\prims\jvm.cpp:1166
Event: 9.573 Thread 0x000000000f9af000 Threw 0x00000007d637cf88 at C:\jdk7u2_64p\jdk7u17\hotspot\src\share\vm\prims\jvm.cpp:1166
Event: 9.588 Thread 0x000000000f9af000 Threw 0x00000007d63cf708 at C:\jdk7u2_64p\jdk7u17\hotspot\src\share\vm\prims\jvm.cpp:1166
Event: 9.597 Thread 0x000000000f9af000 Threw 0x00000007d64020f0 at C:\jdk7u2_64p\jdk7u17\hotspot\src\share\vm\prims\jvm.cpp:1166
Event: 9.606 Thread 0x000000000f9af000 Threw 0x00000007d6461cc0 at C:\jdk7u2_64p\jdk7u17\hotspot\src\share\vm\prims\jvm.cpp:1166
Event: 9.607 Thread 0x000000000f9af800 Threw 0x00000007d61bcbb0 at C:\jdk7u2_64p\jdk7u17\hotspot\src\share\vm\prims\jvm.cpp:1166
Event: 9.609 Thread 0x000000000f9af800 Threw 0x00000007d61ca750 at C:\jdk7u2_64p\jdk7u17\hotspot\src\share\vm\prims\jvm.cpp:1166
Event: 9.884 Thread 0x000000000f9af000 Threw 0x00000007d666c720 at C:\jdk7u2_64p\jdk7u17\hotspot\src\share\vm\prims\jvm.cpp:1166
Event: 9.890 Thread 0x000000000f9af000 Threw 0x00000007d668d190 at C:\jdk7u2_64p\jdk7u17\hotspot\src\share\vm\prims\jvm.cpp:1166
Event: 14.504 Thread 0x000000000f9a9800 Threw 0x00000007d62ca8c0 at C:\jdk7u2_64p\jdk7u17\hotspot\src\share\vm\prims\jvm.cpp:1166

Events (10 events):
Event: 14.054 Thread 0x000000000f9ab000 Thread exited: 0x000000000f9ab000
Event: 14.356 Thread 0x000000000f9ab000 Thread added: 0x000000000f9ab000
Event: 14.361 Thread 0x000000000f9ab000 Thread exited: 0x000000000f9ab000
Event: 14.361 Thread 0x000000000f9ab000 Thread added: 0x000000000f9ab000
Event: 14.367 Thread 0x000000000f9ab000 Thread exited: 0x000000000f9ab000
Event: 14.504 loading class 0x000000000fc917a0
Event: 14.504 loading class 0x000000000fc917a0 done
Event: 14.554 Executing VM operation: RevokeBias
Event: 14.554 Executing VM operation: RevokeBias done
Event: 14.554 Thread 0x000000000f9af800 Thread exited: 0x000000000f9af800


Dynamic libraries:
0x000000013f7f0000 - 0x000000013f823000 	C:\Program Files\Java\jre7\bin\javaw.exe
0x0000000077140000 - 0x00000000772e9000 	C:\Windows\SYSTEM32\ntdll.dll
0x0000000076a60000 - 0x0000000076b7f000 	C:\Windows\system32\kernel32.dll
0x000007fefd900000 - 0x000007fefd96b000 	C:\Windows\system32\KERNELBASE.dll
0x000007fefdd60000 - 0x000007fefde3b000 	C:\Windows\system32\ADVAPI32.dll
0x000007fefec50000 - 0x000007fefecef000 	C:\Windows\system32\msvcrt.dll
0x000007fefefe0000 - 0x000007fefefff000 	C:\Windows\SYSTEM32\sechost.dll
0x000007feff000000 - 0x000007feff12d000 	C:\Windows\system32\RPCRT4.dll
0x0000000076b80000 - 0x0000000076c7a000 	C:\Windows\system32\USER32.dll
0x000007fefdcf0000 - 0x000007fefdd57000 	C:\Windows\system32\GDI32.dll
0x000007fefeed0000 - 0x000007fefeede000 	C:\Windows\system32\LPK.dll
0x000007feff350000 - 0x000007feff419000 	C:\Windows\system32\USP10.dll
0x000007fefbf30000 - 0x000007fefc124000 	C:\Windows\WinSxS\amd64_microsoft.windows.common-controls_6595b64144ccf1df_6.0.7601.17514_none_fa396087175ac9ac\COMCTL32.dll
0x000007fefd970000 - 0x000007fefd9e1000 	C:\Windows\system32\SHLWAPI.dll
0x000007feff420000 - 0x000007feff44e000 	C:\Windows\system32\IMM32.DLL
0x000007feff150000 - 0x000007feff259000 	C:\Windows\system32\MSCTF.dll
0x0000000066370000 - 0x0000000066441000 	C:\Program Files\Java\jre7\bin\msvcr100.dll
0x0000000062900000 - 0x000000006301f000 	C:\Program Files\Java\jre7\bin\server\jvm.dll
0x000007fefa180000 - 0x000007fefa189000 	C:\Windows\system32\WSOCK32.dll
0x000007fefd9f0000 - 0x000007fefda3d000 	C:\Windows\system32\WS2_32.dll
0x000007feff260000 - 0x000007feff268000 	C:\Windows\system32\NSI.dll
0x000007fefb760000 - 0x000007fefb79b000 	C:\Windows\system32\WINMM.dll
0x0000000077310000 - 0x0000000077317000 	C:\Windows\system32\PSAPI.DLL
0x0000000069ce0000 - 0x0000000069cef000 	C:\Program Files\Java\jre7\bin\verify.dll
0x0000000066500000 - 0x0000000066528000 	C:\Program Files\Java\jre7\bin\java.dll
0x0000000066330000 - 0x0000000066365000 	C:\Program Files\Java\jre7\bin\jdwp.dll
0x0000000066480000 - 0x0000000066488000 	C:\Program Files\Java\jre7\bin\npt.dll
0x00000000664e0000 - 0x00000000664f5000 	C:\Program Files\Java\jre7\bin\zip.dll
0x000000006af90000 - 0x000000006af99000 	C:\Program Files\Java\jre7\bin\dt_socket.dll
0x000007fefcdd0000 - 0x000007fefce25000 	C:\Windows\system32\mswsock.dll
0x000007fefcc50000 - 0x000007fefccab000 	C:\Windows\system32\DNSAPI.dll
0x000007fee3cd0000 - 0x000007fee3ce5000 	C:\Windows\system32\napinsp.dll
0x000007fee3cb0000 - 0x000007fee3cc9000 	C:\Windows\system32\pnrpnsp.dll
0x000007fee4bc0000 - 0x000007fee4bcb000 	C:\Windows\System32\winrnr.dll
0x000007fef1a50000 - 0x000007fef1a60000 	C:\Windows\system32\wshbth.dll
0x000007fefa040000 - 0x000007fefa052000 	C:\Windows\system32\PrxerNsp.dll
0x000007fefc580000 - 0x000007fefc5a7000 	C:\Windows\system32\IPHLPAPI.DLL
0x000007fefc570000 - 0x000007fefc57b000 	C:\Windows\system32\WINNSI.DLL
0x000007fefa030000 - 0x000007fefa038000 	C:\Windows\system32\rasadhlp.dll
0x0000000180000000 - 0x000000018003e000 	C:\Program Files (x86)\Avira\AntiVir Desktop\avsda64.dll
0x000007fefc550000 - 0x000007fefc566000 	C:\Windows\system32\PrxerDrv.dll
0x000007fefc540000 - 0x000007fefc547000 	C:\Windows\System32\wshtcpip.dll
0x000007fefce30000 - 0x000007fefce47000 	C:\Windows\system32\CRYPTSP.dll
0x000007fefcb30000 - 0x000007fefcb77000 	C:\Windows\system32\rsaenh.dll
0x000007fefc8e0000 - 0x000007fefc8fe000 	C:\Windows\system32\USERENV.dll
0x000007fefd5a0000 - 0x000007fefd5af000 	C:\Windows\system32\profapi.dll
0x000007fefd490000 - 0x000007fefd49f000 	C:\Windows\system32\CRYPTBASE.dll
0x00000000665b0000 - 0x00000000665c9000 	C:\Program Files\Java\jre7\bin\net.dll
0x000007fefcdc0000 - 0x000007fefcdc7000 	C:\Windows\System32\wship6.dll
0x000007fefae80000 - 0x000007fefaed3000 	C:\Windows\System32\fwpuclnt.dll
0x00000000664c0000 - 0x00000000664d1000 	C:\Program Files\Java\jre7\bin\nio.dll
0x000007fee5df0000 - 0x000007fee5e27000 	C:\Users\Armin\AppData\Local\Temp\jna-Armin\jna824633321652918516.dll
0x0000000064180000 - 0x0000000064313000 	C:\Program Files\Java\jre7\bin\awt.dll
0x000007feff270000 - 0x000007feff347000 	C:\Windows\system32\OLEAUT32.dll
0x000007fefdae0000 - 0x000007fefdce3000 	C:\Windows\system32\ole32.dll
0x000007fefbae0000 - 0x000007fefbb36000 	C:\Windows\system32\uxtheme.dll
0x00000000063e0000 - 0x000000000641b000 	C:\Windows\W7FBC\dll.dll
0x000007fefda40000 - 0x000007fefdad7000 	C:\Windows\system32\COMDLG32.dll
0x000007fefdec0000 - 0x000007fefec48000 	C:\Windows\system32\SHELL32.dll
0x000007fefb820000 - 0x000007fefba35000 	C:\Windows\WinSxS\amd64_microsoft.windows.gdiplus_6595b64144ccf1df_1.1.7601.17514_none_2b24536c71ed437a\gdiplus.dll
0x000007fefb4d0000 - 0x000007fefb4e8000 	C:\Windows\system32\dwmapi.dll
0x0000000066450000 - 0x0000000066480000 	C:\Users\Armin\Desktop\Kar\jajeem\util\vlclib\libvlc.dll
0x0000000063f20000 - 0x0000000064174000 	C:\Users\Armin\Desktop\Kar\jajeem\util\vlclib\libvlccore.dll
0x000007feebfe0000 - 0x000007feec1df000 	C:\Windows\system32\d3d9.dll
0x000007fefc450000 - 0x000007fefc45c000 	C:\Windows\system32\VERSION.dll
0x000007fef1a80000 - 0x000007fef1a87000 	C:\Windows\system32\d3d8thk.dll
0x000000006f150000 - 0x000000006f1f3000 	C:\Windows\system32\aticfx64.dll
0x000007fef3310000 - 0x000007fef331d000 	C:\Windows\system32\atiu9p64.dll
0x000000006b280000 - 0x000000006b78d000 	C:\Windows\system32\atiumd64.dll
0x000000006b970000 - 0x000000006bc9b000 	C:\Windows\system32\atiumd6a.dll
0x00000000662b0000 - 0x00000000662e4000 	C:\Program Files\Java\jre7\bin\fontmanager.dll
0x000007fefba40000 - 0x000007fefbac8000 	C:\Windows\system32\DSOUND.dll
0x000007fefc420000 - 0x000007fefc44c000 	C:\Windows\system32\POWRPROF.dll
0x000007fefecf0000 - 0x000007fefeec7000 	C:\Windows\system32\SETUPAPI.dll
0x000007fefd8a0000 - 0x000007fefd8d6000 	C:\Windows\system32\CFGMGR32.dll
0x000007fefd8e0000 - 0x000007fefd8fa000 	C:\Windows\system32\DEVOBJ.dll
0x0000000061d80000 - 0x00000000628f3000 	C:\Users\Armin\Desktop\Kar\jajeem\util\vlclib\plugins\gui\libqt4_plugin.dll
0x000007fefb0e0000 - 0x000007fefb151000 	C:\Windows\system32\WINSPOOL.DRV
0x0000000063da0000 - 0x0000000063f1a000 	C:\Users\Armin\Desktop\Kar\jajeem\util\vlclib\plugins\misc\libxml_plugin.dll
0x000007fefb7d0000 - 0x000007fefb81b000 	C:\Windows\system32\MMDevAPI.DLL
0x000007fefbc10000 - 0x000007fefbd3c000 	C:\Windows\system32\PROPSYS.dll
0x000007fee5d70000 - 0x000007fee5dab000 	C:\Windows\system32\wdmaud.drv
0x0000000063340000 - 0x0000000063346000 	C:\Windows\system32\ksuser.dll
0x000007fefbad0000 - 0x000007fefbad9000 	C:\Windows\system32\AVRT.dll
0x000007fefb4f0000 - 0x000007fefb53f000 	C:\Windows\system32\AUDIOSES.DLL
0x000007fefbf20000 - 0x000007fefbf2a000 	C:\Windows\system32\msacm32.drv
0x000007fef60c0000 - 0x000007fef60d8000 	C:\Windows\system32\MSACM32.dll
0x000007fef4680000 - 0x000007fef4689000 	C:\Windows\system32\midimap.dll
0x000007fefa1b0000 - 0x000007fefa250000 	C:\Windows\WinSxS\amd64_microsoft.windows.common-controls_6595b64144ccf1df_5.82.7601.17514_none_a4d6a923711520a9\comctl32.dll
0x000007fefeee0000 - 0x000007fefef79000 	C:\Windows\system32\CLBCatQ.DLL
0x000007fefb7a0000 - 0x000007fefb7cd000 	C:\Windows\system32\ntmarta.dll
0x000007fefef80000 - 0x000007fefefd2000 	C:\Windows\system32\WLDAP32.dll
0x000007fefd430000 - 0x000007fefd487000 	C:\Windows\system32\apphelp.dll
0x000007fef3150000 - 0x000007fef32ec000 	C:\Windows\system32\NetworkExplorer.dll
0x000007fef37d0000 - 0x000007fef3804000 	C:\Windows\System32\shdocvw.dll
0x000007fefb280000 - 0x000007fefb28b000 	C:\Windows\system32\slc.dll
0x000007fefb290000 - 0x000007fefb3ba000 	C:\Windows\system32\WindowsCodecs.dll
0x000000006f290000 - 0x000000006f2a6000 	C:\Program Files\Common Files\TortoiseOverlays\TortoiseOverlays.dll
0x000000006f330000 - 0x000000006f340000 	C:\Program Files\TortoiseSVN\bin\TortoiseStub.dll
0x000000006f210000 - 0x000000006f288000 	C:\Program Files\TortoiseSVN\bin\TortoiseSVN.dll
0x0000000076e90000 - 0x0000000076fea000 	C:\Windows\system32\WININET.dll
0x0000000077300000 - 0x0000000077303000 	C:\Windows\system32\Normaliz.dll
0x0000000076c80000 - 0x0000000076e8d000 	C:\Windows\system32\iertutil.dll
0x0000000076ff0000 - 0x000000007713d000 	C:\Windows\system32\urlmon.dll
0x000007fef5210000 - 0x000007fef55ec000 	C:\Program Files\TortoiseSVN\bin\libsvn_tsvn.dll
0x000000006ec80000 - 0x000000006ecab000 	C:\Program Files\TortoiseSVN\bin\libapr_tsvn.dll
0x000000006eaf0000 - 0x000000006eb31000 	C:\Program Files\TortoiseSVN\bin\libaprutil_tsvn.dll
0x000007fef51e0000 - 0x000007fef51f0000 	C:\Program Files\TortoiseSVN\bin\intl3_tsvn.dll
0x000007fef51c0000 - 0x000007fef51da000 	C:\Program Files\TortoiseSVN\bin\libsasl.dll
0x000007fefd0a0000 - 0x000007fefd0ab000 	C:\Windows\system32\Secur32.dll
0x000007fefd400000 - 0x000007fefd425000 	C:\Windows\system32\SSPICLI.DLL
0x000007fefd730000 - 0x000007fefd897000 	C:\Windows\system32\CRYPT32.dll
0x000007fefd640000 - 0x000007fefd64f000 	C:\Windows\system32\MSASN1.dll
0x000000006e990000 - 0x000000006ea28000 	C:\Windows\system32\MSVCP100.dll
0x000007fef5180000 - 0x000007fef51b5000 	C:\Windows\system32\EhStorShell.dll
0x000007fef4b00000 - 0x000007fef5171000 	C:\PROGRA~1\MIF5BA~1\Office14\GROOVEEX.DLL
0x000000006e770000 - 0x000000006e80d000 	C:\Windows\WinSxS\amd64_microsoft.vc90.crt_1fc8b3b9a1e18e3b_9.0.30729.4940_none_08e4299fa83d7e3c\MSVCR90.dll
0x000000006e680000 - 0x000000006e753000 	C:\Windows\WinSxS\amd64_microsoft.vc90.crt_1fc8b3b9a1e18e3b_9.0.30729.4940_none_08e4299fa83d7e3c\MSVCP90.dll
0x000000006e5c0000 - 0x000000006e5ef000 	C:\Windows\WinSxS\amd64_microsoft.vc90.atl_1fc8b3b9a1e18e3b_9.0.30729.4148_none_0a1d2fcba76b3f00\ATL90.DLL
0x000007fef46f0000 - 0x000007fef4aff000 	C:\PROGRA~1\COMMON~1\MICROS~1\OFFICE14\Cultures\office.odf
0x000007fef3a10000 - 0x000007fef4274000 	C:\PROGRA~1\MIF5BA~1\Office14\1033\GrooveIntlResource.dll
0x0000000065d20000 - 0x0000000065d61000 	C:\Program Files\Java\jre7\bin\t2k.dll
0x000007fef60e0000 - 0x000007fef60f8000 	C:\Windows\system32\MPR.dll
0x000007fef34e0000 - 0x000007fef34ea000 	C:\Windows\System32\drprov.dll
0x000007fefd560000 - 0x000007fefd59d000 	C:\Windows\System32\WINSTA.dll
0x000007fef34b0000 - 0x000007fef34d2000 	C:\Windows\System32\ntlanman.dll
0x000007fef3490000 - 0x000007fef34ac000 	C:\Windows\System32\davclnt.dll
0x000007fef3480000 - 0x000007fef348a000 	C:\Windows\System32\DAVHLPR.dll

VM Arguments:
jvm_args: -agentlib:jdwp=transport=dt_socket,suspend=y,address=localhost:44499 -Dfile.encoding=Cp1256 
java_command: com.jajeem.videoplayer.design.VideoPlayer
Launcher Type: SUN_STANDARD

Environment Variables:
PATH=C:\Program Files (x86)\NVIDIA Corporation\PhysX\Common;C:\Program Files (x86)\MiKTeX 2.9\miktex\bin;C:\Windows\system32;C:\Windows;C:\Windows\System32\Wbem;C:\Windows\System32\WindowsPowerShell\v1.0\;c:\Program Files (x86)\ATI Technologies\ATI.ACE\Core-Static;C:\Program Files\Intel\WiFi\bin\;C:\Program Files\Common Files\Intel\WirelessCommon\;C:\Program Files (x86)\Common Files\Roxio Shared\DLLShared\;C:\Program Files (x86)\Common Files\Roxio Shared\OEM\DLLShared\;C:\Program Files (x86)\Common Files\Roxio Shared\OEM\DLLShared\;C:\Program Files (x86)\Common Files\Roxio Shared\OEM\12.0\DLLShared\;C:\Program Files (x86)\Roxio\OEM\AudioCore\;C:\Program Files (x86)\Java\jre6\bin;C:\Program Files\TortoiseSVN\bin;C:\Program Files (x86)\Microsoft SQL Server\100\Tools\Binn\;C:\Program Files\Microsoft SQL Server\100\Tools\Binn\;C:\Program Files\Microsoft SQL Server\100\DTS\Binn\;C:\Program Files (x86)\Microsoft SQL Server\100\Tools\Binn\VSShell\Common7\IDE\;C:\Program Files (x86)\Microsoft Visual Studio 9.0\Common7\IDE\PrivateAssemblies\;C:\Program Files (x86)\Microsoft SQL Server\100\DTS\Binn\;C:\Program Files\Microsoft\Web Platform Installer\;;C:\Program Files (x86)\Universal Extractor;C:\Program Files (x86)\Universal Extractor\bin;C:\Program Files (x86)\Microsoft ASP.NET\ASP.NET Web Pages\v1.0\;C:\Program Files (x86)\Windows Kits\8.0\Windows Performance Toolkit\;C:\Program Files\Microsoft SQL Server\110\Tools\Binn\;C:\Program Files\WIDCOMM\Bluetooth Software\;C:\Program Files\WIDCOMM\Bluetooth Software\syswow64;C:\Program Files (x86)\OpenVPN\bin
USERNAME=Armin
OS=Windows_NT
PROCESSOR_IDENTIFIER=Intel64 Family 6 Model 42 Stepping 7, GenuineIntel



---------------  S Y S T E M  ---------------

OS: Windows 7 , 64 bit Build 7601 Service Pack 1

CPU:total 8 (4 cores per cpu, 2 threads per core) family 6 model 42 stepping 7, cmov, cx8, fxsr, mmx, sse, sse2, sse3, ssse3, sse4.1, sse4.2, popcnt, avx, ht, tsc, tscinvbit

Memory: 4k page, physical 8335180k(4761480k free), swap 16668512k(12166164k free)

vm_info: Java HotSpot(TM) 64-Bit Server VM (23.7-b01) for windows-amd64 JRE (1.7.0_17-b02), built on Mar  1 2013 03:38:30 by "java_re" with unknown MS VC++:1600

time: Mon Jun 17 18:57:37 2013
elapsed time: 15 seconds

