#
# A fatal error has been detected by the Java Runtime Environment:
#
#  EXCEPTION_ACCESS_VIOLATION (0xc0000005) at pc=0x00000000776ae4b4, pid=2560, tid=3364
#
# JRE version: 7.0_17-b02
# Java VM: Java HotSpot(TM) 64-Bit Server VM (23.7-b01 mixed mode windows-amd64 compressed oops)
# Problematic frame:
# C  [ntdll.dll+0x4e4b4]  RtlDeNormalizeProcessParams+0x5a4
#
# Failed to write core dump. Minidumps are not enabled by default on client versions of Windows
#
# If you would like to submit a bug report, please visit:
#   http://bugreport.sun.com/bugreport/crash.jsp
# The crash happened outside the Java Virtual Machine in native code.
# See problematic frame for where to report the bug.
#

---------------  T H R E A D  ---------------

Current thread (0x0000000013d97000):  JavaThread "pool-2-thread-1" [_thread_in_native, id=3364, stack(0x0000000015d20000,0x0000000015e20000)]

siginfo: ExceptionCode=0xc0000005, writing address 0x0000000000000024

Registers:
RAX=0x0000000000000000, RBX=0x00000000148f3e20, RCX=0x00000000fffffffc, RDX=0x0000000000000674
RSP=0x0000000015e1e4a0, RBP=0x0000000000000000, RSI=0x0000000000000674, RDI=0x0000000000000000
R8 =0x0000000015e1e458, R9 =0x0000000000000004, R10=0x0000000000000000, R11=0x0000000000000246
R12=0x0000000000000000, R13=0x0000000000000000, R14=0x000007fffff6c000, R15=0x0000000000000000
RIP=0x00000000776ae4b4, EFLAGS=0x0000000000010213

Top of Stack: (sp=0x0000000015e1e4a0)
0x0000000015e1e4a0:   0000000010239600 0000000000000674
0x0000000015e1e4b0:   00000000025b6590 00000000148f3e18
0x0000000015e1e4c0:   0000000013d971d8 0000000015e1e648
0x0000000015e1e4d0:   0000000013d97000 0000000065665f08
0x0000000015e1e4e0:   00000000021c5750 0000000015e1e640
0x0000000015e1e4f0:   0000000000000000 0000000000000000
0x0000000015e1e500:   fffffff90000002f 0000000010057ba8
0x0000000015e1e510:   000000000000000f 0000000000000000
0x0000000015e1e520:   0000000013d97000 0000000015e1edb0
0x0000000015e1e530:   0000000000000004 0000000000000001
0x0000000015e1e540:   00000000ff000000 00000000776ae3db
0x0000000015e1e550:   0000000000000000 0000000000000000
0x0000000015e1e560:   000000077bd70b78 00000000148f3e20
0x0000000015e1e570:   00000000148f3da8 0000000062978b65
0x0000000015e1e580:   0000000015e1e640 00000000148f3e18
0x0000000015e1e590:   0000000000000000 000007fee4e605fa 

Instructions: (pc=0x00000000776ae4b4)
0x00000000776ae494:   0f b1 4b 08 0f 85 9b 47 fd ff 48 8b 03 4c 89 ac
0x00000000776ae4a4:   24 c0 00 00 00 33 ed 45 33 ed 48 83 f8 ff 74 03
0x00000000776ae4b4:   ff 40 24 ba 22 17 00 00 48 8d 3d cd 8f 0e 00 80
0x00000000776ae4c4:   3c 25 82 03 fe 7f 00 0f 85 53 be 01 00 48 83 fe 


Register to memory mapping:

RAX=0x0000000000000000 is an unknown value
RBX=0x00000000148f3e20 is an unknown value
RCX=0x00000000fffffffc is an unknown value
RDX=0x0000000000000674 is an unknown value
RSP=0x0000000015e1e4a0 is pointing into the stack for thread: 0x0000000013d97000
RBP=0x0000000000000000 is an unknown value
RSI=0x0000000000000674 is an unknown value
RDI=0x0000000000000000 is an unknown value
R8 =0x0000000015e1e458 is pointing into the stack for thread: 0x0000000013d97000
R9 =0x0000000000000004 is an unknown value
R10=0x0000000000000000 is an unknown value
R11=0x0000000000000246 is an unknown value
R12=0x0000000000000000 is an unknown value
R13=0x0000000000000000 is an unknown value
R14=0x000007fffff6c000 is an unknown value
R15=0x0000000000000000 is an unknown value


Stack: [0x0000000015d20000,0x0000000015e20000],  sp=0x0000000015e1e4a0,  free space=1017k
Native frames: (J=compiled Java code, j=interpreted, Vv=VM code, C=native code)
C  [ntdll.dll+0x4e4b4]  RtlDeNormalizeProcessParams+0x5a4

[error occurred during error reporting (printing native stack), id 0xc0000005]

Java frames: (J=compiled Java code, j=interpreted, Vv=VM code)
j  com.sun.jna.Native.invokeLong(JI[Ljava/lang/Object;)J+0
j  com.sun.jna.Function.invoke([Ljava/lang/Object;Ljava/lang/Class;Z)Ljava/lang/Object;+389
j  com.sun.jna.Function.invoke(Ljava/lang/Class;[Ljava/lang/Object;Ljava/util/Map;)Ljava/lang/Object;+214
j  com.sun.jna.Library$Handler.invoke(Ljava/lang/Object;Ljava/lang/reflect/Method;[Ljava/lang/Object;)Ljava/lang/Object;+341
j  com.sun.proxy.$Proxy0.libvlc_media_player_get_time(Luk/co/caprica/vlcj/binding/internal/libvlc_media_player_t;)J+16
j  uk.co.caprica.vlcj.player.DefaultMediaPlayer.getTime()J+17
j  uk.co.caprica.vlcj.test.basic.PlayerControlsPanel$UpdateRunnable.run()V+4
j  java.util.concurrent.Executors$RunnableAdapter.call()Ljava/lang/Object;+4
j  java.util.concurrent.FutureTask$Sync.innerRunAndReset()Z+30
j  java.util.concurrent.FutureTask.runAndReset()Z+4
j  java.util.concurrent.ScheduledThreadPoolExecutor$ScheduledFutureTask.access$301(Ljava/util/concurrent/ScheduledThreadPoolExecutor$ScheduledFutureTask;)Z+1
j  java.util.concurrent.ScheduledThreadPoolExecutor$ScheduledFutureTask.run()V+37
j  java.util.concurrent.ThreadPoolExecutor.runWorker(Ljava/util/concurrent/ThreadPoolExecutor$Worker;)V+95
j  java.util.concurrent.ThreadPoolExecutor$Worker.run()V+5
j  java.lang.Thread.run()V+11
v  ~StubRoutines::call_stub

---------------  P R O C E S S  ---------------

Java Threads: ( => current thread )
  0x00000000102ca000 JavaThread "Thread-0" daemon [_thread_in_native, id=5328, stack(0x0000000019ba0000,0x0000000019ca0000)]
  0x00000000102c8800 JavaThread "TimerQueue" daemon [_thread_blocked, id=5124, stack(0x0000000019610000,0x0000000019710000)]
=>0x0000000013d97000 JavaThread "pool-2-thread-1" [_thread_in_native, id=3364, stack(0x0000000015d20000,0x0000000015e20000)]
  0x0000000010055800 JavaThread "Image Fetcher 0" daemon [_thread_blocked, id=5872, stack(0x0000000013720000,0x0000000013820000)]
  0x000000000ffb8800 JavaThread "vlcj native mouse hook" [_thread_in_native, id=6804, stack(0x0000000011550000,0x0000000011650000)]
  0x000000000227f000 JavaThread "DestroyJavaVM" [_thread_blocked, id=6924, stack(0x00000000024b0000,0x00000000025b0000)]
  0x000000000fdeb800 JavaThread "AWT-EventQueue-0" [_thread_blocked, id=6660, stack(0x0000000010d50000,0x0000000010e50000)]
  0x000000000e09c800 JavaThread "AWT-Windows" daemon [_thread_in_native, id=6796, stack(0x00000000109e0000,0x0000000010ae0000)]
  0x000000000e09c000 JavaThread "AWT-Shutdown" [_thread_blocked, id=5548, stack(0x0000000010560000,0x0000000010660000)]
  0x000000000e0e8000 JavaThread "Java2D Disposer" daemon [_thread_blocked, id=2424, stack(0x0000000010730000,0x0000000010830000)]
  0x000000000dde0800 JavaThread "Service Thread" daemon [_thread_blocked, id=7128, stack(0x000000000fa80000,0x000000000fb80000)]
  0x000000000dde0000 JavaThread "C2 CompilerThread1" daemon [_thread_blocked, id=6996, stack(0x000000000f8b0000,0x000000000f9b0000)]
  0x000000000dddc800 JavaThread "C2 CompilerThread0" daemon [_thread_blocked, id=4940, stack(0x000000000f720000,0x000000000f820000)]
  0x000000000ddc1800 JavaThread "JDWP Command Reader" daemon [_thread_in_native, id=7052, stack(0x000000000f510000,0x000000000f610000)]
  0x000000000ddc1000 JavaThread "JDWP Event Helper Thread" daemon [_thread_blocked, id=6192, stack(0x000000000f320000,0x000000000f420000)]
  0x000000000ddb3000 JavaThread "JDWP Transport Listener: dt_socket" daemon [_thread_blocked, id=2812, stack(0x000000000f190000,0x000000000f290000)]
  0x000000000dda8000 JavaThread "Attach Listener" daemon [_thread_blocked, id=3596, stack(0x000000000e420000,0x000000000e520000)]
  0x000000000dda7000 JavaThread "Signal Dispatcher" daemon [_thread_blocked, id=6140, stack(0x000000000e2b0000,0x000000000e3b0000)]
  0x000000000bd2b000 JavaThread "Finalizer" daemon [_thread_blocked, id=5176, stack(0x000000000dc50000,0x000000000dd50000)]
  0x000000000bd22800 JavaThread "Reference Handler" daemon [_thread_blocked, id=5776, stack(0x000000000da70000,0x000000000db70000)]

Other Threads:
  0x000000000bd17000 VMThread [stack: 0x000000000d940000,0x000000000da40000] [id=3772]
  0x000000000ddf5800 WatcherThread [stack: 0x000000000fc10000,0x000000000fd10000] [id=7100]

VM state:not at safepoint (normal execution)

VM Mutex/Monitor currently owned by a thread: None

Heap
 PSYoungGen      total 38016K, used 30570K [0x00000007d5960000, 0x00000007d83c0000, 0x0000000800000000)
  eden space 32640K, 79% used [0x00000007d5960000,0x00000007d72ba8a0,0x00000007d7940000)
  from space 5376K, 85% used [0x00000007d7940000,0x00000007d7dc02c0,0x00000007d7e80000)
  to   space 5376K, 0% used [0x00000007d7e80000,0x00000007d7e80000,0x00000007d83c0000)
 ParOldGen       total 86848K, used 8K [0x0000000780c00000, 0x00000007860d0000, 0x00000007d5960000)
  object space 86848K, 0% used [0x0000000780c00000,0x0000000780c02000,0x00000007860d0000)
 PSPermGen       total 21248K, used 17222K [0x000000077ba00000, 0x000000077cec0000, 0x0000000780c00000)
  object space 21248K, 81% used [0x000000077ba00000,0x000000077cad1870,0x000000077cec0000)

Card table byte_map: [0x00000000055b0000,0x00000000059e0000] byte_map_base: 0x00000000019d3000

Polling page: 0x0000000000320000

Code Cache  [0x00000000025b0000, 0x0000000002820000, 0x00000000055b0000)
 total_blobs=676 nmethods=176 adapters=459 free_code_cache=48227Kb largest_free_block=49325120

Compilation events (10 events):
Event: 11.079 Thread 0x000000000dddc800 nmethod 175 0x000000000263e5d0 code [0x000000000263e700, 0x000000000263e758]
Event: 11.084 Thread 0x000000000dde0000 nmethod 176 0x00000000026a0710 code [0x00000000026a0860, 0x00000000026a0a48]
Event: 11.157 Thread 0x000000000dddc800  177             java.util.concurrent.locks.ReentrantLock$NonfairSync::lock (25 bytes)
Event: 11.157 Thread 0x000000000dde0000  178             java.util.concurrent.locks.ReentrantLock::lock (8 bytes)
Event: 11.163 Thread 0x000000000dddc800 nmethod 177 0x000000000269a690 code [0x000000000269a800, 0x000000000269a988]
Event: 11.164 Thread 0x000000000dde0000 nmethod 178 0x000000000263b010 code [0x000000000263b180, 0x000000000263b348]
Event: 12.019 Thread 0x000000000dddc800  181             sun.reflect.Reflection::quickCheckMemberAccess (10 bytes)
Event: 12.023 Thread 0x000000000dddc800 nmethod 181 0x00000000026a0450 code [0x00000000026a0580, 0x00000000026a0618]
Event: 12.529 Thread 0x000000000dde0000  182             java.util.LinkedHashMap::access$100 (5 bytes)
Event: 12.531 Thread 0x000000000dde0000 nmethod 182 0x000000000269a390 code [0x000000000269a4c0, 0x000000000269a538]

GC Heap History (2 events):
Event: 7.794 GC heap before
{Heap before GC invocations=1 (full 0):
 PSYoungGen      total 38016K, used 32640K [0x00000007d5960000, 0x00000007d83c0000, 0x0000000800000000)
  eden space 32640K, 100% used [0x00000007d5960000,0x00000007d7940000,0x00000007d7940000)
  from space 5376K, 0% used [0x00000007d7e80000,0x00000007d7e80000,0x00000007d83c0000)
  to   space 5376K, 0% used [0x00000007d7940000,0x00000007d7940000,0x00000007d7e80000)
 ParOldGen       total 86848K, used 0K [0x0000000780c00000, 0x00000007860d0000, 0x00000007d5960000)
  object space 86848K, 0% used [0x0000000780c00000,0x0000000780c00000,0x00000007860d0000)
 PSPermGen       total 21248K, used 16701K [0x000000077ba00000, 0x000000077cec0000, 0x0000000780c00000)
  object space 21248K, 78% used [0x000000077ba00000,0x000000077ca4f690,0x000000077cec0000)
Event: 7.828 GC heap after
Heap after GC invocations=1 (full 0):
 PSYoungGen      total 38016K, used 4608K [0x00000007d5960000, 0x00000007d83c0000, 0x0000000800000000)
  eden space 32640K, 0% used [0x00000007d5960000,0x00000007d5960000,0x00000007d7940000)
  from space 5376K, 85% used [0x00000007d7940000,0x00000007d7dc02c0,0x00000007d7e80000)
  to   space 5376K, 0% used [0x00000007d7e80000,0x00000007d7e80000,0x00000007d83c0000)
 ParOldGen       total 86848K, used 8K [0x0000000780c00000, 0x00000007860d0000, 0x00000007d5960000)
  object space 86848K, 0% used [0x0000000780c00000,0x0000000780c02000,0x00000007860d0000)
 PSPermGen       total 21248K, used 16701K [0x000000077ba00000, 0x000000077cec0000, 0x0000000780c00000)
  object space 21248K, 78% used [0x000000077ba00000,0x000000077ca4f690,0x000000077cec0000)
}

Deoptimization events (10 events):
Event: 1.493 Thread 0x000000000fdeb800 Uncommon trap -58 fr.pc 0x000000000262db9c
Event: 1.604 Thread 0x000000000fdeb800 Uncommon trap -12 fr.pc 0x000000000262c8e4
Event: 1.799 Thread 0x000000000fdeb800 Uncommon trap -83 fr.pc 0x000000000263ba50
Event: 1.918 Thread 0x000000000ffb8800 Uncommon trap -34 fr.pc 0x0000000002640c68
Event: 2.189 Thread 0x000000000fdeb800 Uncommon trap -83 fr.pc 0x000000000263f274
Event: 2.195 Thread 0x000000000fdeb800 Uncommon trap -83 fr.pc 0x000000000263fa88
Event: 4.250 Thread 0x000000000fdeb800 Uncommon trap -34 fr.pc 0x000000000263e610
Event: 4.250 Thread 0x000000000fdeb800 Uncommon trap -34 fr.pc 0x000000000263e610
Event: 4.252 Thread 0x000000000fdeb800 Uncommon trap -34 fr.pc 0x000000000263e610
Event: 4.252 Thread 0x000000000fdeb800 Uncommon trap -34 fr.pc 0x000000000263e610

Internal exceptions (10 events):
Event: 5.369 Thread 0x000000000fdeb800 Threw 0x00000007d713b918 at C:\jdk7u2_64p\jdk7u17\hotspot\src\share\vm\prims\jvm.cpp:1166
Event: 5.372 Thread 0x000000000fdeb800 Threw 0x00000007d713f9e8 at C:\jdk7u2_64p\jdk7u17\hotspot\src\share\vm\prims\jvm.cpp:1166
Event: 5.374 Thread 0x000000000fdeb800 Threw 0x00000007d7144730 at C:\jdk7u2_64p\jdk7u17\hotspot\src\share\vm\prims\jvm.cpp:1166
Event: 5.375 Thread 0x000000000fdeb800 Threw 0x00000007d7149420 at C:\jdk7u2_64p\jdk7u17\hotspot\src\share\vm\prims\jvm.cpp:1166
Event: 5.376 Thread 0x000000000fdeb800 Threw 0x00000007d7152b18 at C:\jdk7u2_64p\jdk7u17\hotspot\src\share\vm\prims\jvm.cpp:1166
Event: 5.378 Thread 0x000000000fdeb800 Threw 0x00000007d715c0f8 at C:\jdk7u2_64p\jdk7u17\hotspot\src\share\vm\prims\jvm.cpp:1166
Event: 5.379 Thread 0x000000000fdeb800 Threw 0x00000007d7162e80 at C:\jdk7u2_64p\jdk7u17\hotspot\src\share\vm\prims\jvm.cpp:1166
Event: 5.383 Thread 0x000000000fdeb800 Threw 0x00000007d716ddd8 at C:\jdk7u2_64p\jdk7u17\hotspot\src\share\vm\prims\jvm.cpp:1166
Event: 5.929 Thread 0x000000000ffb8800 Threw 0x00000007d72ccda8 at C:\jdk7u2_64p\jdk7u17\hotspot\src\share\vm\prims\jni.cpp:742
Event: 12.914 Thread 0x000000000fdeb800 Threw 0x00000007d6df6928 at C:\jdk7u2_64p\jdk7u17\hotspot\src\share\vm\prims\jni.cpp:742

Events (10 events):
Event: 10.527 loading class 0x00000000101e5590 done
Event: 10.528 loading class 0x000000000fea7a60 done
Event: 10.796 Thread 0x000000000dde0000 flushing nmethod 0x000000000263e1d0
Event: 11.079 Thread 0x000000000dddc800 flushing nmethod 0x000000000265b250
Event: 11.828 Executing VM operation: RevokeBias
Event: 11.828 Executing VM operation: RevokeBias done
Event: 11.830 loading class 0x000000000e039090
Event: 11.830 loading class 0x000000000e039090 done
Event: 11.835 loading class 0x000000000e034110
Event: 11.835 loading class 0x000000000e034110 done


Dynamic libraries:
0x000000013f120000 - 0x000000013f153000 	C:\Program Files\Java\jre7\bin\javaw.exe
0x0000000077660000 - 0x0000000077809000 	C:\Windows\SYSTEM32\ntdll.dll
0x00000000770e0000 - 0x00000000771ff000 	C:\Windows\system32\kernel32.dll
0x000007fefdd80000 - 0x000007fefddeb000 	C:\Windows\system32\KERNELBASE.dll
0x000007fefeb00000 - 0x000007fefebdb000 	C:\Windows\system32\ADVAPI32.dll
0x000007fefe4c0000 - 0x000007fefe55f000 	C:\Windows\system32\msvcrt.dll
0x000007fefe600000 - 0x000007fefe61f000 	C:\Windows\SYSTEM32\sechost.dll
0x000007fefe390000 - 0x000007fefe4bd000 	C:\Windows\system32\RPCRT4.dll
0x0000000077560000 - 0x000000007765a000 	C:\Windows\system32\USER32.dll
0x000007fefe310000 - 0x000007fefe377000 	C:\Windows\system32\GDI32.dll
0x000007fefe380000 - 0x000007fefe38e000 	C:\Windows\system32\LPK.dll
0x000007fefe630000 - 0x000007fefe6f9000 	C:\Windows\system32\USP10.dll
0x000007fefc2b0000 - 0x000007fefc4a4000 	C:\Windows\WinSxS\amd64_microsoft.windows.common-controls_6595b64144ccf1df_6.0.7601.17514_none_fa396087175ac9ac\COMCTL32.dll
0x000007fefea80000 - 0x000007fefeaf1000 	C:\Windows\system32\SHLWAPI.dll
0x000007fefe150000 - 0x000007fefe17e000 	C:\Windows\system32\IMM32.DLL
0x000007fefe180000 - 0x000007fefe289000 	C:\Windows\system32\MSCTF.dll
0x00000000668c0000 - 0x0000000066991000 	C:\Program Files\Java\jre7\bin\msvcr100.dll
0x0000000065160000 - 0x000000006587f000 	C:\Program Files\Java\jre7\bin\server\jvm.dll
0x000007fefa6a0000 - 0x000007fefa6a9000 	C:\Windows\system32\WSOCK32.dll
0x000007fefe700000 - 0x000007fefe74d000 	C:\Windows\system32\WS2_32.dll
0x000007fefe620000 - 0x000007fefe628000 	C:\Windows\system32\NSI.dll
0x000007fefbf50000 - 0x000007fefbf8b000 	C:\Windows\system32\WINMM.dll
0x0000000077820000 - 0x0000000077827000 	C:\Windows\system32\PSAPI.DLL
0x00000000668b0000 - 0x00000000668bf000 	C:\Program Files\Java\jre7\bin\verify.dll
0x0000000066880000 - 0x00000000668a8000 	C:\Program Files\Java\jre7\bin\java.dll
0x0000000063380000 - 0x00000000633b5000 	C:\Program Files\Java\jre7\bin\jdwp.dll
0x00000000633f0000 - 0x00000000633f8000 	C:\Program Files\Java\jre7\bin\npt.dll
0x0000000066860000 - 0x0000000066875000 	C:\Program Files\Java\jre7\bin\zip.dll
0x00000000633e0000 - 0x00000000633e9000 	C:\Program Files\Java\jre7\bin\dt_socket.dll
0x000007fefd2f0000 - 0x000007fefd345000 	C:\Windows\system32\mswsock.dll
0x000007fefd170000 - 0x000007fefd1cb000 	C:\Windows\system32\DNSAPI.dll
0x000007fefb180000 - 0x000007fefb195000 	C:\Windows\system32\napinsp.dll
0x000007fef06e0000 - 0x000007fef06f9000 	C:\Windows\system32\pnrpnsp.dll
0x000007fef5200000 - 0x000007fef520b000 	C:\Windows\System32\winrnr.dll
0x000007fefb680000 - 0x000007fefb690000 	C:\Windows\system32\wshbth.dll
0x000007fefa560000 - 0x000007fefa572000 	C:\Windows\system32\PrxerNsp.dll
0x000007fefcaa0000 - 0x000007fefcac7000 	C:\Windows\system32\IPHLPAPI.DLL
0x000007fefca90000 - 0x000007fefca9b000 	C:\Windows\system32\WINNSI.DLL
0x000007fefa550000 - 0x000007fefa558000 	C:\Windows\system32\rasadhlp.dll
0x0000000180000000 - 0x000000018003e000 	C:\Program Files (x86)\Avira\AntiVir Desktop\avsda64.dll
0x000007fefca70000 - 0x000007fefca86000 	C:\Windows\system32\PrxerDrv.dll
0x000007fefca60000 - 0x000007fefca67000 	C:\Windows\System32\wshtcpip.dll
0x000007fefd350000 - 0x000007fefd367000 	C:\Windows\system32\CRYPTSP.dll
0x000007fefd050000 - 0x000007fefd097000 	C:\Windows\system32\rsaenh.dll
0x000007fefce00000 - 0x000007fefce1e000 	C:\Windows\system32\USERENV.dll
0x000007fefdac0000 - 0x000007fefdacf000 	C:\Windows\system32\profapi.dll
0x000007fefd9b0000 - 0x000007fefd9bf000 	C:\Windows\system32\CRYPTBASE.dll
0x0000000066840000 - 0x0000000066859000 	C:\Program Files\Java\jre7\bin\net.dll
0x000007fefd2e0000 - 0x000007fefd2e7000 	C:\Windows\System32\wship6.dll
0x000007fefb360000 - 0x000007fefb3b3000 	C:\Windows\System32\fwpuclnt.dll
0x0000000066820000 - 0x0000000066831000 	C:\Program Files\Java\jre7\bin\nio.dll
0x000007fee4e50000 - 0x000007fee4e87000 	C:\Users\Armin\AppData\Local\Temp\jna-Armin\jna5876873937594996818.dll
0x0000000066210000 - 0x00000000663a3000 	C:\Program Files\Java\jre7\bin\awt.dll
0x000007fefe070000 - 0x000007fefe147000 	C:\Windows\system32\OLEAUT32.dll
0x000007fefe750000 - 0x000007fefe953000 	C:\Windows\system32\ole32.dll
0x000007fefbea0000 - 0x000007fefbef6000 	C:\Windows\system32\uxtheme.dll
0x0000000000630000 - 0x000000000066b000 	C:\Windows\W7FBC\dll.dll
0x000007fefe9e0000 - 0x000007fefea77000 	C:\Windows\system32\COMDLG32.dll
0x000007fefebe0000 - 0x000007feff968000 	C:\Windows\system32\SHELL32.dll
0x000007fefbc80000 - 0x000007fefbe95000 	C:\Windows\WinSxS\amd64_microsoft.windows.gdiplus_6595b64144ccf1df_1.1.7601.17514_none_2b24536c71ed437a\gdiplus.dll
0x000007fefb940000 - 0x000007fefb958000 	C:\Windows\system32\dwmapi.dll
0x0000000062970000 - 0x00000000629a0000 	C:\Users\Armin\Desktop\Kar\jajeem\util\vlclib\libvlc.dll
0x0000000060bb0000 - 0x0000000060e04000 	C:\Users\Armin\Desktop\Kar\jajeem\util\vlclib\libvlccore.dll
0x000007fefc970000 - 0x000007fefc97c000 	C:\Windows\system32\VERSION.dll
0x000007fef0f20000 - 0x000007fef0f2d000 	C:\Windows\system32\atiu9p64.dll
0x00000000636b0000 - 0x00000000636e4000 	C:\Program Files\Java\jre7\bin\fontmanager.dll
0x000007fefbfc0000 - 0x000007fefc048000 	C:\Windows\system32\DSOUND.dll
0x000007fefc940000 - 0x000007fefc96c000 	C:\Windows\system32\POWRPROF.dll
0x000007fefde90000 - 0x000007fefe067000 	C:\Windows\system32\SETUPAPI.dll
0x000007fefde10000 - 0x000007fefde46000 	C:\Windows\system32\CFGMGR32.dll
0x000007fefddf0000 - 0x000007fefde0a000 	C:\Windows\system32\DEVOBJ.dll
0x0000000060030000 - 0x0000000060ba3000 	C:\Users\Armin\Desktop\Kar\jajeem\util\vlclib\plugins\gui\libqt4_plugin.dll
0x000007fefb600000 - 0x000007fefb671000 	C:\Windows\system32\WINSPOOL.DRV
0x0000000060ef0000 - 0x000000006106a000 	C:\Users\Armin\Desktop\Kar\jajeem\util\vlclib\plugins\misc\libxml_plugin.dll
0x000007fefbf00000 - 0x000007fefbf4b000 	C:\Windows\system32\MMDevAPI.DLL
0x000007fefc100000 - 0x000007fefc22c000 	C:\Windows\system32\PROPSYS.dll
0x000007fee36a0000 - 0x000007fee36db000 	C:\Windows\system32\wdmaud.drv
0x0000000059c10000 - 0x0000000059c16000 	C:\Windows\system32\ksuser.dll
0x000007fefc230000 - 0x000007fefc239000 	C:\Windows\system32\AVRT.dll
0x000007fefbb30000 - 0x000007fefbb7f000 	C:\Windows\system32\AUDIOSES.DLL
0x000007feed2d0000 - 0x000007feed2da000 	C:\Windows\system32\msacm32.drv
0x000007fee5ad0000 - 0x000007fee5ae8000 	C:\Windows\system32\MSACM32.dll
0x000007fefaea0000 - 0x000007fefaea9000 	C:\Windows\system32\midimap.dll
0x000007fefa750000 - 0x000007fefa7f0000 	C:\Windows\WinSxS\amd64_microsoft.windows.common-controls_6595b64144ccf1df_5.82.7601.17514_none_a4d6a923711520a9\comctl32.dll
0x000007fefe560000 - 0x000007fefe5f9000 	C:\Windows\system32\CLBCatQ.DLL
0x000007fefbf90000 - 0x000007fefbfbd000 	C:\Windows\system32\ntmarta.dll
0x000007fefe2b0000 - 0x000007fefe302000 	C:\Windows\system32\WLDAP32.dll
0x000007fefd950000 - 0x000007fefd9a7000 	C:\Windows\system32\apphelp.dll
0x0000000000000000 - 0x0000000000000000 	
0x0000000000000000 - 0x0000000000000000 	
0x000007fefb8d0000 - 0x000007fefb8db000 	C:\Windows\system32\slc.dll
0x000007fefb7a0000 - 0x000007fefb8ca000 	C:\Windows\system32\WindowsCodecs.dll
0x0000000070af0000 - 0x0000000070b06000 	C:\Program Files\Common Files\TortoiseOverlays\TortoiseOverlays.dll
0x0000000070640000 - 0x0000000070650000 	C:\Program Files\TortoiseSVN\bin\TortoiseStub.dll
0x00000000705c0000 - 0x0000000070638000 	C:\Program Files\TortoiseSVN\bin\TortoiseSVN.dll
0x0000000076f80000 - 0x00000000770da000 	C:\Windows\system32\WININET.dll
0x0000000077830000 - 0x0000000077833000 	C:\Windows\system32\Normaliz.dll
0x0000000077200000 - 0x000000007740d000 	C:\Windows\system32\iertutil.dll
0x0000000077410000 - 0x000000007755d000 	C:\Windows\system32\urlmon.dll
0x000007fef92f0000 - 0x000007fef96cc000 	C:\Program Files\TortoiseSVN\bin\libsvn_tsvn.dll
0x0000000070d70000 - 0x0000000070d9b000 	C:\Program Files\TortoiseSVN\bin\libapr_tsvn.dll
0x0000000070d20000 - 0x0000000070d61000 	C:\Program Files\TortoiseSVN\bin\libaprutil_tsvn.dll
0x000007fef9280000 - 0x000007fef9290000 	C:\Program Files\TortoiseSVN\bin\intl3_tsvn.dll
0x000007fef88b0000 - 0x000007fef88ca000 	C:\Program Files\TortoiseSVN\bin\libsasl.dll
0x000007fefd760000 - 0x000007fefd76b000 	C:\Windows\system32\Secur32.dll
0x000007fefd920000 - 0x000007fefd945000 	C:\Windows\system32\SSPICLI.DLL
0x000007fefdc10000 - 0x000007fefdd77000 	C:\Windows\system32\CRYPT32.dll
0x000007fefdb60000 - 0x000007fefdb6f000 	C:\Windows\system32\MSASN1.dll
0x00000000708c0000 - 0x0000000070958000 	C:\Windows\system32\MSVCP100.dll
0x000007fef8720000 - 0x000007fef8755000 	C:\Windows\system32\EhStorShell.dll
0x000007fef80a0000 - 0x000007fef8711000 	C:\PROGRA~1\MIF5BA~1\Office14\GROOVEEX.DLL
0x0000000070820000 - 0x00000000708bd000 	C:\Windows\WinSxS\amd64_microsoft.vc90.crt_1fc8b3b9a1e18e3b_9.0.30729.4940_none_08e4299fa83d7e3c\MSVCR90.dll
0x0000000070740000 - 0x0000000070813000 	C:\Windows\WinSxS\amd64_microsoft.vc90.crt_1fc8b3b9a1e18e3b_9.0.30729.4940_none_08e4299fa83d7e3c\MSVCP90.dll
0x0000000070cf0000 - 0x0000000070d1f000 	C:\Windows\WinSxS\amd64_microsoft.vc90.atl_1fc8b3b9a1e18e3b_9.0.30729.4148_none_0a1d2fcba76b3f00\ATL90.DLL
0x000007fef7af0000 - 0x000007fef7eff000 	C:\PROGRA~1\COMMON~1\MICROS~1\OFFICE14\Cultures\office.odf
0x000007fef5e00000 - 0x000007fef6664000 	C:\PROGRA~1\MIF5BA~1\Office14\1033\GrooveIntlResource.dll
0x0000000063660000 - 0x00000000636a1000 	C:\Program Files\Java\jre7\bin\t2k.dll
0x000007fefa250000 - 0x000007fefa268000 	C:\Windows\system32\MPR.dll
0x000007fef53d0000 - 0x000007fef53da000 	C:\Windows\System32\drprov.dll
0x000007fefd9c0000 - 0x000007fefd9fd000 	C:\Windows\System32\WINSTA.dll
0x000007fef5350000 - 0x000007fef5372000 	C:\Windows\System32\ntlanman.dll
0x000007fef5330000 - 0x000007fef534c000 	C:\Windows\System32\davclnt.dll
0x000007fef5320000 - 0x000007fef532a000 	C:\Windows\System32\DAVHLPR.dll
0x000007fefb1d0000 - 0x000007fefb1e5000 	C:\Windows\system32\wkscli.dll
0x000007fef88d0000 - 0x000007fef88df000 	C:\Windows\system32\cscapi.dll
0x000007fefb1f0000 - 0x000007fefb1fc000 	C:\Windows\system32\netutils.dll
0x0000000000000000 - 0x0000000000000000 	
0x000007fefde50000 - 0x000007fefde8a000 	C:\Windows\system32\WINTRUST.dll

VM Arguments:
jvm_args: -agentlib:jdwp=transport=dt_socket,suspend=y,address=localhost:6891 -Dfile.encoding=Cp1256 
java_command: uk.co.caprica.vlcj.test.basic.TestPlayer
Launcher Type: SUN_STANDARD

Environment Variables:
PATH=C:\Program Files (x86)\NVIDIA Corporation\PhysX\Common;C:\Program Files (x86)\MiKTeX 2.9\miktex\bin;C:\Windows\system32;C:\Windows;C:\Windows\System32\Wbem;C:\Windows\System32\WindowsPowerShell\v1.0\;c:\Program Files (x86)\ATI Technologies\ATI.ACE\Core-Static;C:\Program Files\Intel\WiFi\bin\;C:\Program Files\Common Files\Intel\WirelessCommon\;C:\Program Files (x86)\Common Files\Roxio Shared\DLLShared\;C:\Program Files (x86)\Common Files\Roxio Shared\OEM\DLLShared\;C:\Program Files (x86)\Common Files\Roxio Shared\OEM\DLLShared\;C:\Program Files (x86)\Common Files\Roxio Shared\OEM\12.0\DLLShared\;C:\Program Files (x86)\Roxio\OEM\AudioCore\;C:\Program Files (x86)\Java\jre6\bin;C:\Program Files\TortoiseSVN\bin;C:\Program Files (x86)\Microsoft SQL Server\100\Tools\Binn\;C:\Program Files\Microsoft SQL Server\100\Tools\Binn\;C:\Program Files\Microsoft SQL Server\100\DTS\Binn\;C:\Program Files (x86)\Microsoft SQL Server\100\Tools\Binn\VSShell\Common7\IDE\;C:\Program Files (x86)\Microsoft Visual Studio 9.0\Common7\IDE\PrivateAssemblies\;C:\Program Files (x86)\Microsoft SQL Server\100\DTS\Binn\;C:\Program Files\Microsoft\Web Platform Installer\;;C:\Program Files (x86)\Universal Extractor;C:\Program Files (x86)\Universal Extractor\bin;C:\Program Files (x86)\Microsoft ASP.NET\ASP.NET Web Pages\v1.0\;C:\Program Files (x86)\Windows Kits\8.0\Windows Performance Toolkit\;C:\Program Files\Microsoft SQL Server\110\Tools\Binn\;C:\Program Files\WIDCOMM\Bluetooth Software\;C:\Program Files\WIDCOMM\Bluetooth Software\syswow64;C:\Program Files (x86)\OpenVPN\bin
USERNAME=Armin
OS=Windows_NT
PROCESSOR_IDENTIFIER=Intel64 Family 6 Model 42 Stepping 7, GenuineIntel



---------------  S Y S T E M  ---------------

OS: Windows 7 , 64 bit Build 7601 Service Pack 1

CPU:total 8 (4 cores per cpu, 2 threads per core) family 6 model 42 stepping 7, cmov, cx8, fxsr, mmx, sse, sse2, sse3, ssse3, sse4.1, sse4.2, popcnt, avx, ht, tsc, tscinvbit

Memory: 4k page, physical 8335180k(3983644k free), swap 16668512k(10707872k free)

vm_info: Java HotSpot(TM) 64-Bit Server VM (23.7-b01) for windows-amd64 JRE (1.7.0_17-b02), built on Mar  1 2013 03:38:30 by "java_re" with unknown MS VC++:1600

time: Wed Jun 26 15:23:38 2013
elapsed time: 13 seconds

