#
# A fatal error has been detected by the Java Runtime Environment:
#
#  EXCEPTION_ACCESS_VIOLATION (0xc0000005) at pc=0x00000000772de4b4, pid=5484, tid=4432
#
# JRE version: 7.0_17-b02
# Java VM: Java HotSpot(TM) 64-Bit Server VM (23.7-b01 mixed mode windows-amd64 compressed oops)
# Problematic frame:
# C  [ntdll.dll+0x4e4b4]  RtlDeNormalizeProcessParams+0x5a4
#
# Failed to write core dump. Minidumps are not enabled by default on client versions of Windows
#
# If you would like to submit a bug report, please visit:
#   http://bugreport.sun.com/bugreport/crash.jsp
# The crash happened outside the Java Virtual Machine in native code.
# See problematic frame for where to report the bug.
#

---------------  T H R E A D  ---------------

Current thread (0x000000000fbc7000):  JavaThread "AWT-EventQueue-0" [_thread_in_native, id=4432, stack(0x0000000010d50000,0x0000000010e50000)]

siginfo: ExceptionCode=0xc0000005, writing address 0x0000000000000024

Registers:
RAX=0x0000000000000000, RBX=0x00000000135c3de0, RCX=0x00000000fffffffc, RDX=0x0000000000000734
RSP=0x0000000010e4dd80, RBP=0x0000000000000000, RSI=0x0000000000000734, RDI=0x0000000000000000
R8 =0x0000000010e4dd38, R9 =0x0000000000000004, R10=0x0000000000000000, R11=0x0000000000000246
R12=0x0000000000000000, R13=0x0000000000000000, R14=0x000007fffff86000, R15=0x0000000000000000
RIP=0x00000000772de4b4, EFLAGS=0x0000000000010213

Top of Stack: (sp=0x0000000010e4dd80)
0x0000000010e4dd80:   000000000e1ec710 0000000000000734
0x0000000010e4dd90:   0000000000000000 0000000000000000
0x0000000010e4dda0:   000000000fbc7000 0000000010e4dee0
0x0000000010e4ddb0:   000000000fc24400 000000006196d80a
0x0000000010e4ddc0:   0000000010e4e368 000000000e1ec740
0x0000000010e4ddd0:   000000000fbc7000 000000000e1ec710
0x0000000010e4dde0:   00000000000000b9 000000000fbc7000
0x0000000010e4ddf0:   0000000010e4dee0 00000000023e9bc3
0x0000000010e4de00:   000000000fbc7000 0000000010e4e670
0x0000000010e4de10:   0000000000000004 0000000000000001
0x0000000010e4de20:   00000000ff000000 00000000772de3db
0x0000000010e4de30:   0000000000000000 0000000000000000
0x0000000010e4de40:   000000077bd72390 00000000135c3de0
0x0000000010e4de50:   00000000135c3dd8 0000000062dda345
0x0000000010e4de60:   0000000010e4df00 00000000135c3da8
0x0000000010e4de70:   000000077baa7f00 0000000010e4dfd8 

Instructions: (pc=0x00000000772de4b4)
0x00000000772de494:   0f b1 4b 08 0f 85 9b 47 fd ff 48 8b 03 4c 89 ac
0x00000000772de4a4:   24 c0 00 00 00 33 ed 45 33 ed 48 83 f8 ff 74 03
0x00000000772de4b4:   ff 40 24 ba 22 17 00 00 48 8d 3d cd 8f 0e 00 80
0x00000000772de4c4:   3c 25 82 03 fe 7f 00 0f 85 53 be 01 00 48 83 fe 


Register to memory mapping:

RAX=0x0000000000000000 is an unknown value
RBX=0x00000000135c3de0 is an unknown value
RCX=0x00000000fffffffc is an unknown value
RDX=0x0000000000000734 is an unknown value
RSP=0x0000000010e4dd80 is pointing into the stack for thread: 0x000000000fbc7000
RBP=0x0000000000000000 is an unknown value
RSI=0x0000000000000734 is an unknown value
RDI=0x0000000000000000 is an unknown value
R8 =0x0000000010e4dd38 is pointing into the stack for thread: 0x000000000fbc7000
R9 =0x0000000000000004 is an unknown value
R10=0x0000000000000000 is an unknown value
R11=0x0000000000000246 is an unknown value
R12=0x0000000000000000 is an unknown value
R13=0x0000000000000000 is an unknown value
R14=0x000007fffff86000 is an unknown value
R15=0x0000000000000000 is an unknown value


Stack: [0x0000000010d50000,0x0000000010e50000],  sp=0x0000000010e4dd80,  free space=1015k
Native frames: (J=compiled Java code, j=interpreted, Vv=VM code, C=native code)
C  [ntdll.dll+0x4e4b4]  RtlDeNormalizeProcessParams+0x5a4

[error occurred during error reporting (printing native stack), id 0xc0000005]

Java frames: (J=compiled Java code, j=interpreted, Vv=VM code)
j  com.sun.jna.Native.invokeInt(JI[Ljava/lang/Object;)I+0
j  com.sun.jna.Function.invoke([Ljava/lang/Object;Ljava/lang/Class;Z)Ljava/lang/Object;+333
j  com.sun.jna.Function.invoke(Ljava/lang/Class;[Ljava/lang/Object;Ljava/util/Map;)Ljava/lang/Object;+214
j  com.sun.jna.Library$Handler.invoke(Ljava/lang/Object;Ljava/lang/reflect/Method;[Ljava/lang/Object;)Ljava/lang/Object;+341
j  com.sun.proxy.$Proxy0.libvlc_media_player_is_playing(Luk/co/caprica/vlcj/binding/internal/libvlc_media_player_t;)I+16
j  uk.co.caprica.vlcj.player.DefaultMediaPlayer.isPlaying()Z+17
j  com.jajeem.videoplayer.design.PlayerControlsPanel$UpdateRunnable$1.run()V+7
j  java.awt.event.InvocationEvent.dispatch()V+47
j  java.awt.EventQueue.dispatchEventImpl(Ljava/awt/AWTEvent;Ljava/lang/Object;)V+21
j  java.awt.EventQueue.access$200(Ljava/awt/EventQueue;Ljava/awt/AWTEvent;Ljava/lang/Object;)V+3
j  java.awt.EventQueue$3.run()Ljava/lang/Void;+12
j  java.awt.EventQueue$3.run()Ljava/lang/Object;+1
v  ~StubRoutines::call_stub
j  java.security.AccessController.doPrivileged(Ljava/security/PrivilegedAction;Ljava/security/AccessControlContext;)Ljava/lang/Object;+0
j  java.security.ProtectionDomain$1.doIntersectionPrivilege(Ljava/security/PrivilegedAction;Ljava/security/AccessControlContext;Ljava/security/AccessControlContext;)Ljava/lang/Object;+28
j  java.awt.EventQueue.dispatchEvent(Ljava/awt/AWTEvent;)V+46
j  java.awt.EventDispatchThread.pumpOneEventForFilters(I)V+245
j  java.awt.EventDispatchThread.pumpEventsForFilter(ILjava/awt/Conditional;Ljava/awt/EventFilter;)V+35
j  java.awt.EventDispatchThread.pumpEventsForHierarchy(ILjava/awt/Conditional;Ljava/awt/Component;)V+11
j  java.awt.EventDispatchThread.pumpEvents(ILjava/awt/Conditional;)V+4
j  java.awt.EventDispatchThread.pumpEvents(Ljava/awt/Conditional;)V+3
j  java.awt.EventDispatchThread.run()V+9
v  ~StubRoutines::call_stub

---------------  P R O C E S S  ---------------

Java Threads: ( => current thread )
  0x000000000e087800 JavaThread "TimerQueue" daemon [_thread_blocked, id=6228, stack(0x00000000187c0000,0x00000000188c0000)]
  0x000000001498f800 JavaThread "D3D Screen Updater" daemon [_thread_blocked, id=6668, stack(0x0000000016d90000,0x0000000016e90000)]
  0x0000000014921800 JavaThread "pool-2-thread-1" [_thread_blocked, id=4896, stack(0x0000000015fa0000,0x00000000160a0000)]
  0x0000000014aaf000 JavaThread "Swing-Shell" daemon [_thread_blocked, id=7064, stack(0x00000000154f0000,0x00000000155f0000)]
  0x000000000fc3e800 JavaThread "vlcj native mouse hook" [_thread_in_native, id=5604, stack(0x0000000010b60000,0x0000000010c60000)]
  0x000000000209f000 JavaThread "DestroyJavaVM" [_thread_blocked, id=6984, stack(0x00000000022c0000,0x00000000023c0000)]
=>0x000000000fbc7000 JavaThread "AWT-EventQueue-0" [_thread_in_native, id=4432, stack(0x0000000010d50000,0x0000000010e50000)]
  0x000000000fb7e800 JavaThread "AWT-Windows" daemon [_thread_in_native, id=1584, stack(0x0000000010810000,0x0000000010910000)]
  0x000000000faee000 JavaThread "AWT-Shutdown" [_thread_blocked, id=6456, stack(0x0000000010680000,0x0000000010780000)]
  0x000000000e35f000 JavaThread "Java2D Disposer" daemon [_thread_blocked, id=5936, stack(0x0000000010580000,0x0000000010680000)]
  0x000000000e036800 JavaThread "Service Thread" daemon [_thread_blocked, id=3432, stack(0x000000000f2f0000,0x000000000f3f0000)]
  0x000000000e02e000 JavaThread "C2 CompilerThread1" daemon [_thread_blocked, id=5408, stack(0x000000000f810000,0x000000000f910000)]
  0x000000000e02a800 JavaThread "C2 CompilerThread0" daemon [_thread_blocked, id=5376, stack(0x000000000f6f0000,0x000000000f7f0000)]
  0x000000000e011800 JavaThread "JDWP Command Reader" daemon [_thread_in_native, id=3612, stack(0x000000000f530000,0x000000000f630000)]
  0x000000000e011000 JavaThread "JDWP Event Helper Thread" daemon [_thread_blocked, id=3040, stack(0x000000000f400000,0x000000000f500000)]
  0x000000000e002800 JavaThread "JDWP Transport Listener: dt_socket" daemon [_thread_blocked, id=4860, stack(0x000000000f180000,0x000000000f280000)]
  0x000000000dff8000 JavaThread "Attach Listener" daemon [_thread_blocked, id=6336, stack(0x000000000e640000,0x000000000e740000)]
  0x000000000dff7000 JavaThread "Signal Dispatcher" daemon [_thread_blocked, id=6752, stack(0x000000000e3b0000,0x000000000e4b0000)]
  0x000000000be4b000 JavaThread "Finalizer" daemon [_thread_blocked, id=7140, stack(0x000000000dea0000,0x000000000dfa0000)]
  0x000000000be42800 JavaThread "Reference Handler" daemon [_thread_blocked, id=4204, stack(0x000000000dc80000,0x000000000dd80000)]

Other Threads:
  0x000000000be37000 VMThread [stack: 0x000000000db10000,0x000000000dc10000] [id=4296]
  0x000000000e043800 WatcherThread [stack: 0x000000000f970000,0x000000000fa70000] [id=6164]

VM state:not at safepoint (normal execution)

VM Mutex/Monitor currently owned by a thread: None

Heap
 PSYoungGen      total 36736K, used 18724K [0x00000007d5960000, 0x00000007da260000, 0x0000000800000000)
  eden space 32640K, 45% used [0x00000007d5960000,0x00000007d67b8220,0x00000007d7940000)
  from space 4096K, 98% used [0x00000007d9e60000,0x00000007da250e80,0x00000007da260000)
  to   space 5376K, 0% used [0x00000007d97e0000,0x00000007d97e0000,0x00000007d9d20000)
 ParOldGen       total 86848K, used 16K [0x0000000780c00000, 0x00000007860d0000, 0x00000007d5960000)
  object space 86848K, 0% used [0x0000000780c00000,0x0000000780c04000,0x00000007860d0000)
 PSPermGen       total 21248K, used 18127K [0x000000077ba00000, 0x000000077cec0000, 0x0000000780c00000)
  object space 21248K, 85% used [0x000000077ba00000,0x000000077cbb3cc0,0x000000077cec0000)

Card table byte_map: [0x0000000005480000,0x00000000058b0000] byte_map_base: 0x00000000018a3000

Polling page: 0x00000000001c0000

Code Cache  [0x00000000023c0000, 0x0000000002630000, 0x00000000053c0000)
 total_blobs=660 nmethods=157 adapters=462 free_code_cache=48245Kb largest_free_block=49371904

Compilation events (10 events):
Event: 13.837 Thread 0x000000000e02a800  158             sun.reflect.UnsafeFieldAccessorImpl::ensureObj (23 bytes)
Event: 13.843 Thread 0x000000000e02a800 nmethod 158 0x0000000002450390 code [0x00000000024504e0, 0x0000000002450688]
Event: 14.321 Thread 0x000000000e02e000  159             com.sun.jna.Structure::getFieldList (132 bytes)
Event: 14.372 Thread 0x000000000e02e000 nmethod 159 0x00000000024a8990 code [0x00000000024a8b80, 0x00000000024a9870]
Event: 14.864 Thread 0x000000000e02a800  160             java.util.WeakHashMap::get (77 bytes)
Event: 14.886 Thread 0x000000000e02a800 nmethod 160 0x00000000024a1a90 code [0x00000000024a1c00, 0x00000000024a1ed8]
Event: 29.239 Thread 0x000000000e02e000  161             java.lang.Integer::<init> (10 bytes)
Event: 29.240 Thread 0x000000000e02e000 nmethod 161 0x00000000024500d0 code [0x0000000002450200, 0x0000000002450258]
Event: 33.487 Thread 0x000000000e02a800  162             com.sun.jna.Structure$2$StructureSet::indexOf (78 bytes)
Event: 33.507 Thread 0x000000000e02a800 nmethod 162 0x000000000244c250 code [0x000000000244c3a0, 0x000000000244c6b8]

GC Heap History (4 events):
Event: 5.408 GC heap before
{Heap before GC invocations=1 (full 0):
 PSYoungGen      total 38016K, used 32640K [0x00000007d5960000, 0x00000007d83c0000, 0x0000000800000000)
  eden space 32640K, 100% used [0x00000007d5960000,0x00000007d7940000,0x00000007d7940000)
  from space 5376K, 0% used [0x00000007d7e80000,0x00000007d7e80000,0x00000007d83c0000)
  to   space 5376K, 0% used [0x00000007d7940000,0x00000007d7940000,0x00000007d7e80000)
 ParOldGen       total 86848K, used 0K [0x0000000780c00000, 0x00000007860d0000, 0x00000007d5960000)
  object space 86848K, 0% used [0x0000000780c00000,0x0000000780c00000,0x00000007860d0000)
 PSPermGen       total 21248K, used 17023K [0x000000077ba00000, 0x000000077cec0000, 0x0000000780c00000)
  object space 21248K, 80% used [0x000000077ba00000,0x000000077ca9fe58,0x000000077cec0000)
Event: 5.473 GC heap after
Heap after GC invocations=1 (full 0):
 PSYoungGen      total 38016K, used 5024K [0x00000007d5960000, 0x00000007da3a0000, 0x0000000800000000)
  eden space 32640K, 0% used [0x00000007d5960000,0x00000007d5960000,0x00000007d7940000)
  from space 5376K, 93% used [0x00000007d7940000,0x00000007d7e283e0,0x00000007d7e80000)
  to   space 5376K, 0% used [0x00000007d9e60000,0x00000007d9e60000,0x00000007da3a0000)
 ParOldGen       total 86848K, used 8K [0x0000000780c00000, 0x00000007860d0000, 0x00000007d5960000)
  object space 86848K, 0% used [0x0000000780c00000,0x0000000780c02000,0x00000007860d0000)
 PSPermGen       total 21248K, used 17023K [0x000000077ba00000, 0x000000077cec0000, 0x0000000780c00000)
  object space 21248K, 80% used [0x000000077ba00000,0x000000077ca9fe58,0x000000077cec0000)
}
Event: 29.191 GC heap before
{Heap before GC invocations=2 (full 0):
 PSYoungGen      total 38016K, used 37664K [0x00000007d5960000, 0x00000007da3a0000, 0x0000000800000000)
  eden space 32640K, 100% used [0x00000007d5960000,0x00000007d7940000,0x00000007d7940000)
  from space 5376K, 93% used [0x00000007d7940000,0x00000007d7e283e0,0x00000007d7e80000)
  to   space 5376K, 0% used [0x00000007d9e60000,0x00000007d9e60000,0x00000007da3a0000)
 ParOldGen       total 86848K, used 8K [0x0000000780c00000, 0x00000007860d0000, 0x00000007d5960000)
  object space 86848K, 0% used [0x0000000780c00000,0x0000000780c02000,0x00000007860d0000)
 PSPermGen       total 21248K, used 18094K [0x000000077ba00000, 0x000000077cec0000, 0x0000000780c00000)
  object space 21248K, 85% used [0x000000077ba00000,0x000000077cbabb90,0x000000077cec0000)
Event: 29.229 GC heap after
Heap after GC invocations=2 (full 0):
 PSYoungGen      total 36736K, used 4035K [0x00000007d5960000, 0x00000007da260000, 0x0000000800000000)
  eden space 32640K, 0% used [0x00000007d5960000,0x00000007d5960000,0x00000007d7940000)
  from space 4096K, 98% used [0x00000007d9e60000,0x00000007da250e80,0x00000007da260000)
  to   space 5376K, 0% used [0x00000007d97e0000,0x00000007d97e0000,0x00000007d9d20000)
 ParOldGen       total 86848K, used 16K [0x0000000780c00000, 0x00000007860d0000, 0x00000007d5960000)
  object space 86848K, 0% used [0x0000000780c00000,0x0000000780c04000,0x00000007860d0000)
 PSPermGen       total 21248K, used 18094K [0x000000077ba00000, 0x000000077cec0000, 0x0000000780c00000)
  object space 21248K, 85% used [0x000000077ba00000,0x000000077cbabb90,0x000000077cec0000)
}

Deoptimization events (10 events):
Event: 1.696 Thread 0x000000000fbc7000 Uncommon trap -58 fr.pc 0x0000000002440c54
Event: 1.707 Thread 0x000000000fbc7000 Uncommon trap -58 fr.pc 0x0000000002440c54
Event: 1.709 Thread 0x000000000fbc7000 Uncommon trap -58 fr.pc 0x000000000243d9dc
Event: 1.925 Thread 0x000000000fbc7000 Uncommon trap -83 fr.pc 0x000000000244c150
Event: 2.288 Thread 0x000000000fbc7000 Uncommon trap -83 fr.pc 0x000000000244de34
Event: 2.295 Thread 0x000000000fbc7000 Uncommon trap -83 fr.pc 0x0000000002450448
Event: 4.216 Thread 0x000000000fbc7000 Uncommon trap -34 fr.pc 0x000000000243f310
Event: 4.221 Thread 0x000000000fbc7000 Uncommon trap -34 fr.pc 0x000000000243f310
Event: 4.221 Thread 0x000000000fbc7000 Uncommon trap -34 fr.pc 0x000000000243f310
Event: 4.221 Thread 0x000000000fbc7000 Uncommon trap -34 fr.pc 0x000000000243f310

Internal exceptions (10 events):
Event: 5.911 Thread 0x000000000fbc7000 Threw 0x00000007d599fac0 at C:\jdk7u2_64p\jdk7u17\hotspot\src\share\vm\prims\jvm.cpp:1166
Event: 5.913 Thread 0x000000000fbc7000 Threw 0x00000007d59a91b8 at C:\jdk7u2_64p\jdk7u17\hotspot\src\share\vm\prims\jvm.cpp:1166
Event: 5.915 Thread 0x000000000fbc7000 Threw 0x00000007d59b2798 at C:\jdk7u2_64p\jdk7u17\hotspot\src\share\vm\prims\jvm.cpp:1166
Event: 5.917 Thread 0x000000000fbc7000 Threw 0x00000007d59b9520 at C:\jdk7u2_64p\jdk7u17\hotspot\src\share\vm\prims\jvm.cpp:1166
Event: 5.921 Thread 0x000000000fbc7000 Threw 0x00000007d59c42f8 at C:\jdk7u2_64p\jdk7u17\hotspot\src\share\vm\prims\jvm.cpp:1166
Event: 34.260 Thread 0x000000000fbc7000 Threw 0x00000007d674e648 at C:\jdk7u2_64p\jdk7u17\hotspot\src\share\vm\prims\jni.cpp:742
Event: 34.281 Thread 0x000000000fbc7000 Threw 0x00000007d6763920 at C:\jdk7u2_64p\jdk7u17\hotspot\src\share\vm\prims\jvm.cpp:1166
Event: 34.285 Thread 0x000000000fbc7000 Threw 0x00000007d676b718 at C:\jdk7u2_64p\jdk7u17\hotspot\src\share\vm\prims\jvm.cpp:1166
Event: 34.287 Thread 0x000000000fbc7000 Threw 0x00000007d6771f60 at C:\jdk7u2_64p\jdk7u17\hotspot\src\share\vm\prims\jvm.cpp:1166
Event: 34.291 Thread 0x000000000fbc7000 Threw 0x00000007d6778fe0 at C:\jdk7u2_64p\jdk7u17\hotspot\src\share\vm\prims\jvm.cpp:1166

Events (10 events):
Event: 34.287 loading class 0x000000000fcfb0b0
Event: 34.287 loading class 0x000000000fcfb0b0 done
Event: 34.290 loading class 0x000000000fdbcfb0
Event: 34.290 loading class 0x000000000fdbcfb0 done
Event: 34.295 Thread 0x000000000fc57800 Thread added: 0x000000000fc57800
Event: 34.298 loading class 0x000000000e286e10
Event: 34.298 loading class 0x000000000e286e10 done
Event: 34.298 Executing VM operation: RevokeBias
Event: 34.298 Executing VM operation: RevokeBias done
Event: 34.298 Thread 0x000000000fc57800 Thread exited: 0x000000000fc57800


Dynamic libraries:
0x000000013fc40000 - 0x000000013fc73000 	C:\Program Files\Java\jre7\bin\javaw.exe
0x0000000077290000 - 0x0000000077439000 	C:\Windows\SYSTEM32\ntdll.dll
0x0000000077170000 - 0x000000007728f000 	C:\Windows\system32\kernel32.dll
0x000007fefd8a0000 - 0x000007fefd90b000 	C:\Windows\system32\KERNELBASE.dll
0x000007fefe940000 - 0x000007fefea1b000 	C:\Windows\system32\ADVAPI32.dll
0x000007feff1b0000 - 0x000007feff24f000 	C:\Windows\system32\msvcrt.dll
0x000007feff580000 - 0x000007feff59f000 	C:\Windows\SYSTEM32\sechost.dll
0x000007feff440000 - 0x000007feff56d000 	C:\Windows\system32\RPCRT4.dll
0x0000000076d00000 - 0x0000000076dfa000 	C:\Windows\system32\USER32.dll
0x000007fefe8d0000 - 0x000007fefe937000 	C:\Windows\system32\GDI32.dll
0x000007fefee10000 - 0x000007fefee1e000 	C:\Windows\system32\LPK.dll
0x000007feff250000 - 0x000007feff319000 	C:\Windows\system32\USP10.dll
0x000007fefc080000 - 0x000007fefc274000 	C:\Windows\WinSxS\amd64_microsoft.windows.common-controls_6595b64144ccf1df_6.0.7601.17514_none_fa396087175ac9ac\COMCTL32.dll
0x000007feff320000 - 0x000007feff391000 	C:\Windows\system32\SHLWAPI.dll
0x000007fefdac0000 - 0x000007fefdaee000 	C:\Windows\system32\IMM32.DLL
0x000007fefed00000 - 0x000007fefee09000 	C:\Windows\system32\MSCTF.dll
0x0000000062ca0000 - 0x0000000062d71000 	C:\Program Files\Java\jre7\bin\msvcr100.dll
0x00000000618f0000 - 0x000000006200f000 	C:\Program Files\Java\jre7\bin\server\jvm.dll
0x000007fefa360000 - 0x000007fefa369000 	C:\Windows\system32\WSOCK32.dll
0x000007fefdaf0000 - 0x000007fefdb3d000 	C:\Windows\system32\WS2_32.dll
0x000007feff570000 - 0x000007feff578000 	C:\Windows\system32\NSI.dll
0x000007fefb3d0000 - 0x000007fefb40b000 	C:\Windows\system32\WINMM.dll
0x0000000077460000 - 0x0000000077467000 	C:\Windows\system32\PSAPI.DLL
0x0000000068c30000 - 0x0000000068c3f000 	C:\Program Files\Java\jre7\bin\verify.dll
0x0000000068820000 - 0x0000000068848000 	C:\Program Files\Java\jre7\bin\java.dll
0x0000000064600000 - 0x0000000064635000 	C:\Program Files\Java\jre7\bin\jdwp.dll
0x0000000068b70000 - 0x0000000068b78000 	C:\Program Files\Java\jre7\bin\npt.dll
0x0000000068ba0000 - 0x0000000068bb5000 	C:\Program Files\Java\jre7\bin\zip.dll
0x0000000068c40000 - 0x0000000068c49000 	C:\Program Files\Java\jre7\bin\dt_socket.dll
0x000007fefcf20000 - 0x000007fefcf75000 	C:\Windows\system32\mswsock.dll
0x000007fefcda0000 - 0x000007fefcdfb000 	C:\Windows\system32\DNSAPI.dll
0x000007fef08f0000 - 0x000007fef0905000 	C:\Windows\system32\napinsp.dll
0x000007fef0700000 - 0x000007fef0719000 	C:\Windows\system32\pnrpnsp.dll
0x000007fef0a70000 - 0x000007fef0a7b000 	C:\Windows\System32\winrnr.dll
0x000007fefb8d0000 - 0x000007fefb8e0000 	C:\Windows\system32\wshbth.dll
0x000007fefa190000 - 0x000007fefa1a2000 	C:\Windows\system32\PrxerNsp.dll
0x000007fefc6d0000 - 0x000007fefc6f7000 	C:\Windows\system32\IPHLPAPI.DLL
0x000007fefc6c0000 - 0x000007fefc6cb000 	C:\Windows\system32\WINNSI.DLL
0x000007fefa180000 - 0x000007fefa188000 	C:\Windows\system32\rasadhlp.dll
0x0000000180000000 - 0x000000018003e000 	C:\Program Files (x86)\Avira\AntiVir Desktop\avsda64.dll
0x000007fefc6a0000 - 0x000007fefc6b6000 	C:\Windows\system32\PrxerDrv.dll
0x000007fefc690000 - 0x000007fefc697000 	C:\Windows\System32\wshtcpip.dll
0x000007fefcf80000 - 0x000007fefcf97000 	C:\Windows\system32\CRYPTSP.dll
0x000007fefcc80000 - 0x000007fefccc7000 	C:\Windows\system32\rsaenh.dll
0x000007fefca30000 - 0x000007fefca4e000 	C:\Windows\system32\USERENV.dll
0x000007fefd6f0000 - 0x000007fefd6ff000 	C:\Windows\system32\profapi.dll
0x000007fefd5e0000 - 0x000007fefd5ef000 	C:\Windows\system32\CRYPTBASE.dll
0x0000000068b80000 - 0x0000000068b99000 	C:\Program Files\Java\jre7\bin\net.dll
0x000007fefcf10000 - 0x000007fefcf17000 	C:\Windows\System32\wship6.dll
0x000007fefabf0000 - 0x000007fefac43000 	C:\Windows\System32\fwpuclnt.dll
0x0000000064dd0000 - 0x0000000064de1000 	C:\Program Files\Java\jre7\bin\nio.dll
0x000007fee9290000 - 0x000007fee92c7000 	C:\Users\Armin\AppData\Local\Temp\jna-Armin\jna2872833375521168255.dll
0x0000000062590000 - 0x0000000062723000 	C:\Program Files\Java\jre7\bin\awt.dll
0x000007feff0d0000 - 0x000007feff1a7000 	C:\Windows\system32\OLEAUT32.dll
0x000007fefee20000 - 0x000007feff023000 	C:\Windows\system32\ole32.dll
0x000007fefbea0000 - 0x000007fefbef6000 	C:\Windows\system32\uxtheme.dll
0x0000000002250000 - 0x000000000228b000 	C:\Windows\W7FBC\dll.dll
0x000007feff030000 - 0x000007feff0c7000 	C:\Windows\system32\COMDLG32.dll
0x000007fefdb40000 - 0x000007fefe8c8000 	C:\Windows\system32\SHELL32.dll
0x000007fefbc80000 - 0x000007fefbe95000 	C:\Windows\WinSxS\amd64_microsoft.windows.gdiplus_6595b64144ccf1df_1.1.7601.17514_none_2b24536c71ed437a\gdiplus.dll
0x000007fefba70000 - 0x000007fefba88000 	C:\Windows\system32\dwmapi.dll
0x0000000062dd0000 - 0x0000000062e00000 	C:\Users\Armin\Desktop\Kar\jajeem\util\vlclib\libvlc.dll
0x000000005e090000 - 0x000000005e2e4000 	C:\Users\Armin\Desktop\Kar\jajeem\util\vlclib\libvlccore.dll
0x000007feeca60000 - 0x000007feecc5f000 	C:\Windows\system32\d3d9.dll
0x000007fefc5a0000 - 0x000007fefc5ac000 	C:\Windows\system32\VERSION.dll
0x000007feef5e0000 - 0x000007feef5e7000 	C:\Windows\system32\d3d8thk.dll
0x000000006f550000 - 0x000000006f5f3000 	C:\Windows\system32\aticfx64.dll
0x000007feef5d0000 - 0x000007feef5dd000 	C:\Windows\system32\atiu9p64.dll
0x000000006a0d0000 - 0x000000006a5dd000 	C:\Windows\system32\atiumd64.dll
0x000000006a790000 - 0x000000006aabb000 	C:\Windows\system32\atiumd6a.dll
0x0000000063070000 - 0x00000000630a4000 	C:\Program Files\Java\jre7\bin\fontmanager.dll
0x0000000060920000 - 0x0000000060976000 	C:\Users\Armin\Desktop\Kar\jajeem\util\vlclib\plugins\access\libdshow_plugin.dll
0x0000000062d80000 - 0x0000000062da0000 	C:\Users\Armin\Desktop\Kar\jajeem\util\vlclib\plugins\audio_output\libaout_directx_plugin.dll
0x0000000062080000 - 0x00000000620a0000 	C:\Users\Armin\Desktop\Kar\jajeem\util\vlclib\plugins\audio_output\libwaveout_plugin.dll
0x000007fefb480000 - 0x000007fefb508000 	C:\Windows\system32\DSOUND.dll
0x000007fefc570000 - 0x000007fefc59c000 	C:\Windows\system32\POWRPROF.dll
0x000007fefeac0000 - 0x000007fefec97000 	C:\Windows\system32\SETUPAPI.dll
0x000007fefda80000 - 0x000007fefdab6000 	C:\Windows\system32\CFGMGR32.dll
0x000007fefd880000 - 0x000007fefd89a000 	C:\Windows\system32\DEVOBJ.dll
0x000000005a7c0000 - 0x000000005b333000 	C:\Users\Armin\Desktop\Kar\jajeem\util\vlclib\plugins\gui\libqt4_plugin.dll
0x000007fefb850000 - 0x000007fefb8c1000 	C:\Windows\system32\WINSPOOL.DRV
0x0000000060700000 - 0x000000006087a000 	C:\Users\Armin\Desktop\Kar\jajeem\util\vlclib\plugins\misc\libxml_plugin.dll
0x00000000609b0000 - 0x00000000609d6000 	C:\Users\Armin\Desktop\Kar\jajeem\util\vlclib\plugins\video_output\libdirectx_plugin.dll
0x0000000062010000 - 0x000000006202c000 	C:\Users\Armin\Desktop\Kar\jajeem\util\vlclib\plugins\mmxext\libmemcpymmxext_plugin.dll
0x0000000060980000 - 0x00000000609a1000 	C:\Users\Armin\Desktop\Kar\jajeem\util\vlclib\plugins\control\libhotkeys_plugin.dll
0x000007fefba90000 - 0x000007fefbadb000 	C:\Windows\system32\MMDevAPI.DLL
0x000007fefbf00000 - 0x000007fefc02c000 	C:\Windows\system32\PROPSYS.dll
0x000007fee3660000 - 0x000007fee369b000 	C:\Windows\system32\wdmaud.drv
0x0000000068e70000 - 0x0000000068e76000 	C:\Windows\system32\ksuser.dll
0x000007fefb5c0000 - 0x000007fefb5c9000 	C:\Windows\system32\AVRT.dll
0x000007fefb280000 - 0x000007fefb2cf000 	C:\Windows\system32\AUDIOSES.DLL
0x000007fef0b60000 - 0x000007fef0b6a000 	C:\Windows\system32\msacm32.drv
0x000007fef0980000 - 0x000007fef0998000 	C:\Windows\system32\MSACM32.dll
0x000007fefb5e0000 - 0x000007fefb5e9000 	C:\Windows\system32\midimap.dll
0x000007fefa400000 - 0x000007fefa4a0000 	C:\Windows\WinSxS\amd64_microsoft.windows.common-controls_6595b64144ccf1df_5.82.7601.17514_none_a4d6a923711520a9\comctl32.dll
0x000007feff3a0000 - 0x000007feff439000 	C:\Windows\system32\CLBCatQ.DLL
0x000007fefb450000 - 0x000007fefb47d000 	C:\Windows\system32\ntmarta.dll
0x000007fefeca0000 - 0x000007fefecf2000 	C:\Windows\system32\WLDAP32.dll
0x000007fefd580000 - 0x000007fefd5d7000 	C:\Windows\system32\apphelp.dll
0x000007fef4ad0000 - 0x000007fef4c6c000 	C:\Windows\system32\NetworkExplorer.dll
0x000007fef6b30000 - 0x000007fef6b64000 	C:\Windows\System32\shdocvw.dll
0x000007fefaf60000 - 0x000007fefaf6b000 	C:\Windows\system32\slc.dll
0x000007fefb900000 - 0x000007fefba2a000 	C:\Windows\system32\WindowsCodecs.dll
0x000000006e850000 - 0x000000006e866000 	C:\Program Files\Common Files\TortoiseOverlays\TortoiseOverlays.dll
0x000000006e880000 - 0x000000006e890000 	C:\Program Files\TortoiseSVN\bin\TortoiseStub.dll
0x000000006ce40000 - 0x000000006ceb8000 	C:\Program Files\TortoiseSVN\bin\TortoiseSVN.dll
0x0000000076e00000 - 0x0000000076f5a000 	C:\Windows\system32\WININET.dll
0x0000000077450000 - 0x0000000077453000 	C:\Windows\system32\Normaliz.dll
0x0000000076f60000 - 0x000000007716d000 	C:\Windows\system32\iertutil.dll
0x0000000076bb0000 - 0x0000000076cfd000 	C:\Windows\system32\urlmon.dll
0x000007fef64e0000 - 0x000007fef68bc000 	C:\Program Files\TortoiseSVN\bin\libsvn_tsvn.dll
0x000000006cf10000 - 0x000000006cf3b000 	C:\Program Files\TortoiseSVN\bin\libapr_tsvn.dll
0x000000006cec0000 - 0x000000006cf01000 	C:\Program Files\TortoiseSVN\bin\libaprutil_tsvn.dll
0x000007fef7610000 - 0x000007fef7620000 	C:\Program Files\TortoiseSVN\bin\intl3_tsvn.dll
0x000007fef6c40000 - 0x000007fef6c5a000 	C:\Program Files\TortoiseSVN\bin\libsasl.dll
0x000007fefd520000 - 0x000007fefd52b000 	C:\Windows\system32\Secur32.dll
0x000007fefd550000 - 0x000007fefd575000 	C:\Windows\system32\SSPICLI.DLL
0x000007fefd910000 - 0x000007fefda77000 	C:\Windows\system32\CRYPT32.dll
0x000007fefd790000 - 0x000007fefd79f000 	C:\Windows\system32\MSASN1.dll
0x000000006ccc0000 - 0x000000006cd58000 	C:\Windows\system32\MSVCP100.dll
0x000007fef6c00000 - 0x000007fef6c35000 	C:\Windows\system32\EhStorShell.dll
0x000007fef5e60000 - 0x000007fef64d1000 	C:\PROGRA~1\MIF5BA~1\Office14\GROOVEEX.DLL
0x000000006cc20000 - 0x000000006ccbd000 	C:\Windows\WinSxS\amd64_microsoft.vc90.crt_1fc8b3b9a1e18e3b_9.0.30729.4940_none_08e4299fa83d7e3c\MSVCR90.dll
0x000000006cb40000 - 0x000000006cc13000 	C:\Windows\WinSxS\amd64_microsoft.vc90.crt_1fc8b3b9a1e18e3b_9.0.30729.4940_none_08e4299fa83d7e3c\MSVCP90.dll
0x000000006cb10000 - 0x000000006cb3f000 	C:\Windows\WinSxS\amd64_microsoft.vc90.atl_1fc8b3b9a1e18e3b_9.0.30729.4148_none_0a1d2fcba76b3f00\ATL90.DLL
0x000007fef5a50000 - 0x000007fef5e5f000 	C:\PROGRA~1\COMMON~1\MICROS~1\OFFICE14\Cultures\office.odf
0x000007fef51e0000 - 0x000007fef5a44000 	C:\PROGRA~1\MIF5BA~1\Office14\1033\GrooveIntlResource.dll
0x0000000062fb0000 - 0x0000000062ff1000 	C:\Program Files\Java\jre7\bin\t2k.dll

VM Arguments:
jvm_args: -agentlib:jdwp=transport=dt_socket,suspend=y,address=localhost:2721 -Dfile.encoding=Cp1256 
java_command: com.jajeem.videoplayer.design.VideoPlayer
Launcher Type: SUN_STANDARD

Environment Variables:
PATH=C:\Program Files (x86)\NVIDIA Corporation\PhysX\Common;C:\Program Files (x86)\MiKTeX 2.9\miktex\bin;C:\Windows\system32;C:\Windows;C:\Windows\System32\Wbem;C:\Windows\System32\WindowsPowerShell\v1.0\;c:\Program Files (x86)\ATI Technologies\ATI.ACE\Core-Static;C:\Program Files\Intel\WiFi\bin\;C:\Program Files\Common Files\Intel\WirelessCommon\;C:\Program Files (x86)\Common Files\Roxio Shared\DLLShared\;C:\Program Files (x86)\Common Files\Roxio Shared\OEM\DLLShared\;C:\Program Files (x86)\Common Files\Roxio Shared\OEM\DLLShared\;C:\Program Files (x86)\Common Files\Roxio Shared\OEM\12.0\DLLShared\;C:\Program Files (x86)\Roxio\OEM\AudioCore\;C:\Program Files (x86)\Java\jre6\bin;C:\Program Files\TortoiseSVN\bin;C:\Program Files (x86)\Microsoft SQL Server\100\Tools\Binn\;C:\Program Files\Microsoft SQL Server\100\Tools\Binn\;C:\Program Files\Microsoft SQL Server\100\DTS\Binn\;C:\Program Files (x86)\Microsoft SQL Server\100\Tools\Binn\VSShell\Common7\IDE\;C:\Program Files (x86)\Microsoft Visual Studio 9.0\Common7\IDE\PrivateAssemblies\;C:\Program Files (x86)\Microsoft SQL Server\100\DTS\Binn\;C:\Program Files\Microsoft\Web Platform Installer\;;C:\Program Files (x86)\Universal Extractor;C:\Program Files (x86)\Universal Extractor\bin;C:\Program Files (x86)\Microsoft ASP.NET\ASP.NET Web Pages\v1.0\;C:\Program Files (x86)\Windows Kits\8.0\Windows Performance Toolkit\;C:\Program Files\Microsoft SQL Server\110\Tools\Binn\;C:\Program Files\WIDCOMM\Bluetooth Software\;C:\Program Files\WIDCOMM\Bluetooth Software\syswow64;C:\Program Files (x86)\OpenVPN\bin
USERNAME=Armin
OS=Windows_NT
PROCESSOR_IDENTIFIER=Intel64 Family 6 Model 42 Stepping 7, GenuineIntel



---------------  S Y S T E M  ---------------

OS: Windows 7 , 64 bit Build 7601 Service Pack 1

CPU:total 8 (4 cores per cpu, 2 threads per core) family 6 model 42 stepping 7, cmov, cx8, fxsr, mmx, sse, sse2, sse3, ssse3, sse4.1, sse4.2, popcnt, avx, ht, tsc, tscinvbit

Memory: 4k page, physical 8335180k(4671804k free), swap 16668512k(11509196k free)

vm_info: Java HotSpot(TM) 64-Bit Server VM (23.7-b01) for windows-amd64 JRE (1.7.0_17-b02), built on Mar  1 2013 03:38:30 by "java_re" with unknown MS VC++:1600

time: Mon Jun 24 22:01:08 2013
elapsed time: 34 seconds

