#
# A fatal error has been detected by the Java Runtime Environment:
#
#  EXCEPTION_ACCESS_VIOLATION (0xc0000005) at pc=0x0000000077cde4b4, pid=7288, tid=5348
#
# JRE version: 7.0_17-b02
# Java VM: Java HotSpot(TM) 64-Bit Server VM (23.7-b01 mixed mode windows-amd64 compressed oops)
# Problematic frame:
# C  [ntdll.dll+0x4e4b4]  RtlDeNormalizeProcessParams+0x5a4
#
# Failed to write core dump. Minidumps are not enabled by default on client versions of Windows
#
# If you would like to submit a bug report, please visit:
#   http://bugreport.sun.com/bugreport/crash.jsp
# The crash happened outside the Java Virtual Machine in native code.
# See problematic frame for where to report the bug.
#

---------------  T H R E A D  ---------------

Current thread (0x000000000ff1a800):  JavaThread "pool-2-thread-1" [_thread_in_native, id=5348, stack(0x0000000016db0000,0x0000000016eb0000)]

siginfo: ExceptionCode=0xc0000005, writing address 0x0000000000000024

Registers:
RAX=0x0000000000000000, RBX=0x0000000014392d40, RCX=0x00000000fffffffc, RDX=0x0000000000000668
RSP=0x0000000016eae2d0, RBP=0x0000000000000000, RSI=0x0000000000000668, RDI=0x0000000000000000
R8 =0x0000000016eae288, R9 =0x0000000000000004, R10=0x0000000000000000, R11=0x0000000000000246
R12=0x0000000000000000, R13=0x0000000000000000, R14=0x000007fffff6c000, R15=0x0000000000000000
RIP=0x0000000077cde4b4, EFLAGS=0x0000000000010213

Top of Stack: (sp=0x0000000016eae2d0)
0x0000000016eae2d0:   000000000ff11bb0 0000000000000668
0x0000000016eae2e0:   000000077be50518 0000000014392d38
0x0000000016eae2f0:   000000000ff1a9d8 0000000016eae478
0x0000000016eae300:   000000000ff1a800 000000005d3a5f08
0x0000000016eae310:   0000000002105810 0000000016eae470
0x0000000016eae320:   0000000000000000 0000000000000000
0x0000000016eae330:   fffffff90000002f 000000000dfc84e8
0x0000000016eae340:   000000000000000f 0000000000000000
0x0000000016eae350:   000000000ff1a800 0000000016eaebe0
0x0000000016eae360:   0000000000000004 0000000000000001
0x0000000016eae370:   00000000ff000000 0000000077cde3db
0x0000000016eae380:   0000000700000000 0000000000000000
0x0000000016eae390:   000000077bd71f00 0000000014392d40
0x0000000016eae3a0:   0000000014392cc8 000000006a7e8b65
0x0000000016eae3b0:   0000000016eae470 0000000014392d38
0x0000000016eae3c0:   000000077be50518 000007fef0be05fa 

Instructions: (pc=0x0000000077cde4b4)
0x0000000077cde494:   0f b1 4b 08 0f 85 9b 47 fd ff 48 8b 03 4c 89 ac
0x0000000077cde4a4:   24 c0 00 00 00 33 ed 45 33 ed 48 83 f8 ff 74 03
0x0000000077cde4b4:   ff 40 24 ba 22 17 00 00 48 8d 3d cd 8f 0e 00 80
0x0000000077cde4c4:   3c 25 82 03 fe 7f 00 0f 85 53 be 01 00 48 83 fe 


Register to memory mapping:

RAX=0x0000000000000000 is an unknown value
RBX=0x0000000014392d40 is an unknown value
RCX=0x00000000fffffffc is an unknown value
RDX=0x0000000000000668 is an unknown value
RSP=0x0000000016eae2d0 is pointing into the stack for thread: 0x000000000ff1a800
RBP=0x0000000000000000 is an unknown value
RSI=0x0000000000000668 is an unknown value
RDI=0x0000000000000000 is an unknown value
R8 =0x0000000016eae288 is pointing into the stack for thread: 0x000000000ff1a800
R9 =0x0000000000000004 is an unknown value
R10=0x0000000000000000 is an unknown value
R11=0x0000000000000246 is an unknown value
R12=0x0000000000000000 is an unknown value
R13=0x0000000000000000 is an unknown value
R14=0x000007fffff6c000 is an unknown value
R15=0x0000000000000000 is an unknown value


Stack: [0x0000000016db0000,0x0000000016eb0000],  sp=0x0000000016eae2d0,  free space=1016k
Native frames: (J=compiled Java code, j=interpreted, Vv=VM code, C=native code)
C  [ntdll.dll+0x4e4b4]  RtlDeNormalizeProcessParams+0x5a4

[error occurred during error reporting (printing native stack), id 0xc0000005]

Java frames: (J=compiled Java code, j=interpreted, Vv=VM code)
j  com.sun.jna.Native.invokeLong(JI[Ljava/lang/Object;)J+0
j  com.sun.jna.Function.invoke([Ljava/lang/Object;Ljava/lang/Class;Z)Ljava/lang/Object;+389
j  com.sun.jna.Function.invoke(Ljava/lang/Class;[Ljava/lang/Object;Ljava/util/Map;)Ljava/lang/Object;+214
j  com.sun.jna.Library$Handler.invoke(Ljava/lang/Object;Ljava/lang/reflect/Method;[Ljava/lang/Object;)Ljava/lang/Object;+341
j  com.sun.proxy.$Proxy0.libvlc_media_player_get_time(Luk/co/caprica/vlcj/binding/internal/libvlc_media_player_t;)J+16
j  uk.co.caprica.vlcj.player.DefaultMediaPlayer.getTime()J+17
j  com.jajeem.videoplayer.design.PlayerControlsPanel$UpdateRunnable.run()V+4
j  java.util.concurrent.Executors$RunnableAdapter.call()Ljava/lang/Object;+4
j  java.util.concurrent.FutureTask$Sync.innerRunAndReset()Z+30
j  java.util.concurrent.FutureTask.runAndReset()Z+4
j  java.util.concurrent.ScheduledThreadPoolExecutor$ScheduledFutureTask.access$301(Ljava/util/concurrent/ScheduledThreadPoolExecutor$ScheduledFutureTask;)Z+1
j  java.util.concurrent.ScheduledThreadPoolExecutor$ScheduledFutureTask.run()V+37
j  java.util.concurrent.ThreadPoolExecutor.runWorker(Ljava/util/concurrent/ThreadPoolExecutor$Worker;)V+95
j  java.util.concurrent.ThreadPoolExecutor$Worker.run()V+5
j  java.lang.Thread.run()V+11
v  ~StubRoutines::call_stub

---------------  P R O C E S S  ---------------

Java Threads: ( => current thread )
  0x000000000de48800 JavaThread "TimerQueue" daemon [_thread_blocked, id=7408, stack(0x0000000015ce0000,0x0000000015de0000)]
  0x000000000e0a4000 JavaThread "D3D Screen Updater" daemon [_thread_blocked, id=6832, stack(0x00000000171a0000,0x00000000172a0000)]
=>0x000000000ff1a800 JavaThread "pool-2-thread-1" [_thread_in_native, id=5348, stack(0x0000000016db0000,0x0000000016eb0000)]
  0x000000000fd46000 JavaThread "Swing-Shell" daemon [_thread_blocked, id=4568, stack(0x00000000152b0000,0x00000000153b0000)]
  0x0000000010048800 JavaThread "vlcj native mouse hook" [_thread_in_native, id=7580, stack(0x0000000010a40000,0x0000000010b40000)]
  0x000000000219f000 JavaThread "DestroyJavaVM" [_thread_blocked, id=5084, stack(0x00000000023e0000,0x00000000024e0000)]
  0x000000000fd0d800 JavaThread "AWT-EventQueue-0" [_thread_blocked, id=1184, stack(0x0000000010f80000,0x0000000011080000)]
  0x000000000fce5000 JavaThread "AWT-Windows" daemon [_thread_in_native, id=2468, stack(0x0000000010650000,0x0000000010750000)]
  0x000000000fce4800 JavaThread "AWT-Shutdown" [_thread_blocked, id=7896, stack(0x0000000010490000,0x0000000010590000)]
  0x000000000fce3800 JavaThread "Java2D Disposer" daemon [_thread_blocked, id=6000, stack(0x00000000102f0000,0x00000000103f0000)]
  0x000000000de13000 JavaThread "Service Thread" daemon [_thread_blocked, id=6032, stack(0x000000000f720000,0x000000000f820000)]
  0x000000000de0a000 JavaThread "C2 CompilerThread1" daemon [_thread_blocked, id=6276, stack(0x000000000f530000,0x000000000f630000)]
  0x000000000de06800 JavaThread "C2 CompilerThread0" daemon [_thread_blocked, id=7112, stack(0x000000000f190000,0x000000000f290000)]
  0x000000000ddfb800 JavaThread "JDWP Command Reader" daemon [_thread_in_native, id=8028, stack(0x000000000f300000,0x000000000f400000)]
  0x000000000ddf1000 JavaThread "JDWP Event Helper Thread" daemon [_thread_blocked, id=5216, stack(0x000000000f040000,0x000000000f140000)]
  0x000000000dde2800 JavaThread "JDWP Transport Listener: dt_socket" daemon [_thread_blocked, id=6552, stack(0x000000000eea0000,0x000000000efa0000)]
  0x000000000ddd8000 JavaThread "Attach Listener" daemon [_thread_blocked, id=8032, stack(0x000000000e3e0000,0x000000000e4e0000)]
  0x000000000ddd7000 JavaThread "Signal Dispatcher" daemon [_thread_blocked, id=5608, stack(0x000000000e220000,0x000000000e320000)]
  0x000000000bccb000 JavaThread "Finalizer" daemon [_thread_blocked, id=7524, stack(0x000000000d920000,0x000000000da20000)]
  0x000000000bcc2800 JavaThread "Reference Handler" daemon [_thread_blocked, id=2096, stack(0x000000000dc80000,0x000000000dd80000)]

Other Threads:
  0x000000000bcb7000 VMThread [stack: 0x000000000da90000,0x000000000db90000] [id=4740]
  0x000000000de21800 WatcherThread [stack: 0x000000000f960000,0x000000000fa60000] [id=908]

VM state:not at safepoint (normal execution)

VM Mutex/Monitor currently owned by a thread: None

Heap
 PSYoungGen      total 38016K, used 21391K [0x00000007d5960000, 0x00000007d83c0000, 0x0000000800000000)
  eden space 32640K, 51% used [0x00000007d5960000,0x00000007d69a59a0,0x00000007d7940000)
  from space 5376K, 87% used [0x00000007d7e80000,0x00000007d831e638,0x00000007d83c0000)
  to   space 5376K, 0% used [0x00000007d7940000,0x00000007d7940000,0x00000007d7e80000)
 ParOldGen       total 86848K, used 208K [0x0000000780c00000, 0x00000007860d0000, 0x00000007d5960000)
  object space 86848K, 0% used [0x0000000780c00000,0x0000000780c34000,0x00000007860d0000)
 PSPermGen       total 21248K, used 18075K [0x000000077ba00000, 0x000000077cec0000, 0x0000000780c00000)
  object space 21248K, 85% used [0x000000077ba00000,0x000000077cba6cc8,0x000000077cec0000)

Card table byte_map: [0x00000000054e0000,0x0000000005910000] byte_map_base: 0x0000000001903000

Polling page: 0x0000000000420000

Code Cache  [0x00000000024e0000, 0x0000000002750000, 0x00000000054e0000)
 total_blobs=698 nmethods=195 adapters=462 free_code_cache=48032Kb largest_free_block=49151040

Compilation events (10 events):
Event: 20.206 Thread 0x000000000de0a000  192             java.lang.Integer::<init> (10 bytes)
Event: 20.207 Thread 0x000000000de0a000 nmethod 192 0x00000000025af650 code [0x00000000025af780, 0x00000000025af7d8]
Event: 25.118 Thread 0x000000000de06800  193             java.util.WeakHashMap::getEntry (72 bytes)
Event: 25.124 Thread 0x000000000de06800 nmethod 193 0x00000000025aed10 code [0x00000000025aeea0, 0x00000000025af290]
Event: 26.500 Thread 0x000000000de0a000  195             java.lang.ThreadLocal::getMap (5 bytes)
Event: 26.501 Thread 0x000000000de0a000 nmethod 195 0x00000000025eeb10 code [0x00000000025eec40, 0x00000000025eecd8]
Event: 26.513 Thread 0x000000000de06800  196             java.lang.ThreadLocal::access$400 (5 bytes)
Event: 26.514 Thread 0x000000000de06800 nmethod 196 0x00000000025ee8d0 code [0x00000000025eea00, 0x00000000025eea78]
Event: 26.558 Thread 0x000000000de0a000  197             java.util.LinkedHashMap$LinkedHashIterator::hasNext (20 bytes)
Event: 26.560 Thread 0x000000000de0a000 nmethod 197 0x00000000025ee610 code [0x00000000025ee740, 0x00000000025ee7f8]

GC Heap History (4 events):
Event: 11.473 GC heap before
{Heap before GC invocations=1 (full 0):
 PSYoungGen      total 38016K, used 32640K [0x00000007d5960000, 0x00000007d83c0000, 0x0000000800000000)
  eden space 32640K, 100% used [0x00000007d5960000,0x00000007d7940000,0x00000007d7940000)
  from space 5376K, 0% used [0x00000007d7e80000,0x00000007d7e80000,0x00000007d83c0000)
  to   space 5376K, 0% used [0x00000007d7940000,0x00000007d7940000,0x00000007d7e80000)
 ParOldGen       total 86848K, used 0K [0x0000000780c00000, 0x00000007860d0000, 0x00000007d5960000)
  object space 86848K, 0% used [0x0000000780c00000,0x0000000780c00000,0x00000007860d0000)
 PSPermGen       total 21248K, used 9786K [0x000000077ba00000, 0x000000077cec0000, 0x0000000780c00000)
  object space 21248K, 46% used [0x000000077ba00000,0x000000077c38ea10,0x000000077cec0000)
Event: 11.487 GC heap after
Heap after GC invocations=1 (full 0):
 PSYoungGen      total 38016K, used 5345K [0x00000007d5960000, 0x00000007d83c0000, 0x0000000800000000)
  eden space 32640K, 0% used [0x00000007d5960000,0x00000007d5960000,0x00000007d7940000)
  from space 5376K, 99% used [0x00000007d7940000,0x00000007d7e78440,0x00000007d7e80000)
  to   space 5376K, 0% used [0x00000007d7e80000,0x00000007d7e80000,0x00000007d83c0000)
 ParOldGen       total 86848K, used 200K [0x0000000780c00000, 0x00000007860d0000, 0x00000007d5960000)
  object space 86848K, 0% used [0x0000000780c00000,0x0000000780c32000,0x00000007860d0000)
 PSPermGen       total 21248K, used 9786K [0x000000077ba00000, 0x000000077cec0000, 0x0000000780c00000)
  object space 21248K, 46% used [0x000000077ba00000,0x000000077c38ea10,0x000000077cec0000)
}
Event: 19.224 GC heap before
{Heap before GC invocations=2 (full 0):
 PSYoungGen      total 38016K, used 37985K [0x00000007d5960000, 0x00000007d83c0000, 0x0000000800000000)
  eden space 32640K, 100% used [0x00000007d5960000,0x00000007d7940000,0x00000007d7940000)
  from space 5376K, 99% used [0x00000007d7940000,0x00000007d7e78440,0x00000007d7e80000)
  to   space 5376K, 0% used [0x00000007d7e80000,0x00000007d7e80000,0x00000007d83c0000)
 ParOldGen       total 86848K, used 200K [0x0000000780c00000, 0x00000007860d0000, 0x00000007d5960000)
  object space 86848K, 0% used [0x0000000780c00000,0x0000000780c32000,0x00000007860d0000)
 PSPermGen       total 21248K, used 17966K [0x000000077ba00000, 0x000000077cec0000, 0x0000000780c00000)
  object space 21248K, 84% used [0x000000077ba00000,0x000000077cb8b8b8,0x000000077cec0000)
Event: 19.234 GC heap after
Heap after GC invocations=2 (full 0):
 PSYoungGen      total 38016K, used 4729K [0x00000007d5960000, 0x00000007d83c0000, 0x0000000800000000)
  eden space 32640K, 0% used [0x00000007d5960000,0x00000007d5960000,0x00000007d7940000)
  from space 5376K, 87% used [0x00000007d7e80000,0x00000007d831e638,0x00000007d83c0000)
  to   space 5376K, 0% used [0x00000007d7940000,0x00000007d7940000,0x00000007d7e80000)
 ParOldGen       total 86848K, used 208K [0x0000000780c00000, 0x00000007860d0000, 0x00000007d5960000)
  object space 86848K, 0% used [0x0000000780c00000,0x0000000780c34000,0x00000007860d0000)
 PSPermGen       total 21248K, used 17966K [0x000000077ba00000, 0x000000077cec0000, 0x0000000780c00000)
  object space 21248K, 84% used [0x000000077ba00000,0x000000077cb8b8b8,0x000000077cec0000)
}

Deoptimization events (10 events):
Event: 12.507 Thread 0x000000000fd0d800 Uncommon trap -83 fr.pc 0x00000000025aebec
Event: 12.742 Thread 0x000000000de48800 Uncommon trap -34 fr.pc 0x000000000256b92c
Event: 12.748 Thread 0x000000000de48800 Uncommon trap -34 fr.pc 0x000000000256b92c
Event: 12.749 Thread 0x000000000de48800 Uncommon trap -34 fr.pc 0x000000000256b92c
Event: 12.751 Thread 0x000000000de48800 Uncommon trap -34 fr.pc 0x000000000256b92c
Event: 13.188 Thread 0x000000000fd0d800 Uncommon trap -34 fr.pc 0x0000000002580c7c
Event: 13.188 Thread 0x000000000fd0d800 Uncommon trap -34 fr.pc 0x0000000002580c7c
Event: 13.189 Thread 0x000000000fd0d800 Uncommon trap -34 fr.pc 0x0000000002580c7c
Event: 13.189 Thread 0x000000000fd0d800 Uncommon trap -34 fr.pc 0x0000000002580c7c
Event: 13.201 Thread 0x000000000fd0d800 Uncommon trap -83 fr.pc 0x00000000025a9834

Internal exceptions (10 events):
Event: 13.820 Thread 0x000000000fd0d800 Threw 0x00000007d6a202f0 at C:\jdk7u2_64p\jdk7u17\hotspot\src\share\vm\prims\jvm.cpp:1166
Event: 13.828 Thread 0x000000000fd0d800 Threw 0x00000007d6a23e48 at C:\jdk7u2_64p\jdk7u17\hotspot\src\share\vm\prims\jvm.cpp:1166
Event: 13.829 Thread 0x000000000fd0d800 Threw 0x00000007d6a27e80 at C:\jdk7u2_64p\jdk7u17\hotspot\src\share\vm\prims\jvm.cpp:1166
Event: 13.830 Thread 0x000000000fd0d800 Threw 0x00000007d6a2cd48 at C:\jdk7u2_64p\jdk7u17\hotspot\src\share\vm\prims\jvm.cpp:1166
Event: 13.830 Thread 0x000000000fd0d800 Threw 0x00000007d6aa2578 at C:\jdk7u2_64p\jdk7u17\hotspot\src\share\vm\prims\jvm.cpp:1166
Event: 13.831 Thread 0x000000000fd0d800 Threw 0x00000007d6aabdf0 at C:\jdk7u2_64p\jdk7u17\hotspot\src\share\vm\prims\jvm.cpp:1166
Event: 13.831 Thread 0x000000000fd0d800 Threw 0x00000007d6ab5548 at C:\jdk7u2_64p\jdk7u17\hotspot\src\share\vm\prims\jvm.cpp:1166
Event: 13.832 Thread 0x000000000fd0d800 Threw 0x00000007d6abc448 at C:\jdk7u2_64p\jdk7u17\hotspot\src\share\vm\prims\jvm.cpp:1166
Event: 13.833 Thread 0x000000000fd0d800 Threw 0x00000007d6ac7198 at C:\jdk7u2_64p\jdk7u17\hotspot\src\share\vm\prims\jvm.cpp:1166
Event: 28.420 Thread 0x000000000fd0d800 Threw 0x00000007d5b8cc40 at C:\jdk7u2_64p\jdk7u17\hotspot\src\share\vm\prims\jni.cpp:742

Events (10 events):
Event: 26.385 loading class 0x000000000de7fea0
Event: 26.385 loading class 0x000000000de7fea0 done
Event: 26.397 loading class 0x000000000fd078a0
Event: 26.397 loading class 0x000000000fd078a0 done
Event: 26.398 loading class 0x000000000de958a0
Event: 26.398 loading class 0x000000000de958a0 done
Event: 26.885 loading class 0x00000000110c7660
Event: 26.885 loading class 0x00000000110c7660 done
Event: 28.431 loading class 0x000000000de8aa20
Event: 28.431 loading class 0x000000000de8aa20 done


Dynamic libraries:
0x000000013f640000 - 0x000000013f673000 	C:\Program Files\Java\jre7\bin\javaw.exe
0x0000000077c90000 - 0x0000000077e39000 	C:\Windows\SYSTEM32\ntdll.dll
0x0000000077910000 - 0x0000000077a2f000 	C:\Windows\system32\kernel32.dll
0x000007fefe1a0000 - 0x000007fefe20b000 	C:\Windows\system32\KERNELBASE.dll
0x000007feff5e0000 - 0x000007feff6bb000 	C:\Windows\system32\ADVAPI32.dll
0x000007feff9e0000 - 0x000007feffa7f000 	C:\Windows\system32\msvcrt.dll
0x000007feffa90000 - 0x000007feffaaf000 	C:\Windows\SYSTEM32\sechost.dll
0x000007feffab0000 - 0x000007feffbdd000 	C:\Windows\system32\RPCRT4.dll
0x0000000077a30000 - 0x0000000077b2a000 	C:\Windows\system32\USER32.dll
0x000007feff6c0000 - 0x000007feff727000 	C:\Windows\system32\GDI32.dll
0x000007feffa80000 - 0x000007feffa8e000 	C:\Windows\system32\LPK.dll
0x000007feffe30000 - 0x000007feffef9000 	C:\Windows\system32\USP10.dll
0x000007fefdc10000 - 0x000007fefde04000 	C:\Windows\WinSxS\amd64_microsoft.windows.common-controls_6595b64144ccf1df_6.0.7601.17514_none_fa396087175ac9ac\COMCTL32.dll
0x000007feff2f0000 - 0x000007feff361000 	C:\Windows\system32\SHLWAPI.dll
0x000007feff2a0000 - 0x000007feff2ce000 	C:\Windows\system32\IMM32.DLL
0x000007feffcc0000 - 0x000007feffdc9000 	C:\Windows\system32\MSCTF.dll
0x0000000068580000 - 0x0000000068651000 	C:\Program Files\Java\jre7\bin\msvcr100.dll
0x000000005cea0000 - 0x000000005d5bf000 	C:\Program Files\Java\jre7\bin\server\jvm.dll
0x000007fefacd0000 - 0x000007fefacd9000 	C:\Windows\system32\WSOCK32.dll
0x000007feff250000 - 0x000007feff29d000 	C:\Windows\system32\WS2_32.dll
0x000007feff550000 - 0x000007feff558000 	C:\Windows\system32\NSI.dll
0x000007fefc580000 - 0x000007fefc5bb000 	C:\Windows\system32\WINMM.dll
0x0000000077e60000 - 0x0000000077e67000 	C:\Windows\system32\PSAPI.DLL
0x000000006f810000 - 0x000000006f81f000 	C:\Program Files\Java\jre7\bin\verify.dll
0x000000006f7e0000 - 0x000000006f808000 	C:\Program Files\Java\jre7\bin\java.dll
0x0000000068c30000 - 0x0000000068c65000 	C:\Program Files\Java\jre7\bin\jdwp.dll
0x000000006bc00000 - 0x000000006bc08000 	C:\Program Files\Java\jre7\bin\npt.dll
0x000000006aaa0000 - 0x000000006aab5000 	C:\Program Files\Java\jre7\bin\zip.dll
0x000000006fcb0000 - 0x000000006fcb9000 	C:\Program Files\Java\jre7\bin\dt_socket.dll
0x000007fefd640000 - 0x000007fefd695000 	C:\Windows\system32\mswsock.dll
0x000007fefd4c0000 - 0x000007fefd51b000 	C:\Windows\system32\DNSAPI.dll
0x000007fefb4c0000 - 0x000007fefb4d5000 	C:\Windows\system32\napinsp.dll
0x000007fefb900000 - 0x000007fefb919000 	C:\Windows\system32\pnrpnsp.dll
0x000007fefb8f0000 - 0x000007fefb8fb000 	C:\Windows\System32\winrnr.dll
0x000007fef35e0000 - 0x000007fef35f0000 	C:\Windows\system32\wshbth.dll
0x000007fefab90000 - 0x000007fefaba2000 	C:\Windows\system32\PrxerNsp.dll
0x000007fefcdc0000 - 0x000007fefcde7000 	C:\Windows\system32\IPHLPAPI.DLL
0x000007fefcdb0000 - 0x000007fefcdbb000 	C:\Windows\system32\WINNSI.DLL
0x000007fefab80000 - 0x000007fefab88000 	C:\Windows\system32\rasadhlp.dll
0x0000000180000000 - 0x000000018003e000 	C:\Program Files (x86)\Avira\AntiVir Desktop\avsda64.dll
0x000007fefcd90000 - 0x000007fefcda6000 	C:\Windows\system32\PrxerDrv.dll
0x000007fefcd80000 - 0x000007fefcd87000 	C:\Windows\System32\wshtcpip.dll
0x000007fefd6a0000 - 0x000007fefd6b7000 	C:\Windows\system32\CRYPTSP.dll
0x000007fefd380000 - 0x000007fefd3c7000 	C:\Windows\system32\rsaenh.dll
0x000007fefd130000 - 0x000007fefd14e000 	C:\Windows\system32\USERENV.dll
0x000007fefe0f0000 - 0x000007fefe0ff000 	C:\Windows\system32\profapi.dll
0x000007fefe020000 - 0x000007fefe02f000 	C:\Windows\system32\CRYPTBASE.dll
0x000000006b320000 - 0x000000006b339000 	C:\Program Files\Java\jre7\bin\net.dll
0x000007fefd630000 - 0x000007fefd637000 	C:\Windows\System32\wship6.dll
0x000007fefba50000 - 0x000007fefbaa3000 	C:\Windows\System32\fwpuclnt.dll
0x000000006a940000 - 0x000000006a951000 	C:\Program Files\Java\jre7\bin\nio.dll
0x000007fef0bd0000 - 0x000007fef0c07000 	C:\Users\Armin\AppData\Local\Temp\jna-Armin\jna5946282714157251925.dll
0x000000006a7e0000 - 0x000000006a810000 	C:\Users\Armin\Desktop\Kar\jajeem\vlclib\vlclib\libvlc.dll
0x000000005f6a0000 - 0x000000005f8f4000 	C:\Users\Armin\Desktop\Kar\jajeem\vlclib\vlclib\libvlccore.dll
0x000007fefe4c0000 - 0x000007feff248000 	C:\Windows\system32\SHELL32.dll
0x00000000677c0000 - 0x0000000067953000 	C:\Program Files\Java\jre7\bin\awt.dll
0x000007feffbe0000 - 0x000007feffcb7000 	C:\Windows\system32\OLEAUT32.dll
0x000007feff730000 - 0x000007feff933000 	C:\Windows\system32\ole32.dll
0x000007fefde30000 - 0x000007fefde86000 	C:\Windows\system32\uxtheme.dll
0x00000000022d0000 - 0x000000000230b000 	C:\Windows\W7FBC\dll.dll
0x000007feff940000 - 0x000007feff9d7000 	C:\Windows\system32\COMDLG32.dll
0x000007fefc230000 - 0x000007fefc445000 	C:\Windows\WinSxS\amd64_microsoft.windows.gdiplus_6595b64144ccf1df_1.1.7601.17514_none_2b24536c71ed437a\gdiplus.dll
0x000007fefd3d0000 - 0x000007fefd3e8000 	C:\Windows\system32\dwmapi.dll
0x000007fee64d0000 - 0x000007fee66cf000 	C:\Windows\system32\d3d9.dll
0x000007fefcc90000 - 0x000007fefcc9c000 	C:\Windows\system32\VERSION.dll
0x000007fef21c0000 - 0x000007fef21c7000 	C:\Windows\system32\d3d8thk.dll
0x000000006fbc0000 - 0x000000006fc63000 	C:\Windows\system32\aticfx64.dll
0x000007fef0a60000 - 0x000007fef0a6d000 	C:\Windows\system32\atiu9p64.dll
0x000000005b380000 - 0x000000005b88d000 	C:\Windows\system32\atiumd64.dll
0x000000005ba70000 - 0x000000005bd9b000 	C:\Windows\system32\atiumd6a.dll
0x0000000068540000 - 0x0000000068574000 	C:\Program Files\Java\jre7\bin\fontmanager.dll
0x000007fefc610000 - 0x000007fefc698000 	C:\Windows\system32\DSOUND.dll
0x000007fefcc60000 - 0x000007fefcc8c000 	C:\Windows\system32\POWRPROF.dll
0x000007feff370000 - 0x000007feff547000 	C:\Windows\system32\SETUPAPI.dll
0x000007fefe480000 - 0x000007fefe4b6000 	C:\Windows\system32\CFGMGR32.dll
0x000007fefe210000 - 0x000007fefe22a000 	C:\Windows\system32\DEVOBJ.dll
0x000000005a800000 - 0x000000005b373000 	C:\Users\Armin\Desktop\Kar\jajeem\vlclib\vlclib\plugins\gui\libqt4_plugin.dll
0x000007fefbb40000 - 0x000007fefbbb1000 	C:\Windows\system32\WINSPOOL.DRV
0x0000000066410000 - 0x000000006658a000 	C:\Users\Armin\Desktop\Kar\jajeem\vlclib\vlclib\plugins\misc\libxml_plugin.dll
0x000007fefc5c0000 - 0x000007fefc60b000 	C:\Windows\system32\MMDevAPI.DLL
0x000007fefc450000 - 0x000007fefc57c000 	C:\Windows\system32\PROPSYS.dll
0x000007feed4d0000 - 0x000007feed50b000 	C:\Windows\system32\wdmaud.drv
0x00000000535d0000 - 0x00000000535d6000 	C:\Windows\system32\ksuser.dll
0x000007fefc7a0000 - 0x000007fefc7a9000 	C:\Windows\system32\AVRT.dll
0x000007fefc0a0000 - 0x000007fefc0ef000 	C:\Windows\system32\AUDIOSES.DLL
0x000007fef0670000 - 0x000007fef067a000 	C:\Windows\system32\msacm32.drv
0x000007fee7410000 - 0x000007fee7428000 	C:\Windows\system32\MSACM32.dll
0x000007feef5a0000 - 0x000007feef5a9000 	C:\Windows\system32\midimap.dll
0x000007fefad80000 - 0x000007fefae20000 	C:\Windows\WinSxS\amd64_microsoft.windows.common-controls_6595b64144ccf1df_5.82.7601.17514_none_a4d6a923711520a9\comctl32.dll
0x000007fefff00000 - 0x000007fefff99000 	C:\Windows\system32\CLBCatQ.DLL
0x000007fefc030000 - 0x000007fefc05d000 	C:\Windows\system32\ntmarta.dll
0x000007feffdd0000 - 0x000007feffe22000 	C:\Windows\system32\WLDAP32.dll
0x000007fefdfc0000 - 0x000007fefe017000 	C:\Windows\system32\apphelp.dll
0x000007fef40d0000 - 0x000007fef426c000 	C:\Windows\system32\NetworkExplorer.dll
0x000007fef46f0000 - 0x000007fef4724000 	C:\Windows\System32\shdocvw.dll
0x000007fefd200000 - 0x000007fefd20b000 	C:\Windows\system32\slc.dll
0x000007fefbf00000 - 0x000007fefc02a000 	C:\Windows\system32\WindowsCodecs.dll
0x000000006fe60000 - 0x000000006fe76000 	C:\Program Files\Common Files\TortoiseOverlays\TortoiseOverlays.dll
0x000000006fe50000 - 0x000000006fe60000 	C:\Program Files\TortoiseSVN\bin\TortoiseStub.dll
0x000000006fd20000 - 0x000000006fd98000 	C:\Program Files\TortoiseSVN\bin\TortoiseSVN.dll
0x0000000077b30000 - 0x0000000077c8a000 	C:\Windows\system32\WININET.dll
0x0000000077e50000 - 0x0000000077e53000 	C:\Windows\system32\Normaliz.dll
0x00000000775b0000 - 0x00000000777bd000 	C:\Windows\system32\iertutil.dll
0x00000000777c0000 - 0x000000007790d000 	C:\Windows\system32\urlmon.dll
0x000007fef71f0000 - 0x000007fef75cc000 	C:\Program Files\TortoiseSVN\bin\libsvn_tsvn.dll
0x000000006fe20000 - 0x000000006fe4b000 	C:\Program Files\TortoiseSVN\bin\libapr_tsvn.dll
0x000000006fdd0000 - 0x000000006fe11000 	C:\Program Files\TortoiseSVN\bin\libaprutil_tsvn.dll
0x000007fef70f0000 - 0x000007fef7100000 	C:\Program Files\TortoiseSVN\bin\intl3_tsvn.dll
0x000007fef7070000 - 0x000007fef708a000 	C:\Program Files\TortoiseSVN\bin\libsasl.dll
0x000007fefdf60000 - 0x000007fefdf6b000 	C:\Windows\system32\Secur32.dll
0x000007fefdf90000 - 0x000007fefdfb5000 	C:\Windows\system32\SSPICLI.DLL
0x000007fefe230000 - 0x000007fefe397000 	C:\Windows\system32\CRYPT32.dll
0x000007fefe190000 - 0x000007fefe19f000 	C:\Windows\system32\MSASN1.dll
0x000000006f650000 - 0x000000006f6e8000 	C:\Windows\system32\MSVCP100.dll
0x000007fef6f70000 - 0x000007fef6fa5000 	C:\Windows\system32\EhStorShell.dll
0x000007fef68f0000 - 0x000007fef6f61000 	C:\PROGRA~1\MIF5BA~1\Office14\GROOVEEX.DLL
0x000000006f580000 - 0x000000006f61d000 	C:\Windows\WinSxS\amd64_microsoft.vc90.crt_1fc8b3b9a1e18e3b_9.0.30729.4940_none_08e4299fa83d7e3c\MSVCR90.dll
0x000000006f4a0000 - 0x000000006f573000 	C:\Windows\WinSxS\amd64_microsoft.vc90.crt_1fc8b3b9a1e18e3b_9.0.30729.4940_none_08e4299fa83d7e3c\MSVCP90.dll
0x000000006fda0000 - 0x000000006fdcf000 	C:\Windows\WinSxS\amd64_microsoft.vc90.atl_1fc8b3b9a1e18e3b_9.0.30729.4148_none_0a1d2fcba76b3f00\ATL90.DLL
0x000007fef5ab0000 - 0x000007fef5ebf000 	C:\PROGRA~1\COMMON~1\MICROS~1\OFFICE14\Cultures\office.odf
0x000007fef49f0000 - 0x000007fef5254000 	C:\PROGRA~1\MIF5BA~1\Office14\1033\GrooveIntlResource.dll
0x0000000067770000 - 0x00000000677b1000 	C:\Program Files\Java\jre7\bin\t2k.dll
0x000007fef7f50000 - 0x000007fef7f68000 	C:\Windows\system32\MPR.dll
0x000007fefbcb0000 - 0x000007fefbcba000 	C:\Windows\System32\drprov.dll
0x000007fefda60000 - 0x000007fefda9d000 	C:\Windows\System32\WINSTA.dll
0x000007fefb880000 - 0x000007fefb8a2000 	C:\Windows\System32\ntlanman.dll
0x000007fefb860000 - 0x000007fefb87c000 	C:\Windows\System32\davclnt.dll
0x000007fefb850000 - 0x000007fefb85a000 	C:\Windows\System32\DAVHLPR.dll

VM Arguments:
jvm_args: -agentlib:jdwp=transport=dt_socket,suspend=y,address=localhost:33423 -Dfile.encoding=Cp1256 
java_command: com.jajeem.videoplayer.design.VideoPlayer
Launcher Type: SUN_STANDARD

Environment Variables:
PATH=C:\Program Files (x86)\NVIDIA Corporation\PhysX\Common;C:\Program Files (x86)\MiKTeX 2.9\miktex\bin;C:\Windows\system32;C:\Windows;C:\Windows\System32\Wbem;C:\Windows\System32\WindowsPowerShell\v1.0\;c:\Program Files (x86)\ATI Technologies\ATI.ACE\Core-Static;C:\Program Files\Intel\WiFi\bin\;C:\Program Files\Common Files\Intel\WirelessCommon\;C:\Program Files (x86)\Common Files\Roxio Shared\DLLShared\;C:\Program Files (x86)\Common Files\Roxio Shared\OEM\DLLShared\;C:\Program Files (x86)\Common Files\Roxio Shared\OEM\DLLShared\;C:\Program Files (x86)\Common Files\Roxio Shared\OEM\12.0\DLLShared\;C:\Program Files (x86)\Roxio\OEM\AudioCore\;C:\Program Files (x86)\Java\jre6\bin;C:\Program Files\TortoiseSVN\bin;C:\Program Files (x86)\Microsoft SQL Server\100\Tools\Binn\;C:\Program Files\Microsoft SQL Server\100\Tools\Binn\;C:\Program Files\Microsoft SQL Server\100\DTS\Binn\;C:\Program Files (x86)\Microsoft SQL Server\100\Tools\Binn\VSShell\Common7\IDE\;C:\Program Files (x86)\Microsoft Visual Studio 9.0\Common7\IDE\PrivateAssemblies\;C:\Program Files (x86)\Microsoft SQL Server\100\DTS\Binn\;C:\Program Files\Microsoft\Web Platform Installer\;;C:\Program Files (x86)\Universal Extractor;C:\Program Files (x86)\Universal Extractor\bin;C:\Program Files (x86)\Microsoft ASP.NET\ASP.NET Web Pages\v1.0\;C:\Program Files (x86)\Windows Kits\8.0\Windows Performance Toolkit\;C:\Program Files\Microsoft SQL Server\110\Tools\Binn\;C:\Program Files\WIDCOMM\Bluetooth Software\;C:\Program Files\WIDCOMM\Bluetooth Software\syswow64;C:\Program Files (x86)\OpenVPN\bin
USERNAME=Armin
OS=Windows_NT
PROCESSOR_IDENTIFIER=Intel64 Family 6 Model 42 Stepping 7, GenuineIntel



---------------  S Y S T E M  ---------------

OS: Windows 7 , 64 bit Build 7601 Service Pack 1

CPU:total 8 (4 cores per cpu, 2 threads per core) family 6 model 42 stepping 7, cmov, cx8, fxsr, mmx, sse, sse2, sse3, ssse3, sse4.1, sse4.2, popcnt, avx, ht, tsc, tscinvbit

Memory: 4k page, physical 8335180k(4924748k free), swap 16668512k(11945104k free)

vm_info: Java HotSpot(TM) 64-Bit Server VM (23.7-b01) for windows-amd64 JRE (1.7.0_17-b02), built on Mar  1 2013 03:38:30 by "java_re" with unknown MS VC++:1600

time: Wed Jun 12 11:57:30 2013
elapsed time: 28 seconds

