#
# A fatal error has been detected by the Java Runtime Environment:
#
#  EXCEPTION_ACCESS_VIOLATION (0xc0000005) at pc=0x000000007718e4b4, pid=7652, tid=5376
#
# JRE version: 7.0_17-b02
# Java VM: Java HotSpot(TM) 64-Bit Server VM (23.7-b01 mixed mode windows-amd64 compressed oops)
# Problematic frame:
# C  [ntdll.dll+0x4e4b4]  RtlDeNormalizeProcessParams+0x5a4
#
# Failed to write core dump. Minidumps are not enabled by default on client versions of Windows
#
# If you would like to submit a bug report, please visit:
#   http://bugreport.sun.com/bugreport/crash.jsp
# The crash happened outside the Java Virtual Machine in native code.
# See problematic frame for where to report the bug.
#

---------------  T H R E A D  ---------------

Current thread (0x00000000102c6800):  JavaThread "pool-3-thread-1" [_thread_in_native, id=5376, stack(0x00000000192f0000,0x00000000193f0000)]

siginfo: ExceptionCode=0xc0000005, writing address 0x0000000000000024

Registers:
RAX=0x0000000000000000, RBX=0x000000001776b480, RCX=0x00000000fffffffc, RDX=0x000000000000092c
RSP=0x00000000193ee1a0, RBP=0x0000000000000000, RSI=0x000000000000092c, RDI=0x0000000000000000
R8 =0x00000000193ee158, R9 =0x0000000000000004, R10=0x0000000000000000, R11=0x0000000000000246
R12=0x0000000000000000, R13=0x0000000000000000, R14=0x000007fffff54000, R15=0x0000000000000000
RIP=0x000000007718e4b4, EFLAGS=0x0000000000010213

Top of Stack: (sp=0x00000000193ee1a0)
0x00000000193ee1a0:   0000000012fd7180 000000000000092c
0x00000000193ee1b0:   0000000002416590 000000001776b478
0x00000000193ee1c0:   00000000102c69d8 00000000193ee348
0x00000000193ee1d0:   00000000102c6800 000000005de65f08
0x00000000193ee1e0:   0000000002115770 00000000193ee340
0x00000000193ee1f0:   0000000000000000 0000000000000000
0x00000000193ee200:   000000077ba19092 0000000010984708
0x00000000193ee210:   000000077baabf38 0000000000000000
0x00000000193ee220:   00000000102c6800 00000000193eeab0
0x00000000193ee230:   0000000000000004 0000000000000001
0x00000000193ee240:   00000000ff000000 000000007718e3db
0x00000000193ee250:   0000000000000000 0000000000000000
0x00000000193ee260:   000000077d2adb58 000000001776b480
0x00000000193ee270:   000000001776b408 000000005c228b65
0x00000000193ee280:   00000000193ee340 000000001776b478
0x00000000193ee290:   0000000002416590 000007fee37805fa 

Instructions: (pc=0x000000007718e4b4)
0x000000007718e494:   0f b1 4b 08 0f 85 9b 47 fd ff 48 8b 03 4c 89 ac
0x000000007718e4a4:   24 c0 00 00 00 33 ed 45 33 ed 48 83 f8 ff 74 03
0x000000007718e4b4:   ff 40 24 ba 22 17 00 00 48 8d 3d cd 8f 0e 00 80
0x000000007718e4c4:   3c 25 82 03 fe 7f 00 0f 85 53 be 01 00 48 83 fe 


Register to memory mapping:

RAX=0x0000000000000000 is an unknown value
RBX=0x000000001776b480 is an unknown value
RCX=0x00000000fffffffc is an unknown value
RDX=0x000000000000092c is an unknown value
RSP=0x00000000193ee1a0 is pointing into the stack for thread: 0x00000000102c6800
RBP=0x0000000000000000 is an unknown value
RSI=0x000000000000092c is an unknown value
RDI=0x0000000000000000 is an unknown value
R8 =0x00000000193ee158 is pointing into the stack for thread: 0x00000000102c6800
R9 =0x0000000000000004 is an unknown value
R10=0x0000000000000000 is an unknown value
R11=0x0000000000000246 is an unknown value
R12=0x0000000000000000 is an unknown value
R13=0x0000000000000000 is an unknown value
R14=0x000007fffff54000 is an unknown value
R15=0x0000000000000000 is an unknown value


Stack: [0x00000000192f0000,0x00000000193f0000],  sp=0x00000000193ee1a0,  free space=1016k
Native frames: (J=compiled Java code, j=interpreted, Vv=VM code, C=native code)
C  [ntdll.dll+0x4e4b4]  RtlDeNormalizeProcessParams+0x5a4

[error occurred during error reporting (printing native stack), id 0xc0000005]

Java frames: (J=compiled Java code, j=interpreted, Vv=VM code)
j  com.sun.jna.Native.invokeLong(JI[Ljava/lang/Object;)J+0
j  com.sun.jna.Function.invoke([Ljava/lang/Object;Ljava/lang/Class;Z)Ljava/lang/Object;+389
j  com.sun.jna.Function.invoke(Ljava/lang/Class;[Ljava/lang/Object;Ljava/util/Map;)Ljava/lang/Object;+214
j  com.sun.jna.Library$Handler.invoke(Ljava/lang/Object;Ljava/lang/reflect/Method;[Ljava/lang/Object;)Ljava/lang/Object;+341
j  com.sun.proxy.$Proxy8.libvlc_media_player_get_time(Luk/co/caprica/vlcj/binding/internal/libvlc_media_player_t;)J+16
j  uk.co.caprica.vlcj.player.DefaultMediaPlayer.getTime()J+17
j  com.jajeem.videoplayer.design.PlayerControlsPanel$UpdateRunnable.run()V+4
j  java.util.concurrent.Executors$RunnableAdapter.call()Ljava/lang/Object;+4
j  java.util.concurrent.FutureTask$Sync.innerRunAndReset()Z+30
j  java.util.concurrent.FutureTask.runAndReset()Z+4
j  java.util.concurrent.ScheduledThreadPoolExecutor$ScheduledFutureTask.access$301(Ljava/util/concurrent/ScheduledThreadPoolExecutor$ScheduledFutureTask;)Z+1
j  java.util.concurrent.ScheduledThreadPoolExecutor$ScheduledFutureTask.run()V+37
j  java.util.concurrent.ThreadPoolExecutor.runWorker(Ljava/util/concurrent/ThreadPoolExecutor$Worker;)V+95
j  java.util.concurrent.ThreadPoolExecutor$Worker.run()V+5
j  java.lang.Thread.run()V+11
v  ~StubRoutines::call_stub

---------------  P R O C E S S  ---------------

Java Threads: ( => current thread )
=>0x00000000102c6800 JavaThread "pool-3-thread-1" [_thread_in_native, id=5376, stack(0x00000000192f0000,0x00000000193f0000)]
  0x00000000102c5000 JavaThread "Swing-Shell" daemon [_thread_blocked, id=7280, stack(0x0000000017b10000,0x0000000017c10000)]
  0x00000000102c3800 JavaThread "RMI Scheduler(0)" daemon [_thread_blocked, id=7264, stack(0x0000000016d30000,0x0000000016e30000)]
  0x00000000102bf800 JavaThread "D3D Screen Updater" daemon [_thread_blocked, id=6344, stack(0x0000000018550000,0x0000000018650000)]
  0x00000000102c1000 JavaThread "Thread-120" [_thread_in_native, id=7000, stack(0x00000000173c0000,0x00000000174c0000)]
  0x00000000102bf000 JavaThread "Timer-1" [_thread_blocked, id=8100, stack(0x00000000171c0000,0x00000000172c0000)]
  0x00000000102c2000 JavaThread "Timer-0" [_thread_blocked, id=6188, stack(0x0000000016f40000,0x0000000017040000)]
  0x00000000102c4000 JavaThread "TimerQueue" daemon [_thread_blocked, id=4492, stack(0x0000000016e40000,0x0000000016f40000)]
  0x00000000102c0800 JavaThread "DestroyJavaVM" [_thread_blocked, id=7676, stack(0x0000000002310000,0x0000000002410000)]
  0x00000000102be000 JavaThread "AWT-EventQueue-0" [_thread_in_vm, id=7908, stack(0x00000000149f0000,0x0000000014af0000)]
  0x00000000102bd800 JavaThread "AWT-Shutdown" [_thread_blocked, id=7904, stack(0x0000000014870000,0x0000000014970000)]
  0x000000001064c000 JavaThread "Thread-4" [_thread_in_native, id=7900, stack(0x00000000145f0000,0x00000000146f0000)]
  0x00000000104a7800 JavaThread "RMI TCP Accept-2020" daemon [_thread_in_native, id=7892, stack(0x0000000014760000,0x0000000014860000)]
  0x00000000109c0000 JavaThread "GC Daemon" daemon [_thread_blocked, id=7888, stack(0x00000000144b0000,0x00000000145b0000)]
  0x0000000010991800 JavaThread "RMI Reaper" [_thread_blocked, id=7884, stack(0x0000000014170000,0x0000000014270000)]
  0x00000000102d1800 JavaThread "RMI TCP Accept-2019" daemon [_thread_in_native, id=7880, stack(0x0000000014290000,0x0000000014390000)]
  0x00000000106a7800 JavaThread "H2 Log Writer JAJEEM.DB" daemon [_thread_blocked, id=7500, stack(0x0000000014030000,0x0000000014130000)]
  0x000000000dfcd000 JavaThread "H2 File Lock Watchdog C:/Users/Armin/Desktop/Kar/jajeem/jajeem.db.lock.db" daemon [_thread_blocked, id=6752, stack(0x0000000010a10000,0x0000000010b10000)]
  0x000000000dfce000 JavaThread "AWT-Windows" daemon [_thread_in_native, id=6288, stack(0x000000000fa50000,0x000000000fb50000)]
  0x000000000dfde000 JavaThread "Java2D Disposer" daemon [_thread_blocked, id=312, stack(0x000000000f820000,0x000000000f920000)]
  0x000000000dcf4000 JavaThread "Service Thread" daemon [_thread_blocked, id=884, stack(0x000000000f0c0000,0x000000000f1c0000)]
  0x000000000dceb800 JavaThread "C2 CompilerThread1" daemon [_thread_blocked, id=6300, stack(0x000000000f380000,0x000000000f480000)]
  0x000000000dce8000 JavaThread "C2 CompilerThread0" daemon [_thread_in_native, id=3108, stack(0x000000000f230000,0x000000000f330000)]
  0x000000000dcdb800 JavaThread "JDWP Command Reader" daemon [_thread_in_native, id=7748, stack(0x000000000ef40000,0x000000000f040000)]
  0x000000000dccd000 JavaThread "JDWP Event Helper Thread" daemon [_thread_blocked, id=7744, stack(0x000000000ec70000,0x000000000ed70000)]
  0x000000000dcbf000 JavaThread "JDWP Transport Listener: dt_socket" daemon [_thread_blocked, id=7732, stack(0x000000000edf0000,0x000000000eef0000)]
  0x000000000dcb8000 JavaThread "Attach Listener" daemon [_thread_blocked, id=7720, stack(0x000000000e320000,0x000000000e420000)]
  0x000000000dcb7000 JavaThread "Signal Dispatcher" daemon [_thread_blocked, id=7716, stack(0x000000000e170000,0x000000000e270000)]
  0x000000000bf0b000 JavaThread "Finalizer" daemon [_thread_blocked, id=7712, stack(0x000000000db60000,0x000000000dc60000)]
  0x000000000bf02800 JavaThread "Reference Handler" daemon [_thread_blocked, id=4904, stack(0x000000000da40000,0x000000000db40000)]

Other Threads:
  0x000000000bef7000 VMThread [stack: 0x000000000d8f0000,0x000000000d9f0000] [id=3432]
  0x000000000dd03000 WatcherThread [stack: 0x000000000f580000,0x000000000f680000] [id=4772]

VM state:not at safepoint (normal execution)

VM Mutex/Monitor currently owned by a thread: None

Heap
 PSYoungGen      total 70656K, used 14315K [0x00000007d5960000, 0x00000007da3a0000, 0x0000000800000000)
  eden space 65280K, 13% used [0x00000007d5960000,0x00000007d6221520,0x00000007d9920000)
  from space 5376K, 99% used [0x00000007d9e60000,0x00000007da399840,0x00000007da3a0000)
  to   space 5376K, 0% used [0x00000007d9920000,0x00000007d9920000,0x00000007d9e60000)
 ParOldGen       total 86848K, used 19710K [0x0000000780c00000, 0x00000007860d0000, 0x00000007d5960000)
  object space 86848K, 22% used [0x0000000780c00000,0x0000000781f3fbe8,0x00000007860d0000)
 PSPermGen       total 35776K, used 29940K [0x000000077ba00000, 0x000000077dcf0000, 0x0000000780c00000)
  object space 35776K, 83% used [0x000000077ba00000,0x000000077d73d008,0x000000077dcf0000)

Card table byte_map: [0x00000000054d0000,0x0000000005900000] byte_map_base: 0x00000000018f3000

Polling page: 0x0000000000220000

Code Cache  [0x0000000002410000, 0x0000000002680000, 0x0000000005410000)
 total_blobs=898 nmethods=312 adapters=545 free_code_cache=47650Kb largest_free_block=48762688

Compilation events (10 events):
Event: 43.999 Thread 0x000000000dceb800  322             java.lang.System::getSecurityManager (4 bytes)
Event: 43.999 Thread 0x000000000dceb800 nmethod 322 0x0000000002585c90 code [0x0000000002585dc0, 0x0000000002585e18]
Event: 47.982 Thread 0x000000000dce8000  323             java.awt.geom.RoundRectIterator::currentSegment (144 bytes)
Event: 47.995 Thread 0x000000000dce8000 nmethod 323 0x0000000002502d10 code [0x0000000002502e80, 0x0000000002503328]
Event: 48.904 Thread 0x000000000dceb800  324             sun.font.FontDesignMetrics::getLatinCharWidth (29 bytes)
Event: 48.907 Thread 0x000000000dceb800 nmethod 324 0x0000000002502890 code [0x0000000002502a00, 0x0000000002502b88]
Event: 48.947 Thread 0x000000000dce8000  325             java.util.EventObject::getSource (5 bytes)
Event: 48.947 Thread 0x000000000dce8000 nmethod 325 0x0000000002588050 code [0x0000000002588180, 0x00000000025881f8]
Event: 49.331 Thread 0x000000000dceb800  326             javax.swing.JComponent::contains (27 bytes)
Event: 49.333 Thread 0x000000000dceb800 nmethod 326 0x0000000002587e10 code [0x0000000002587f40, 0x0000000002587fd8]

GC Heap History (10 events):
Event: 3.001 GC heap before
{Heap before GC invocations=1 (full 0):
 PSYoungGen      total 38016K, used 32640K [0x00000007d5960000, 0x00000007d83c0000, 0x0000000800000000)
  eden space 32640K, 100% used [0x00000007d5960000,0x00000007d7940000,0x00000007d7940000)
  from space 5376K, 0% used [0x00000007d7e80000,0x00000007d7e80000,0x00000007d83c0000)
  to   space 5376K, 0% used [0x00000007d7940000,0x00000007d7940000,0x00000007d7e80000)
 ParOldGen       total 86848K, used 0K [0x0000000780c00000, 0x00000007860d0000, 0x00000007d5960000)
  object space 86848K, 0% used [0x0000000780c00000,0x0000000780c00000,0x00000007860d0000)
 PSPermGen       total 21248K, used 14234K [0x000000077ba00000, 0x000000077cec0000, 0x0000000780c00000)
  object space 21248K, 66% used [0x000000077ba00000,0x000000077c7e6980,0x000000077cec0000)
Event: 3.021 GC heap after
Heap after GC invocations=1 (full 0):
 PSYoungGen      total 38016K, used 5354K [0x00000007d5960000, 0x00000007d83c0000, 0x0000000800000000)
  eden space 32640K, 0% used [0x00000007d5960000,0x00000007d5960000,0x00000007d7940000)
  from space 5376K, 99% used [0x00000007d7940000,0x00000007d7e7ab00,0x00000007d7e80000)
  to   space 5376K, 0% used [0x00000007d7e80000,0x00000007d7e80000,0x00000007d83c0000)
 ParOldGen       total 86848K, used 925K [0x0000000780c00000, 0x00000007860d0000, 0x00000007d5960000)
  object space 86848K, 1% used [0x0000000780c00000,0x0000000780ce7450,0x00000007860d0000)
 PSPermGen       total 21248K, used 14234K [0x000000077ba00000, 0x000000077cec0000, 0x0000000780c00000)
  object space 21248K, 66% used [0x000000077ba00000,0x000000077c7e6980,0x000000077cec0000)
}
Event: 4.779 GC heap before
{Heap before GC invocations=2 (full 0):
 PSYoungGen      total 38016K, used 26762K [0x00000007d5960000, 0x00000007d83c0000, 0x0000000800000000)
  eden space 32640K, 65% used [0x00000007d5960000,0x00000007d6e47e20,0x00000007d7940000)
  from space 5376K, 99% used [0x00000007d7940000,0x00000007d7e7ab00,0x00000007d7e80000)
  to   space 5376K, 0% used [0x00000007d7e80000,0x00000007d7e80000,0x00000007d83c0000)
 ParOldGen       total 86848K, used 925K [0x0000000780c00000, 0x00000007860d0000, 0x00000007d5960000)
  object space 86848K, 1% used [0x0000000780c00000,0x0000000780ce7450,0x00000007860d0000)
 PSPermGen       total 21248K, used 17614K [0x000000077ba00000, 0x000000077cec0000, 0x0000000780c00000)
  object space 21248K, 82% used [0x000000077ba00000,0x000000077cb33910,0x000000077cec0000)
Event: 4.787 GC heap after
Heap after GC invocations=2 (full 0):
 PSYoungGen      total 38016K, used 5362K [0x00000007d5960000, 0x00000007d83c0000, 0x0000000800000000)
  eden space 32640K, 0% used [0x00000007d5960000,0x00000007d5960000,0x00000007d7940000)
  from space 5376K, 99% used [0x00000007d7e80000,0x00000007d83bca50,0x00000007d83c0000)
  to   space 5376K, 0% used [0x00000007d7940000,0x00000007d7940000,0x00000007d7e80000)
 ParOldGen       total 86848K, used 4569K [0x0000000780c00000, 0x00000007860d0000, 0x00000007d5960000)
  object space 86848K, 5% used [0x0000000780c00000,0x00000007810767d8,0x00000007860d0000)
 PSPermGen       total 21248K, used 17614K [0x000000077ba00000, 0x000000077cec0000, 0x0000000780c00000)
  object space 21248K, 82% used [0x000000077ba00000,0x000000077cb33910,0x000000077cec0000)
}
Event: 4.787 GC heap before
{Heap before GC invocations=3 (full 1):
 PSYoungGen      total 38016K, used 5362K [0x00000007d5960000, 0x00000007d83c0000, 0x0000000800000000)
  eden space 32640K, 0% used [0x00000007d5960000,0x00000007d5960000,0x00000007d7940000)
  from space 5376K, 99% used [0x00000007d7e80000,0x00000007d83bca50,0x00000007d83c0000)
  to   space 5376K, 0% used [0x00000007d7940000,0x00000007d7940000,0x00000007d7e80000)
 ParOldGen       total 86848K, used 4569K [0x0000000780c00000, 0x00000007860d0000, 0x00000007d5960000)
  object space 86848K, 5% used [0x0000000780c00000,0x00000007810767d8,0x00000007860d0000)
 PSPermGen       total 21248K, used 17614K [0x000000077ba00000, 0x000000077cec0000, 0x0000000780c00000)
  object space 21248K, 82% used [0x000000077ba00000,0x000000077cb33910,0x000000077cec0000)
Event: 4.818 GC heap after
Heap after GC invocations=3 (full 1):
 PSYoungGen      total 38016K, used 0K [0x00000007d5960000, 0x00000007d83c0000, 0x0000000800000000)
  eden space 32640K, 0% used [0x00000007d5960000,0x00000007d5960000,0x00000007d7940000)
  from space 5376K, 0% used [0x00000007d7e80000,0x00000007d7e80000,0x00000007d83c0000)
  to   space 5376K, 0% used [0x00000007d7940000,0x00000007d7940000,0x00000007d7e80000)
 ParOldGen       total 86848K, used 8731K [0x0000000780c00000, 0x00000007860d0000, 0x00000007d5960000)
  object space 86848K, 10% used [0x0000000780c00000,0x0000000781486ef8,0x00000007860d0000)
 PSPermGen       total 35776K, used 17609K [0x000000077ba00000, 0x000000077dcf0000, 0x0000000780c00000)
  object space 35776K, 49% used [0x000000077ba00000,0x000000077cb325e0,0x000000077dcf0000)
}
Event: 5.416 GC heap before
{Heap before GC invocations=4 (full 1):
 PSYoungGen      total 38016K, used 32640K [0x00000007d5960000, 0x00000007d83c0000, 0x0000000800000000)
  eden space 32640K, 100% used [0x00000007d5960000,0x00000007d7940000,0x00000007d7940000)
  from space 5376K, 0% used [0x00000007d7e80000,0x00000007d7e80000,0x00000007d83c0000)
  to   space 5376K, 0% used [0x00000007d7940000,0x00000007d7940000,0x00000007d7e80000)
 ParOldGen       total 86848K, used 8731K [0x0000000780c00000, 0x00000007860d0000, 0x00000007d5960000)
  object space 86848K, 10% used [0x0000000780c00000,0x0000000781486ef8,0x00000007860d0000)
 PSPermGen       total 35776K, used 21391K [0x000000077ba00000, 0x000000077dcf0000, 0x0000000780c00000)
  object space 35776K, 59% used [0x000000077ba00000,0x000000077cee3f60,0x000000077dcf0000)
Event: 5.441 GC heap after
Heap after GC invocations=4 (full 1):
 PSYoungGen      total 38016K, used 5352K [0x00000007d5960000, 0x00000007da3a0000, 0x0000000800000000)
  eden space 32640K, 0% used [0x00000007d5960000,0x00000007d5960000,0x00000007d7940000)
  from space 5376K, 99% used [0x00000007d7940000,0x00000007d7e7a2a0,0x00000007d7e80000)
  to   space 5376K, 0% used [0x00000007d9e60000,0x00000007d9e60000,0x00000007da3a0000)
 ParOldGen       total 86848K, used 16792K [0x0000000780c00000, 0x00000007860d0000, 0x00000007d5960000)
  object space 86848K, 19% used [0x0000000780c00000,0x0000000781c66138,0x00000007860d0000)
 PSPermGen       total 35776K, used 21391K [0x000000077ba00000, 0x000000077dcf0000, 0x0000000780c00000)
  object space 35776K, 59% used [0x000000077ba00000,0x000000077cee3f60,0x000000077dcf0000)
}
Event: 15.159 GC heap before
{Heap before GC invocations=5 (full 1):
 PSYoungGen      total 38016K, used 37992K [0x00000007d5960000, 0x00000007da3a0000, 0x0000000800000000)
  eden space 32640K, 100% used [0x00000007d5960000,0x00000007d7940000,0x00000007d7940000)
  from space 5376K, 99% used [0x00000007d7940000,0x00000007d7e7a2a0,0x00000007d7e80000)
  to   space 5376K, 0% used [0x00000007d9e60000,0x00000007d9e60000,0x00000007da3a0000)
 ParOldGen       total 86848K, used 16792K [0x0000000780c00000, 0x00000007860d0000, 0x00000007d5960000)
  object space 86848K, 19% used [0x0000000780c00000,0x0000000781c66138,0x00000007860d0000)
 PSPermGen       total 35776K, used 28403K [0x000000077ba00000, 0x000000077dcf0000, 0x0000000780c00000)
  object space 35776K, 79% used [0x000000077ba00000,0x000000077d5bcf48,0x000000077dcf0000)
Event: 15.165 GC heap after
Heap after GC invocations=5 (full 1):
 PSYoungGen      total 70656K, used 5350K [0x00000007d5960000, 0x00000007da3a0000, 0x0000000800000000)
  eden space 65280K, 0% used [0x00000007d5960000,0x00000007d5960000,0x00000007d9920000)
  from space 5376K, 99% used [0x00000007d9e60000,0x00000007da399840,0x00000007da3a0000)
  to   space 5376K, 0% used [0x00000007d9920000,0x00000007d9920000,0x00000007d9e60000)
 ParOldGen       total 86848K, used 19710K [0x0000000780c00000, 0x00000007860d0000, 0x00000007d5960000)
  object space 86848K, 22% used [0x0000000780c00000,0x0000000781f3fbe8,0x00000007860d0000)
 PSPermGen       total 35776K, used 28403K [0x000000077ba00000, 0x000000077dcf0000, 0x0000000780c00000)
  object space 35776K, 79% used [0x000000077ba00000,0x000000077d5bcf48,0x000000077dcf0000)
}

Deoptimization events (10 events):
Event: 11.831 Thread 0x00000000102be000 Uncommon trap -34 fr.pc 0x00000000024bd2ec
Event: 11.832 Thread 0x00000000102be000 Uncommon trap -34 fr.pc 0x00000000024bd2ec
Event: 14.053 Thread 0x00000000102c1000 Uncommon trap -34 fr.pc 0x00000000024bd2ec
Event: 14.228 Thread 0x00000000102c1000 Uncommon trap -34 fr.pc 0x0000000002540b94
Event: 14.228 Thread 0x00000000102c1000 Uncommon trap -58 fr.pc 0x0000000002573f6c
Event: 14.228 Thread 0x00000000102c1000 Uncommon trap -34 fr.pc 0x00000000024f5ba4
Event: 14.266 Thread 0x00000000102c1000 Uncommon trap -34 fr.pc 0x00000000024f5ba4
Event: 14.268 Thread 0x00000000102c1000 Uncommon trap -34 fr.pc 0x00000000024f5ba4
Event: 14.318 Thread 0x00000000102c1000 Uncommon trap -83 fr.pc 0x0000000002570324
Event: 14.363 Thread 0x00000000102c1000 Uncommon trap -83 fr.pc 0x000000000253d360

Internal exceptions (10 events):
Event: 20.880 Thread 0x00000000102c1000 Threw 0x00000007d5eb66c0 at C:\jdk7u2_64p\jdk7u17\hotspot\src\share\vm\prims\jvm.cpp:1166
Event: 20.881 Thread 0x00000000102c1000 Threw 0x00000007d5ebeb50 at C:\jdk7u2_64p\jdk7u17\hotspot\src\share\vm\prims\jvm.cpp:1166
Event: 20.882 Thread 0x00000000102c1000 Threw 0x00000007d5ec54a8 at C:\jdk7u2_64p\jdk7u17\hotspot\src\share\vm\prims\jvm.cpp:1166
Event: 20.883 Thread 0x00000000102c1000 Threw 0x00000007d5ecb5a8 at C:\jdk7u2_64p\jdk7u17\hotspot\src\share\vm\prims\jvm.cpp:1166
Event: 20.884 Thread 0x00000000102c1000 Threw 0x00000007d5ed1e28 at C:\jdk7u2_64p\jdk7u17\hotspot\src\share\vm\prims\jvm.cpp:1166
Event: 20.885 Thread 0x00000000102c1000 Threw 0x00000007d5ed7758 at C:\jdk7u2_64p\jdk7u17\hotspot\src\share\vm\prims\jvm.cpp:1166
Event: 20.886 Thread 0x00000000102c1000 Threw 0x00000007d5edcaa0 at C:\jdk7u2_64p\jdk7u17\hotspot\src\share\vm\prims\jvm.cpp:1166
Event: 20.887 Thread 0x00000000102c1000 Threw 0x00000007d5ee1db0 at C:\jdk7u2_64p\jdk7u17\hotspot\src\share\vm\prims\jvm.cpp:1166
Event: 20.917 Thread 0x00000000102c1000 Threw 0x00000007d5ee8d78 at C:\jdk7u2_64p\jdk7u17\hotspot\src\share\vm\prims\jvm.cpp:1166
Event: 48.654 Thread 0x00000000102be000 Threw 0x00000007d6017fe8 at C:\jdk7u2_64p\jdk7u17\hotspot\src\share\vm\prims\jvm.cpp:1166

Events (10 events):
Event: 43.999 Executing VM operation: RevokeBias
Event: 43.999 Executing VM operation: RevokeBias done
Event: 48.654 loading class 0x0000000013289660
Event: 48.654 loading class 0x0000000013289660 done
Event: 49.005 Executing VM operation: RevokeBias
Event: 49.005 Executing VM operation: RevokeBias done
Event: 49.006 Executing VM operation: RevokeBias
Event: 49.006 Executing VM operation: RevokeBias done
Event: 49.014 Executing VM operation: RevokeBias
Event: 49.014 Executing VM operation: RevokeBias done


Dynamic libraries:
0x000000013f770000 - 0x000000013f7a3000 	C:\Program Files\Java\jre7\bin\javaw.exe
0x0000000077140000 - 0x00000000772e9000 	C:\Windows\SYSTEM32\ntdll.dll
0x0000000076a60000 - 0x0000000076b7f000 	C:\Windows\system32\kernel32.dll
0x000007fefd900000 - 0x000007fefd96b000 	C:\Windows\system32\KERNELBASE.dll
0x000007fefdd60000 - 0x000007fefde3b000 	C:\Windows\system32\ADVAPI32.dll
0x000007fefec50000 - 0x000007fefecef000 	C:\Windows\system32\msvcrt.dll
0x000007fefefe0000 - 0x000007fefefff000 	C:\Windows\SYSTEM32\sechost.dll
0x000007feff000000 - 0x000007feff12d000 	C:\Windows\system32\RPCRT4.dll
0x0000000076b80000 - 0x0000000076c7a000 	C:\Windows\system32\USER32.dll
0x000007fefdcf0000 - 0x000007fefdd57000 	C:\Windows\system32\GDI32.dll
0x000007fefeed0000 - 0x000007fefeede000 	C:\Windows\system32\LPK.dll
0x000007feff350000 - 0x000007feff419000 	C:\Windows\system32\USP10.dll
0x000007fefbf30000 - 0x000007fefc124000 	C:\Windows\WinSxS\amd64_microsoft.windows.common-controls_6595b64144ccf1df_6.0.7601.17514_none_fa396087175ac9ac\COMCTL32.dll
0x000007fefd970000 - 0x000007fefd9e1000 	C:\Windows\system32\SHLWAPI.dll
0x000007feff420000 - 0x000007feff44e000 	C:\Windows\system32\IMM32.DLL
0x000007feff150000 - 0x000007feff259000 	C:\Windows\system32\MSCTF.dll
0x000000005e080000 - 0x000000005e151000 	C:\Program Files\Java\jre7\bin\msvcr100.dll
0x000000005d960000 - 0x000000005e07f000 	C:\Program Files\Java\jre7\bin\server\jvm.dll
0x000007fefa180000 - 0x000007fefa189000 	C:\Windows\system32\WSOCK32.dll
0x000007fefd9f0000 - 0x000007fefda3d000 	C:\Windows\system32\WS2_32.dll
0x000007feff260000 - 0x000007feff268000 	C:\Windows\system32\NSI.dll
0x000007fefb760000 - 0x000007fefb79b000 	C:\Windows\system32\WINMM.dll
0x0000000077310000 - 0x0000000077317000 	C:\Windows\system32\PSAPI.DLL
0x000000005fce0000 - 0x000000005fcef000 	C:\Program Files\Java\jre7\bin\verify.dll
0x000000005fc40000 - 0x000000005fc68000 	C:\Program Files\Java\jre7\bin\java.dll
0x000000005c1d0000 - 0x000000005c205000 	C:\Program Files\Java\jre7\bin\jdwp.dll
0x000000005c260000 - 0x000000005c268000 	C:\Program Files\Java\jre7\bin\npt.dll
0x000000005fb40000 - 0x000000005fb55000 	C:\Program Files\Java\jre7\bin\zip.dll
0x000000005c250000 - 0x000000005c259000 	C:\Program Files\Java\jre7\bin\dt_socket.dll
0x000007fefcdd0000 - 0x000007fefce25000 	C:\Windows\system32\mswsock.dll
0x000007fefcc50000 - 0x000007fefccab000 	C:\Windows\system32\DNSAPI.dll
0x000007fee3cd0000 - 0x000007fee3ce5000 	C:\Windows\system32\napinsp.dll
0x000007fee3cb0000 - 0x000007fee3cc9000 	C:\Windows\system32\pnrpnsp.dll
0x000007fee4bc0000 - 0x000007fee4bcb000 	C:\Windows\System32\winrnr.dll
0x000007fef1a50000 - 0x000007fef1a60000 	C:\Windows\system32\wshbth.dll
0x000007fefa040000 - 0x000007fefa052000 	C:\Windows\system32\PrxerNsp.dll
0x000007fefc580000 - 0x000007fefc5a7000 	C:\Windows\system32\IPHLPAPI.DLL
0x000007fefc570000 - 0x000007fefc57b000 	C:\Windows\system32\WINNSI.DLL
0x000007fefa030000 - 0x000007fefa038000 	C:\Windows\system32\rasadhlp.dll
0x0000000180000000 - 0x000000018003e000 	C:\Program Files (x86)\Avira\AntiVir Desktop\avsda64.dll
0x000007fefc550000 - 0x000007fefc566000 	C:\Windows\system32\PrxerDrv.dll
0x000007fefc540000 - 0x000007fefc547000 	C:\Windows\System32\wshtcpip.dll
0x000000005d790000 - 0x000000005d923000 	C:\Program Files\Java\jre7\bin\awt.dll
0x000007feff270000 - 0x000007feff347000 	C:\Windows\system32\OLEAUT32.dll
0x000007fefdae0000 - 0x000007fefdce3000 	C:\Windows\system32\ole32.dll
0x000007fefbae0000 - 0x000007fefbb36000 	C:\Windows\system32\uxtheme.dll
0x0000000005ec0000 - 0x0000000005efb000 	C:\Windows\W7FBC\dll.dll
0x000007fefda40000 - 0x000007fefdad7000 	C:\Windows\system32\COMDLG32.dll
0x000007fefdec0000 - 0x000007fefec48000 	C:\Windows\system32\SHELL32.dll
0x000007fefb820000 - 0x000007fefba35000 	C:\Windows\WinSxS\amd64_microsoft.windows.gdiplus_6595b64144ccf1df_1.1.7601.17514_none_2b24536c71ed437a\gdiplus.dll
0x000007fefb4d0000 - 0x000007fefb4e8000 	C:\Windows\system32\dwmapi.dll
0x000007fefd490000 - 0x000007fefd49f000 	C:\Windows\system32\CRYPTBASE.dll
0x000000005c2a0000 - 0x000000005c2d9000 	C:\Program Files\Java\jre7\bin\kcms.dll
0x000007feebfe0000 - 0x000007feec1df000 	C:\Windows\system32\d3d9.dll
0x000007fefc450000 - 0x000007fefc45c000 	C:\Windows\system32\VERSION.dll
0x000007fef1a80000 - 0x000007fef1a87000 	C:\Windows\system32\d3d8thk.dll
0x000000006f150000 - 0x000000006f1f3000 	C:\Windows\system32\aticfx64.dll
0x000007fef3310000 - 0x000007fef331d000 	C:\Windows\system32\atiu9p64.dll
0x000000006b280000 - 0x000000006b78d000 	C:\Windows\system32\atiumd64.dll
0x000000006b970000 - 0x000000006bc9b000 	C:\Windows\system32\atiumd6a.dll
0x000000005fb20000 - 0x000000005fb39000 	C:\Program Files\Java\jre7\bin\net.dll
0x000007fefcdc0000 - 0x000007fefcdc7000 	C:\Windows\System32\wship6.dll
0x000000005fb00000 - 0x000000005fb11000 	C:\Program Files\Java\jre7\bin\nio.dll
0x0000000060d20000 - 0x0000000060d2b000 	C:\Program Files\Java\jre7\bin\management.dll
0x000007fefce30000 - 0x000007fefce47000 	C:\Windows\system32\CRYPTSP.dll
0x000007fefcb30000 - 0x000007fefcb77000 	C:\Windows\system32\rsaenh.dll
0x000007fefc8e0000 - 0x000007fefc8fe000 	C:\Windows\system32\USERENV.dll
0x000007fefd5a0000 - 0x000007fefd5af000 	C:\Windows\system32\profapi.dll
0x000007fefae80000 - 0x000007fefaed3000 	C:\Windows\System32\fwpuclnt.dll
0x000000005c360000 - 0x000000005c394000 	C:\Program Files\Java\jre7\bin\fontmanager.dll
0x00000000061c0000 - 0x0000000006225000 	C:\Program Files\WIDCOMM\Bluetooth Software\btmmhook.dll
0x000000005c270000 - 0x000000005c2a0000 	C:\Program Files\Java\jre7\bin\jpeg.dll
0x000007fefeee0000 - 0x000007fefef79000 	C:\Windows\system32\CLBCatQ.DLL
0x000007fefb290000 - 0x000007fefb3ba000 	C:\Windows\system32\WindowsCodecs.dll
0x000007fefd430000 - 0x000007fefd487000 	C:\Windows\system32\apphelp.dll
0x000000006f290000 - 0x000000006f2a6000 	C:\Program Files\Common Files\TortoiseOverlays\TortoiseOverlays.dll
0x000000006f330000 - 0x000000006f340000 	C:\Program Files\TortoiseSVN\bin\TortoiseStub.dll
0x000000006f210000 - 0x000000006f288000 	C:\Program Files\TortoiseSVN\bin\TortoiseSVN.dll
0x0000000076e90000 - 0x0000000076fea000 	C:\Windows\system32\WININET.dll
0x0000000077300000 - 0x0000000077303000 	C:\Windows\system32\Normaliz.dll
0x0000000076c80000 - 0x0000000076e8d000 	C:\Windows\system32\iertutil.dll
0x0000000076ff0000 - 0x000000007713d000 	C:\Windows\system32\urlmon.dll
0x000007fef5210000 - 0x000007fef55ec000 	C:\Program Files\TortoiseSVN\bin\libsvn_tsvn.dll
0x000000006ec80000 - 0x000000006ecab000 	C:\Program Files\TortoiseSVN\bin\libapr_tsvn.dll
0x000000006eaf0000 - 0x000000006eb31000 	C:\Program Files\TortoiseSVN\bin\libaprutil_tsvn.dll
0x000007fefef80000 - 0x000007fefefd2000 	C:\Windows\system32\WLDAP32.dll
0x000007fef51e0000 - 0x000007fef51f0000 	C:\Program Files\TortoiseSVN\bin\intl3_tsvn.dll
0x000007fef51c0000 - 0x000007fef51da000 	C:\Program Files\TortoiseSVN\bin\libsasl.dll
0x000007fefd0a0000 - 0x000007fefd0ab000 	C:\Windows\system32\Secur32.dll
0x000007fefd400000 - 0x000007fefd425000 	C:\Windows\system32\SSPICLI.DLL
0x000007fefd730000 - 0x000007fefd897000 	C:\Windows\system32\CRYPT32.dll
0x000007fefd640000 - 0x000007fefd64f000 	C:\Windows\system32\MSASN1.dll
0x000000006e990000 - 0x000000006ea28000 	C:\Windows\system32\MSVCP100.dll
0x000007fef5180000 - 0x000007fef51b5000 	C:\Windows\system32\EhStorShell.dll
0x000007fefecf0000 - 0x000007fefeec7000 	C:\Windows\system32\SETUPAPI.dll
0x000007fefd8a0000 - 0x000007fefd8d6000 	C:\Windows\system32\CFGMGR32.dll
0x000007fefd8e0000 - 0x000007fefd8fa000 	C:\Windows\system32\DEVOBJ.dll
0x000007fefbc10000 - 0x000007fefbd3c000 	C:\Windows\system32\PROPSYS.dll
0x000007fef4b00000 - 0x000007fef5171000 	C:\PROGRA~1\MIF5BA~1\Office14\GROOVEEX.DLL
0x000000006e770000 - 0x000000006e80d000 	C:\Windows\WinSxS\amd64_microsoft.vc90.crt_1fc8b3b9a1e18e3b_9.0.30729.4940_none_08e4299fa83d7e3c\MSVCR90.dll
0x000000006e680000 - 0x000000006e753000 	C:\Windows\WinSxS\amd64_microsoft.vc90.crt_1fc8b3b9a1e18e3b_9.0.30729.4940_none_08e4299fa83d7e3c\MSVCP90.dll
0x000000006e5c0000 - 0x000000006e5ef000 	C:\Windows\WinSxS\amd64_microsoft.vc90.atl_1fc8b3b9a1e18e3b_9.0.30729.4148_none_0a1d2fcba76b3f00\ATL90.DLL
0x000007fef46f0000 - 0x000007fef4aff000 	C:\PROGRA~1\COMMON~1\MICROS~1\OFFICE14\Cultures\office.odf
0x000007fef3a10000 - 0x000007fef4274000 	C:\PROGRA~1\MIF5BA~1\Office14\1033\GrooveIntlResource.dll
0x000000005c310000 - 0x000000005c351000 	C:\Program Files\Java\jre7\bin\t2k.dll
0x000000005c2e0000 - 0x000000005c30a000 	C:\Program Files\Java\jre7\bin\dcpr.dll
0x000000005bdc0000 - 0x000000005be62000 	C:\Program Files\Java\jre7\bin\mlib_image.dll
0x000000000e840000 - 0x000000000e871000 	C:\Program Files\WIDCOMM\Bluetooth Software\btkeyind.dll
0x000000005d930000 - 0x000000005d954000 	C:\Program Files\Java\jre7\bin\sunec.dll
0x000007fee3770000 - 0x000007fee37a7000 	C:\Users\Armin\AppData\Local\Temp\jna-Armin\jna157642896399198381.dll
0x000000005c220000 - 0x000000005c250000 	C:\Users\Armin\Desktop\Kar\jajeem\util\vlclib\libvlc.dll
0x000000005bb60000 - 0x000000005bdb4000 	C:\Users\Armin\Desktop\Kar\jajeem\util\vlclib\libvlccore.dll
0x000007fefba40000 - 0x000007fefbac8000 	C:\Windows\system32\DSOUND.dll
0x000007fefc420000 - 0x000007fefc44c000 	C:\Windows\system32\POWRPROF.dll
0x0000000059a10000 - 0x000000005a583000 	C:\Users\Armin\Desktop\Kar\jajeem\util\vlclib\plugins\gui\libqt4_plugin.dll
0x000007fefb0e0000 - 0x000007fefb151000 	C:\Windows\system32\WINSPOOL.DRV
0x000000005b980000 - 0x000000005bafa000 	C:\Users\Armin\Desktop\Kar\jajeem\util\vlclib\plugins\misc\libxml_plugin.dll
0x000000005faf0000 - 0x000000005faf7000 	C:\Program Files\Java\jre7\bin\rmi.dll
0x000007fefa1b0000 - 0x000007fefa250000 	C:\Windows\WinSxS\amd64_microsoft.windows.common-controls_6595b64144ccf1df_5.82.7601.17514_none_a4d6a923711520a9\comctl32.dll
0x000007fefb7d0000 - 0x000007fefb81b000 	C:\Windows\system32\MMDevAPI.DLL
0x000007fee2370000 - 0x000007fee23ab000 	C:\Windows\system32\wdmaud.drv
0x0000000063340000 - 0x0000000063346000 	C:\Windows\system32\ksuser.dll
0x000007fefbad0000 - 0x000007fefbad9000 	C:\Windows\system32\AVRT.dll
0x000007fefb4f0000 - 0x000007fefb53f000 	C:\Windows\system32\AUDIOSES.DLL
0x000007fef46a0000 - 0x000007fef46aa000 	C:\Windows\system32\msacm32.drv
0x000007fef4680000 - 0x000007fef4698000 	C:\Windows\system32\MSACM32.dll
0x000007fefbf00000 - 0x000007fefbf09000 	C:\Windows\system32\midimap.dll
0x000007fefb7a0000 - 0x000007fefb7cd000 	C:\Windows\system32\ntmarta.dll

VM Arguments:
jvm_args: -agentlib:jdwp=transport=dt_socket,suspend=y,address=localhost:36624 -Dfile.encoding=Cp1256 
java_command: com.jajeem.core.design.InstructorLogin
Launcher Type: SUN_STANDARD

Environment Variables:
PATH=C:\Program Files (x86)\NVIDIA Corporation\PhysX\Common;C:\Program Files (x86)\MiKTeX 2.9\miktex\bin;C:\Windows\system32;C:\Windows;C:\Windows\System32\Wbem;C:\Windows\System32\WindowsPowerShell\v1.0\;c:\Program Files (x86)\ATI Technologies\ATI.ACE\Core-Static;C:\Program Files\Intel\WiFi\bin\;C:\Program Files\Common Files\Intel\WirelessCommon\;C:\Program Files (x86)\Common Files\Roxio Shared\DLLShared\;C:\Program Files (x86)\Common Files\Roxio Shared\OEM\DLLShared\;C:\Program Files (x86)\Common Files\Roxio Shared\OEM\DLLShared\;C:\Program Files (x86)\Common Files\Roxio Shared\OEM\12.0\DLLShared\;C:\Program Files (x86)\Roxio\OEM\AudioCore\;C:\Program Files (x86)\Java\jre6\bin;C:\Program Files\TortoiseSVN\bin;C:\Program Files (x86)\Microsoft SQL Server\100\Tools\Binn\;C:\Program Files\Microsoft SQL Server\100\Tools\Binn\;C:\Program Files\Microsoft SQL Server\100\DTS\Binn\;C:\Program Files (x86)\Microsoft SQL Server\100\Tools\Binn\VSShell\Common7\IDE\;C:\Program Files (x86)\Microsoft Visual Studio 9.0\Common7\IDE\PrivateAssemblies\;C:\Program Files (x86)\Microsoft SQL Server\100\DTS\Binn\;C:\Program Files\Microsoft\Web Platform Installer\;;C:\Program Files (x86)\Universal Extractor;C:\Program Files (x86)\Universal Extractor\bin;C:\Program Files (x86)\Microsoft ASP.NET\ASP.NET Web Pages\v1.0\;C:\Program Files (x86)\Windows Kits\8.0\Windows Performance Toolkit\;C:\Program Files\Microsoft SQL Server\110\Tools\Binn\;C:\Program Files\WIDCOMM\Bluetooth Software\;C:\Program Files\WIDCOMM\Bluetooth Software\syswow64;C:\Program Files (x86)\OpenVPN\bin
USERNAME=Armin
OS=Windows_NT
PROCESSOR_IDENTIFIER=Intel64 Family 6 Model 42 Stepping 7, GenuineIntel



---------------  S Y S T E M  ---------------

OS: Windows 7 , 64 bit Build 7601 Service Pack 1

CPU:total 8 (4 cores per cpu, 2 threads per core) family 6 model 42 stepping 7, cmov, cx8, fxsr, mmx, sse, sse2, sse3, ssse3, sse4.1, sse4.2, popcnt, avx, ht, tsc, tscinvbit

Memory: 4k page, physical 8335180k(3644572k free), swap 16668512k(10804228k free)

vm_info: Java HotSpot(TM) 64-Bit Server VM (23.7-b01) for windows-amd64 JRE (1.7.0_17-b02), built on Mar  1 2013 03:38:30 by "java_re" with unknown MS VC++:1600

time: Mon Jun 17 18:08:59 2013
elapsed time: 49 seconds

