#
# A fatal error has been detected by the Java Runtime Environment:
#
#  EXCEPTION_ACCESS_VIOLATION (0xc0000005) at pc=0x000000007759e4b4, pid=6832, tid=7156
#
# JRE version: 7.0_17-b02
# Java VM: Java HotSpot(TM) 64-Bit Server VM (23.7-b01 mixed mode windows-amd64 compressed oops)
# Problematic frame:
# C  [ntdll.dll+0x4e4b4]  RtlDeNormalizeProcessParams+0x5a4
#
# Failed to write core dump. Minidumps are not enabled by default on client versions of Windows
#
# If you would like to submit a bug report, please visit:
#   http://bugreport.sun.com/bugreport/crash.jsp
# The crash happened outside the Java Virtual Machine in native code.
# See problematic frame for where to report the bug.
#

---------------  T H R E A D  ---------------

Current thread (0x000000001003f800):  JavaThread "pool-2-thread-1" [_thread_in_native, id=7156, stack(0x0000000015320000,0x0000000015420000)]

siginfo: ExceptionCode=0xc0000005, writing address 0x0000000000000024

Registers:
RAX=0x0000000000000000, RBX=0x0000000013ea8ae0, RCX=0x00000000fffffffc, RDX=0x00000000000009b4
RSP=0x000000001541e5d0, RBP=0x0000000000000000, RSI=0x00000000000009b4, RDI=0x0000000000000000
R8 =0x000000001541e588, R9 =0x0000000000000004, R10=0x0000000000000000, R11=0x0000000000000246
R12=0x0000000000000000, R13=0x0000000000000000, R14=0x000007fffff6e000, R15=0x0000000000000000
RIP=0x000000007759e4b4, EFLAGS=0x0000000000010213

Top of Stack: (sp=0x000000001541e5d0)
0x000000001541e5d0:   000000001003ee10 00000000000009b4
0x000000001541e5e0:   000000001003f9d8 000000001541e768
0x000000001541e5f0:   000000001003f9d8 000000001541e778
0x000000001541e600:   000000001003f800 000000006ed85f08
0x000000001541e610:   00000000021b4d80 0000000010674d41
0x000000001541e620:   0000000000000058 0000000000000000
0x000000001541e630:   0000000013f04ed0 000000000e139988
0x000000001541e640:   0000000013f04ed0 0000000000000000
0x000000001541e650:   000000001003f800 000000001541eee0
0x000000001541e660:   0000000000000004 0000000000000001
0x000000001541e670:   00000000ff000000 000000007759e3db
0x000000001541e680:   0000000000000000 0000000000000000
0x000000001541e690:   000000077bd6cd90 0000000013ea8ae0
0x000000001541e6a0:   0000000013ea8a68 000000006a228b65
0x000000001541e6b0:   000000001541e770 0000000013ea8ad8
0x000000001541e6c0:   000000077be4dce0 0000000000000000 

Instructions: (pc=0x000000007759e4b4)
0x000000007759e494:   0f b1 4b 08 0f 85 9b 47 fd ff 48 8b 03 4c 89 ac
0x000000007759e4a4:   24 c0 00 00 00 33 ed 45 33 ed 48 83 f8 ff 74 03
0x000000007759e4b4:   ff 40 24 ba 22 17 00 00 48 8d 3d cd 8f 0e 00 80
0x000000007759e4c4:   3c 25 82 03 fe 7f 00 0f 85 53 be 01 00 48 83 fe 


Register to memory mapping:

RAX=0x0000000000000000 is an unknown value
RBX=0x0000000013ea8ae0 is an unknown value
RCX=0x00000000fffffffc is an unknown value
RDX=0x00000000000009b4 is an unknown value
RSP=0x000000001541e5d0 is pointing into the stack for thread: 0x000000001003f800
RBP=0x0000000000000000 is an unknown value
RSI=0x00000000000009b4 is an unknown value
RDI=0x0000000000000000 is an unknown value
R8 =0x000000001541e588 is pointing into the stack for thread: 0x000000001003f800
R9 =0x0000000000000004 is an unknown value
R10=0x0000000000000000 is an unknown value
R11=0x0000000000000246 is an unknown value
R12=0x0000000000000000 is an unknown value
R13=0x0000000000000000 is an unknown value
R14=0x000007fffff6e000 is an unknown value
R15=0x0000000000000000 is an unknown value


Stack: [0x0000000015320000,0x0000000015420000],  sp=0x000000001541e5d0,  free space=1017k
Native frames: (J=compiled Java code, j=interpreted, Vv=VM code, C=native code)
C  [ntdll.dll+0x4e4b4]  RtlDeNormalizeProcessParams+0x5a4

[error occurred during error reporting (printing native stack), id 0xc0000005]

Java frames: (J=compiled Java code, j=interpreted, Vv=VM code)
j  com.sun.jna.Native.invokeLong(JI[Ljava/lang/Object;)J+0
j  com.sun.jna.Function.invoke([Ljava/lang/Object;Ljava/lang/Class;Z)Ljava/lang/Object;+389
j  com.sun.jna.Function.invoke(Ljava/lang/Class;[Ljava/lang/Object;Ljava/util/Map;)Ljava/lang/Object;+214
j  com.sun.jna.Library$Handler.invoke(Ljava/lang/Object;Ljava/lang/reflect/Method;[Ljava/lang/Object;)Ljava/lang/Object;+341
j  com.sun.proxy.$Proxy0.libvlc_media_player_get_time(Luk/co/caprica/vlcj/binding/internal/libvlc_media_player_t;)J+16
j  uk.co.caprica.vlcj.player.DefaultMediaPlayer.getTime()J+17
j  com.jajeem.videoplayer.design.PlayerControlsPanel$UpdateRunnable.run()V+4
j  java.util.concurrent.Executors$RunnableAdapter.call()Ljava/lang/Object;+4
j  java.util.concurrent.FutureTask$Sync.innerRunAndReset()Z+30
j  java.util.concurrent.FutureTask.runAndReset()Z+4
j  java.util.concurrent.ScheduledThreadPoolExecutor$ScheduledFutureTask.access$301(Ljava/util/concurrent/ScheduledThreadPoolExecutor$ScheduledFutureTask;)Z+1
j  java.util.concurrent.ScheduledThreadPoolExecutor$ScheduledFutureTask.run()V+37
j  java.util.concurrent.ThreadPoolExecutor.runWorker(Ljava/util/concurrent/ThreadPoolExecutor$Worker;)V+95
j  java.util.concurrent.ThreadPoolExecutor$Worker.run()V+5
j  java.lang.Thread.run()V+11
v  ~StubRoutines::call_stub

---------------  P R O C E S S  ---------------

Java Threads: ( => current thread )
  0x0000000010014800 JavaThread "pool-4-thread-1" [_thread_blocked, id=6476, stack(0x0000000018f60000,0x0000000019060000)]
  0x0000000010014000 JavaThread "Thread-45" [_thread_blocked, id=1620, stack(0x0000000020020000,0x0000000020120000)]
  0x0000000010013000 JavaThread "Timer-0" [_thread_blocked, id=6472, stack(0x000000001fe60000,0x000000001ff60000)]
  0x0000000010011800 JavaThread "TimerQueue" daemon [_thread_blocked, id=6288, stack(0x0000000015690000,0x0000000015790000)]
  0x000000000e331800 JavaThread "D3D Screen Updater" daemon [_thread_blocked, id=1144, stack(0x00000000166b0000,0x00000000167b0000)]
=>0x000000001003f800 JavaThread "pool-2-thread-1" [_thread_in_native, id=7156, stack(0x0000000015320000,0x0000000015420000)]
  0x000000000ff55800 JavaThread "Swing-Shell" daemon [_thread_blocked, id=7136, stack(0x0000000011340000,0x0000000011440000)]
  0x000000000fd8a800 JavaThread "vlcj native mouse hook" [_thread_in_native, id=7028, stack(0x0000000011660000,0x0000000011760000)]
  0x00000000020ee000 JavaThread "DestroyJavaVM" [_thread_blocked, id=6736, stack(0x00000000023e0000,0x00000000024e0000)]
  0x000000000fc69800 JavaThread "AWT-EventQueue-0" [_thread_blocked, id=7024, stack(0x0000000011540000,0x0000000011640000)]
  0x000000000e23b000 JavaThread "AWT-Windows" daemon [_thread_in_native, id=7020, stack(0x0000000010cc0000,0x0000000010dc0000)]
  0x000000000e242000 JavaThread "AWT-Shutdown" [_thread_blocked, id=7016, stack(0x0000000010b80000,0x0000000010c80000)]
  0x000000000e241800 JavaThread "Java2D Disposer" daemon [_thread_blocked, id=7012, stack(0x0000000010900000,0x0000000010a00000)]
  0x000000000e055800 JavaThread "Service Thread" daemon [_thread_blocked, id=6996, stack(0x000000000f8a0000,0x000000000f9a0000)]
  0x000000000e04c800 JavaThread "C2 CompilerThread1" daemon [_thread_blocked, id=6980, stack(0x000000000f150000,0x000000000f250000)]
  0x000000000e049000 JavaThread "C2 CompilerThread0" daemon [_thread_blocked, id=6968, stack(0x000000000f6f0000,0x000000000f7f0000)]
  0x000000000e010000 JavaThread "JDWP Command Reader" daemon [_thread_in_native, id=6976, stack(0x000000000f550000,0x000000000f650000)]
  0x000000000e00f000 JavaThread "JDWP Event Helper Thread" daemon [_thread_blocked, id=3644, stack(0x000000000f000000,0x000000000f100000)]
  0x000000000e001000 JavaThread "JDWP Transport Listener: dt_socket" daemon [_thread_blocked, id=6952, stack(0x000000000f390000,0x000000000f490000)]
  0x000000000dffa800 JavaThread "Attach Listener" daemon [_thread_blocked, id=6932, stack(0x000000000e430000,0x000000000e530000)]
  0x000000000dffa000 JavaThread "Signal Dispatcher" daemon [_thread_blocked, id=6940, stack(0x000000000db40000,0x000000000dc40000)]
  0x000000000bfbe000 JavaThread "Finalizer" daemon [_thread_blocked, id=6904, stack(0x000000000dea0000,0x000000000dfa0000)]
  0x000000000bfb6000 JavaThread "Reference Handler" daemon [_thread_blocked, id=6924, stack(0x000000000dd20000,0x000000000de20000)]

Other Threads:
  0x000000000bfa6800 VMThread [stack: 0x000000000da30000,0x000000000db30000] [id=6920]
  0x000000000e062000 WatcherThread [stack: 0x000000000fb10000,0x000000000fc10000] [id=7004]

VM state:not at safepoint (normal execution)

VM Mutex/Monitor currently owned by a thread: None

Heap
 PSYoungGen      total 30976K, used 9771K [0x00000007d5960000, 0x00000007d8020000, 0x0000000800000000)
  eden space 23936K, 38% used [0x00000007d5960000,0x00000007d6252ff0,0x00000007d70c0000)
  from space 7040K, 8% used [0x00000007d7940000,0x00000007d79d8000,0x00000007d8020000)
  to   space 7872K, 0% used [0x00000007d70c0000,0x00000007d70c0000,0x00000007d7870000)
 ParOldGen       total 86848K, used 9358K [0x0000000780c00000, 0x00000007860d0000, 0x00000007d5960000)
  object space 86848K, 10% used [0x0000000780c00000,0x00000007815238f0,0x00000007860d0000)
 PSPermGen       total 21248K, used 18261K [0x000000077ba00000, 0x000000077cec0000, 0x0000000780c00000)
  object space 21248K, 85% used [0x000000077ba00000,0x000000077cbd5718,0x000000077cec0000)

Card table byte_map: [0x00000000054e0000,0x0000000005910000] byte_map_base: 0x0000000001903000

Polling page: 0x00000000001b0000

Code Cache  [0x00000000024e0000, 0x0000000002750000, 0x00000000054e0000)
 total_blobs=921 nmethods=418 adapters=462 free_code_cache=47699Kb largest_free_block=48775872

Compilation events (10 events):
Event: 285.129 Thread 0x000000000e049000  429             java.util.concurrent.locks.AbstractQueuedSynchronizer::acquire (27 bytes)
Event: 285.133 Thread 0x000000000e049000 nmethod 429 0x0000000002649090 code [0x0000000002649200, 0x0000000002649348]
Event: 286.180 Thread 0x000000000e04c800  430   !         com.sun.jna.Structure$FFIType::get (411 bytes)
Event: 286.200 Thread 0x000000000e04c800 nmethod 430 0x000000000262a090 code [0x000000000262a240, 0x000000000262aa40]
Event: 295.239 Thread 0x000000000e049000  431             com.sun.jna.Function::invoke (526 bytes)
Event: 295.351 Thread 0x000000000e049000 nmethod 431 0x0000000002658190 code [0x0000000002658460, 0x000000000265a4d0]
Event: 297.660 Thread 0x000000000e04c800  432             java.util.concurrent.locks.AbstractOwnableSynchronizer::<init> (5 bytes)
Event: 297.660 Thread 0x000000000e04c800 nmethod 432 0x0000000002651750 code [0x0000000002651880, 0x00000000026518d8]
Event: 298.695 Thread 0x000000000e049000  433             java.lang.ref.WeakReference::<init> (6 bytes)
Event: 298.698 Thread 0x000000000e049000 nmethod 433 0x0000000002629dd0 code [0x0000000002629f00, 0x0000000002629fb8]

GC Heap History (10 events):
Event: 225.410 GC heap before
{Heap before GC invocations=14 (full 0):
 PSYoungGen      total 27264K, used 27232K [0x00000007d5960000, 0x00000007d8530000, 0x0000000800000000)
  eden space 26560K, 100% used [0x00000007d5960000,0x00000007d7350000,0x00000007d7350000)
  from space 704K, 95% used [0x00000007d73e0000,0x00000007d7488000,0x00000007d7490000)
  to   space 9152K, 0% used [0x00000007d7c40000,0x00000007d7c40000,0x00000007d8530000)
 ParOldGen       total 86848K, used 9310K [0x0000000780c00000, 0x00000007860d0000, 0x00000007d5960000)
  object space 86848K, 10% used [0x0000000780c00000,0x00000007815178f0,0x00000007860d0000)
 PSPermGen       total 21248K, used 18246K [0x000000077ba00000, 0x000000077cec0000, 0x0000000780c00000)
  object space 21248K, 85% used [0x000000077ba00000,0x000000077cbd1948,0x000000077cec0000)
Event: 225.418 GC heap after
Heap after GC invocations=14 (full 0):
 PSYoungGen      total 34176K, used 608K [0x00000007d5960000, 0x00000007d8440000, 0x0000000800000000)
  eden space 25984K, 0% used [0x00000007d5960000,0x00000007d5960000,0x00000007d72c0000)
  from space 8192K, 7% used [0x00000007d7c40000,0x00000007d7cd8000,0x00000007d8440000)
  to   space 8960K, 0% used [0x00000007d72c0000,0x00000007d72c0000,0x00000007d7b80000)
 ParOldGen       total 86848K, used 9310K [0x0000000780c00000, 0x00000007860d0000, 0x00000007d5960000)
  object space 86848K, 10% used [0x0000000780c00000,0x00000007815178f0,0x00000007860d0000)
 PSPermGen       total 21248K, used 18246K [0x000000077ba00000, 0x000000077cec0000, 0x0000000780c00000)
  object space 21248K, 85% used [0x000000077ba00000,0x000000077cbd1948,0x000000077cec0000)
}
Event: 240.911 GC heap before
{Heap before GC invocations=15 (full 0):
 PSYoungGen      total 34176K, used 26592K [0x00000007d5960000, 0x00000007d8440000, 0x0000000800000000)
  eden space 25984K, 100% used [0x00000007d5960000,0x00000007d72c0000,0x00000007d72c0000)
  from space 8192K, 7% used [0x00000007d7c40000,0x00000007d7cd8000,0x00000007d8440000)
  to   space 8960K, 0% used [0x00000007d72c0000,0x00000007d72c0000,0x00000007d7b80000)
 ParOldGen       total 86848K, used 9310K [0x0000000780c00000, 0x00000007860d0000, 0x00000007d5960000)
  object space 86848K, 10% used [0x0000000780c00000,0x00000007815178f0,0x00000007860d0000)
 PSPermGen       total 21248K, used 18253K [0x000000077ba00000, 0x000000077cec0000, 0x0000000780c00000)
  object space 21248K, 85% used [0x000000077ba00000,0x000000077cbd35a8,0x000000077cec0000)
Event: 240.917 GC heap after
Heap after GC invocations=15 (full 0):
 PSYoungGen      total 26048K, used 576K [0x00000007d5960000, 0x00000007d8360000, 0x0000000800000000)
  eden space 25472K, 0% used [0x00000007d5960000,0x00000007d5960000,0x00000007d7240000)
  from space 576K, 100% used [0x00000007d72c0000,0x00000007d7350000,0x00000007d7350000)
  to   space 8768K, 0% used [0x00000007d7ad0000,0x00000007d7ad0000,0x00000007d8360000)
 ParOldGen       total 86848K, used 9310K [0x0000000780c00000, 0x00000007860d0000, 0x00000007d5960000)
  object space 86848K, 10% used [0x0000000780c00000,0x00000007815178f0,0x00000007860d0000)
 PSPermGen       total 21248K, used 18253K [0x000000077ba00000, 0x000000077cec0000, 0x0000000780c00000)
  object space 21248K, 85% used [0x000000077ba00000,0x000000077cbd35a8,0x000000077cec0000)
}
Event: 259.442 GC heap before
{Heap before GC invocations=16 (full 0):
 PSYoungGen      total 26048K, used 26048K [0x00000007d5960000, 0x00000007d8360000, 0x0000000800000000)
  eden space 25472K, 100% used [0x00000007d5960000,0x00000007d7240000,0x00000007d7240000)
  from space 576K, 100% used [0x00000007d72c0000,0x00000007d7350000,0x00000007d7350000)
  to   space 8768K, 0% used [0x00000007d7ad0000,0x00000007d7ad0000,0x00000007d8360000)
 ParOldGen       total 86848K, used 9310K [0x0000000780c00000, 0x00000007860d0000, 0x00000007d5960000)
  object space 86848K, 10% used [0x0000000780c00000,0x00000007815178f0,0x00000007860d0000)
 PSPermGen       total 21248K, used 18254K [0x000000077ba00000, 0x000000077cec0000, 0x0000000780c00000)
  object space 21248K, 85% used [0x000000077ba00000,0x000000077cbd3b08,0x000000077cec0000)
Event: 259.450 GC heap after
Heap after GC invocations=16 (full 0):
 PSYoungGen      total 32576K, used 736K [0x00000007d5960000, 0x00000007d8240000, 0x0000000800000000)
  eden space 24960K, 0% used [0x00000007d5960000,0x00000007d5960000,0x00000007d71c0000)
  from space 7616K, 9% used [0x00000007d7ad0000,0x00000007d7b88000,0x00000007d8240000)
  to   space 8448K, 0% used [0x00000007d71c0000,0x00000007d71c0000,0x00000007d7a00000)
 ParOldGen       total 86848K, used 9326K [0x0000000780c00000, 0x00000007860d0000, 0x00000007d5960000)
  object space 86848K, 10% used [0x0000000780c00000,0x000000078151b8f0,0x00000007860d0000)
 PSPermGen       total 21248K, used 18254K [0x000000077ba00000, 0x000000077cec0000, 0x0000000780c00000)
  object space 21248K, 85% used [0x000000077ba00000,0x000000077cbd3b08,0x000000077cec0000)
}
Event: 278.181 GC heap before
{Heap before GC invocations=17 (full 0):
 PSYoungGen      total 32576K, used 25696K [0x00000007d5960000, 0x00000007d8240000, 0x0000000800000000)
  eden space 24960K, 100% used [0x00000007d5960000,0x00000007d71c0000,0x00000007d71c0000)
  from space 7616K, 9% used [0x00000007d7ad0000,0x00000007d7b88000,0x00000007d8240000)
  to   space 8448K, 0% used [0x00000007d71c0000,0x00000007d71c0000,0x00000007d7a00000)
 ParOldGen       total 86848K, used 9326K [0x0000000780c00000, 0x00000007860d0000, 0x00000007d5960000)
  object space 86848K, 10% used [0x0000000780c00000,0x000000078151b8f0,0x00000007860d0000)
 PSPermGen       total 21248K, used 18255K [0x000000077ba00000, 0x000000077cec0000, 0x0000000780c00000)
  object space 21248K, 85% used [0x000000077ba00000,0x000000077cbd3f88,0x000000077cec0000)
Event: 278.188 GC heap after
Heap after GC invocations=17 (full 0):
 PSYoungGen      total 25088K, used 640K [0x00000007d5960000, 0x00000007d8140000, 0x0000000800000000)
  eden space 24448K, 0% used [0x00000007d5960000,0x00000007d5960000,0x00000007d7140000)
  from space 640K, 100% used [0x00000007d71c0000,0x00000007d7260000,0x00000007d7260000)
  to   space 8192K, 0% used [0x00000007d7940000,0x00000007d7940000,0x00000007d8140000)
 ParOldGen       total 86848K, used 9342K [0x0000000780c00000, 0x00000007860d0000, 0x00000007d5960000)
  object space 86848K, 10% used [0x0000000780c00000,0x000000078151f8f0,0x00000007860d0000)
 PSPermGen       total 21248K, used 18255K [0x000000077ba00000, 0x000000077cec0000, 0x0000000780c00000)
  object space 21248K, 85% used [0x000000077ba00000,0x000000077cbd3f88,0x000000077cec0000)
}
Event: 296.683 GC heap before
{Heap before GC invocations=18 (full 0):
 PSYoungGen      total 25088K, used 25088K [0x00000007d5960000, 0x00000007d8140000, 0x0000000800000000)
  eden space 24448K, 100% used [0x00000007d5960000,0x00000007d7140000,0x00000007d7140000)
  from space 640K, 100% used [0x00000007d71c0000,0x00000007d7260000,0x00000007d7260000)
  to   space 8192K, 0% used [0x00000007d7940000,0x00000007d7940000,0x00000007d8140000)
 ParOldGen       total 86848K, used 9342K [0x0000000780c00000, 0x00000007860d0000, 0x00000007d5960000)
  object space 86848K, 10% used [0x0000000780c00000,0x000000078151f8f0,0x00000007860d0000)
 PSPermGen       total 21248K, used 18260K [0x000000077ba00000, 0x000000077cec0000, 0x0000000780c00000)
  object space 21248K, 85% used [0x000000077ba00000,0x000000077cbd5228,0x000000077cec0000)
Event: 296.692 GC heap after
Heap after GC invocations=18 (full 0):
 PSYoungGen      total 30976K, used 608K [0x00000007d5960000, 0x00000007d8020000, 0x0000000800000000)
  eden space 23936K, 0% used [0x00000007d5960000,0x00000007d5960000,0x00000007d70c0000)
  from space 7040K, 8% used [0x00000007d7940000,0x00000007d79d8000,0x00000007d8020000)
  to   space 7872K, 0% used [0x00000007d70c0000,0x00000007d70c0000,0x00000007d7870000)
 ParOldGen       total 86848K, used 9358K [0x0000000780c00000, 0x00000007860d0000, 0x00000007d5960000)
  object space 86848K, 10% used [0x0000000780c00000,0x00000007815238f0,0x00000007860d0000)
 PSPermGen       total 21248K, used 18260K [0x000000077ba00000, 0x000000077cec0000, 0x0000000780c00000)
  object space 21248K, 85% used [0x000000077ba00000,0x000000077cbd5228,0x000000077cec0000)
}

Deoptimization events (10 events):
Event: 300.160 Thread 0x0000000010012800 Uncommon trap -89 fr.pc 0x0000000002601b0c
Event: 300.160 Thread 0x0000000010012800 Uncommon trap -89 fr.pc 0x0000000002601b0c
Event: 300.161 Thread 0x0000000010012800 Uncommon trap -89 fr.pc 0x0000000002601b0c
Event: 300.161 Thread 0x0000000010012800 Uncommon trap -89 fr.pc 0x0000000002601b0c
Event: 300.161 Thread 0x0000000010012800 Uncommon trap -89 fr.pc 0x0000000002601b0c
Event: 300.161 Thread 0x0000000010012800 Uncommon trap -89 fr.pc 0x0000000002601b0c
Event: 300.161 Thread 0x0000000010012800 Uncommon trap -89 fr.pc 0x000000000264f8e4
Event: 300.161 Thread 0x0000000010012800 Uncommon trap -89 fr.pc 0x0000000002644224
Event: 300.162 Thread 0x0000000010012800 Uncommon trap -89 fr.pc 0x000000000264f8e4
Event: 300.162 Thread 0x0000000010012800 Uncommon trap -89 fr.pc 0x0000000002644224

Internal exceptions (10 events):
Event: 19.793 Thread 0x000000000fc69800 Threw 0x00000007d5f97288 at C:\jdk7u2_64p\jdk7u17\hotspot\src\share\vm\prims\jvm.cpp:1166
Event: 19.809 Thread 0x000000000fc69800 Threw 0x00000007d5f9f0a8 at C:\jdk7u2_64p\jdk7u17\hotspot\src\share\vm\prims\jvm.cpp:1166
Event: 19.825 Thread 0x0000000010014000 Threw 0x00000007d5fd82e0 at C:\jdk7u2_64p\jdk7u17\hotspot\src\share\vm\prims\jvm.cpp:1166
Event: 19.892 Thread 0x000000000fc69800 Threw 0x00000007d5fb92e8 at C:\jdk7u2_64p\jdk7u17\hotspot\src\share\vm\prims\jvm.cpp:1166
Event: 19.927 Thread 0x0000000010014000 Threw 0x00000007d5fdedd8 at C:\jdk7u2_64p\jdk7u17\hotspot\src\share\vm\prims\jvm.cpp:1166
Event: 50.805 Thread 0x0000000010015800 Implicit null exception at 0x0000000002629eb6 to 0x000000000262a61d
Event: 112.830 Thread 0x0000000010016000 Implicit null exception at 0x00000000026418ea to 0x0000000002641e9d
Event: 175.454 Thread 0x0000000010015800 Implicit null exception at 0x000000000264b569 to 0x000000000264bb75
Event: 237.978 Thread 0x0000000010015800 Implicit null exception at 0x00000000025fb3e3 to 0x00000000025fb9c5
Event: 299.654 Thread 0x000000000fc69800 Threw 0x00000007d5ff2f20 at C:\jdk7u2_64p\jdk7u17\hotspot\src\share\vm\prims\jni.cpp:742

Events (10 events):
Event: 300.161 Thread 0x0000000010012800 DEOPT UNPACKING pc=0x0000000002518fb9 sp=0x000000001f6ee230 mode 1
Event: 300.161 Thread 0x0000000010012800 DEOPT PACKING pc=0x000000000264f8e4 sp=0x000000001f6ee8a0
Event: 300.161 Thread 0x0000000010012800 DEOPT UNPACKING pc=0x0000000002519164 sp=0x000000001f6ee800 mode 2
Event: 300.161 Thread 0x0000000010012800 DEOPT PACKING pc=0x0000000002644224 sp=0x000000001f6ee800
Event: 300.161 Thread 0x0000000010012800 DEOPT UNPACKING pc=0x0000000002519164 sp=0x000000001f6ee770 mode 2
Event: 300.162 Thread 0x0000000010012800 DEOPT PACKING pc=0x000000000264f8e4 sp=0x000000001f6eebf0
Event: 300.162 Thread 0x0000000010012800 DEOPT UNPACKING pc=0x0000000002519164 sp=0x000000001f6eeb50 mode 2
Event: 300.162 Thread 0x0000000010012800 DEOPT PACKING pc=0x0000000002644224 sp=0x000000001f6eeb50
Event: 300.162 Thread 0x0000000010012800 DEOPT UNPACKING pc=0x0000000002519164 sp=0x000000001f6eeac0 mode 2
Event: 300.162 Thread 0x0000000010012800 Thread exited: 0x0000000010012800


Dynamic libraries:
0x000000013fc00000 - 0x000000013fc33000 	C:\Program Files\Java\jre7\bin\javaw.exe
0x0000000077550000 - 0x00000000776f9000 	C:\Windows\SYSTEM32\ntdll.dll
0x0000000076e70000 - 0x0000000076f8f000 	C:\Windows\system32\kernel32.dll
0x000007fefdd10000 - 0x000007fefdd7b000 	C:\Windows\system32\KERNELBASE.dll
0x000007feff4a0000 - 0x000007feff57b000 	C:\Windows\system32\ADVAPI32.dll
0x000007fefde50000 - 0x000007fefdeef000 	C:\Windows\system32\msvcrt.dll
0x000007feff370000 - 0x000007feff38f000 	C:\Windows\SYSTEM32\sechost.dll
0x000007fefdef0000 - 0x000007fefe01d000 	C:\Windows\system32\RPCRT4.dll
0x0000000077450000 - 0x000000007754a000 	C:\Windows\system32\USER32.dll
0x000007feff580000 - 0x000007feff5e7000 	C:\Windows\system32\GDI32.dll
0x000007feff850000 - 0x000007feff85e000 	C:\Windows\system32\LPK.dll
0x000007fefdd80000 - 0x000007fefde49000 	C:\Windows\system32\USP10.dll
0x000007fefca20000 - 0x000007fefcc14000 	C:\Windows\WinSxS\amd64_microsoft.windows.common-controls_6595b64144ccf1df_6.0.7601.17514_none_fa396087175ac9ac\COMCTL32.dll
0x000007fefe200000 - 0x000007fefe271000 	C:\Windows\system32\SHLWAPI.dll
0x000007feff320000 - 0x000007feff34e000 	C:\Windows\system32\IMM32.DLL
0x000007feff390000 - 0x000007feff499000 	C:\Windows\system32\MSCTF.dll
0x0000000072dd0000 - 0x0000000072ea1000 	C:\Program Files\Java\jre7\bin\msvcr100.dll
0x000000006e880000 - 0x000000006ef9f000 	C:\Program Files\Java\jre7\bin\server\jvm.dll
0x000007fefa590000 - 0x000007fefa599000 	C:\Windows\system32\WSOCK32.dll
0x000007feff2d0000 - 0x000007feff31d000 	C:\Windows\system32\WS2_32.dll
0x000007feff2c0000 - 0x000007feff2c8000 	C:\Windows\system32\NSI.dll
0x000007fefbe40000 - 0x000007fefbe7b000 	C:\Windows\system32\WINMM.dll
0x0000000077720000 - 0x0000000077727000 	C:\Windows\system32\PSAPI.DLL
0x00000000737f0000 - 0x00000000737ff000 	C:\Program Files\Java\jre7\bin\verify.dll
0x0000000073040000 - 0x0000000073068000 	C:\Program Files\Java\jre7\bin\java.dll
0x000000006cf10000 - 0x000000006cf45000 	C:\Program Files\Java\jre7\bin\jdwp.dll
0x0000000055a60000 - 0x0000000055a68000 	C:\Program Files\Java\jre7\bin\npt.dll
0x0000000073080000 - 0x0000000073095000 	C:\Program Files\Java\jre7\bin\zip.dll
0x0000000055b00000 - 0x0000000055b09000 	C:\Program Files\Java\jre7\bin\dt_socket.dll
0x000007fefd160000 - 0x000007fefd1b5000 	C:\Windows\system32\mswsock.dll
0x000007fefcfe0000 - 0x000007fefd03b000 	C:\Windows\system32\DNSAPI.dll
0x000007fef5b50000 - 0x000007fef5b65000 	C:\Windows\system32\napinsp.dll
0x000007fef5b30000 - 0x000007fef5b49000 	C:\Windows\system32\pnrpnsp.dll
0x000007fef5b20000 - 0x000007fef5b2b000 	C:\Windows\System32\winrnr.dll
0x000007fef5b10000 - 0x000007fef5b20000 	C:\Windows\system32\wshbth.dll
0x000007fefa450000 - 0x000007fefa462000 	C:\Windows\system32\PrxerNsp.dll
0x000007fefc680000 - 0x000007fefc6a7000 	C:\Windows\system32\IPHLPAPI.DLL
0x000007fefc670000 - 0x000007fefc67b000 	C:\Windows\system32\WINNSI.DLL
0x000007fefa440000 - 0x000007fefa448000 	C:\Windows\system32\rasadhlp.dll
0x0000000180000000 - 0x000000018003e000 	C:\Program Files (x86)\Avira\AntiVir Desktop\avsda64.dll
0x000007fefc650000 - 0x000007fefc666000 	C:\Windows\system32\PrxerDrv.dll
0x000007fefc640000 - 0x000007fefc647000 	C:\Windows\System32\wshtcpip.dll
0x000007fefd1c0000 - 0x000007fefd1d7000 	C:\Windows\system32\CRYPTSP.dll
0x000007fefcec0000 - 0x000007fefcf07000 	C:\Windows\system32\rsaenh.dll
0x000007fefcc80000 - 0x000007fefcc9e000 	C:\Windows\system32\USERENV.dll
0x000007fefd9b0000 - 0x000007fefd9bf000 	C:\Windows\system32\profapi.dll
0x000007fefd8a0000 - 0x000007fefd8af000 	C:\Windows\system32\CRYPTBASE.dll
0x0000000073020000 - 0x0000000073039000 	C:\Program Files\Java\jre7\bin\net.dll
0x000007fefd150000 - 0x000007fefd157000 	C:\Windows\System32\wship6.dll
0x000007fefb3d0000 - 0x000007fefb423000 	C:\Windows\System32\fwpuclnt.dll
0x0000000073000000 - 0x0000000073011000 	C:\Program Files\Java\jre7\bin\nio.dll
0x000007feed360000 - 0x000007feed397000 	C:\Users\Armin\AppData\Local\Temp\jna-Armin\jna7060437299329953722.dll
0x000000006a220000 - 0x000000006a250000 	C:\Users\Armin\Desktop\Kar\jajeem\vlclib\libvlc.dll
0x0000000010600000 - 0x0000000010854000 	C:\Users\Armin\Desktop\Kar\jajeem\vlclib\libvlccore.dll
0x000007fefe530000 - 0x000007feff2b8000 	C:\Windows\system32\SHELL32.dll
0x0000000072910000 - 0x0000000072aa3000 	C:\Program Files\Java\jre7\bin\awt.dll
0x000007feff770000 - 0x000007feff847000 	C:\Windows\system32\OLEAUT32.dll
0x000007fefe320000 - 0x000007fefe523000 	C:\Windows\system32\ole32.dll
0x000007fefbcb0000 - 0x000007fefbd06000 	C:\Windows\system32\uxtheme.dll
0x0000000002070000 - 0x00000000020ab000 	C:\Windows\W7FBC\dll.dll
0x000007feff6d0000 - 0x000007feff767000 	C:\Windows\system32\COMDLG32.dll
0x000007fefba90000 - 0x000007fefbca5000 	C:\Windows\WinSxS\amd64_microsoft.windows.gdiplus_6595b64144ccf1df_1.1.7601.17514_none_2b24536c71ed437a\gdiplus.dll
0x000007fefd7f0000 - 0x000007fefd808000 	C:\Windows\system32\dwmapi.dll
0x000007fee72f0000 - 0x000007fee74ef000 	C:\Windows\system32\d3d9.dll
0x000007fefc550000 - 0x000007fefc55c000 	C:\Windows\system32\VERSION.dll
0x000007feea810000 - 0x000007feea817000 	C:\Windows\system32\d3d8thk.dll
0x000000006d340000 - 0x000000006d3e3000 	C:\Windows\system32\aticfx64.dll
0x000007feea800000 - 0x000007feea80d000 	C:\Windows\system32\atiu9p64.dll
0x0000000067610000 - 0x0000000067b1d000 	C:\Windows\system32\atiumd64.dll
0x0000000064550000 - 0x000000006487b000 	C:\Windows\system32\atiumd6a.dll
0x000000006d180000 - 0x000000006d1b4000 	C:\Program Files\Java\jre7\bin\fontmanager.dll
0x0000000064440000 - 0x0000000064496000 	C:\Users\Armin\Desktop\Kar\jajeem\vlclib\plugins\access\libdshow_plugin.dll
0x000000006a2f0000 - 0x000000006a310000 	C:\Users\Armin\Desktop\Kar\jajeem\vlclib\plugins\audio_output\libaout_directx_plugin.dll
0x000000006e0e0000 - 0x000000006e100000 	C:\Users\Armin\Desktop\Kar\jajeem\vlclib\plugins\audio_output\libwaveout_plugin.dll
0x000007fefbef0000 - 0x000007fefbf78000 	C:\Windows\system32\DSOUND.dll
0x000007fefc520000 - 0x000007fefc54c000 	C:\Windows\system32\POWRPROF.dll
0x000007fefe020000 - 0x000007fefe1f7000 	C:\Windows\system32\SETUPAPI.dll
0x000007fefdbd0000 - 0x000007fefdc06000 	C:\Windows\system32\CFGMGR32.dll
0x000007fefdc10000 - 0x000007fefdc2a000 	C:\Windows\system32\DEVOBJ.dll
0x0000000068cb0000 - 0x0000000069823000 	C:\Users\Armin\Desktop\Kar\jajeem\vlclib\plugins\gui\libqt4_plugin.dll
0x000007fefb310000 - 0x000007fefb381000 	C:\Windows\system32\WINSPOOL.DRV
0x0000000062400000 - 0x000000006257a000 	C:\Users\Armin\Desktop\Kar\jajeem\vlclib\plugins\misc\libxml_plugin.dll
0x000000006d060000 - 0x000000006d086000 	C:\Users\Armin\Desktop\Kar\jajeem\vlclib\plugins\video_output\libdirectx_plugin.dll
0x0000000062e80000 - 0x0000000062e9c000 	C:\Users\Armin\Desktop\Kar\jajeem\vlclib\plugins\mmxext\libmemcpymmxext_plugin.dll
0x000000006f900000 - 0x000000006f921000 	C:\Users\Armin\Desktop\Kar\jajeem\vlclib\plugins\control\libhotkeys_plugin.dll
0x000007fefbe80000 - 0x000007fefbecb000 	C:\Windows\system32\MMDevAPI.DLL
0x000007fefbd10000 - 0x000007fefbe3c000 	C:\Windows\system32\PROPSYS.dll
0x000007feecbb0000 - 0x000007feecbeb000 	C:\Windows\system32\wdmaud.drv
0x000000006c120000 - 0x000000006c126000 	C:\Windows\system32\ksuser.dll
0x000007fefc060000 - 0x000007fefc069000 	C:\Windows\system32\AVRT.dll
0x000007fefc9a0000 - 0x000007fefc9ef000 	C:\Windows\system32\AUDIOSES.DLL
0x000007fef5e30000 - 0x000007fef5e3a000 	C:\Windows\system32\msacm32.drv
0x000007fef4370000 - 0x000007fef4388000 	C:\Windows\system32\MSACM32.dll
0x000007fef5f80000 - 0x000007fef5f89000 	C:\Windows\system32\midimap.dll
0x000007fefa5c0000 - 0x000007fefa660000 	C:\Windows\WinSxS\amd64_microsoft.windows.common-controls_6595b64144ccf1df_5.82.7601.17514_none_a4d6a923711520a9\comctl32.dll
0x000007fefe280000 - 0x000007fefe319000 	C:\Windows\system32\CLBCatQ.DLL
0x000007fefc9f0000 - 0x000007fefca1d000 	C:\Windows\system32\ntmarta.dll
0x000007feff670000 - 0x000007feff6c2000 	C:\Windows\system32\WLDAP32.dll
0x000007fefd840000 - 0x000007fefd897000 	C:\Windows\system32\apphelp.dll
0x000007fef2550000 - 0x000007fef26ec000 	C:\Windows\system32\NetworkExplorer.dll
0x000007fef4ae0000 - 0x000007fef4b14000 	C:\Windows\System32\shdocvw.dll
0x000007fefb690000 - 0x000007fefb69b000 	C:\Windows\system32\slc.dll
0x000007fefb7c0000 - 0x000007fefb8ea000 	C:\Windows\system32\WindowsCodecs.dll
0x000000006ce60000 - 0x000000006ce76000 	C:\Program Files\Common Files\TortoiseOverlays\TortoiseOverlays.dll
0x000000006ce90000 - 0x000000006cea0000 	C:\Program Files\TortoiseSVN\bin\TortoiseStub.dll
0x000000006cde0000 - 0x000000006ce58000 	C:\Program Files\TortoiseSVN\bin\TortoiseSVN.dll
0x0000000076f90000 - 0x00000000770ea000 	C:\Windows\system32\WININET.dll
0x0000000077710000 - 0x0000000077713000 	C:\Windows\system32\Normaliz.dll
0x0000000077240000 - 0x000000007744d000 	C:\Windows\system32\iertutil.dll
0x00000000770f0000 - 0x000000007723d000 	C:\Windows\system32\urlmon.dll
0x000007fef3ca0000 - 0x000007fef407c000 	C:\Program Files\TortoiseSVN\bin\libsvn_tsvn.dll
0x000000006cdb0000 - 0x000000006cddb000 	C:\Program Files\TortoiseSVN\bin\libapr_tsvn.dll
0x000000006cc80000 - 0x000000006ccc1000 	C:\Program Files\TortoiseSVN\bin\libaprutil_tsvn.dll
0x000007fef4b80000 - 0x000007fef4b90000 	C:\Program Files\TortoiseSVN\bin\intl3_tsvn.dll
0x000007fef4b60000 - 0x000007fef4b7a000 	C:\Program Files\TortoiseSVN\bin\libsasl.dll
0x000007fefd510000 - 0x000007fefd51b000 	C:\Windows\system32\Secur32.dll
0x000007fefd810000 - 0x000007fefd835000 	C:\Windows\system32\SSPICLI.DLL
0x000007fefda60000 - 0x000007fefdbc7000 	C:\Windows\system32\CRYPT32.dll
0x000007fefda50000 - 0x000007fefda5f000 	C:\Windows\system32\MSASN1.dll
0x000000006cbe0000 - 0x000000006cc78000 	C:\Windows\system32\MSVCP100.dll
0x000007fef4b20000 - 0x000007fef4b55000 	C:\Windows\system32\EhStorShell.dll
0x000007fef3620000 - 0x000007fef3c91000 	C:\PROGRA~1\MIF5BA~1\Office14\GROOVEEX.DLL
0x000000006cb40000 - 0x000000006cbdd000 	C:\Windows\WinSxS\amd64_microsoft.vc90.crt_1fc8b3b9a1e18e3b_9.0.30729.4940_none_08e4299fa83d7e3c\MSVCR90.dll
0x000000006ca60000 - 0x000000006cb33000 	C:\Windows\WinSxS\amd64_microsoft.vc90.crt_1fc8b3b9a1e18e3b_9.0.30729.4940_none_08e4299fa83d7e3c\MSVCP90.dll
0x000000006ca30000 - 0x000000006ca5f000 	C:\Windows\WinSxS\amd64_microsoft.vc90.atl_1fc8b3b9a1e18e3b_9.0.30729.4148_none_0a1d2fcba76b3f00\ATL90.DLL
0x000007fef3210000 - 0x000007fef361f000 	C:\PROGRA~1\COMMON~1\MICROS~1\OFFICE14\Cultures\office.odf
0x000007fef29a0000 - 0x000007fef3204000 	C:\PROGRA~1\MIF5BA~1\Office14\1033\GrooveIntlResource.dll
0x000000006dfd0000 - 0x000000006e011000 	C:\Program Files\Java\jre7\bin\t2k.dll

VM Arguments:
jvm_args: -agentlib:jdwp=transport=dt_socket,suspend=y,address=localhost:10281 -Dfile.encoding=Cp1256 
java_command: com.jajeem.videoplayer.design.VideoPlayer
Launcher Type: SUN_STANDARD

Environment Variables:
PATH=C:\Program Files (x86)\NVIDIA Corporation\PhysX\Common;C:\Program Files (x86)\MiKTeX 2.9\miktex\bin;C:\Windows\system32;C:\Windows;C:\Windows\System32\Wbem;C:\Windows\System32\WindowsPowerShell\v1.0\;c:\Program Files (x86)\ATI Technologies\ATI.ACE\Core-Static;C:\Program Files\Intel\WiFi\bin\;C:\Program Files\Common Files\Intel\WirelessCommon\;C:\Program Files (x86)\Common Files\Roxio Shared\DLLShared\;C:\Program Files (x86)\Common Files\Roxio Shared\OEM\DLLShared\;C:\Program Files (x86)\Common Files\Roxio Shared\OEM\DLLShared\;C:\Program Files (x86)\Common Files\Roxio Shared\OEM\12.0\DLLShared\;C:\Program Files (x86)\Roxio\OEM\AudioCore\;C:\Program Files (x86)\Java\jre6\bin;C:\Program Files\TortoiseSVN\bin;C:\Program Files (x86)\Microsoft SQL Server\100\Tools\Binn\;C:\Program Files\Microsoft SQL Server\100\Tools\Binn\;C:\Program Files\Microsoft SQL Server\100\DTS\Binn\;C:\Program Files (x86)\Microsoft SQL Server\100\Tools\Binn\VSShell\Common7\IDE\;C:\Program Files (x86)\Microsoft Visual Studio 9.0\Common7\IDE\PrivateAssemblies\;C:\Program Files (x86)\Microsoft SQL Server\100\DTS\Binn\;C:\Program Files\Microsoft\Web Platform Installer\;;C:\Program Files (x86)\Universal Extractor;C:\Program Files (x86)\Universal Extractor\bin;C:\Program Files (x86)\Microsoft ASP.NET\ASP.NET Web Pages\v1.0\;C:\Program Files (x86)\Windows Kits\8.0\Windows Performance Toolkit\;C:\Program Files\Microsoft SQL Server\110\Tools\Binn\;C:\Program Files\WIDCOMM\Bluetooth Software\;C:\Program Files\WIDCOMM\Bluetooth Software\syswow64;C:\Program Files (x86)\OpenVPN\bin
USERNAME=Armin
OS=Windows_NT
PROCESSOR_IDENTIFIER=Intel64 Family 6 Model 42 Stepping 7, GenuineIntel



---------------  S Y S T E M  ---------------

OS: Windows 7 , 64 bit Build 7601 Service Pack 1

CPU:total 8 (4 cores per cpu, 2 threads per core) family 6 model 42 stepping 7, cmov, cx8, fxsr, mmx, sse, sse2, sse3, ssse3, sse4.1, sse4.2, popcnt, avx, ht, tsc, tscinvbit

Memory: 4k page, physical 8335180k(4447056k free), swap 16668512k(11192260k free)

vm_info: Java HotSpot(TM) 64-Bit Server VM (23.7-b01) for windows-amd64 JRE (1.7.0_17-b02), built on Mar  1 2013 03:38:30 by "java_re" with unknown MS VC++:1600

time: Tue Jun 04 10:44:13 2013
elapsed time: 300 seconds

