#
# A fatal error has been detected by the Java Runtime Environment:
#
#  EXCEPTION_ACCESS_VIOLATION (0xc0000005) at pc=0x00000000772de4b4, pid=5168, tid=5204
#
# JRE version: 7.0_17-b02
# Java VM: Java HotSpot(TM) 64-Bit Server VM (23.7-b01 mixed mode windows-amd64 compressed oops)
# Problematic frame:
# C  [ntdll.dll+0x4e4b4]  RtlDeNormalizeProcessParams+0x5a4
#
# Failed to write core dump. Minidumps are not enabled by default on client versions of Windows
#
# If you would like to submit a bug report, please visit:
#   http://bugreport.sun.com/bugreport/crash.jsp
# The crash happened outside the Java Virtual Machine in native code.
# See problematic frame for where to report the bug.
#

---------------  T H R E A D  ---------------

Current thread (0x000000000f941000):  JavaThread "pool-2-thread-1" [_thread_in_native, id=5204, stack(0x0000000016ba0000,0x0000000016ca0000)]

siginfo: ExceptionCode=0xc0000005, writing address 0x0000000000000024

Registers:
RAX=0x0000000000000000, RBX=0x0000000013263e20, RCX=0x00000000fffffffc, RDX=0x0000000000000734
RSP=0x0000000016c9dfe0, RBP=0x0000000000000000, RSI=0x0000000000000734, RDI=0x0000000000000000
R8 =0x0000000016c9df98, R9 =0x0000000000000004, R10=0x0000000000000000, R11=0x0000000000000246
R12=0x0000000000000000, R13=0x0000000000000000, R14=0x000007fffff6c000, R15=0x0000000000000000
RIP=0x00000000772de4b4, EFLAGS=0x0000000000010213

Top of Stack: (sp=0x0000000016c9dfe0)
0x0000000016c9dfe0:   0000000014073bd0 0000000000000734
0x0000000016c9dff0:   0000000002706590 0000000013263e18
0x0000000016c9e000:   000000000f9411d8 0000000016c9e188
0x0000000016c9e010:   000000000f941000 0000000061df5f08
0x0000000016c9e020:   0000000002285690 0000000016c9e180
0x0000000016c9e030:   0000000000000000 0000000000000000
0x0000000016c9e040:   fffffff90000002f 000000000dfc85d8
0x0000000016c9e050:   000000000000000f 0000000000000000
0x0000000016c9e060:   000000000f941000 0000000016c9e8f0
0x0000000016c9e070:   0000000000000004 0000000000000001
0x0000000016c9e080:   00000000ff000000 00000000772de3db
0x0000000016c9e090:   0000000000000000 0000000000000000
0x0000000016c9e0a0:   000000077bd72470 0000000013263e20
0x0000000016c9e0b0:   0000000013263da8 0000000062078b65
0x0000000016c9e0c0:   0000000016c9e180 0000000013263e18
0x0000000016c9e0d0:   0000000002706590 000007fee92a05fa 

Instructions: (pc=0x00000000772de4b4)
0x00000000772de494:   0f b1 4b 08 0f 85 9b 47 fd ff 48 8b 03 4c 89 ac
0x00000000772de4a4:   24 c0 00 00 00 33 ed 45 33 ed 48 83 f8 ff 74 03
0x00000000772de4b4:   ff 40 24 ba 22 17 00 00 48 8d 3d cd 8f 0e 00 80
0x00000000772de4c4:   3c 25 82 03 fe 7f 00 0f 85 53 be 01 00 48 83 fe 


Register to memory mapping:

RAX=0x0000000000000000 is an unknown value
RBX=0x0000000013263e20 is an unknown value
RCX=0x00000000fffffffc is an unknown value
RDX=0x0000000000000734 is an unknown value
RSP=0x0000000016c9dfe0 is pointing into the stack for thread: 0x000000000f941000
RBP=0x0000000000000000 is an unknown value
RSI=0x0000000000000734 is an unknown value
RDI=0x0000000000000000 is an unknown value
R8 =0x0000000016c9df98 is pointing into the stack for thread: 0x000000000f941000
R9 =0x0000000000000004 is an unknown value
R10=0x0000000000000000 is an unknown value
R11=0x0000000000000246 is an unknown value
R12=0x0000000000000000 is an unknown value
R13=0x0000000000000000 is an unknown value
R14=0x000007fffff6c000 is an unknown value
R15=0x0000000000000000 is an unknown value


Stack: [0x0000000016ba0000,0x0000000016ca0000],  sp=0x0000000016c9dfe0,  free space=1015k
Native frames: (J=compiled Java code, j=interpreted, Vv=VM code, C=native code)
C  [ntdll.dll+0x4e4b4]  RtlDeNormalizeProcessParams+0x5a4

[error occurred during error reporting (printing native stack), id 0xc0000005]

Java frames: (J=compiled Java code, j=interpreted, Vv=VM code)
j  com.sun.jna.Native.invokeLong(JI[Ljava/lang/Object;)J+0
j  com.sun.jna.Function.invoke([Ljava/lang/Object;Ljava/lang/Class;Z)Ljava/lang/Object;+389
j  com.sun.jna.Function.invoke(Ljava/lang/Class;[Ljava/lang/Object;Ljava/util/Map;)Ljava/lang/Object;+214
j  com.sun.jna.Library$Handler.invoke(Ljava/lang/Object;Ljava/lang/reflect/Method;[Ljava/lang/Object;)Ljava/lang/Object;+341
j  com.sun.proxy.$Proxy0.libvlc_media_player_get_time(Luk/co/caprica/vlcj/binding/internal/libvlc_media_player_t;)J+16
j  uk.co.caprica.vlcj.player.DefaultMediaPlayer.getTime()J+17
j  com.jajeem.videoplayer.design.PlayerControlsPanel$UpdateRunnable.run()V+4
j  java.util.concurrent.Executors$RunnableAdapter.call()Ljava/lang/Object;+4
j  java.util.concurrent.FutureTask$Sync.innerRunAndReset()Z+30
j  java.util.concurrent.FutureTask.runAndReset()Z+4
j  java.util.concurrent.ScheduledThreadPoolExecutor$ScheduledFutureTask.access$301(Ljava/util/concurrent/ScheduledThreadPoolExecutor$ScheduledFutureTask;)Z+1
j  java.util.concurrent.ScheduledThreadPoolExecutor$ScheduledFutureTask.run()V+37
j  java.util.concurrent.ThreadPoolExecutor.runWorker(Ljava/util/concurrent/ThreadPoolExecutor$Worker;)V+95
j  java.util.concurrent.ThreadPoolExecutor$Worker.run()V+5
j  java.lang.Thread.run()V+11
v  ~StubRoutines::call_stub

---------------  P R O C E S S  ---------------

Java Threads: ( => current thread )
  0x000000000f941800 JavaThread "TimerQueue" daemon [_thread_blocked, id=6288, stack(0x0000000016d60000,0x0000000016e60000)]
  0x000000000f940000 JavaThread "D3D Screen Updater" daemon [_thread_blocked, id=4060, stack(0x0000000016f80000,0x0000000017080000)]
=>0x000000000f941000 JavaThread "pool-2-thread-1" [_thread_in_native, id=5204, stack(0x0000000016ba0000,0x0000000016ca0000)]
  0x000000000f93f800 JavaThread "Swing-Shell" daemon [_thread_blocked, id=2480, stack(0x0000000015190000,0x0000000015290000)]
  0x000000000f93e000 JavaThread "vlcj native mouse hook" [_thread_in_native, id=6428, stack(0x0000000010a00000,0x0000000010b00000)]
  0x000000000f93d000 JavaThread "DestroyJavaVM" [_thread_blocked, id=5336, stack(0x0000000002600000,0x0000000002700000)]
  0x000000000f93c800 JavaThread "AWT-EventQueue-0" [_thread_blocked, id=5708, stack(0x00000000110a0000,0x00000000111a0000)]
  0x000000000f93b800 JavaThread "AWT-Windows" daemon [_thread_in_native, id=4020, stack(0x0000000010110000,0x0000000010210000)]
  0x000000000f93b000 JavaThread "AWT-Shutdown" [_thread_blocked, id=3436, stack(0x0000000010560000,0x0000000010660000)]
  0x000000000f93a000 JavaThread "Java2D Disposer" daemon [_thread_blocked, id=5316, stack(0x00000000103a0000,0x00000000104a0000)]
  0x000000000de57000 JavaThread "Service Thread" daemon [_thread_blocked, id=6576, stack(0x000000000f7b0000,0x000000000f8b0000)]
  0x000000000de4e000 JavaThread "C2 CompilerThread1" daemon [_thread_blocked, id=5288, stack(0x000000000f540000,0x000000000f640000)]
  0x000000000de4c800 JavaThread "C2 CompilerThread0" daemon [_thread_blocked, id=4752, stack(0x000000000f420000,0x000000000f520000)]
  0x000000000de14000 JavaThread "JDWP Command Reader" daemon [_thread_in_native, id=2376, stack(0x000000000f260000,0x000000000f360000)]
  0x000000000de0f000 JavaThread "JDWP Event Helper Thread" daemon [_thread_blocked, id=5852, stack(0x000000000ee80000,0x000000000ef80000)]
  0x000000000ddff000 JavaThread "JDWP Transport Listener: dt_socket" daemon [_thread_blocked, id=4556, stack(0x000000000f0a0000,0x000000000f1a0000)]
  0x000000000ddf8800 JavaThread "Attach Listener" daemon [_thread_blocked, id=6188, stack(0x000000000d9e0000,0x000000000dae0000)]
  0x000000000ddf7000 JavaThread "Signal Dispatcher" daemon [_thread_blocked, id=5700, stack(0x000000000e1c0000,0x000000000e2c0000)]
  0x000000000bddb000 JavaThread "Finalizer" daemon [_thread_blocked, id=7076, stack(0x000000000dca0000,0x000000000dda0000)]
  0x000000000bdd2800 JavaThread "Reference Handler" daemon [_thread_blocked, id=3712, stack(0x000000000db80000,0x000000000dc80000)]

Other Threads:
  0x000000000bdc7000 VMThread [stack: 0x000000000d8c0000,0x000000000d9c0000] [id=5240]
  0x000000000de63800 WatcherThread [stack: 0x000000000ed10000,0x000000000ee10000] [id=6664]

VM state:not at safepoint (normal execution)

VM Mutex/Monitor currently owned by a thread: None

Heap
 PSYoungGen      total 38016K, used 18615K [0x00000007d5960000, 0x00000007d83c0000, 0x0000000800000000)
  eden space 32640K, 40% used [0x00000007d5960000,0x00000007d6662300,0x00000007d7940000)
  from space 5376K, 98% used [0x00000007d7940000,0x00000007d7e6b9e8,0x00000007d7e80000)
  to   space 5376K, 0% used [0x00000007d7e80000,0x00000007d7e80000,0x00000007d83c0000)
 ParOldGen       total 86848K, used 8K [0x0000000780c00000, 0x00000007860d0000, 0x00000007d5960000)
  object space 86848K, 0% used [0x0000000780c00000,0x0000000780c02000,0x00000007860d0000)
 PSPermGen       total 21248K, used 18061K [0x000000077ba00000, 0x000000077cec0000, 0x0000000780c00000)
  object space 21248K, 85% used [0x000000077ba00000,0x000000077cba3798,0x000000077cec0000)

Card table byte_map: [0x0000000005700000,0x0000000005b30000] byte_map_base: 0x0000000001b23000

Polling page: 0x0000000000130000

Code Cache  [0x0000000002700000, 0x0000000002970000, 0x0000000005700000)
 total_blobs=639 nmethods=136 adapters=462 free_code_cache=48259Kb largest_free_block=49384128

Compilation events (10 events):
Event: 13.946 Thread 0x000000000de4e000  131             java.lang.Class::getName (21 bytes)
Event: 13.948 Thread 0x000000000de4c800  132             java.util.ArrayList::add (29 bytes)
Event: 13.949 Thread 0x000000000de4e000 nmethod 131 0x00000000027e0d10 code [0x00000000027e0e60, 0x00000000027e0f08]
Event: 13.956 Thread 0x000000000de4c800 nmethod 132 0x00000000027e0850 code [0x00000000027e09a0, 0x00000000027e0b68]
Event: 14.006 Thread 0x000000000de4e000  133             java.lang.Class::getField0 (92 bytes)
Event: 14.035 Thread 0x000000000de4c800  134             java.util.ArrayList::access$200 (5 bytes)
Event: 14.038 Thread 0x000000000de4c800 nmethod 134 0x00000000027d3550 code [0x00000000027d3680, 0x00000000027d36f8]
Event: 14.068 Thread 0x000000000de4e000 nmethod 133 0x00000000027e5890 code [0x00000000027e5b00, 0x00000000027e6758]
Event: 22.013 Thread 0x000000000de4c800  135             java.lang.Number::<init> (5 bytes)
Event: 22.014 Thread 0x000000000de4c800 nmethod 135 0x00000000027d3790 code [0x00000000027d38c0, 0x00000000027d3918]

GC Heap History (2 events):
Event: 6.009 GC heap before
{Heap before GC invocations=1 (full 0):
 PSYoungGen      total 38016K, used 32640K [0x00000007d5960000, 0x00000007d83c0000, 0x0000000800000000)
  eden space 32640K, 100% used [0x00000007d5960000,0x00000007d7940000,0x00000007d7940000)
  from space 5376K, 0% used [0x00000007d7e80000,0x00000007d7e80000,0x00000007d83c0000)
  to   space 5376K, 0% used [0x00000007d7940000,0x00000007d7940000,0x00000007d7e80000)
 ParOldGen       total 86848K, used 0K [0x0000000780c00000, 0x00000007860d0000, 0x00000007d5960000)
  object space 86848K, 0% used [0x0000000780c00000,0x0000000780c00000,0x00000007860d0000)
 PSPermGen       total 21248K, used 17755K [0x000000077ba00000, 0x000000077cec0000, 0x0000000780c00000)
  object space 21248K, 83% used [0x000000077ba00000,0x000000077cb56f00,0x000000077cec0000)
Event: 6.035 GC heap after
Heap after GC invocations=1 (full 0):
 PSYoungGen      total 38016K, used 5294K [0x00000007d5960000, 0x00000007d83c0000, 0x0000000800000000)
  eden space 32640K, 0% used [0x00000007d5960000,0x00000007d5960000,0x00000007d7940000)
  from space 5376K, 98% used [0x00000007d7940000,0x00000007d7e6b9e8,0x00000007d7e80000)
  to   space 5376K, 0% used [0x00000007d7e80000,0x00000007d7e80000,0x00000007d83c0000)
 ParOldGen       total 86848K, used 8K [0x0000000780c00000, 0x00000007860d0000, 0x00000007d5960000)
  object space 86848K, 0% used [0x0000000780c00000,0x0000000780c02000,0x00000007860d0000)
 PSPermGen       total 21248K, used 17755K [0x000000077ba00000, 0x000000077cec0000, 0x0000000780c00000)
  object space 21248K, 83% used [0x000000077ba00000,0x000000077cb56f00,0x000000077cec0000)
}

Deoptimization events (10 events):
Event: 1.701 Thread 0x000000000f93c800 Uncommon trap -58 fr.pc 0x00000000027809d4
Event: 1.716 Thread 0x000000000f93c800 Uncommon trap -58 fr.pc 0x00000000027809d4
Event: 1.718 Thread 0x000000000f93c800 Uncommon trap -58 fr.pc 0x000000000277d75c
Event: 1.927 Thread 0x000000000f93c800 Uncommon trap -83 fr.pc 0x000000000278bed0
Event: 2.288 Thread 0x000000000f93c800 Uncommon trap -83 fr.pc 0x0000000002791cf4
Event: 2.294 Thread 0x000000000f93c800 Uncommon trap -83 fr.pc 0x0000000002791448
Event: 4.220 Thread 0x000000000f93c800 Uncommon trap -34 fr.pc 0x000000000277f090
Event: 4.220 Thread 0x000000000f93c800 Uncommon trap -34 fr.pc 0x000000000277f090
Event: 4.223 Thread 0x000000000f93c800 Uncommon trap -34 fr.pc 0x000000000277f090
Event: 4.223 Thread 0x000000000f93c800 Uncommon trap -34 fr.pc 0x000000000277f090

Internal exceptions (10 events):
Event: 5.793 Thread 0x000000000f93c800 Threw 0x00000007d785b5b0 at C:\jdk7u2_64p\jdk7u17\hotspot\src\share\vm\prims\jvm.cpp:1166
Event: 5.795 Thread 0x000000000f93c800 Threw 0x00000007d7864ca8 at C:\jdk7u2_64p\jdk7u17\hotspot\src\share\vm\prims\jvm.cpp:1166
Event: 5.797 Thread 0x000000000f93c800 Threw 0x00000007d786e288 at C:\jdk7u2_64p\jdk7u17\hotspot\src\share\vm\prims\jvm.cpp:1166
Event: 5.798 Thread 0x000000000f93c800 Threw 0x00000007d7875010 at C:\jdk7u2_64p\jdk7u17\hotspot\src\share\vm\prims\jvm.cpp:1166
Event: 5.800 Thread 0x000000000f93c800 Threw 0x00000007d787fde8 at C:\jdk7u2_64p\jdk7u17\hotspot\src\share\vm\prims\jvm.cpp:1166
Event: 21.955 Thread 0x000000000f93c800 Threw 0x00000007d59c90b0 at C:\jdk7u2_64p\jdk7u17\hotspot\src\share\vm\prims\jni.cpp:742
Event: 30.306 Thread 0x000000000f93c800 Threw 0x00000007d65d1688 at C:\jdk7u2_64p\jdk7u17\hotspot\src\share\vm\prims\jvm.cpp:1166
Event: 30.311 Thread 0x000000000f93c800 Threw 0x00000007d65d9480 at C:\jdk7u2_64p\jdk7u17\hotspot\src\share\vm\prims\jvm.cpp:1166
Event: 30.312 Thread 0x000000000f93c800 Threw 0x00000007d65dfcc8 at C:\jdk7u2_64p\jdk7u17\hotspot\src\share\vm\prims\jvm.cpp:1166
Event: 30.316 Thread 0x000000000f93c800 Threw 0x00000007d65e6d48 at C:\jdk7u2_64p\jdk7u17\hotspot\src\share\vm\prims\jvm.cpp:1166

Events (10 events):
Event: 31.100 Executing VM operation: GetOrSetLocal done
Event: 31.101 Executing VM operation: GetOrSetLocal
Event: 31.101 Executing VM operation: GetOrSetLocal done
Event: 31.102 Executing VM operation: GetOrSetLocal
Event: 31.102 Executing VM operation: GetOrSetLocal done
Event: 34.164 Executing VM operation: RevokeBias
Event: 34.164 Executing VM operation: RevokeBias done
Event: 34.165 Thread 0x000000000f93e800 Thread exited: 0x000000000f93e800
Event: 34.908 Executing VM operation: GetOrSetLocal
Event: 34.908 Executing VM operation: GetOrSetLocal done


Dynamic libraries:
0x000000013fc40000 - 0x000000013fc73000 	C:\Program Files\Java\jre7\bin\javaw.exe
0x0000000077290000 - 0x0000000077439000 	C:\Windows\SYSTEM32\ntdll.dll
0x0000000077170000 - 0x000000007728f000 	C:\Windows\system32\kernel32.dll
0x000007fefd8a0000 - 0x000007fefd90b000 	C:\Windows\system32\KERNELBASE.dll
0x000007fefe940000 - 0x000007fefea1b000 	C:\Windows\system32\ADVAPI32.dll
0x000007feff1b0000 - 0x000007feff24f000 	C:\Windows\system32\msvcrt.dll
0x000007feff580000 - 0x000007feff59f000 	C:\Windows\SYSTEM32\sechost.dll
0x000007feff440000 - 0x000007feff56d000 	C:\Windows\system32\RPCRT4.dll
0x0000000076d00000 - 0x0000000076dfa000 	C:\Windows\system32\USER32.dll
0x000007fefe8d0000 - 0x000007fefe937000 	C:\Windows\system32\GDI32.dll
0x000007fefee10000 - 0x000007fefee1e000 	C:\Windows\system32\LPK.dll
0x000007feff250000 - 0x000007feff319000 	C:\Windows\system32\USP10.dll
0x000007fefc080000 - 0x000007fefc274000 	C:\Windows\WinSxS\amd64_microsoft.windows.common-controls_6595b64144ccf1df_6.0.7601.17514_none_fa396087175ac9ac\COMCTL32.dll
0x000007feff320000 - 0x000007feff391000 	C:\Windows\system32\SHLWAPI.dll
0x000007fefdac0000 - 0x000007fefdaee000 	C:\Windows\system32\IMM32.DLL
0x000007fefed00000 - 0x000007fefee09000 	C:\Windows\system32\MSCTF.dll
0x0000000062ca0000 - 0x0000000062d71000 	C:\Program Files\Java\jre7\bin\msvcr100.dll
0x00000000618f0000 - 0x000000006200f000 	C:\Program Files\Java\jre7\bin\server\jvm.dll
0x000007fefa360000 - 0x000007fefa369000 	C:\Windows\system32\WSOCK32.dll
0x000007fefdaf0000 - 0x000007fefdb3d000 	C:\Windows\system32\WS2_32.dll
0x000007feff570000 - 0x000007feff578000 	C:\Windows\system32\NSI.dll
0x000007fefb3d0000 - 0x000007fefb40b000 	C:\Windows\system32\WINMM.dll
0x0000000077460000 - 0x0000000077467000 	C:\Windows\system32\PSAPI.DLL
0x0000000068c30000 - 0x0000000068c3f000 	C:\Program Files\Java\jre7\bin\verify.dll
0x0000000068820000 - 0x0000000068848000 	C:\Program Files\Java\jre7\bin\java.dll
0x0000000064600000 - 0x0000000064635000 	C:\Program Files\Java\jre7\bin\jdwp.dll
0x0000000068b70000 - 0x0000000068b78000 	C:\Program Files\Java\jre7\bin\npt.dll
0x0000000068ba0000 - 0x0000000068bb5000 	C:\Program Files\Java\jre7\bin\zip.dll
0x0000000068c40000 - 0x0000000068c49000 	C:\Program Files\Java\jre7\bin\dt_socket.dll
0x000007fefcf20000 - 0x000007fefcf75000 	C:\Windows\system32\mswsock.dll
0x000007fefcda0000 - 0x000007fefcdfb000 	C:\Windows\system32\DNSAPI.dll
0x000007fef08f0000 - 0x000007fef0905000 	C:\Windows\system32\napinsp.dll
0x000007fef0700000 - 0x000007fef0719000 	C:\Windows\system32\pnrpnsp.dll
0x000007fef0a70000 - 0x000007fef0a7b000 	C:\Windows\System32\winrnr.dll
0x000007fefb8d0000 - 0x000007fefb8e0000 	C:\Windows\system32\wshbth.dll
0x000007fefa190000 - 0x000007fefa1a2000 	C:\Windows\system32\PrxerNsp.dll
0x000007fefc6d0000 - 0x000007fefc6f7000 	C:\Windows\system32\IPHLPAPI.DLL
0x000007fefc6c0000 - 0x000007fefc6cb000 	C:\Windows\system32\WINNSI.DLL
0x000007fefa180000 - 0x000007fefa188000 	C:\Windows\system32\rasadhlp.dll
0x0000000180000000 - 0x000000018003e000 	C:\Program Files (x86)\Avira\AntiVir Desktop\avsda64.dll
0x000007fefc6a0000 - 0x000007fefc6b6000 	C:\Windows\system32\PrxerDrv.dll
0x000007fefc690000 - 0x000007fefc697000 	C:\Windows\System32\wshtcpip.dll
0x000007fefcf80000 - 0x000007fefcf97000 	C:\Windows\system32\CRYPTSP.dll
0x000007fefcc80000 - 0x000007fefccc7000 	C:\Windows\system32\rsaenh.dll
0x000007fefca30000 - 0x000007fefca4e000 	C:\Windows\system32\USERENV.dll
0x000007fefd6f0000 - 0x000007fefd6ff000 	C:\Windows\system32\profapi.dll
0x000007fefd5e0000 - 0x000007fefd5ef000 	C:\Windows\system32\CRYPTBASE.dll
0x0000000068b80000 - 0x0000000068b99000 	C:\Program Files\Java\jre7\bin\net.dll
0x000007fefcf10000 - 0x000007fefcf17000 	C:\Windows\System32\wship6.dll
0x000007fefabf0000 - 0x000007fefac43000 	C:\Windows\System32\fwpuclnt.dll
0x0000000064dd0000 - 0x0000000064de1000 	C:\Program Files\Java\jre7\bin\nio.dll
0x000007fee9290000 - 0x000007fee92c7000 	C:\Users\Armin\AppData\Local\Temp\jna-Armin\jna4197069180085407875.dll
0x0000000062590000 - 0x0000000062723000 	C:\Program Files\Java\jre7\bin\awt.dll
0x000007feff0d0000 - 0x000007feff1a7000 	C:\Windows\system32\OLEAUT32.dll
0x000007fefee20000 - 0x000007feff023000 	C:\Windows\system32\ole32.dll
0x000007fefbea0000 - 0x000007fefbef6000 	C:\Windows\system32\uxtheme.dll
0x0000000002100000 - 0x000000000213b000 	C:\Windows\W7FBC\dll.dll
0x000007feff030000 - 0x000007feff0c7000 	C:\Windows\system32\COMDLG32.dll
0x000007fefdb40000 - 0x000007fefe8c8000 	C:\Windows\system32\SHELL32.dll
0x000007fefbc80000 - 0x000007fefbe95000 	C:\Windows\WinSxS\amd64_microsoft.windows.gdiplus_6595b64144ccf1df_1.1.7601.17514_none_2b24536c71ed437a\gdiplus.dll
0x000007fefba70000 - 0x000007fefba88000 	C:\Windows\system32\dwmapi.dll
0x0000000062070000 - 0x00000000620a0000 	C:\Users\Armin\Desktop\Kar\jajeem\util\vlclib\libvlc.dll
0x0000000060620000 - 0x0000000060874000 	C:\Users\Armin\Desktop\Kar\jajeem\util\vlclib\libvlccore.dll
0x000007feeca60000 - 0x000007feecc5f000 	C:\Windows\system32\d3d9.dll
0x000007fefc5a0000 - 0x000007fefc5ac000 	C:\Windows\system32\VERSION.dll
0x000007feef5e0000 - 0x000007feef5e7000 	C:\Windows\system32\d3d8thk.dll
0x000000006f550000 - 0x000000006f5f3000 	C:\Windows\system32\aticfx64.dll
0x000007feef5d0000 - 0x000007feef5dd000 	C:\Windows\system32\atiu9p64.dll
0x000000006a0d0000 - 0x000000006a5dd000 	C:\Windows\system32\atiumd64.dll
0x000000006a790000 - 0x000000006aabb000 	C:\Windows\system32\atiumd6a.dll
0x0000000063070000 - 0x00000000630a4000 	C:\Program Files\Java\jre7\bin\fontmanager.dll
0x0000000060920000 - 0x0000000060976000 	C:\Users\Armin\Desktop\Kar\jajeem\util\vlclib\plugins\access\libdshow_plugin.dll
0x0000000062de0000 - 0x0000000062e00000 	C:\Users\Armin\Desktop\Kar\jajeem\util\vlclib\plugins\audio_output\libaout_directx_plugin.dll
0x0000000062d80000 - 0x0000000062da0000 	C:\Users\Armin\Desktop\Kar\jajeem\util\vlclib\plugins\audio_output\libwaveout_plugin.dll
0x000007fefb480000 - 0x000007fefb508000 	C:\Windows\system32\DSOUND.dll
0x000007fefc570000 - 0x000007fefc59c000 	C:\Windows\system32\POWRPROF.dll
0x000007fefeac0000 - 0x000007fefec97000 	C:\Windows\system32\SETUPAPI.dll
0x000007fefda80000 - 0x000007fefdab6000 	C:\Windows\system32\CFGMGR32.dll
0x000007fefd880000 - 0x000007fefd89a000 	C:\Windows\system32\DEVOBJ.dll
0x000000005b340000 - 0x000000005beb3000 	C:\Users\Armin\Desktop\Kar\jajeem\util\vlclib\plugins\gui\libqt4_plugin.dll
0x000007fefb850000 - 0x000007fefb8c1000 	C:\Windows\system32\WINSPOOL.DRV
0x00000000604a0000 - 0x000000006061a000 	C:\Users\Armin\Desktop\Kar\jajeem\util\vlclib\plugins\misc\libxml_plugin.dll
0x00000000609b0000 - 0x00000000609d6000 	C:\Users\Armin\Desktop\Kar\jajeem\util\vlclib\plugins\video_output\libdirectx_plugin.dll
0x0000000062010000 - 0x000000006202c000 	C:\Users\Armin\Desktop\Kar\jajeem\util\vlclib\plugins\mmxext\libmemcpymmxext_plugin.dll
0x0000000060980000 - 0x00000000609a1000 	C:\Users\Armin\Desktop\Kar\jajeem\util\vlclib\plugins\control\libhotkeys_plugin.dll
0x000007fefba90000 - 0x000007fefbadb000 	C:\Windows\system32\MMDevAPI.DLL
0x000007fefbf00000 - 0x000007fefc02c000 	C:\Windows\system32\PROPSYS.dll
0x000007fee4240000 - 0x000007fee427b000 	C:\Windows\system32\wdmaud.drv
0x0000000068e70000 - 0x0000000068e76000 	C:\Windows\system32\ksuser.dll
0x000007fefb5c0000 - 0x000007fefb5c9000 	C:\Windows\system32\AVRT.dll
0x000007fefb280000 - 0x000007fefb2cf000 	C:\Windows\system32\AUDIOSES.DLL
0x000007fefb5e0000 - 0x000007fefb5ea000 	C:\Windows\system32\msacm32.drv
0x000007fef0b50000 - 0x000007fef0b68000 	C:\Windows\system32\MSACM32.dll
0x000007fef0a80000 - 0x000007fef0a89000 	C:\Windows\system32\midimap.dll
0x000007fefa400000 - 0x000007fefa4a0000 	C:\Windows\WinSxS\amd64_microsoft.windows.common-controls_6595b64144ccf1df_5.82.7601.17514_none_a4d6a923711520a9\comctl32.dll
0x000007feff3a0000 - 0x000007feff439000 	C:\Windows\system32\CLBCatQ.DLL
0x000007fefb450000 - 0x000007fefb47d000 	C:\Windows\system32\ntmarta.dll
0x000007fefeca0000 - 0x000007fefecf2000 	C:\Windows\system32\WLDAP32.dll
0x000007fefd580000 - 0x000007fefd5d7000 	C:\Windows\system32\apphelp.dll
0x000007fef4ad0000 - 0x000007fef4c6c000 	C:\Windows\system32\NetworkExplorer.dll
0x000007fef6b30000 - 0x000007fef6b64000 	C:\Windows\System32\shdocvw.dll
0x000007fefaf60000 - 0x000007fefaf6b000 	C:\Windows\system32\slc.dll
0x000007fefb900000 - 0x000007fefba2a000 	C:\Windows\system32\WindowsCodecs.dll
0x000000006e850000 - 0x000000006e866000 	C:\Program Files\Common Files\TortoiseOverlays\TortoiseOverlays.dll
0x000000006e880000 - 0x000000006e890000 	C:\Program Files\TortoiseSVN\bin\TortoiseStub.dll
0x000000006ce40000 - 0x000000006ceb8000 	C:\Program Files\TortoiseSVN\bin\TortoiseSVN.dll
0x0000000076e00000 - 0x0000000076f5a000 	C:\Windows\system32\WININET.dll
0x0000000077450000 - 0x0000000077453000 	C:\Windows\system32\Normaliz.dll
0x0000000076f60000 - 0x000000007716d000 	C:\Windows\system32\iertutil.dll
0x0000000076bb0000 - 0x0000000076cfd000 	C:\Windows\system32\urlmon.dll
0x000007fef64e0000 - 0x000007fef68bc000 	C:\Program Files\TortoiseSVN\bin\libsvn_tsvn.dll
0x000000006cf10000 - 0x000000006cf3b000 	C:\Program Files\TortoiseSVN\bin\libapr_tsvn.dll
0x000000006cec0000 - 0x000000006cf01000 	C:\Program Files\TortoiseSVN\bin\libaprutil_tsvn.dll
0x000007fef7610000 - 0x000007fef7620000 	C:\Program Files\TortoiseSVN\bin\intl3_tsvn.dll
0x000007fef6c40000 - 0x000007fef6c5a000 	C:\Program Files\TortoiseSVN\bin\libsasl.dll
0x000007fefd520000 - 0x000007fefd52b000 	C:\Windows\system32\Secur32.dll
0x000007fefd550000 - 0x000007fefd575000 	C:\Windows\system32\SSPICLI.DLL
0x000007fefd910000 - 0x000007fefda77000 	C:\Windows\system32\CRYPT32.dll
0x000007fefd790000 - 0x000007fefd79f000 	C:\Windows\system32\MSASN1.dll
0x000000006ccc0000 - 0x000000006cd58000 	C:\Windows\system32\MSVCP100.dll
0x000007fef6c00000 - 0x000007fef6c35000 	C:\Windows\system32\EhStorShell.dll
0x000007fef5e60000 - 0x000007fef64d1000 	C:\PROGRA~1\MIF5BA~1\Office14\GROOVEEX.DLL
0x000000006cc20000 - 0x000000006ccbd000 	C:\Windows\WinSxS\amd64_microsoft.vc90.crt_1fc8b3b9a1e18e3b_9.0.30729.4940_none_08e4299fa83d7e3c\MSVCR90.dll
0x000000006cb40000 - 0x000000006cc13000 	C:\Windows\WinSxS\amd64_microsoft.vc90.crt_1fc8b3b9a1e18e3b_9.0.30729.4940_none_08e4299fa83d7e3c\MSVCP90.dll
0x000000006cb10000 - 0x000000006cb3f000 	C:\Windows\WinSxS\amd64_microsoft.vc90.atl_1fc8b3b9a1e18e3b_9.0.30729.4148_none_0a1d2fcba76b3f00\ATL90.DLL
0x000007fef5a50000 - 0x000007fef5e5f000 	C:\PROGRA~1\COMMON~1\MICROS~1\OFFICE14\Cultures\office.odf
0x000007fef51e0000 - 0x000007fef5a44000 	C:\PROGRA~1\MIF5BA~1\Office14\1033\GrooveIntlResource.dll
0x0000000062fb0000 - 0x0000000062ff1000 	C:\Program Files\Java\jre7\bin\t2k.dll

VM Arguments:
jvm_args: -agentlib:jdwp=transport=dt_socket,suspend=y,address=localhost:2723 -Dfile.encoding=Cp1256 
java_command: com.jajeem.videoplayer.design.VideoPlayer
Launcher Type: SUN_STANDARD

Environment Variables:
PATH=C:\Program Files (x86)\NVIDIA Corporation\PhysX\Common;C:\Program Files (x86)\MiKTeX 2.9\miktex\bin;C:\Windows\system32;C:\Windows;C:\Windows\System32\Wbem;C:\Windows\System32\WindowsPowerShell\v1.0\;c:\Program Files (x86)\ATI Technologies\ATI.ACE\Core-Static;C:\Program Files\Intel\WiFi\bin\;C:\Program Files\Common Files\Intel\WirelessCommon\;C:\Program Files (x86)\Common Files\Roxio Shared\DLLShared\;C:\Program Files (x86)\Common Files\Roxio Shared\OEM\DLLShared\;C:\Program Files (x86)\Common Files\Roxio Shared\OEM\DLLShared\;C:\Program Files (x86)\Common Files\Roxio Shared\OEM\12.0\DLLShared\;C:\Program Files (x86)\Roxio\OEM\AudioCore\;C:\Program Files (x86)\Java\jre6\bin;C:\Program Files\TortoiseSVN\bin;C:\Program Files (x86)\Microsoft SQL Server\100\Tools\Binn\;C:\Program Files\Microsoft SQL Server\100\Tools\Binn\;C:\Program Files\Microsoft SQL Server\100\DTS\Binn\;C:\Program Files (x86)\Microsoft SQL Server\100\Tools\Binn\VSShell\Common7\IDE\;C:\Program Files (x86)\Microsoft Visual Studio 9.0\Common7\IDE\PrivateAssemblies\;C:\Program Files (x86)\Microsoft SQL Server\100\DTS\Binn\;C:\Program Files\Microsoft\Web Platform Installer\;;C:\Program Files (x86)\Universal Extractor;C:\Program Files (x86)\Universal Extractor\bin;C:\Program Files (x86)\Microsoft ASP.NET\ASP.NET Web Pages\v1.0\;C:\Program Files (x86)\Windows Kits\8.0\Windows Performance Toolkit\;C:\Program Files\Microsoft SQL Server\110\Tools\Binn\;C:\Program Files\WIDCOMM\Bluetooth Software\;C:\Program Files\WIDCOMM\Bluetooth Software\syswow64;C:\Program Files (x86)\OpenVPN\bin
USERNAME=Armin
OS=Windows_NT
PROCESSOR_IDENTIFIER=Intel64 Family 6 Model 42 Stepping 7, GenuineIntel



---------------  S Y S T E M  ---------------

OS: Windows 7 , 64 bit Build 7601 Service Pack 1

CPU:total 8 (4 cores per cpu, 2 threads per core) family 6 model 42 stepping 7, cmov, cx8, fxsr, mmx, sse, sse2, sse3, ssse3, sse4.1, sse4.2, popcnt, avx, ht, tsc, tscinvbit

Memory: 4k page, physical 8335180k(4633984k free), swap 16668512k(11501988k free)

vm_info: Java HotSpot(TM) 64-Bit Server VM (23.7-b01) for windows-amd64 JRE (1.7.0_17-b02), built on Mar  1 2013 03:38:30 by "java_re" with unknown MS VC++:1600

time: Mon Jun 24 22:02:09 2013
elapsed time: 35 seconds

