#
# A fatal error has been detected by the Java Runtime Environment:
#
#  EXCEPTION_ACCESS_VIOLATION (0xc0000005) at pc=0x000000007782e4b4, pid=4424, tid=4472
#
# JRE version: 7.0_17-b02
# Java VM: Java HotSpot(TM) 64-Bit Server VM (23.7-b01 mixed mode windows-amd64 compressed oops)
# Problematic frame:
# C  [ntdll.dll+0x4e4b4]  RtlDeNormalizeProcessParams+0x5a4
#
# Failed to write core dump. Minidumps are not enabled by default on client versions of Windows
#
# If you would like to submit a bug report, please visit:
#   http://bugreport.sun.com/bugreport/crash.jsp
# The crash happened outside the Java Virtual Machine in native code.
# See problematic frame for where to report the bug.
#

---------------  T H R E A D  ---------------

Current thread (0x000000000fc7e800):  JavaThread "pool-2-thread-1" [_thread_in_native, id=4472, stack(0x0000000014490000,0x0000000014590000)]

siginfo: ExceptionCode=0xc0000005, writing address 0x0000000000000024

Registers:
RAX=0x0000000000000000, RBX=0x0000000012d9bae0, RCX=0x00000000fffffffc, RDX=0x00000000000008a0
RSP=0x000000001458e240, RBP=0x0000000000000000, RSI=0x00000000000008a0, RDI=0x0000000000000000
R8 =0x000000001458e1f8, R9 =0x0000000000000004, R10=0x0000000000000000, R11=0x0000000000000246
R12=0x0000000000000000, R13=0x0000000000000000, R14=0x000007fffff6c000, R15=0x0000000000000000
RIP=0x000000007782e4b4, EFLAGS=0x0000000000010213

Top of Stack: (sp=0x000000001458e240)
0x000000001458e240:   000000000fc7e800 00000000000008a0
0x000000001458e250:   0000000002158640 000000005d0e4d41
0x000000001458e260:   000000000fc7e9d8 0000000000000000
0x000000001458e270:   0000000012df5ed0 000000000f9559c8
0x000000001458e280:   0000000012df5ed0 0000000000000000
0x000000001458e290:   0000000000000000 000000005d7ee739
0x000000001458e2a0:   0000000012df5f68 000000005d0e4553
0x000000001458e2b0:   0000000012df5f68 000000005d7ee739
0x000000001458e2c0:   000000000fc7e800 000000001458eb50
0x000000001458e2d0:   0000000000000004 0000000000000001
0x000000001458e2e0:   00000000ff000000 000000007782e3db
0x000000001458e2f0:   0000000000000000 0000000000000000
0x000000001458e300:   000000077bd6ce00 0000000012d9bae0
0x000000001458e310:   0000000012d9ba68 000000005d7d8b65
0x000000001458e320:   000000001458e3e0 0000000012d9bad8
0x000000001458e330:   000000077be4d6c0 000000001458e428 

Instructions: (pc=0x000000007782e4b4)
0x000000007782e494:   0f b1 4b 08 0f 85 9b 47 fd ff 48 8b 03 4c 89 ac
0x000000007782e4a4:   24 c0 00 00 00 33 ed 45 33 ed 48 83 f8 ff 74 03
0x000000007782e4b4:   ff 40 24 ba 22 17 00 00 48 8d 3d cd 8f 0e 00 80
0x000000007782e4c4:   3c 25 82 03 fe 7f 00 0f 85 53 be 01 00 48 83 fe 


Register to memory mapping:

RAX=0x0000000000000000 is an unknown value
RBX=0x0000000012d9bae0 is an unknown value
RCX=0x00000000fffffffc is an unknown value
RDX=0x00000000000008a0 is an unknown value
RSP=0x000000001458e240 is pointing into the stack for thread: 0x000000000fc7e800
RBP=0x0000000000000000 is an unknown value
RSI=0x00000000000008a0 is an unknown value
RDI=0x0000000000000000 is an unknown value
R8 =0x000000001458e1f8 is pointing into the stack for thread: 0x000000000fc7e800
R9 =0x0000000000000004 is an unknown value
R10=0x0000000000000000 is an unknown value
R11=0x0000000000000246 is an unknown value
R12=0x0000000000000000 is an unknown value
R13=0x0000000000000000 is an unknown value
R14=0x000007fffff6c000 is an unknown value
R15=0x0000000000000000 is an unknown value


Stack: [0x0000000014490000,0x0000000014590000],  sp=0x000000001458e240,  free space=1016k
Native frames: (J=compiled Java code, j=interpreted, Vv=VM code, C=native code)
C  [ntdll.dll+0x4e4b4]  RtlDeNormalizeProcessParams+0x5a4

[error occurred during error reporting (printing native stack), id 0xc0000005]

Java frames: (J=compiled Java code, j=interpreted, Vv=VM code)
j  com.sun.jna.Native.invokeLong(JI[Ljava/lang/Object;)J+0
j  com.sun.jna.Function.invoke([Ljava/lang/Object;Ljava/lang/Class;Z)Ljava/lang/Object;+389
j  com.sun.jna.Function.invoke(Ljava/lang/Class;[Ljava/lang/Object;Ljava/util/Map;)Ljava/lang/Object;+214
j  com.sun.jna.Library$Handler.invoke(Ljava/lang/Object;Ljava/lang/reflect/Method;[Ljava/lang/Object;)Ljava/lang/Object;+341
j  com.sun.proxy.$Proxy0.libvlc_media_player_get_time(Luk/co/caprica/vlcj/binding/internal/libvlc_media_player_t;)J+16
j  uk.co.caprica.vlcj.player.DefaultMediaPlayer.getTime()J+17
j  com.jajeem.videoplayer.design.PlayerControlsPanel$UpdateRunnable.run()V+4
j  java.util.concurrent.Executors$RunnableAdapter.call()Ljava/lang/Object;+4
j  java.util.concurrent.FutureTask$Sync.innerRunAndReset()Z+30
j  java.util.concurrent.FutureTask.runAndReset()Z+4
j  java.util.concurrent.ScheduledThreadPoolExecutor$ScheduledFutureTask.access$301(Ljava/util/concurrent/ScheduledThreadPoolExecutor$ScheduledFutureTask;)Z+1
j  java.util.concurrent.ScheduledThreadPoolExecutor$ScheduledFutureTask.run()V+37
j  java.util.concurrent.ThreadPoolExecutor.runWorker(Ljava/util/concurrent/ThreadPoolExecutor$Worker;)V+95
j  java.util.concurrent.ThreadPoolExecutor$Worker.run()V+5
j  java.lang.Thread.run()V+11
v  ~StubRoutines::call_stub

---------------  P R O C E S S  ---------------

Java Threads: ( => current thread )
  0x00000000180b9800 JavaThread "Thread-0" daemon [_thread_in_native, id=5468, stack(0x0000000017650000,0x0000000017750000)]
  0x000000000fb0b800 JavaThread "TimerQueue" daemon [_thread_blocked, id=7092, stack(0x0000000014a90000,0x0000000014b90000)]
=>0x000000000fc7e800 JavaThread "pool-2-thread-1" [_thread_in_native, id=4472, stack(0x0000000014490000,0x0000000014590000)]
  0x000000000f853000 JavaThread "vlcj native mouse hook" [_thread_in_native, id=3992, stack(0x0000000010ee0000,0x0000000010fe0000)]
  0x000000000221e000 JavaThread "DestroyJavaVM" [_thread_blocked, id=5148, stack(0x00000000024c0000,0x00000000025c0000)]
  0x000000000f71f800 JavaThread "AWT-EventQueue-0" [_thread_blocked, id=884, stack(0x0000000010650000,0x0000000010750000)]
  0x000000000f7ad000 JavaThread "AWT-Windows" daemon [_thread_in_native, id=6156, stack(0x00000000103c0000,0x00000000104c0000)]
  0x000000000f6e4800 JavaThread "AWT-Shutdown" [_thread_blocked, id=6932, stack(0x0000000010070000,0x0000000010170000)]
  0x000000000e08b000 JavaThread "Java2D Disposer" daemon [_thread_blocked, id=2588, stack(0x0000000010170000,0x0000000010270000)]
  0x000000000de83000 JavaThread "Service Thread" daemon [_thread_blocked, id=6356, stack(0x000000000f4d0000,0x000000000f5d0000)]
  0x000000000de7a000 JavaThread "C2 CompilerThread1" daemon [_thread_blocked, id=7164, stack(0x000000000f2d0000,0x000000000f3d0000)]
  0x000000000de76800 JavaThread "C2 CompilerThread0" daemon [_thread_blocked, id=3220, stack(0x000000000ef80000,0x000000000f080000)]
  0x000000000de5f000 JavaThread "JDWP Command Reader" daemon [_thread_in_native, id=5752, stack(0x000000000f090000,0x000000000f190000)]
  0x000000000de5e000 JavaThread "JDWP Event Helper Thread" daemon [_thread_blocked, id=6372, stack(0x000000000ee00000,0x000000000ef00000)]
  0x000000000de50000 JavaThread "JDWP Transport Listener: dt_socket" daemon [_thread_blocked, id=4196, stack(0x000000000ec50000,0x000000000ed50000)]
  0x000000000de49800 JavaThread "Attach Listener" daemon [_thread_blocked, id=6136, stack(0x000000000e570000,0x000000000e670000)]
  0x000000000de49000 JavaThread "Signal Dispatcher" daemon [_thread_blocked, id=7116, stack(0x000000000e3b0000,0x000000000e4b0000)]
  0x000000000bf25800 JavaThread "Finalizer" daemon [_thread_blocked, id=3320, stack(0x000000000dcf0000,0x000000000ddf0000)]
  0x000000000bf25000 JavaThread "Reference Handler" daemon [_thread_blocked, id=6172, stack(0x000000000daf0000,0x000000000dbf0000)]

Other Threads:
  0x000000000bf19800 VMThread [stack: 0x000000000d8e0000,0x000000000d9e0000] [id=2236]
  0x000000000de8f800 WatcherThread [stack: 0x000000000f5e0000,0x000000000f6e0000] [id=6092]

VM state:not at safepoint (normal execution)

VM Mutex/Monitor currently owned by a thread: None

Heap
 PSYoungGen      total 40640K, used 23906K [0x00000007d5960000, 0x00000007d8c80000, 0x0000000800000000)
  eden space 29696K, 78% used [0x00000007d5960000,0x00000007d7040870,0x00000007d7660000)
  from space 10944K, 4% used [0x00000007d81c0000,0x00000007d8238000,0x00000007d8c70000)
  to   space 11328K, 0% used [0x00000007d7660000,0x00000007d7660000,0x00000007d8170000)
 ParOldGen       total 86848K, used 13222K [0x0000000780c00000, 0x00000007860d0000, 0x00000007d5960000)
  object space 86848K, 15% used [0x0000000780c00000,0x00000007818e9a38,0x00000007860d0000)
 PSPermGen       total 21248K, used 17928K [0x000000077ba00000, 0x000000077cec0000, 0x0000000780c00000)
  object space 21248K, 84% used [0x000000077ba00000,0x000000077cb820c0,0x000000077cec0000)

Card table byte_map: [0x00000000055c0000,0x00000000059f0000] byte_map_base: 0x00000000019e3000

Polling page: 0x00000000000b0000

Code Cache  [0x00000000025c0000, 0x0000000002830000, 0x00000000055c0000)
 total_blobs=914 nmethods=412 adapters=461 free_code_cache=47598Kb largest_free_block=48690880

Compilation events (10 events):
Event: 83.085 Thread 0x000000000de76800  421             java.awt.geom.AffineTransform::translate (546 bytes)
Event: 83.092 Thread 0x000000000de76800 nmethod 421 0x0000000002688050 code [0x00000000026881e0, 0x0000000002688548]
Event: 85.179 Thread 0x000000000de7a000  422             com.sun.jna.Structure$2$StructureSet::ensureCapacity (61 bytes)
Event: 85.187 Thread 0x000000000de7a000 nmethod 422 0x0000000002687b10 code [0x0000000002687c60, 0x0000000002687f38]
Event: 86.093 Thread 0x000000000de76800  423   !         sun.reflect.GeneratedConstructorAccessor4::newInstance (49 bytes)
Event: 86.099 Thread 0x000000000de76800 nmethod 423 0x0000000002687690 code [0x00000000026877e0, 0x0000000002687958]
Event: 86.812 Thread 0x000000000de7a000  424             javax.swing.plaf.synth.Region::getRegion (16 bytes)
Event: 86.812 Thread 0x000000000de76800  425             javax.swing.plaf.synth.Region::getUItoRegionMap (578 bytes)
Event: 86.821 Thread 0x000000000de76800 nmethod 425 0x00000000026870d0 code [0x0000000002687240, 0x00000000026873e8]
Event: 86.847 Thread 0x000000000de7a000 nmethod 424 0x000000000273f7d0 code [0x000000000273f960, 0x000000000273fe98]

GC Heap History (10 events):
Event: 36.310 GC heap before
{Heap before GC invocations=4 (full 0):
 PSYoungGen      total 38016K, used 37991K [0x00000007d5960000, 0x00000007d83c0000, 0x0000000800000000)
  eden space 32640K, 100% used [0x00000007d5960000,0x00000007d7940000,0x00000007d7940000)
  from space 5376K, 99% used [0x00000007d7940000,0x00000007d7e79dd8,0x00000007d7e80000)
  to   space 5376K, 0% used [0x00000007d7e80000,0x00000007d7e80000,0x00000007d83c0000)
 ParOldGen       total 86848K, used 7190K [0x0000000780c00000, 0x00000007860d0000, 0x00000007d5960000)
  object space 86848K, 8% used [0x0000000780c00000,0x0000000781305bc0,0x00000007860d0000)
 PSPermGen       total 21248K, used 17811K [0x000000077ba00000, 0x000000077cec0000, 0x0000000780c00000)
  object space 21248K, 83% used [0x000000077ba00000,0x000000077cb64f18,0x000000077cec0000)
Event: 36.326 GC heap after
Heap after GC invocations=4 (full 0):
 PSYoungGen      total 38016K, used 5354K [0x00000007d5960000, 0x00000007d83c0000, 0x0000000800000000)
  eden space 32640K, 0% used [0x00000007d5960000,0x00000007d5960000,0x00000007d7940000)
  from space 5376K, 99% used [0x00000007d7e80000,0x00000007d83ba968,0x00000007d83c0000)
  to   space 5376K, 0% used [0x00000007d7940000,0x00000007d7940000,0x00000007d7e80000)
 ParOldGen       total 86848K, used 7807K [0x0000000780c00000, 0x00000007860d0000, 0x00000007d5960000)
  object space 86848K, 8% used [0x0000000780c00000,0x000000078139fd00,0x00000007860d0000)
 PSPermGen       total 21248K, used 17811K [0x000000077ba00000, 0x000000077cec0000, 0x0000000780c00000)
  object space 21248K, 83% used [0x000000077ba00000,0x000000077cb64f18,0x000000077cec0000)
}
Event: 48.398 GC heap before
{Heap before GC invocations=5 (full 0):
 PSYoungGen      total 38016K, used 37994K [0x00000007d5960000, 0x00000007d83c0000, 0x0000000800000000)
  eden space 32640K, 100% used [0x00000007d5960000,0x00000007d7940000,0x00000007d7940000)
  from space 5376K, 99% used [0x00000007d7e80000,0x00000007d83ba968,0x00000007d83c0000)
  to   space 5376K, 0% used [0x00000007d7940000,0x00000007d7940000,0x00000007d7e80000)
 ParOldGen       total 86848K, used 7810K [0x0000000780c00000, 0x00000007860d0000, 0x00000007d5960000)
  object space 86848K, 8% used [0x0000000780c00000,0x00000007813a09f8,0x00000007860d0000)
 PSPermGen       total 21248K, used 17838K [0x000000077ba00000, 0x000000077cec0000, 0x0000000780c00000)
  object space 21248K, 83% used [0x000000077ba00000,0x000000077cb6b840,0x000000077cec0000)
Event: 48.417 GC heap after
Heap after GC invocations=5 (full 0):
 PSYoungGen      total 37248K, used 5371K [0x00000007d5960000, 0x00000007d8d20000, 0x0000000800000000)
  eden space 31872K, 0% used [0x00000007d5960000,0x00000007d5960000,0x00000007d7880000)
  from space 5376K, 99% used [0x00000007d7940000,0x00000007d7e7ed70,0x00000007d7e80000)
  to   space 10560K, 0% used [0x00000007d82d0000,0x00000007d82d0000,0x00000007d8d20000)
 ParOldGen       total 86848K, used 8090K [0x0000000780c00000, 0x00000007860d0000, 0x00000007d5960000)
  object space 86848K, 9% used [0x0000000780c00000,0x00000007813e69f8,0x00000007860d0000)
 PSPermGen       total 21248K, used 17838K [0x000000077ba00000, 0x000000077cec0000, 0x0000000780c00000)
  object space 21248K, 83% used [0x000000077ba00000,0x000000077cb6b840,0x000000077cec0000)
}
Event: 60.616 GC heap before
{Heap before GC invocations=6 (full 0):
 PSYoungGen      total 37248K, used 37243K [0x00000007d5960000, 0x00000007d8d20000, 0x0000000800000000)
  eden space 31872K, 100% used [0x00000007d5960000,0x00000007d7880000,0x00000007d7880000)
  from space 5376K, 99% used [0x00000007d7940000,0x00000007d7e7ed70,0x00000007d7e80000)
  to   space 10560K, 0% used [0x00000007d82d0000,0x00000007d82d0000,0x00000007d8d20000)
 ParOldGen       total 86848K, used 8169K [0x0000000780c00000, 0x00000007860d0000, 0x00000007d5960000)
  object space 86848K, 9% used [0x0000000780c00000,0x00000007813fa630,0x00000007860d0000)
 PSPermGen       total 21248K, used 17855K [0x000000077ba00000, 0x000000077cec0000, 0x0000000780c00000)
  object space 21248K, 84% used [0x000000077ba00000,0x000000077cb6ffb8,0x000000077cec0000)
Event: 60.633 GC heap after
Heap after GC invocations=6 (full 0):
 PSYoungGen      total 40256K, used 5546K [0x00000007d5960000, 0x00000007d8bc0000, 0x0000000800000000)
  eden space 31104K, 0% used [0x00000007d5960000,0x00000007d5960000,0x00000007d77c0000)
  from space 9152K, 60% used [0x00000007d82d0000,0x00000007d883a988,0x00000007d8bc0000)
  to   space 10240K, 0% used [0x00000007d77c0000,0x00000007d77c0000,0x00000007d81c0000)
 ParOldGen       total 86848K, used 8169K [0x0000000780c00000, 0x00000007860d0000, 0x00000007d5960000)
  object space 86848K, 9% used [0x0000000780c00000,0x00000007813fa630,0x00000007860d0000)
 PSPermGen       total 21248K, used 17855K [0x000000077ba00000, 0x000000077cec0000, 0x0000000780c00000)
  object space 21248K, 84% used [0x000000077ba00000,0x000000077cb6ffb8,0x000000077cec0000)
}
Event: 67.783 GC heap before
{Heap before GC invocations=7 (full 0):
 PSYoungGen      total 40256K, used 36650K [0x00000007d5960000, 0x00000007d8bc0000, 0x0000000800000000)
  eden space 31104K, 100% used [0x00000007d5960000,0x00000007d77c0000,0x00000007d77c0000)
  from space 9152K, 60% used [0x00000007d82d0000,0x00000007d883a988,0x00000007d8bc0000)
  to   space 10240K, 0% used [0x00000007d77c0000,0x00000007d77c0000,0x00000007d81c0000)
 ParOldGen       total 86848K, used 8173K [0x0000000780c00000, 0x00000007860d0000, 0x00000007d5960000)
  object space 86848K, 9% used [0x0000000780c00000,0x00000007813fb6b8,0x00000007860d0000)
 PSPermGen       total 21248K, used 17872K [0x000000077ba00000, 0x000000077cec0000, 0x0000000780c00000)
  object space 21248K, 84% used [0x000000077ba00000,0x000000077cb740d8,0x000000077cec0000)
Event: 67.805 GC heap after
Heap after GC invocations=7 (full 0):
 PSYoungGen      total 40640K, used 995K [0x00000007d5960000, 0x00000007d8c70000, 0x0000000800000000)
  eden space 30400K, 0% used [0x00000007d5960000,0x00000007d5960000,0x00000007d7710000)
  from space 10240K, 9% used [0x00000007d77c0000,0x00000007d78b8fa8,0x00000007d81c0000)
  to   space 10944K, 0% used [0x00000007d81c0000,0x00000007d81c0000,0x00000007d8c70000)
 ParOldGen       total 86848K, used 12728K [0x0000000780c00000, 0x00000007860d0000, 0x00000007d5960000)
  object space 86848K, 14% used [0x0000000780c00000,0x000000078186e3c0,0x00000007860d0000)
 PSPermGen       total 21248K, used 17872K [0x000000077ba00000, 0x000000077cec0000, 0x0000000780c00000)
  object space 21248K, 84% used [0x000000077ba00000,0x000000077cb740d8,0x000000077cec0000)
}
Event: 79.367 GC heap before
{Heap before GC invocations=8 (full 0):
 PSYoungGen      total 40640K, used 31395K [0x00000007d5960000, 0x00000007d8c70000, 0x0000000800000000)
  eden space 30400K, 100% used [0x00000007d5960000,0x00000007d7710000,0x00000007d7710000)
  from space 10240K, 9% used [0x00000007d77c0000,0x00000007d78b8fa8,0x00000007d81c0000)
  to   space 10944K, 0% used [0x00000007d81c0000,0x00000007d81c0000,0x00000007d8c70000)
 ParOldGen       total 86848K, used 12728K [0x0000000780c00000, 0x00000007860d0000, 0x00000007d5960000)
  object space 86848K, 14% used [0x0000000780c00000,0x000000078186e3c0,0x00000007860d0000)
 PSPermGen       total 21248K, used 17885K [0x000000077ba00000, 0x000000077cec0000, 0x0000000780c00000)
  object space 21248K, 84% used [0x000000077ba00000,0x000000077cb77568,0x000000077cec0000)
Event: 79.373 GC heap after
Heap after GC invocations=8 (full 0):
 PSYoungGen      total 40640K, used 480K [0x00000007d5960000, 0x00000007d8c80000, 0x0000000800000000)
  eden space 29696K, 0% used [0x00000007d5960000,0x00000007d5960000,0x00000007d7660000)
  from space 10944K, 4% used [0x00000007d81c0000,0x00000007d8238000,0x00000007d8c70000)
  to   space 11328K, 0% used [0x00000007d7660000,0x00000007d7660000,0x00000007d8170000)
 ParOldGen       total 86848K, used 13222K [0x0000000780c00000, 0x00000007860d0000, 0x00000007d5960000)
  object space 86848K, 15% used [0x0000000780c00000,0x00000007818e9a38,0x00000007860d0000)
 PSPermGen       total 21248K, used 17885K [0x000000077ba00000, 0x000000077cec0000, 0x0000000780c00000)
  object space 21248K, 84% used [0x000000077ba00000,0x000000077cb77568,0x000000077cec0000)
}

Deoptimization events (10 events):
Event: 87.403 Thread 0x000000000f853000 Uncommon trap -89 fr.pc 0x00000000026f3394
Event: 87.418 Thread 0x00000000180b8000 Uncommon trap -89 fr.pc 0x000000000271a780
Event: 87.418 Thread 0x00000000180b8000 Uncommon trap -89 fr.pc 0x00000000026f3394
Event: 87.423 Thread 0x00000000180b8000 Uncommon trap -89 fr.pc 0x000000000271a780
Event: 87.423 Thread 0x00000000180b8000 Uncommon trap -89 fr.pc 0x00000000026f3394
Event: 87.668 Thread 0x00000000180b8000 Uncommon trap -89 fr.pc 0x000000000271a780
Event: 87.668 Thread 0x00000000180b8000 Uncommon trap -89 fr.pc 0x00000000026f3394
Event: 87.678 Thread 0x00000000180b8000 Uncommon trap -89 fr.pc 0x000000000271a780
Event: 87.678 Thread 0x00000000180b8000 Uncommon trap -89 fr.pc 0x00000000026f3394
Event: 87.880 Thread 0x000000000f71f800 Uncommon trap -83 fr.pc 0x0000000002734780

Internal exceptions (10 events):
Event: 30.294 Thread 0x000000000dfe0000 Threw 0x00000007d5eacf80 at C:\jdk7u2_64p\jdk7u17\hotspot\src\share\vm\prims\jvm.cpp:1166
Event: 30.300 Thread 0x000000000dfe0000 Threw 0x00000007d5eb6db0 at C:\jdk7u2_64p\jdk7u17\hotspot\src\share\vm\prims\jvm.cpp:1166
Event: 30.302 Thread 0x000000000dfe0000 Threw 0x00000007d5eb91e8 at C:\jdk7u2_64p\jdk7u17\hotspot\src\share\vm\prims\jvm.cpp:1166
Event: 30.372 Thread 0x000000000f708800 Threw 0x00000007d5ed4f00 at C:\jdk7u2_64p\jdk7u17\hotspot\src\share\vm\prims\jvm.cpp:1166
Event: 30.380 Thread 0x000000000f708800 Threw 0x00000007d5f3ea70 at C:\jdk7u2_64p\jdk7u17\hotspot\src\share\vm\prims\jvm.cpp:1166
Event: 34.754 Thread 0x000000000f708800 Threw 0x00000007d6f40a68 at C:\jdk7u2_64p\jdk7u17\hotspot\src\share\vm\prims\jvm.cpp:1166
Event: 68.300 Thread 0x000000000f853000 Implicit null exception at 0x0000000002736939 to 0x0000000002737905
Event: 73.680 Thread 0x000000000f71f800 Threw 0x00000007d6c1e1c0 at C:\jdk7u2_64p\jdk7u17\hotspot\src\share\vm\prims\jvm.cpp:1166
Event: 86.563 Thread 0x000000000f71f800 Implicit null exception at 0x00000000026e9900 to 0x00000000026ead15
Event: 87.874 Thread 0x000000000f71f800 Threw 0x00000007d6fed700 at C:\jdk7u2_64p\jdk7u17\hotspot\src\share\vm\prims\jni.cpp:742

Events (10 events):
Event: 87.947 Thread 0x000000000dfe0000 Thread exited: 0x000000000dfe0000
Event: 87.947 Thread 0x00000000180b8000 Thread added: 0x00000000180b8000
Event: 87.947 Thread 0x00000000180b8800 Thread added: 0x00000000180b8800
Event: 87.948 Thread 0x00000000180b9800 Thread added: 0x00000000180b9800
Event: 87.948 loading class 0x000000000fbba420
Event: 87.948 loading class 0x000000000fbba420 done
Event: 87.949 Thread 0x00000000180b8000 Thread exited: 0x00000000180b8000
Event: 87.950 Thread 0x000000000fc50800 Thread exited: 0x000000000fc50800
Event: 87.951 Thread 0x00000000180b8800 Thread exited: 0x00000000180b8800
Event: 87.951 Thread 0x000000000fbd7000 Thread exited: 0x000000000fbd7000


Dynamic libraries:
0x000000013fe90000 - 0x000000013fec3000 	C:\Program Files\Java\jre7\bin\javaw.exe
0x00000000777e0000 - 0x0000000077989000 	C:\Windows\SYSTEM32\ntdll.dll
0x0000000077250000 - 0x000000007736f000 	C:\Windows\system32\kernel32.dll
0x000007fefdf60000 - 0x000007fefdfcb000 	C:\Windows\system32\KERNELBASE.dll
0x000007feff270000 - 0x000007feff34b000 	C:\Windows\system32\ADVAPI32.dll
0x000007feff5c0000 - 0x000007feff65f000 	C:\Windows\system32\msvcrt.dll
0x000007fefe010000 - 0x000007fefe02f000 	C:\Windows\SYSTEM32\sechost.dll
0x000007feff480000 - 0x000007feff5ad000 	C:\Windows\system32\RPCRT4.dll
0x0000000077580000 - 0x000000007767a000 	C:\Windows\system32\USER32.dll
0x000007feff160000 - 0x000007feff1c7000 	C:\Windows\system32\GDI32.dll
0x000007feff5b0000 - 0x000007feff5be000 	C:\Windows\system32\LPK.dll
0x000007fefef60000 - 0x000007feff029000 	C:\Windows\system32\USP10.dll
0x000007fefc430000 - 0x000007fefc624000 	C:\Windows\WinSxS\amd64_microsoft.windows.common-controls_6595b64144ccf1df_6.0.7601.17514_none_fa396087175ac9ac\COMCTL32.dll
0x000007feff050000 - 0x000007feff0c1000 	C:\Windows\system32\SHLWAPI.dll
0x000007feff130000 - 0x000007feff15e000 	C:\Windows\system32\IMM32.DLL
0x000007fefe030000 - 0x000007fefe139000 	C:\Windows\system32\MSCTF.dll
0x0000000068be0000 - 0x0000000068cb1000 	C:\Program Files\Java\jre7\bin\msvcr100.dll
0x0000000067d00000 - 0x000000006841f000 	C:\Program Files\Java\jre7\bin\server\jvm.dll
0x000007fefa820000 - 0x000007fefa829000 	C:\Windows\system32\WSOCK32.dll
0x000007feff430000 - 0x000007feff47d000 	C:\Windows\system32\WS2_32.dll
0x000007fefeed0000 - 0x000007fefeed8000 	C:\Windows\system32\NSI.dll
0x000007fefc1e0000 - 0x000007fefc21b000 	C:\Windows\system32\WINMM.dll
0x00000000779b0000 - 0x00000000779b7000 	C:\Windows\system32\PSAPI.DLL
0x0000000072ac0000 - 0x0000000072acf000 	C:\Program Files\Java\jre7\bin\verify.dll
0x0000000069b70000 - 0x0000000069b98000 	C:\Program Files\Java\jre7\bin\java.dll
0x000000005d980000 - 0x000000005d9b5000 	C:\Program Files\Java\jre7\bin\jdwp.dll
0x000000005db20000 - 0x000000005db28000 	C:\Program Files\Java\jre7\bin\npt.dll
0x0000000069b50000 - 0x0000000069b65000 	C:\Program Files\Java\jre7\bin\zip.dll
0x000000005db10000 - 0x000000005db19000 	C:\Program Files\Java\jre7\bin\dt_socket.dll
0x000007fefd470000 - 0x000007fefd4c5000 	C:\Windows\system32\mswsock.dll
0x000007fefd2f0000 - 0x000007fefd34b000 	C:\Windows\system32\DNSAPI.dll
0x000007feebb10000 - 0x000007feebb25000 	C:\Windows\system32\napinsp.dll
0x000007feebaf0000 - 0x000007feebb09000 	C:\Windows\system32\pnrpnsp.dll
0x000007feebae0000 - 0x000007feebaeb000 	C:\Windows\System32\winrnr.dll
0x000007feef5b0000 - 0x000007feef5c0000 	C:\Windows\system32\wshbth.dll
0x000007fefa6e0000 - 0x000007fefa6f2000 	C:\Windows\system32\PrxerNsp.dll
0x000007fefcc20000 - 0x000007fefcc47000 	C:\Windows\system32\IPHLPAPI.DLL
0x000007fefcc10000 - 0x000007fefcc1b000 	C:\Windows\system32\WINNSI.DLL
0x000007fefa6d0000 - 0x000007fefa6d8000 	C:\Windows\system32\rasadhlp.dll
0x0000000180000000 - 0x000000018003e000 	C:\Program Files (x86)\Avira\AntiVir Desktop\avsda64.dll
0x000007fefcbf0000 - 0x000007fefcc06000 	C:\Windows\system32\PrxerDrv.dll
0x000007fefcbe0000 - 0x000007fefcbe7000 	C:\Windows\System32\wshtcpip.dll
0x000007fefd4d0000 - 0x000007fefd4e7000 	C:\Windows\system32\CRYPTSP.dll
0x000007fefd1d0000 - 0x000007fefd217000 	C:\Windows\system32\rsaenh.dll
0x000007fefcf90000 - 0x000007fefcfae000 	C:\Windows\system32\USERENV.dll
0x000007fefdc40000 - 0x000007fefdc4f000 	C:\Windows\system32\profapi.dll
0x000007fefdb70000 - 0x000007fefdb7f000 	C:\Windows\system32\CRYPTBASE.dll
0x0000000069890000 - 0x00000000698a9000 	C:\Program Files\Java\jre7\bin\net.dll
0x000007fefd460000 - 0x000007fefd467000 	C:\Windows\System32\wship6.dll
0x000007fefb520000 - 0x000007fefb573000 	C:\Windows\System32\fwpuclnt.dll
0x0000000069870000 - 0x0000000069881000 	C:\Program Files\Java\jre7\bin\nio.dll
0x000007fef2ba0000 - 0x000007fef2bd7000 	C:\Users\Armin\AppData\Local\Temp\jna-Armin\jna3362348259551572073.dll
0x000000005d7d0000 - 0x000000005d800000 	C:\Users\Armin\Desktop\Kar\jajeem\vlclib\libvlc.dll
0x000000005d070000 - 0x000000005d2c4000 	C:\Users\Armin\Desktop\Kar\jajeem\vlclib\libvlccore.dll
0x000007fefe140000 - 0x000007fefeec8000 	C:\Windows\system32\SHELL32.dll
0x0000000065160000 - 0x00000000652f3000 	C:\Program Files\Java\jre7\bin\awt.dll
0x000007feff350000 - 0x000007feff427000 	C:\Windows\system32\OLEAUT32.dll
0x000007feff8e0000 - 0x000007feffae3000 	C:\Windows\system32\ole32.dll
0x000007fefc050000 - 0x000007fefc0a6000 	C:\Windows\system32\uxtheme.dll
0x0000000002190000 - 0x00000000021dd000 	C:\Program Files\Babylon\Babylon-Pro\Captlib64.dll
0x000007fefaac0000 - 0x000007fefab14000 	C:\Windows\system32\OLEACC.dll
0x0000000077680000 - 0x00000000777da000 	C:\Windows\system32\WININET.dll
0x00000000779a0000 - 0x00000000779a3000 	C:\Windows\system32\Normaliz.dll
0x0000000077370000 - 0x000000007757d000 	C:\Windows\system32\iertutil.dll
0x0000000077100000 - 0x000000007724d000 	C:\Windows\system32\urlmon.dll
0x00000000022e0000 - 0x000000000231b000 	C:\Windows\W7FBC\dll.dll
0x000007feff660000 - 0x000007feff6f7000 	C:\Windows\system32\COMDLG32.dll
0x000007fefbe30000 - 0x000007fefc045000 	C:\Windows\WinSxS\amd64_microsoft.windows.gdiplus_6595b64144ccf1df_1.1.7601.17514_none_2b24536c71ed437a\gdiplus.dll
0x000007fefbc70000 - 0x000007fefbc88000 	C:\Windows\system32\dwmapi.dll
0x0000000068b70000 - 0x0000000068ba4000 	C:\Program Files\Java\jre7\bin\fontmanager.dll
0x000007feeabe0000 - 0x000007feeaddf000 	C:\Windows\system32\d3d9.dll
0x000007fefcaf0000 - 0x000007fefcafc000 	C:\Windows\system32\VERSION.dll
0x000007fefc420000 - 0x000007fefc427000 	C:\Windows\system32\d3d8thk.dll
0x000000006fb20000 - 0x000000006fbc3000 	C:\Windows\system32\aticfx64.dll
0x000007fefc410000 - 0x000007fefc41d000 	C:\Windows\system32\atiu9p64.dll
0x0000000061fb0000 - 0x00000000624bd000 	C:\Windows\system32\atiumd64.dll
0x00000000643b0000 - 0x00000000646db000 	C:\Windows\system32\atiumd6a.dll
0x000000005cfb0000 - 0x000000005d006000 	C:\Users\Armin\Desktop\Kar\jajeem\vlclib\plugins\access\libdshow_plugin.dll
0x000000005d930000 - 0x000000005d950000 	C:\Users\Armin\Desktop\Kar\jajeem\vlclib\plugins\audio_output\libaout_directx_plugin.dll
0x000000005d7b0000 - 0x000000005d7d0000 	C:\Users\Armin\Desktop\Kar\jajeem\vlclib\plugins\audio_output\libwaveout_plugin.dll
0x000007fefc290000 - 0x000007fefc318000 	C:\Windows\system32\DSOUND.dll
0x000007fefcac0000 - 0x000007fefcaec000 	C:\Windows\system32\POWRPROF.dll
0x000007feff700000 - 0x000007feff8d7000 	C:\Windows\system32\SETUPAPI.dll
0x000007fefdfd0000 - 0x000007fefe006000 	C:\Windows\system32\CFGMGR32.dll
0x000007fefdcf0000 - 0x000007fefdd0a000 	C:\Windows\system32\DEVOBJ.dll
0x000000005bb10000 - 0x000000005c683000 	C:\Users\Armin\Desktop\Kar\jajeem\vlclib\plugins\gui\libqt4_plugin.dll
0x000007fefb690000 - 0x000007fefb701000 	C:\Windows\system32\WINSPOOL.DRV
0x000000005ce30000 - 0x000000005cfaa000 	C:\Users\Armin\Desktop\Kar\jajeem\vlclib\plugins\misc\libxml_plugin.dll
0x000000005d490000 - 0x000000005d4b6000 	C:\Users\Armin\Desktop\Kar\jajeem\vlclib\plugins\video_output\libdirectx_plugin.dll
0x000000005d790000 - 0x000000005d7ac000 	C:\Users\Armin\Desktop\Kar\jajeem\vlclib\plugins\mmxext\libmemcpymmxext_plugin.dll
0x000000005d040000 - 0x000000005d061000 	C:\Users\Armin\Desktop\Kar\jajeem\vlclib\plugins\control\libhotkeys_plugin.dll
0x000007fefc220000 - 0x000007fefc26b000 	C:\Windows\system32\MMDevAPI.DLL
0x000007fefc0b0000 - 0x000007fefc1dc000 	C:\Windows\system32\PROPSYS.dll
0x000007fee9120000 - 0x000007fee915b000 	C:\Windows\system32\wdmaud.drv
0x000000005f900000 - 0x000000005f906000 	C:\Windows\system32\ksuser.dll
0x000007fefc400000 - 0x000007fefc409000 	C:\Windows\system32\AVRT.dll
0x000007fefbbe0000 - 0x000007fefbc2f000 	C:\Windows\system32\AUDIOSES.DLL
0x000007fef3b30000 - 0x000007fef3b3a000 	C:\Windows\system32\msacm32.drv
0x000007feeb200000 - 0x000007feeb218000 	C:\Windows\system32\MSACM32.dll
0x000007fef3640000 - 0x000007fef3649000 	C:\Windows\system32\midimap.dll
0x000007fefa850000 - 0x000007fefa8f0000 	C:\Windows\WinSxS\amd64_microsoft.windows.common-controls_6595b64144ccf1df_5.82.7601.17514_none_a4d6a923711520a9\comctl32.dll
0x0000000067c60000 - 0x0000000067ca1000 	C:\Program Files\Java\jre7\bin\t2k.dll
0x000007feff1d0000 - 0x000007feff269000 	C:\Windows\system32\CLBCatQ.DLL
0x000007fefbbb0000 - 0x000007fefbbdd000 	C:\Windows\system32\ntmarta.dll
0x000007feff0d0000 - 0x000007feff122000 	C:\Windows\system32\WLDAP32.dll
0x000007fefdb10000 - 0x000007fefdb67000 	C:\Windows\system32\apphelp.dll
0x000007fef3990000 - 0x000007fef3b2c000 	C:\Windows\system32\NetworkExplorer.dll
0x000007fef5af0000 - 0x000007fef5b24000 	C:\Windows\System32\shdocvw.dll
0x000007fefb920000 - 0x000007fefb92b000 	C:\Windows\system32\slc.dll
0x000007fef7d50000 - 0x000007fef7d68000 	C:\Windows\system32\MPR.dll
0x000007feef150000 - 0x000007feef15a000 	C:\Windows\System32\drprov.dll
0x000007fefd620000 - 0x000007fefd65d000 	C:\Windows\System32\WINSTA.dll
0x000007feeb5e0000 - 0x000007feeb602000 	C:\Windows\System32\ntlanman.dll
0x000007feef130000 - 0x000007feef14c000 	C:\Windows\System32\davclnt.dll
0x000007feebc80000 - 0x000007feebc8a000 	C:\Windows\System32\DAVHLPR.dll
0x000007fefb250000 - 0x000007fefb265000 	C:\Windows\system32\wkscli.dll
0x000007fefa630000 - 0x000007fefa63f000 	C:\Windows\system32\cscapi.dll
0x000007fefb370000 - 0x000007fefb37c000 	C:\Windows\system32\netutils.dll
0x000007fef29c0000 - 0x000007fef2a7d000 	C:\Windows\system32\PortableDeviceApi.dll
0x000007fefdf20000 - 0x000007fefdf5a000 	C:\Windows\system32\WINTRUST.dll
0x000007fefdd10000 - 0x000007fefde77000 	C:\Windows\system32\CRYPT32.dll
0x000007fefdce0000 - 0x000007fefdcef000 	C:\Windows\system32\MSASN1.dll
0x000007fef5bd0000 - 0x000007fef5c05000 	C:\Windows\system32\EhStorShell.dll
0x000007fefc3d0000 - 0x000007fefc3f7000 	C:\Windows\system32\EhStorAPI.dll
0x000007fef5ae0000 - 0x000007fef5aec000 	C:\Windows\system32\LINKINFO.dll
0x000000000ef00000 - 0x000000000ef65000 	C:\Program Files\WIDCOMM\Bluetooth Software\btmmhook.dll
0x0000000067c30000 - 0x0000000067c5a000 	C:\Program Files\Java\jre7\bin\dcpr.dll
0x000007fefba80000 - 0x000007fefbbaa000 	C:\Windows\system32\WindowsCodecs.dll

VM Arguments:
jvm_args: -agentlib:jdwp=transport=dt_socket,suspend=y,address=localhost:6407 -Dfile.encoding=Cp1256 
java_command: com.jajeem.videoplayer.design.TestPlayer
Launcher Type: SUN_STANDARD

Environment Variables:
PATH=C:\Program Files (x86)\NVIDIA Corporation\PhysX\Common;C:\Program Files (x86)\MiKTeX 2.9\miktex\bin;C:\Windows\system32;C:\Windows;C:\Windows\System32\Wbem;C:\Windows\System32\WindowsPowerShell\v1.0\;c:\Program Files (x86)\ATI Technologies\ATI.ACE\Core-Static;C:\Program Files\Intel\WiFi\bin\;C:\Program Files\Common Files\Intel\WirelessCommon\;C:\Program Files (x86)\Common Files\Roxio Shared\DLLShared\;C:\Program Files (x86)\Common Files\Roxio Shared\OEM\DLLShared\;C:\Program Files (x86)\Common Files\Roxio Shared\OEM\DLLShared\;C:\Program Files (x86)\Common Files\Roxio Shared\OEM\12.0\DLLShared\;C:\Program Files (x86)\Roxio\OEM\AudioCore\;C:\Program Files (x86)\Java\jre6\bin;C:\Program Files\TortoiseSVN\bin;C:\Program Files (x86)\Microsoft SQL Server\100\Tools\Binn\;C:\Program Files\Microsoft SQL Server\100\Tools\Binn\;C:\Program Files\Microsoft SQL Server\100\DTS\Binn\;C:\Program Files (x86)\Microsoft SQL Server\100\Tools\Binn\VSShell\Common7\IDE\;C:\Program Files (x86)\Microsoft Visual Studio 9.0\Common7\IDE\PrivateAssemblies\;C:\Program Files (x86)\Microsoft SQL Server\100\DTS\Binn\;C:\Program Files\Microsoft\Web Platform Installer\;;C:\Program Files (x86)\Universal Extractor;C:\Program Files (x86)\Universal Extractor\bin;C:\Program Files (x86)\Microsoft ASP.NET\ASP.NET Web Pages\v1.0\;C:\Program Files (x86)\Windows Kits\8.0\Windows Performance Toolkit\;C:\Program Files\Microsoft SQL Server\110\Tools\Binn\;C:\Program Files\WIDCOMM\Bluetooth Software\;C:\Program Files\WIDCOMM\Bluetooth Software\syswow64;C:\Program Files (x86)\OpenVPN\bin
USERNAME=Armin
OS=Windows_NT
PROCESSOR_IDENTIFIER=Intel64 Family 6 Model 42 Stepping 7, GenuineIntel



---------------  S Y S T E M  ---------------

OS: Windows 7 , 64 bit Build 7601 Service Pack 1

CPU:total 8 (4 cores per cpu, 2 threads per core) family 6 model 42 stepping 7, cmov, cx8, fxsr, mmx, sse, sse2, sse3, ssse3, sse4.1, sse4.2, popcnt, avx, ht, tsc, tscinvbit

Memory: 4k page, physical 8335180k(4312992k free), swap 16668512k(11709568k free)

vm_info: Java HotSpot(TM) 64-Bit Server VM (23.7-b01) for windows-amd64 JRE (1.7.0_17-b02), built on Mar  1 2013 03:38:30 by "java_re" with unknown MS VC++:1600

time: Sun Jun 02 15:45:28 2013
elapsed time: 89 seconds

