#
# A fatal error has been detected by the Java Runtime Environment:
#
#  EXCEPTION_ACCESS_VIOLATION (0xc0000005) at pc=0x000000007718e4b4, pid=7912, tid=7748
#
# JRE version: 7.0_17-b02
# Java VM: Java HotSpot(TM) 64-Bit Server VM (23.7-b01 mixed mode windows-amd64 compressed oops)
# Problematic frame:
# C  [ntdll.dll+0x4e4b4]  RtlDeNormalizeProcessParams+0x5a4
#
# Failed to write core dump. Minidumps are not enabled by default on client versions of Windows
#
# If you would like to submit a bug report, please visit:
#   http://bugreport.sun.com/bugreport/crash.jsp
# The crash happened outside the Java Virtual Machine in native code.
# See problematic frame for where to report the bug.
#

---------------  T H R E A D  ---------------

Current thread (0x00000000132b8800):  JavaThread "pool-2-thread-1" [_thread_in_native, id=7748, stack(0x0000000019780000,0x0000000019880000)]

siginfo: ExceptionCode=0xc0000005, writing address 0x0000000000000024

Registers:
RAX=0x0000000000000000, RBX=0x0000000018abb480, RCX=0x00000000fffffffc, RDX=0x00000000000009c8
RSP=0x000000001987e3e0, RBP=0x0000000000000000, RSI=0x00000000000009c8, RDI=0x0000000000000000
R8 =0x000000001987e398, R9 =0x0000000000000004, R10=0x0000000000000000, R11=0x0000000000000246
R12=0x0000000000000000, R13=0x0000000000000000, R14=0x000007fffff56000, R15=0x0000000000000000
RIP=0x000000007718e4b4, EFLAGS=0x0000000000010213

Top of Stack: (sp=0x000000001987e3e0)
0x000000001987e3e0:   0000000010a47fc0 00000000000009c8
0x000000001987e3f0:   0000000002696590 0000000018abb478
0x000000001987e400:   00000000132b89d8 000000001987e588
0x000000001987e410:   00000000132b8800 000000005de65f08
0x000000001987e420:   0000000002175770 000000001987e580
0x000000001987e430:   0000000000000000 0000000000000000
0x000000001987e440:   000000005de62138 0000000010648a88
0x000000001987e450:   00000000026cfb88 0000000000000000
0x000000001987e460:   00000000132b8800 000000001987ecf0
0x000000001987e470:   0000000000000004 0000000000000001
0x000000001987e480:   00000000ff000000 000000007718e3db
0x000000001987e490:   0000000000000000 0000000000000000
0x000000001987e4a0:   000000077d3b0798 0000000018abb480
0x000000001987e4b0:   0000000018abb408 000000005c1d8b65
0x000000001987e4c0:   000000001987e580 0000000018abb478
0x000000001987e4d0:   0000000002696590 000007fee37805fa 

Instructions: (pc=0x000000007718e4b4)
0x000000007718e494:   0f b1 4b 08 0f 85 9b 47 fd ff 48 8b 03 4c 89 ac
0x000000007718e4a4:   24 c0 00 00 00 33 ed 45 33 ed 48 83 f8 ff 74 03
0x000000007718e4b4:   ff 40 24 ba 22 17 00 00 48 8d 3d cd 8f 0e 00 80
0x000000007718e4c4:   3c 25 82 03 fe 7f 00 0f 85 53 be 01 00 48 83 fe 


Register to memory mapping:

RAX=0x0000000000000000 is an unknown value
RBX=0x0000000018abb480 is an unknown value
RCX=0x00000000fffffffc is an unknown value
RDX=0x00000000000009c8 is an unknown value
RSP=0x000000001987e3e0 is pointing into the stack for thread: 0x00000000132b8800
RBP=0x0000000000000000 is an unknown value
RSI=0x00000000000009c8 is an unknown value
RDI=0x0000000000000000 is an unknown value
R8 =0x000000001987e398 is pointing into the stack for thread: 0x00000000132b8800
R9 =0x0000000000000004 is an unknown value
R10=0x0000000000000000 is an unknown value
R11=0x0000000000000246 is an unknown value
R12=0x0000000000000000 is an unknown value
R13=0x0000000000000000 is an unknown value
R14=0x000007fffff56000 is an unknown value
R15=0x0000000000000000 is an unknown value


Stack: [0x0000000019780000,0x0000000019880000],  sp=0x000000001987e3e0,  free space=1016k
Native frames: (J=compiled Java code, j=interpreted, Vv=VM code, C=native code)
C  [ntdll.dll+0x4e4b4]  RtlDeNormalizeProcessParams+0x5a4

[error occurred during error reporting (printing native stack), id 0xc0000005]

Java frames: (J=compiled Java code, j=interpreted, Vv=VM code)
j  com.sun.jna.Native.invokeLong(JI[Ljava/lang/Object;)J+0
j  com.sun.jna.Function.invoke([Ljava/lang/Object;Ljava/lang/Class;Z)Ljava/lang/Object;+389
j  com.sun.jna.Function.invoke(Ljava/lang/Class;[Ljava/lang/Object;Ljava/util/Map;)Ljava/lang/Object;+214
j  com.sun.jna.Library$Handler.invoke(Ljava/lang/Object;Ljava/lang/reflect/Method;[Ljava/lang/Object;)Ljava/lang/Object;+341
j  com.sun.proxy.$Proxy8.libvlc_media_player_get_time(Luk/co/caprica/vlcj/binding/internal/libvlc_media_player_t;)J+16
j  uk.co.caprica.vlcj.player.DefaultMediaPlayer.getTime()J+17
j  com.jajeem.videoplayer.design.PlayerControlsPanel$UpdateRunnable.run()V+4
j  java.util.concurrent.Executors$RunnableAdapter.call()Ljava/lang/Object;+4
j  java.util.concurrent.FutureTask$Sync.innerRunAndReset()Z+30
j  java.util.concurrent.FutureTask.runAndReset()Z+4
j  java.util.concurrent.ScheduledThreadPoolExecutor$ScheduledFutureTask.access$301(Ljava/util/concurrent/ScheduledThreadPoolExecutor$ScheduledFutureTask;)Z+1
j  java.util.concurrent.ScheduledThreadPoolExecutor$ScheduledFutureTask.run()V+37
j  java.util.concurrent.ThreadPoolExecutor.runWorker(Ljava/util/concurrent/ThreadPoolExecutor$Worker;)V+95
j  java.util.concurrent.ThreadPoolExecutor$Worker.run()V+5
j  java.lang.Thread.run()V+11
v  ~StubRoutines::call_stub

---------------  P R O C E S S  ---------------

Java Threads: ( => current thread )
=>0x00000000132b8800 JavaThread "pool-2-thread-1" [_thread_in_native, id=7748, stack(0x0000000019780000,0x0000000019880000)]
  0x00000000132b7000 JavaThread "Swing-Shell" daemon [_thread_blocked, id=7716, stack(0x0000000018c00000,0x0000000018d00000)]
  0x00000000132b4800 JavaThread "RMI Scheduler(0)" daemon [_thread_blocked, id=7572, stack(0x0000000017d80000,0x0000000017e80000)]
  0x00000000132b5800 JavaThread "D3D Screen Updater" daemon [_thread_blocked, id=7564, stack(0x00000000188e0000,0x00000000189e0000)]
  0x00000000132b1000 JavaThread "Thread-92" [_thread_in_native, id=4412, stack(0x0000000017930000,0x0000000017a30000)]
  0x00000000132b1800 JavaThread "Timer-1" [_thread_blocked, id=7492, stack(0x00000000177a0000,0x00000000178a0000)]
  0x00000000132b6000 JavaThread "Timer-0" [_thread_blocked, id=7488, stack(0x00000000175f0000,0x00000000176f0000)]
  0x00000000132b4000 JavaThread "TimerQueue" daemon [_thread_blocked, id=7308, stack(0x00000000174b0000,0x00000000175b0000)]
  0x00000000132b3000 JavaThread "DestroyJavaVM" [_thread_blocked, id=7976, stack(0x0000000002590000,0x0000000002690000)]
  0x00000000132b0000 JavaThread "AWT-EventQueue-0" [_thread_blocked, id=4664, stack(0x0000000014e30000,0x0000000014f30000)]
  0x00000000137ac800 JavaThread "AWT-Shutdown" [_thread_blocked, id=6936, stack(0x0000000014330000,0x0000000014430000)]
  0x00000000137b2800 JavaThread "Thread-4" [_thread_in_native, id=6488, stack(0x0000000014cc0000,0x0000000014dc0000)]
  0x0000000010b3c000 JavaThread "RMI TCP Accept-2020" daemon [_thread_in_native, id=2228, stack(0x0000000014b00000,0x0000000014c00000)]
  0x0000000010bf8800 JavaThread "GC Daemon" daemon [_thread_blocked, id=4144, stack(0x0000000014980000,0x0000000014a80000)]
  0x000000001330b000 JavaThread "RMI Reaper" [_thread_blocked, id=2936, stack(0x00000000147a0000,0x00000000148a0000)]
  0x0000000010bf7800 JavaThread "RMI TCP Accept-2019" daemon [_thread_in_native, id=6260, stack(0x00000000145a0000,0x00000000146a0000)]
  0x00000000132a5000 JavaThread "H2 Log Writer JAJEEM.DB" daemon [_thread_blocked, id=6876, stack(0x0000000014230000,0x0000000014330000)]
  0x000000000e11c000 JavaThread "H2 File Lock Watchdog C:/Users/Armin/Desktop/Kar/jajeem/jajeem.db.lock.db" daemon [_thread_blocked, id=4396, stack(0x000000000fdb0000,0x000000000feb0000)]
  0x000000000e0c6000 JavaThread "AWT-Windows" daemon [_thread_in_native, id=8116, stack(0x000000000fec0000,0x000000000ffc0000)]
  0x000000000e0b1800 JavaThread "Java2D Disposer" daemon [_thread_blocked, id=8104, stack(0x000000000fc10000,0x000000000fd10000)]
  0x000000000de04000 JavaThread "Service Thread" daemon [_thread_blocked, id=8096, stack(0x000000000f700000,0x000000000f800000)]
  0x000000000ddfb000 JavaThread "C2 CompilerThread1" daemon [_thread_blocked, id=8092, stack(0x000000000f800000,0x000000000f900000)]
  0x000000000ddf9800 JavaThread "C2 CompilerThread0" daemon [_thread_blocked, id=8056, stack(0x000000000f5b0000,0x000000000f6b0000)]
  0x000000000dde2000 JavaThread "JDWP Command Reader" daemon [_thread_in_native, id=8068, stack(0x000000000f400000,0x000000000f500000)]
  0x000000000dddd000 JavaThread "JDWP Event Helper Thread" daemon [_thread_blocked, id=8060, stack(0x000000000f260000,0x000000000f360000)]
  0x000000000ddcf000 JavaThread "JDWP Transport Listener: dt_socket" daemon [_thread_blocked, id=8040, stack(0x000000000f060000,0x000000000f160000)]
  0x000000000ddc8000 JavaThread "Attach Listener" daemon [_thread_blocked, id=8028, stack(0x000000000e480000,0x000000000e580000)]
  0x000000000ddc7000 JavaThread "Signal Dispatcher" daemon [_thread_blocked, id=8032, stack(0x000000000e240000,0x000000000e340000)]
  0x000000000bf5b000 JavaThread "Finalizer" daemon [_thread_blocked, id=8024, stack(0x000000000dc70000,0x000000000dd70000)]
  0x000000000bf52800 JavaThread "Reference Handler" daemon [_thread_blocked, id=8020, stack(0x000000000d910000,0x000000000da10000)]

Other Threads:
  0x000000000bf47000 VMThread [stack: 0x000000000da70000,0x000000000db70000] [id=8012]
  0x000000000de12800 WatcherThread [stack: 0x000000000fac0000,0x000000000fbc0000] [id=8112]

VM state:not at safepoint (normal execution)

VM Mutex/Monitor currently owned by a thread: None

Heap
 PSYoungGen      total 38016K, used 9535K [0x00000007d5960000, 0x00000007d83c0000, 0x0000000800000000)
  eden space 32640K, 12% used [0x00000007d5960000,0x00000007d5d74a90,0x00000007d7940000)
  from space 5376K, 99% used [0x00000007d7e80000,0x00000007d83bb480,0x00000007d83c0000)
  to   space 5376K, 0% used [0x00000007d7940000,0x00000007d7940000,0x00000007d7e80000)
 ParOldGen       total 86848K, used 20657K [0x0000000780c00000, 0x00000007860d0000, 0x00000007d5960000)
  object space 86848K, 23% used [0x0000000780c00000,0x000000078202c5f8,0x00000007860d0000)
 PSPermGen       total 35776K, used 30028K [0x000000077ba00000, 0x000000077dcf0000, 0x0000000780c00000)
  object space 35776K, 83% used [0x000000077ba00000,0x000000077d753090,0x000000077dcf0000)

Card table byte_map: [0x0000000005690000,0x0000000005ac0000] byte_map_base: 0x0000000001ab3000

Polling page: 0x0000000000120000

Code Cache  [0x0000000002690000, 0x0000000002900000, 0x0000000005690000)
 total_blobs=884 nmethods=289 adapters=554 free_code_cache=47683Kb largest_free_block=48789760

Compilation events (10 events):
Event: 31.039 Thread 0x000000000ddfb000  298             java.lang.Integer::equals (29 bytes)
Event: 31.039 Thread 0x000000000ddfb000 nmethod 298 0x00000000028035d0 code [0x0000000002803720, 0x00000000028037d8]
Event: 31.349 Thread 0x000000000ddf9800  299             javax.swing.JComponent::contains (27 bytes)
Event: 31.350 Thread 0x000000000ddf9800 nmethod 299 0x0000000002803390 code [0x00000000028034c0, 0x0000000002803558]
Event: 31.659 Thread 0x000000000ddfb000  300             java.lang.System::getSecurityManager (4 bytes)
Event: 31.660 Thread 0x000000000ddfb000 nmethod 300 0x0000000002803190 code [0x00000000028032c0, 0x0000000002803318]
Event: 33.041 Thread 0x000000000ddf9800  301             sun.java2d.SurfaceData::isValid (5 bytes)
Event: 33.042 Thread 0x000000000ddf9800 nmethod 301 0x0000000002803e10 code [0x0000000002803f40, 0x0000000002803f98]
Event: 34.572 Thread 0x000000000ddfb000  302             java.io.FilterInputStream::read (8 bytes)
Event: 34.578 Thread 0x000000000ddfb000 nmethod 302 0x00000000027f4650 code [0x00000000027f47a0, 0x00000000027f4af8]

GC Heap History (10 events):
Event: 2.970 GC heap before
{Heap before GC invocations=1 (full 0):
 PSYoungGen      total 38016K, used 32640K [0x00000007d5960000, 0x00000007d83c0000, 0x0000000800000000)
  eden space 32640K, 100% used [0x00000007d5960000,0x00000007d7940000,0x00000007d7940000)
  from space 5376K, 0% used [0x00000007d7e80000,0x00000007d7e80000,0x00000007d83c0000)
  to   space 5376K, 0% used [0x00000007d7940000,0x00000007d7940000,0x00000007d7e80000)
 ParOldGen       total 86848K, used 0K [0x0000000780c00000, 0x00000007860d0000, 0x00000007d5960000)
  object space 86848K, 0% used [0x0000000780c00000,0x0000000780c00000,0x00000007860d0000)
 PSPermGen       total 21248K, used 14234K [0x000000077ba00000, 0x000000077cec0000, 0x0000000780c00000)
  object space 21248K, 66% used [0x000000077ba00000,0x000000077c7e6980,0x000000077cec0000)
Event: 2.978 GC heap after
Heap after GC invocations=1 (full 0):
 PSYoungGen      total 38016K, used 5370K [0x00000007d5960000, 0x00000007d83c0000, 0x0000000800000000)
  eden space 32640K, 0% used [0x00000007d5960000,0x00000007d5960000,0x00000007d7940000)
  from space 5376K, 99% used [0x00000007d7940000,0x00000007d7e7eb10,0x00000007d7e80000)
  to   space 5376K, 0% used [0x00000007d7e80000,0x00000007d7e80000,0x00000007d83c0000)
 ParOldGen       total 86848K, used 925K [0x0000000780c00000, 0x00000007860d0000, 0x00000007d5960000)
  object space 86848K, 1% used [0x0000000780c00000,0x0000000780ce7450,0x00000007860d0000)
 PSPermGen       total 21248K, used 14234K [0x000000077ba00000, 0x000000077cec0000, 0x0000000780c00000)
  object space 21248K, 66% used [0x000000077ba00000,0x000000077c7e6980,0x000000077cec0000)
}
Event: 5.056 GC heap before
{Heap before GC invocations=2 (full 0):
 PSYoungGen      total 38016K, used 26801K [0x00000007d5960000, 0x00000007d83c0000, 0x0000000800000000)
  eden space 32640K, 65% used [0x00000007d5960000,0x00000007d6e4da78,0x00000007d7940000)
  from space 5376K, 99% used [0x00000007d7940000,0x00000007d7e7eb10,0x00000007d7e80000)
  to   space 5376K, 0% used [0x00000007d7e80000,0x00000007d7e80000,0x00000007d83c0000)
 ParOldGen       total 86848K, used 925K [0x0000000780c00000, 0x00000007860d0000, 0x00000007d5960000)
  object space 86848K, 1% used [0x0000000780c00000,0x0000000780ce7450,0x00000007860d0000)
 PSPermGen       total 21248K, used 17612K [0x000000077ba00000, 0x000000077cec0000, 0x0000000780c00000)
  object space 21248K, 82% used [0x000000077ba00000,0x000000077cb33100,0x000000077cec0000)
Event: 5.064 GC heap after
Heap after GC invocations=2 (full 0):
 PSYoungGen      total 38016K, used 5360K [0x00000007d5960000, 0x00000007d83c0000, 0x0000000800000000)
  eden space 32640K, 0% used [0x00000007d5960000,0x00000007d5960000,0x00000007d7940000)
  from space 5376K, 99% used [0x00000007d7e80000,0x00000007d83bc280,0x00000007d83c0000)
  to   space 5376K, 0% used [0x00000007d7940000,0x00000007d7940000,0x00000007d7e80000)
 ParOldGen       total 86848K, used 4624K [0x0000000780c00000, 0x00000007860d0000, 0x00000007d5960000)
  object space 86848K, 5% used [0x0000000780c00000,0x0000000781084068,0x00000007860d0000)
 PSPermGen       total 21248K, used 17612K [0x000000077ba00000, 0x000000077cec0000, 0x0000000780c00000)
  object space 21248K, 82% used [0x000000077ba00000,0x000000077cb33100,0x000000077cec0000)
}
Event: 5.064 GC heap before
{Heap before GC invocations=3 (full 1):
 PSYoungGen      total 38016K, used 5360K [0x00000007d5960000, 0x00000007d83c0000, 0x0000000800000000)
  eden space 32640K, 0% used [0x00000007d5960000,0x00000007d5960000,0x00000007d7940000)
  from space 5376K, 99% used [0x00000007d7e80000,0x00000007d83bc280,0x00000007d83c0000)
  to   space 5376K, 0% used [0x00000007d7940000,0x00000007d7940000,0x00000007d7e80000)
 ParOldGen       total 86848K, used 4624K [0x0000000780c00000, 0x00000007860d0000, 0x00000007d5960000)
  object space 86848K, 5% used [0x0000000780c00000,0x0000000781084068,0x00000007860d0000)
 PSPermGen       total 21248K, used 17612K [0x000000077ba00000, 0x000000077cec0000, 0x0000000780c00000)
  object space 21248K, 82% used [0x000000077ba00000,0x000000077cb33100,0x000000077cec0000)
Event: 5.101 GC heap after
Heap after GC invocations=3 (full 1):
 PSYoungGen      total 38016K, used 0K [0x00000007d5960000, 0x00000007d83c0000, 0x0000000800000000)
  eden space 32640K, 0% used [0x00000007d5960000,0x00000007d5960000,0x00000007d7940000)
  from space 5376K, 0% used [0x00000007d7e80000,0x00000007d7e80000,0x00000007d83c0000)
  to   space 5376K, 0% used [0x00000007d7940000,0x00000007d7940000,0x00000007d7e80000)
 ParOldGen       total 86848K, used 8732K [0x0000000780c00000, 0x00000007860d0000, 0x00000007d5960000)
  object space 86848K, 10% used [0x0000000780c00000,0x0000000781487040,0x00000007860d0000)
 PSPermGen       total 35776K, used 17607K [0x000000077ba00000, 0x000000077dcf0000, 0x0000000780c00000)
  object space 35776K, 49% used [0x000000077ba00000,0x000000077cb31dd0,0x000000077dcf0000)
}
Event: 5.704 GC heap before
{Heap before GC invocations=4 (full 1):
 PSYoungGen      total 38016K, used 32640K [0x00000007d5960000, 0x00000007d83c0000, 0x0000000800000000)
  eden space 32640K, 100% used [0x00000007d5960000,0x00000007d7940000,0x00000007d7940000)
  from space 5376K, 0% used [0x00000007d7e80000,0x00000007d7e80000,0x00000007d83c0000)
  to   space 5376K, 0% used [0x00000007d7940000,0x00000007d7940000,0x00000007d7e80000)
 ParOldGen       total 86848K, used 8732K [0x0000000780c00000, 0x00000007860d0000, 0x00000007d5960000)
  object space 86848K, 10% used [0x0000000780c00000,0x0000000781487040,0x00000007860d0000)
 PSPermGen       total 35776K, used 21393K [0x000000077ba00000, 0x000000077dcf0000, 0x0000000780c00000)
  object space 35776K, 59% used [0x000000077ba00000,0x000000077cee45a0,0x000000077dcf0000)
Event: 5.709 GC heap after
Heap after GC invocations=4 (full 1):
 PSYoungGen      total 38016K, used 3859K [0x00000007d5960000, 0x00000007d83c0000, 0x0000000800000000)
  eden space 32640K, 0% used [0x00000007d5960000,0x00000007d5960000,0x00000007d7940000)
  from space 5376K, 71% used [0x00000007d7940000,0x00000007d7d04d88,0x00000007d7e80000)
  to   space 5376K, 0% used [0x00000007d7e80000,0x00000007d7e80000,0x00000007d83c0000)
 ParOldGen       total 86848K, used 15977K [0x0000000780c00000, 0x00000007860d0000, 0x00000007d5960000)
  object space 86848K, 18% used [0x0000000780c00000,0x0000000781b9a470,0x00000007860d0000)
 PSPermGen       total 35776K, used 21393K [0x000000077ba00000, 0x000000077dcf0000, 0x0000000780c00000)
  object space 35776K, 59% used [0x000000077ba00000,0x000000077cee45a0,0x000000077dcf0000)
}
Event: 30.878 GC heap before
{Heap before GC invocations=5 (full 1):
 PSYoungGen      total 38016K, used 36004K [0x00000007d5960000, 0x00000007d83c0000, 0x0000000800000000)
  eden space 32640K, 98% used [0x00000007d5960000,0x00000007d78c42a8,0x00000007d7940000)
  from space 5376K, 71% used [0x00000007d7940000,0x00000007d7d04d88,0x00000007d7e80000)
  to   space 5376K, 0% used [0x00000007d7e80000,0x00000007d7e80000,0x00000007d83c0000)
 ParOldGen       total 86848K, used 15977K [0x0000000780c00000, 0x00000007860d0000, 0x00000007d5960000)
  object space 86848K, 18% used [0x0000000780c00000,0x0000000781b9a470,0x00000007860d0000)
 PSPermGen       total 35776K, used 30002K [0x000000077ba00000, 0x000000077dcf0000, 0x0000000780c00000)
  object space 35776K, 83% used [0x000000077ba00000,0x000000077d74cbe8,0x000000077dcf0000)
Event: 30.886 GC heap after
Heap after GC invocations=5 (full 1):
 PSYoungGen      total 38016K, used 5357K [0x00000007d5960000, 0x00000007d83c0000, 0x0000000800000000)
  eden space 32640K, 0% used [0x00000007d5960000,0x00000007d5960000,0x00000007d7940000)
  from space 5376K, 99% used [0x00000007d7e80000,0x00000007d83bb480,0x00000007d83c0000)
  to   space 5376K, 0% used [0x00000007d7940000,0x00000007d7940000,0x00000007d7e80000)
 ParOldGen       total 86848K, used 20657K [0x0000000780c00000, 0x00000007860d0000, 0x00000007d5960000)
  object space 86848K, 23% used [0x0000000780c00000,0x000000078202c5f8,0x00000007860d0000)
 PSPermGen       total 35776K, used 30002K [0x000000077ba00000, 0x000000077dcf0000, 0x0000000780c00000)
  object space 35776K, 83% used [0x000000077ba00000,0x000000077d74cbe8,0x000000077dcf0000)
}

Deoptimization events (10 events):
Event: 14.640 Thread 0x00000000132b1000 Uncommon trap -25 fr.pc 0x000000000272d664
Event: 14.641 Thread 0x00000000132b1000 Uncommon trap -25 fr.pc 0x000000000272d664
Event: 14.641 Thread 0x00000000132b1000 Uncommon trap -25 fr.pc 0x000000000272d664
Event: 14.641 Thread 0x00000000132b1000 Uncommon trap -25 fr.pc 0x000000000272d664
Event: 14.641 Thread 0x00000000132b1000 Uncommon trap -25 fr.pc 0x000000000272d664
Event: 27.754 Thread 0x00000000132b0000 Uncommon trap -12 fr.pc 0x0000000002729284
Event: 27.863 Thread 0x00000000132b0000 Uncommon trap -58 fr.pc 0x000000000275bbc0
Event: 27.863 Thread 0x00000000132b0000 Uncommon trap -58 fr.pc 0x000000000275bbc0
Event: 28.307 Thread 0x00000000132b0000 Uncommon trap -83 fr.pc 0x0000000002739ae0
Event: 28.680 Thread 0x00000000132b0000 Uncommon trap -34 fr.pc 0x0000000002726b08

Internal exceptions (10 events):
Event: 28.685 Thread 0x00000000132b0000 Threw 0x00000007d771f4d8 at C:\jdk7u2_64p\jdk7u17\hotspot\src\share\vm\prims\jvm.cpp:1166
Event: 28.686 Thread 0x00000000132b0000 Threw 0x00000007d77243f0 at C:\jdk7u2_64p\jdk7u17\hotspot\src\share\vm\prims\jvm.cpp:1166
Event: 28.686 Thread 0x00000000132b0000 Threw 0x00000007d7729308 at C:\jdk7u2_64p\jdk7u17\hotspot\src\share\vm\prims\jvm.cpp:1166
Event: 28.687 Thread 0x00000000132b0000 Threw 0x00000007d7732c00 at C:\jdk7u2_64p\jdk7u17\hotspot\src\share\vm\prims\jvm.cpp:1166
Event: 28.687 Thread 0x00000000132b0000 Threw 0x00000007d773c3e0 at C:\jdk7u2_64p\jdk7u17\hotspot\src\share\vm\prims\jvm.cpp:1166
Event: 28.688 Thread 0x00000000132b0000 Threw 0x00000007d7743410 at C:\jdk7u2_64p\jdk7u17\hotspot\src\share\vm\prims\jvm.cpp:1166
Event: 28.688 Thread 0x00000000132b0000 Threw 0x00000007d774e1e8 at C:\jdk7u2_64p\jdk7u17\hotspot\src\share\vm\prims\jvm.cpp:1166
Event: 28.689 Thread 0x00000000132b0000 Threw 0x00000007d7753100 at C:\jdk7u2_64p\jdk7u17\hotspot\src\share\vm\prims\jvm.cpp:1166
Event: 28.689 Thread 0x00000000132b0000 Threw 0x00000007d7757fb0 at C:\jdk7u2_64p\jdk7u17\hotspot\src\share\vm\prims\jvm.cpp:1166
Event: 32.232 Thread 0x00000000132b0000 Threw 0x00000007d5cdea50 at C:\jdk7u2_64p\jdk7u17\hotspot\src\share\vm\prims\jvm.cpp:1166

Events (10 events):
Event: 32.020 loading class 0x00000000135cea20 done
Event: 32.232 loading class 0x0000000010c88010
Event: 32.232 loading class 0x0000000010c88010 done
Event: 32.481 Executing VM operation: GetOrSetLocal
Event: 32.481 Executing VM operation: GetOrSetLocal done
Event: 34.577 Executing VM operation: RevokeBias
Event: 34.577 Executing VM operation: RevokeBias done
Event: 34.577 Thread 0x00000000132b2800 Thread exited: 0x00000000132b2800
Event: 36.619 Executing VM operation: GetOrSetLocal
Event: 36.619 Executing VM operation: GetOrSetLocal done


Dynamic libraries:
0x000000013fcc0000 - 0x000000013fcf3000 	C:\Program Files\Java\jre7\bin\javaw.exe
0x0000000077140000 - 0x00000000772e9000 	C:\Windows\SYSTEM32\ntdll.dll
0x0000000076a60000 - 0x0000000076b7f000 	C:\Windows\system32\kernel32.dll
0x000007fefd900000 - 0x000007fefd96b000 	C:\Windows\system32\KERNELBASE.dll
0x000007fefdd60000 - 0x000007fefde3b000 	C:\Windows\system32\ADVAPI32.dll
0x000007fefec50000 - 0x000007fefecef000 	C:\Windows\system32\msvcrt.dll
0x000007fefefe0000 - 0x000007fefefff000 	C:\Windows\SYSTEM32\sechost.dll
0x000007feff000000 - 0x000007feff12d000 	C:\Windows\system32\RPCRT4.dll
0x0000000076b80000 - 0x0000000076c7a000 	C:\Windows\system32\USER32.dll
0x000007fefdcf0000 - 0x000007fefdd57000 	C:\Windows\system32\GDI32.dll
0x000007fefeed0000 - 0x000007fefeede000 	C:\Windows\system32\LPK.dll
0x000007feff350000 - 0x000007feff419000 	C:\Windows\system32\USP10.dll
0x000007fefbf30000 - 0x000007fefc124000 	C:\Windows\WinSxS\amd64_microsoft.windows.common-controls_6595b64144ccf1df_6.0.7601.17514_none_fa396087175ac9ac\COMCTL32.dll
0x000007fefd970000 - 0x000007fefd9e1000 	C:\Windows\system32\SHLWAPI.dll
0x000007feff420000 - 0x000007feff44e000 	C:\Windows\system32\IMM32.DLL
0x000007feff150000 - 0x000007feff259000 	C:\Windows\system32\MSCTF.dll
0x000000005e080000 - 0x000000005e151000 	C:\Program Files\Java\jre7\bin\msvcr100.dll
0x000000005d960000 - 0x000000005e07f000 	C:\Program Files\Java\jre7\bin\server\jvm.dll
0x000007fefa180000 - 0x000007fefa189000 	C:\Windows\system32\WSOCK32.dll
0x000007fefd9f0000 - 0x000007fefda3d000 	C:\Windows\system32\WS2_32.dll
0x000007feff260000 - 0x000007feff268000 	C:\Windows\system32\NSI.dll
0x000007fefb760000 - 0x000007fefb79b000 	C:\Windows\system32\WINMM.dll
0x0000000077310000 - 0x0000000077317000 	C:\Windows\system32\PSAPI.DLL
0x000000005fce0000 - 0x000000005fcef000 	C:\Program Files\Java\jre7\bin\verify.dll
0x000000005fc40000 - 0x000000005fc68000 	C:\Program Files\Java\jre7\bin\java.dll
0x000000005c230000 - 0x000000005c265000 	C:\Program Files\Java\jre7\bin\jdwp.dll
0x000000005c220000 - 0x000000005c228000 	C:\Program Files\Java\jre7\bin\npt.dll
0x000000005fb40000 - 0x000000005fb55000 	C:\Program Files\Java\jre7\bin\zip.dll
0x000000005c200000 - 0x000000005c209000 	C:\Program Files\Java\jre7\bin\dt_socket.dll
0x000007fefcdd0000 - 0x000007fefce25000 	C:\Windows\system32\mswsock.dll
0x000007fefcc50000 - 0x000007fefccab000 	C:\Windows\system32\DNSAPI.dll
0x000007fee3cd0000 - 0x000007fee3ce5000 	C:\Windows\system32\napinsp.dll
0x000007fee3cb0000 - 0x000007fee3cc9000 	C:\Windows\system32\pnrpnsp.dll
0x000007fee4bc0000 - 0x000007fee4bcb000 	C:\Windows\System32\winrnr.dll
0x000007fef1a50000 - 0x000007fef1a60000 	C:\Windows\system32\wshbth.dll
0x000007fefa040000 - 0x000007fefa052000 	C:\Windows\system32\PrxerNsp.dll
0x000007fefc580000 - 0x000007fefc5a7000 	C:\Windows\system32\IPHLPAPI.DLL
0x000007fefc570000 - 0x000007fefc57b000 	C:\Windows\system32\WINNSI.DLL
0x000007fefa030000 - 0x000007fefa038000 	C:\Windows\system32\rasadhlp.dll
0x0000000180000000 - 0x000000018003e000 	C:\Program Files (x86)\Avira\AntiVir Desktop\avsda64.dll
0x000007fefc550000 - 0x000007fefc566000 	C:\Windows\system32\PrxerDrv.dll
0x000007fefc540000 - 0x000007fefc547000 	C:\Windows\System32\wshtcpip.dll
0x000000005d790000 - 0x000000005d923000 	C:\Program Files\Java\jre7\bin\awt.dll
0x000007feff270000 - 0x000007feff347000 	C:\Windows\system32\OLEAUT32.dll
0x000007fefdae0000 - 0x000007fefdce3000 	C:\Windows\system32\ole32.dll
0x000007fefbae0000 - 0x000007fefbb36000 	C:\Windows\system32\uxtheme.dll
0x0000000002320000 - 0x000000000235b000 	C:\Windows\W7FBC\dll.dll
0x000007fefda40000 - 0x000007fefdad7000 	C:\Windows\system32\COMDLG32.dll
0x000007fefdec0000 - 0x000007fefec48000 	C:\Windows\system32\SHELL32.dll
0x000007fefb820000 - 0x000007fefba35000 	C:\Windows\WinSxS\amd64_microsoft.windows.gdiplus_6595b64144ccf1df_1.1.7601.17514_none_2b24536c71ed437a\gdiplus.dll
0x000007fefb4d0000 - 0x000007fefb4e8000 	C:\Windows\system32\dwmapi.dll
0x000007fefd490000 - 0x000007fefd49f000 	C:\Windows\system32\CRYPTBASE.dll
0x000000005c2a0000 - 0x000000005c2d9000 	C:\Program Files\Java\jre7\bin\kcms.dll
0x000007feebfe0000 - 0x000007feec1df000 	C:\Windows\system32\d3d9.dll
0x000007fefc450000 - 0x000007fefc45c000 	C:\Windows\system32\VERSION.dll
0x000007fef1a80000 - 0x000007fef1a87000 	C:\Windows\system32\d3d8thk.dll
0x000000006f150000 - 0x000000006f1f3000 	C:\Windows\system32\aticfx64.dll
0x000007fef3310000 - 0x000007fef331d000 	C:\Windows\system32\atiu9p64.dll
0x000000006b280000 - 0x000000006b78d000 	C:\Windows\system32\atiumd64.dll
0x000000006b970000 - 0x000000006bc9b000 	C:\Windows\system32\atiumd6a.dll
0x000000005fb20000 - 0x000000005fb39000 	C:\Program Files\Java\jre7\bin\net.dll
0x000007fefcdc0000 - 0x000007fefcdc7000 	C:\Windows\System32\wship6.dll
0x000000005fb00000 - 0x000000005fb11000 	C:\Program Files\Java\jre7\bin\nio.dll
0x0000000060d20000 - 0x0000000060d2b000 	C:\Program Files\Java\jre7\bin\management.dll
0x000007fefce30000 - 0x000007fefce47000 	C:\Windows\system32\CRYPTSP.dll
0x000007fefcb30000 - 0x000007fefcb77000 	C:\Windows\system32\rsaenh.dll
0x000007fefc8e0000 - 0x000007fefc8fe000 	C:\Windows\system32\USERENV.dll
0x000007fefd5a0000 - 0x000007fefd5af000 	C:\Windows\system32\profapi.dll
0x000007fefae80000 - 0x000007fefaed3000 	C:\Windows\System32\fwpuclnt.dll
0x000000005c360000 - 0x000000005c394000 	C:\Program Files\Java\jre7\bin\fontmanager.dll
0x0000000006740000 - 0x00000000067a5000 	C:\Program Files\WIDCOMM\Bluetooth Software\btmmhook.dll
0x000000005c270000 - 0x000000005c2a0000 	C:\Program Files\Java\jre7\bin\jpeg.dll
0x000007fefeee0000 - 0x000007fefef79000 	C:\Windows\system32\CLBCatQ.DLL
0x000007fefb290000 - 0x000007fefb3ba000 	C:\Windows\system32\WindowsCodecs.dll
0x000007fefd430000 - 0x000007fefd487000 	C:\Windows\system32\apphelp.dll
0x000000006f290000 - 0x000000006f2a6000 	C:\Program Files\Common Files\TortoiseOverlays\TortoiseOverlays.dll
0x000000006f330000 - 0x000000006f340000 	C:\Program Files\TortoiseSVN\bin\TortoiseStub.dll
0x000000006f210000 - 0x000000006f288000 	C:\Program Files\TortoiseSVN\bin\TortoiseSVN.dll
0x0000000076e90000 - 0x0000000076fea000 	C:\Windows\system32\WININET.dll
0x0000000077300000 - 0x0000000077303000 	C:\Windows\system32\Normaliz.dll
0x0000000076c80000 - 0x0000000076e8d000 	C:\Windows\system32\iertutil.dll
0x0000000076ff0000 - 0x000000007713d000 	C:\Windows\system32\urlmon.dll
0x000007fef5210000 - 0x000007fef55ec000 	C:\Program Files\TortoiseSVN\bin\libsvn_tsvn.dll
0x000000006ec80000 - 0x000000006ecab000 	C:\Program Files\TortoiseSVN\bin\libapr_tsvn.dll
0x000000006eaf0000 - 0x000000006eb31000 	C:\Program Files\TortoiseSVN\bin\libaprutil_tsvn.dll
0x000007fefef80000 - 0x000007fefefd2000 	C:\Windows\system32\WLDAP32.dll
0x000007fef51e0000 - 0x000007fef51f0000 	C:\Program Files\TortoiseSVN\bin\intl3_tsvn.dll
0x000007fef51c0000 - 0x000007fef51da000 	C:\Program Files\TortoiseSVN\bin\libsasl.dll
0x000007fefd0a0000 - 0x000007fefd0ab000 	C:\Windows\system32\Secur32.dll
0x000007fefd400000 - 0x000007fefd425000 	C:\Windows\system32\SSPICLI.DLL
0x000007fefd730000 - 0x000007fefd897000 	C:\Windows\system32\CRYPT32.dll
0x000007fefd640000 - 0x000007fefd64f000 	C:\Windows\system32\MSASN1.dll
0x000000006e990000 - 0x000000006ea28000 	C:\Windows\system32\MSVCP100.dll
0x000007fef5180000 - 0x000007fef51b5000 	C:\Windows\system32\EhStorShell.dll
0x000007fefecf0000 - 0x000007fefeec7000 	C:\Windows\system32\SETUPAPI.dll
0x000007fefd8a0000 - 0x000007fefd8d6000 	C:\Windows\system32\CFGMGR32.dll
0x000007fefd8e0000 - 0x000007fefd8fa000 	C:\Windows\system32\DEVOBJ.dll
0x000007fefbc10000 - 0x000007fefbd3c000 	C:\Windows\system32\PROPSYS.dll
0x000007fef4b00000 - 0x000007fef5171000 	C:\PROGRA~1\MIF5BA~1\Office14\GROOVEEX.DLL
0x000000006e770000 - 0x000000006e80d000 	C:\Windows\WinSxS\amd64_microsoft.vc90.crt_1fc8b3b9a1e18e3b_9.0.30729.4940_none_08e4299fa83d7e3c\MSVCR90.dll
0x000000006e680000 - 0x000000006e753000 	C:\Windows\WinSxS\amd64_microsoft.vc90.crt_1fc8b3b9a1e18e3b_9.0.30729.4940_none_08e4299fa83d7e3c\MSVCP90.dll
0x000000006e5c0000 - 0x000000006e5ef000 	C:\Windows\WinSxS\amd64_microsoft.vc90.atl_1fc8b3b9a1e18e3b_9.0.30729.4148_none_0a1d2fcba76b3f00\ATL90.DLL
0x000007fef46f0000 - 0x000007fef4aff000 	C:\PROGRA~1\COMMON~1\MICROS~1\OFFICE14\Cultures\office.odf
0x000007fef3a10000 - 0x000007fef4274000 	C:\PROGRA~1\MIF5BA~1\Office14\1033\GrooveIntlResource.dll
0x000000005c310000 - 0x000000005c351000 	C:\Program Files\Java\jre7\bin\t2k.dll
0x000000000e340000 - 0x000000000e371000 	C:\Program Files\WIDCOMM\Bluetooth Software\btkeyind.dll
0x000000005c2e0000 - 0x000000005c30a000 	C:\Program Files\Java\jre7\bin\dcpr.dll
0x000000005bdc0000 - 0x000000005be62000 	C:\Program Files\Java\jre7\bin\mlib_image.dll
0x000000005d930000 - 0x000000005d954000 	C:\Program Files\Java\jre7\bin\sunec.dll
0x000000005faf0000 - 0x000000005faf7000 	C:\Program Files\Java\jre7\bin\rmi.dll
0x000007fee3770000 - 0x000007fee37a7000 	C:\Users\Armin\AppData\Local\Temp\jna-Armin\jna5889457208520896977.dll
0x000000005c1d0000 - 0x000000005c200000 	C:\Users\Armin\Desktop\Kar\jajeem\util\vlclib\libvlc.dll
0x000000005bb60000 - 0x000000005bdb4000 	C:\Users\Armin\Desktop\Kar\jajeem\util\vlclib\libvlccore.dll
0x000000005bb00000 - 0x000000005bb56000 	C:\Users\Armin\Desktop\Kar\jajeem\util\vlclib\plugins\access\libdshow_plugin.dll
0x000000005c190000 - 0x000000005c1b0000 	C:\Users\Armin\Desktop\Kar\jajeem\util\vlclib\plugins\audio_output\libaout_directx_plugin.dll
0x000000005bf00000 - 0x000000005bf20000 	C:\Users\Armin\Desktop\Kar\jajeem\util\vlclib\plugins\audio_output\libwaveout_plugin.dll
0x000007fefba40000 - 0x000007fefbac8000 	C:\Windows\system32\DSOUND.dll
0x000007fefc420000 - 0x000007fefc44c000 	C:\Windows\system32\POWRPROF.dll
0x0000000059a10000 - 0x000000005a583000 	C:\Users\Armin\Desktop\Kar\jajeem\util\vlclib\plugins\gui\libqt4_plugin.dll
0x000007fefb0e0000 - 0x000007fefb151000 	C:\Windows\system32\WINSPOOL.DRV
0x000000005b980000 - 0x000000005bafa000 	C:\Users\Armin\Desktop\Kar\jajeem\util\vlclib\plugins\misc\libxml_plugin.dll
0x000000005bea0000 - 0x000000005bec6000 	C:\Users\Armin\Desktop\Kar\jajeem\util\vlclib\plugins\video_output\libdirectx_plugin.dll
0x000000005bee0000 - 0x000000005befc000 	C:\Users\Armin\Desktop\Kar\jajeem\util\vlclib\plugins\mmxext\libmemcpymmxext_plugin.dll
0x000000005b950000 - 0x000000005b971000 	C:\Users\Armin\Desktop\Kar\jajeem\util\vlclib\plugins\control\libhotkeys_plugin.dll
0x000007fefb7d0000 - 0x000007fefb81b000 	C:\Windows\system32\MMDevAPI.DLL
0x000007fee2500000 - 0x000007fee253b000 	C:\Windows\system32\wdmaud.drv
0x0000000063340000 - 0x0000000063346000 	C:\Windows\system32\ksuser.dll
0x000007fefbad0000 - 0x000007fefbad9000 	C:\Windows\system32\AVRT.dll

VM Arguments:
jvm_args: -agentlib:jdwp=transport=dt_socket,suspend=y,address=localhost:36633 -Dfile.encoding=Cp1256 
java_command: com.jajeem.core.design.InstructorLogin
Launcher Type: SUN_STANDARD

Environment Variables:
PATH=C:\Program Files (x86)\NVIDIA Corporation\PhysX\Common;C:\Program Files (x86)\MiKTeX 2.9\miktex\bin;C:\Windows\system32;C:\Windows;C:\Windows\System32\Wbem;C:\Windows\System32\WindowsPowerShell\v1.0\;c:\Program Files (x86)\ATI Technologies\ATI.ACE\Core-Static;C:\Program Files\Intel\WiFi\bin\;C:\Program Files\Common Files\Intel\WirelessCommon\;C:\Program Files (x86)\Common Files\Roxio Shared\DLLShared\;C:\Program Files (x86)\Common Files\Roxio Shared\OEM\DLLShared\;C:\Program Files (x86)\Common Files\Roxio Shared\OEM\DLLShared\;C:\Program Files (x86)\Common Files\Roxio Shared\OEM\12.0\DLLShared\;C:\Program Files (x86)\Roxio\OEM\AudioCore\;C:\Program Files (x86)\Java\jre6\bin;C:\Program Files\TortoiseSVN\bin;C:\Program Files (x86)\Microsoft SQL Server\100\Tools\Binn\;C:\Program Files\Microsoft SQL Server\100\Tools\Binn\;C:\Program Files\Microsoft SQL Server\100\DTS\Binn\;C:\Program Files (x86)\Microsoft SQL Server\100\Tools\Binn\VSShell\Common7\IDE\;C:\Program Files (x86)\Microsoft Visual Studio 9.0\Common7\IDE\PrivateAssemblies\;C:\Program Files (x86)\Microsoft SQL Server\100\DTS\Binn\;C:\Program Files\Microsoft\Web Platform Installer\;;C:\Program Files (x86)\Universal Extractor;C:\Program Files (x86)\Universal Extractor\bin;C:\Program Files (x86)\Microsoft ASP.NET\ASP.NET Web Pages\v1.0\;C:\Program Files (x86)\Windows Kits\8.0\Windows Performance Toolkit\;C:\Program Files\Microsoft SQL Server\110\Tools\Binn\;C:\Program Files\WIDCOMM\Bluetooth Software\;C:\Program Files\WIDCOMM\Bluetooth Software\syswow64;C:\Program Files (x86)\OpenVPN\bin
USERNAME=Armin
OS=Windows_NT
PROCESSOR_IDENTIFIER=Intel64 Family 6 Model 42 Stepping 7, GenuineIntel



---------------  S Y S T E M  ---------------

OS: Windows 7 , 64 bit Build 7601 Service Pack 1

CPU:total 8 (4 cores per cpu, 2 threads per core) family 6 model 42 stepping 7, cmov, cx8, fxsr, mmx, sse, sse2, sse3, ssse3, sse4.1, sse4.2, popcnt, avx, ht, tsc, tscinvbit

Memory: 4k page, physical 8335180k(3632728k free), swap 16668512k(10824596k free)

vm_info: Java HotSpot(TM) 64-Bit Server VM (23.7-b01) for windows-amd64 JRE (1.7.0_17-b02), built on Mar  1 2013 03:38:30 by "java_re" with unknown MS VC++:1600

time: Mon Jun 17 18:09:42 2013
elapsed time: 36 seconds

