#
# A fatal error has been detected by the Java Runtime Environment:
#
#  EXCEPTION_ACCESS_VIOLATION (0xc0000005) at pc=0x00000000776ae4b4, pid=7408, tid=4740
#
# JRE version: 7.0_17-b02
# Java VM: Java HotSpot(TM) 64-Bit Server VM (23.7-b01 mixed mode windows-amd64 compressed oops)
# Problematic frame:
# C  [ntdll.dll+0x4e4b4]  RtlDeNormalizeProcessParams+0x5a4
#
# Failed to write core dump. Minidumps are not enabled by default on client versions of Windows
#
# If you would like to submit a bug report, please visit:
#   http://bugreport.sun.com/bugreport/crash.jsp
# The crash happened outside the Java Virtual Machine in native code.
# See problematic frame for where to report the bug.
#

---------------  T H R E A D  ---------------

Current thread (0x000000000ddc6800):  JavaThread "pool-2-thread-1" [_thread_in_native, id=4740, stack(0x0000000015990000,0x0000000015a90000)]

siginfo: ExceptionCode=0xc0000005, writing address 0x0000000000000024

Registers:
RAX=0x0000000000000000, RBX=0x00000000143b3e20, RCX=0x00000000fffffffc, RDX=0x0000000000000500
RSP=0x0000000015a8e100, RBP=0x0000000000000000, RSI=0x0000000000000500, RDI=0x0000000000000000
R8 =0x0000000015a8e0b8, R9 =0x0000000000000004, R10=0x0000000000000000, R11=0x0000000000000246
R12=0x0000000000000000, R13=0x0000000000000000, R14=0x000007fffff6a000, R15=0x0000000000000000
RIP=0x00000000776ae4b4, EFLAGS=0x0000000000010213

Top of Stack: (sp=0x0000000015a8e100)
0x0000000015a8e100:   000000001354f8e0 0000000000000500
0x0000000015a8e110:   00000000023b6590 00000000143b3e18
0x0000000015a8e120:   000000000ddc69d8 0000000015a8e2a8
0x0000000015a8e130:   000000000ddc6800 0000000065665f08
0x0000000015a8e140:   0000000002175800 0000000015a8e2a0
0x0000000015a8e150:   0000000000000000 0000000000000000
0x0000000015a8e160:   fffffff90000002f 000000000df92b58
0x0000000015a8e170:   000000000000000f 0000000000000000
0x0000000015a8e180:   000000000ddc6800 0000000015a8ea10
0x0000000015a8e190:   0000000000000004 0000000000000001
0x0000000015a8e1a0:   00000000ff000000 00000000776ae3db
0x0000000015a8e1b0:   0000000000000000 0000000000000000
0x0000000015a8e1c0:   000000077bd70f70 00000000143b3e20
0x0000000015a8e1d0:   00000000143b3da8 0000000066358b65
0x0000000015a8e1e0:   0000000015a8e2a0 00000000143b3e18
0x0000000015a8e1f0:   00000000023b6590 000007fee59a05fa 

Instructions: (pc=0x00000000776ae4b4)
0x00000000776ae494:   0f b1 4b 08 0f 85 9b 47 fd ff 48 8b 03 4c 89 ac
0x00000000776ae4a4:   24 c0 00 00 00 33 ed 45 33 ed 48 83 f8 ff 74 03
0x00000000776ae4b4:   ff 40 24 ba 22 17 00 00 48 8d 3d cd 8f 0e 00 80
0x00000000776ae4c4:   3c 25 82 03 fe 7f 00 0f 85 53 be 01 00 48 83 fe 


Register to memory mapping:

RAX=0x0000000000000000 is an unknown value
RBX=0x00000000143b3e20 is an unknown value
RCX=0x00000000fffffffc is an unknown value
RDX=0x0000000000000500 is an unknown value
RSP=0x0000000015a8e100 is pointing into the stack for thread: 0x000000000ddc6800
RBP=0x0000000000000000 is an unknown value
RSI=0x0000000000000500 is an unknown value
RDI=0x0000000000000000 is an unknown value
R8 =0x0000000015a8e0b8 is pointing into the stack for thread: 0x000000000ddc6800
R9 =0x0000000000000004 is an unknown value
R10=0x0000000000000000 is an unknown value
R11=0x0000000000000246 is an unknown value
R12=0x0000000000000000 is an unknown value
R13=0x0000000000000000 is an unknown value
R14=0x000007fffff6a000 is an unknown value
R15=0x0000000000000000 is an unknown value


Stack: [0x0000000015990000,0x0000000015a90000],  sp=0x0000000015a8e100,  free space=1016k
Native frames: (J=compiled Java code, j=interpreted, Vv=VM code, C=native code)
C  [ntdll.dll+0x4e4b4]  RtlDeNormalizeProcessParams+0x5a4

[error occurred during error reporting (printing native stack), id 0xc0000005]

Java frames: (J=compiled Java code, j=interpreted, Vv=VM code)
j  com.sun.jna.Native.invokeLong(JI[Ljava/lang/Object;)J+0
j  com.sun.jna.Function.invoke([Ljava/lang/Object;Ljava/lang/Class;Z)Ljava/lang/Object;+389
j  com.sun.jna.Function.invoke(Ljava/lang/Class;[Ljava/lang/Object;Ljava/util/Map;)Ljava/lang/Object;+214
j  com.sun.jna.Library$Handler.invoke(Ljava/lang/Object;Ljava/lang/reflect/Method;[Ljava/lang/Object;)Ljava/lang/Object;+341
j  com.sun.proxy.$Proxy0.libvlc_media_player_get_time(Luk/co/caprica/vlcj/binding/internal/libvlc_media_player_t;)J+16
j  uk.co.caprica.vlcj.player.DefaultMediaPlayer.getTime()J+17
j  uk.co.caprica.vlcj.test.basic.PlayerControlsPanel$UpdateRunnable.run()V+4
j  java.util.concurrent.Executors$RunnableAdapter.call()Ljava/lang/Object;+4
j  java.util.concurrent.FutureTask$Sync.innerRunAndReset()Z+30
j  java.util.concurrent.FutureTask.runAndReset()Z+4
j  java.util.concurrent.ScheduledThreadPoolExecutor$ScheduledFutureTask.access$301(Ljava/util/concurrent/ScheduledThreadPoolExecutor$ScheduledFutureTask;)Z+1
j  java.util.concurrent.ScheduledThreadPoolExecutor$ScheduledFutureTask.run()V+37
j  java.util.concurrent.ThreadPoolExecutor.runWorker(Ljava/util/concurrent/ThreadPoolExecutor$Worker;)V+95
j  java.util.concurrent.ThreadPoolExecutor$Worker.run()V+5
j  java.lang.Thread.run()V+11
v  ~StubRoutines::call_stub

---------------  P R O C E S S  ---------------

Java Threads: ( => current thread )
  0x000000000ddc9000 JavaThread "TimerQueue" daemon [_thread_blocked, id=7548, stack(0x0000000019670000,0x0000000019770000)]
=>0x000000000ddc6800 JavaThread "pool-2-thread-1" [_thread_in_native, id=4740, stack(0x0000000015990000,0x0000000015a90000)]
  0x000000000ddc5000 JavaThread "Image Fetcher 1" daemon [_thread_blocked, id=6444, stack(0x0000000015340000,0x0000000015440000)]
  0x000000000ddc4800 JavaThread "Image Fetcher 0" daemon [_thread_blocked, id=300, stack(0x00000000131e0000,0x00000000132e0000)]
  0x000000000ddc3800 JavaThread "vlcj native mouse hook" [_thread_in_native, id=7120, stack(0x0000000010ad0000,0x0000000010bd0000)]
  0x000000000ddc3000 JavaThread "DestroyJavaVM" [_thread_blocked, id=4752, stack(0x00000000022b0000,0x00000000023b0000)]
  0x000000000ddc2000 JavaThread "AWT-EventQueue-0" [_thread_blocked, id=7648, stack(0x0000000010750000,0x0000000010850000)]
  0x000000000ddc0800 JavaThread "AWT-Shutdown" [_thread_blocked, id=132, stack(0x0000000010530000,0x0000000010630000)]
  0x000000000ddc0000 JavaThread "Java2D Disposer" daemon [_thread_blocked, id=4588, stack(0x00000000103b0000,0x00000000104b0000)]
  0x000000000ddbf000 JavaThread "Service Thread" daemon [_thread_blocked, id=3852, stack(0x000000000f510000,0x000000000f610000)]
  0x000000000ddbe800 JavaThread "C2 CompilerThread1" daemon [_thread_blocked, id=8036, stack(0x000000000f350000,0x000000000f450000)]
  0x000000000ddbb000 JavaThread "C2 CompilerThread0" daemon [_thread_blocked, id=8168, stack(0x000000000f170000,0x000000000f270000)]
  0x000000000dda2000 JavaThread "JDWP Command Reader" daemon [_thread_in_native, id=140, stack(0x000000000efa0000,0x000000000f0a0000)]
  0x000000000dda1000 JavaThread "JDWP Event Helper Thread" daemon [_thread_blocked, id=4620, stack(0x000000000ee90000,0x000000000ef90000)]
  0x000000000dd8f000 JavaThread "JDWP Transport Listener: dt_socket" daemon [_thread_blocked, id=7980, stack(0x000000000ed10000,0x000000000ee10000)]
  0x000000000dd88800 JavaThread "Attach Listener" daemon [_thread_blocked, id=7024, stack(0x000000000db30000,0x000000000dc30000)]
  0x000000000dd87000 JavaThread "Signal Dispatcher" daemon [_thread_blocked, id=5972, stack(0x000000000e140000,0x000000000e240000)]
  0x000000000be2b000 JavaThread "Finalizer" daemon [_thread_blocked, id=2064, stack(0x000000000dc30000,0x000000000dd30000)]
  0x000000000be22800 JavaThread "Reference Handler" daemon [_thread_blocked, id=4748, stack(0x000000000d970000,0x000000000da70000)]

Other Threads:
  0x000000000be17000 VMThread [stack: 0x000000000d850000,0x000000000d950000] [id=4640]
  0x000000000dde3000 WatcherThread [stack: 0x000000000f7e0000,0x000000000f8e0000] [id=7892]

VM state:not at safepoint (normal execution)

VM Mutex/Monitor currently owned by a thread: None

Heap
 PSYoungGen      total 38016K, used 23061K [0x00000007d5960000, 0x00000007d83c0000, 0x0000000800000000)
  eden space 32640K, 58% used [0x00000007d5960000,0x00000007d6bde358,0x00000007d7940000)
  from space 5376K, 76% used [0x00000007d7940000,0x00000007d7d47188,0x00000007d7e80000)
  to   space 5376K, 0% used [0x00000007d7e80000,0x00000007d7e80000,0x00000007d83c0000)
 ParOldGen       total 86848K, used 8K [0x0000000780c00000, 0x00000007860d0000, 0x00000007d5960000)
  object space 86848K, 0% used [0x0000000780c00000,0x0000000780c02000,0x00000007860d0000)
 PSPermGen       total 21248K, used 17220K [0x000000077ba00000, 0x000000077cec0000, 0x0000000780c00000)
  object space 21248K, 81% used [0x000000077ba00000,0x000000077cad1010,0x000000077cec0000)

Card table byte_map: [0x0000000005470000,0x00000000058a0000] byte_map_base: 0x0000000001893000

Polling page: 0x00000000001c0000

Code Cache  [0x00000000023b0000, 0x0000000002620000, 0x00000000053b0000)
 total_blobs=659 nmethods=158 adapters=460 free_code_cache=48226Kb largest_free_block=49295616

Compilation events (10 events):
Event: 6.392 Thread 0x000000000ddbb000  154   !         javax.swing.JComponent::getClientProperty (56 bytes)
Event: 6.405 Thread 0x000000000ddbb000 nmethod 154 0x0000000002442bd0 code [0x0000000002442d40, 0x0000000002443358]
Event: 6.638 Thread 0x000000000ddbe800  155             java.lang.Class::getField0 (92 bytes)
Event: 6.691 Thread 0x000000000ddbe800 nmethod 155 0x00000000024a8e50 code [0x00000000024a90c0, 0x00000000024a9cd8]
Event: 6.990 Thread 0x000000000ddbb000  157             java.lang.Number::<init> (5 bytes)
Event: 6.990 Thread 0x000000000ddbb000 nmethod 157 0x00000000024a5a10 code [0x00000000024a5b40, 0x00000000024a5b98]
Event: 7.166 Thread 0x000000000ddbe800  158             java.lang.reflect.Modifier::isPublic (12 bytes)
Event: 7.168 Thread 0x000000000ddbe800 nmethod 158 0x0000000002429e90 code [0x0000000002429fc0, 0x0000000002429ff8]
Event: 7.476 Thread 0x000000000ddbb000  159             java.util.HashMap$HashIterator::nextEntry (99 bytes)
Event: 7.488 Thread 0x000000000ddbb000 nmethod 159 0x00000000024a5510 code [0x00000000024a5660, 0x00000000024a5818]

GC Heap History (2 events):
Event: 4.971 GC heap before
{Heap before GC invocations=1 (full 0):
 PSYoungGen      total 38016K, used 32551K [0x00000007d5960000, 0x00000007d83c0000, 0x0000000800000000)
  eden space 32640K, 99% used [0x00000007d5960000,0x00000007d7929c78,0x00000007d7940000)
  from space 5376K, 0% used [0x00000007d7e80000,0x00000007d7e80000,0x00000007d83c0000)
  to   space 5376K, 0% used [0x00000007d7940000,0x00000007d7940000,0x00000007d7e80000)
 ParOldGen       total 86848K, used 0K [0x0000000780c00000, 0x00000007860d0000, 0x00000007d5960000)
  object space 86848K, 0% used [0x0000000780c00000,0x0000000780c00000,0x00000007860d0000)
 PSPermGen       total 21248K, used 16847K [0x000000077ba00000, 0x000000077cec0000, 0x0000000780c00000)
  object space 21248K, 79% used [0x000000077ba00000,0x000000077ca73f90,0x000000077cec0000)
Event: 4.997 GC heap after
Heap after GC invocations=1 (full 0):
 PSYoungGen      total 38016K, used 4124K [0x00000007d5960000, 0x00000007d83c0000, 0x0000000800000000)
  eden space 32640K, 0% used [0x00000007d5960000,0x00000007d5960000,0x00000007d7940000)
  from space 5376K, 76% used [0x00000007d7940000,0x00000007d7d47188,0x00000007d7e80000)
  to   space 5376K, 0% used [0x00000007d7e80000,0x00000007d7e80000,0x00000007d83c0000)
 ParOldGen       total 86848K, used 8K [0x0000000780c00000, 0x00000007860d0000, 0x00000007d5960000)
  object space 86848K, 0% used [0x0000000780c00000,0x0000000780c02000,0x00000007860d0000)
 PSPermGen       total 21248K, used 16847K [0x000000077ba00000, 0x000000077cec0000, 0x0000000780c00000)
  object space 21248K, 79% used [0x000000077ba00000,0x000000077ca73f90,0x000000077cec0000)
}

Deoptimization events (10 events):
Event: 1.257 Thread 0x000000000ddc2000 Uncommon trap -58 fr.pc 0x000000000242ea54
Event: 1.268 Thread 0x000000000ddc2000 Uncommon trap -58 fr.pc 0x000000000242ea54
Event: 1.270 Thread 0x000000000ddc2000 Uncommon trap -58 fr.pc 0x000000000242a35c
Event: 1.371 Thread 0x000000000ddc2000 Uncommon trap -12 fr.pc 0x000000000242d764
Event: 1.685 Thread 0x000000000ddc2000 Uncommon trap -83 fr.pc 0x0000000002439910
Event: 1.950 Thread 0x000000000ddc2000 Uncommon trap -83 fr.pc 0x0000000002442ff4
Event: 3.781 Thread 0x000000000ddc2000 Uncommon trap -34 fr.pc 0x000000000243d680
Event: 3.781 Thread 0x000000000ddc2000 Uncommon trap -34 fr.pc 0x000000000243d680
Event: 3.789 Thread 0x000000000ddc2000 Uncommon trap -34 fr.pc 0x000000000243d680
Event: 3.790 Thread 0x000000000ddc2000 Uncommon trap -34 fr.pc 0x000000000243d680

Internal exceptions (10 events):
Event: 3.805 Thread 0x000000000ddc2000 Threw 0x00000007d72ffa30 at C:\jdk7u2_64p\jdk7u17\hotspot\src\share\vm\prims\jvm.cpp:1166
Event: 3.832 Thread 0x000000000ddc2000 Threw 0x00000007d7303548 at C:\jdk7u2_64p\jdk7u17\hotspot\src\share\vm\prims\jvm.cpp:1166
Event: 3.837 Thread 0x000000000ddc2000 Threw 0x00000007d7307618 at C:\jdk7u2_64p\jdk7u17\hotspot\src\share\vm\prims\jvm.cpp:1166
Event: 3.840 Thread 0x000000000ddc2000 Threw 0x00000007d730c360 at C:\jdk7u2_64p\jdk7u17\hotspot\src\share\vm\prims\jvm.cpp:1166
Event: 3.843 Thread 0x000000000ddc2000 Threw 0x00000007d7311050 at C:\jdk7u2_64p\jdk7u17\hotspot\src\share\vm\prims\jvm.cpp:1166
Event: 3.845 Thread 0x000000000ddc2000 Threw 0x00000007d731b158 at C:\jdk7u2_64p\jdk7u17\hotspot\src\share\vm\prims\jvm.cpp:1166
Event: 3.848 Thread 0x000000000ddc2000 Threw 0x00000007d7324738 at C:\jdk7u2_64p\jdk7u17\hotspot\src\share\vm\prims\jvm.cpp:1166
Event: 3.851 Thread 0x000000000ddc2000 Threw 0x00000007d732b4c0 at C:\jdk7u2_64p\jdk7u17\hotspot\src\share\vm\prims\jvm.cpp:1166
Event: 3.856 Thread 0x000000000ddc2000 Threw 0x00000007d7336418 at C:\jdk7u2_64p\jdk7u17\hotspot\src\share\vm\prims\jvm.cpp:1166
Event: 7.463 Thread 0x000000000ddc2000 Threw 0x00000007d672ccc0 at C:\jdk7u2_64p\jdk7u17\hotspot\src\share\vm\prims\jni.cpp:742

Events (10 events):
Event: 7.484 loading class 0x00000000137e04d0
Event: 7.485 loading class 0x00000000137e04d0 done
Event: 7.485 Thread 0x000000000ddca800 Thread exited: 0x000000000ddca800
Event: 7.485 Thread 0x000000000ddc7800 Thread exited: 0x000000000ddc7800
Event: 7.485 Thread 0x000000000ddc8000 Thread exited: 0x000000000ddc8000
Event: 7.486 Thread 0x000000000ddc6000 Thread exited: 0x000000000ddc6000
Event: 7.488 Thread 0x000000000ddbb000 flushing nmethod 0x000000000247dfd0
Event: 7.488 loading class 0x000000000fca6220
Event: 7.488 loading class 0x000000000fca6220 done
Event: 7.537 Thread 0x000000000ddc1800 Thread exited: 0x000000000ddc1800


Dynamic libraries:
0x000000013f340000 - 0x000000013f373000 	C:\Program Files\Java\jre7\bin\javaw.exe
0x0000000077660000 - 0x0000000077809000 	C:\Windows\SYSTEM32\ntdll.dll
0x00000000770e0000 - 0x00000000771ff000 	C:\Windows\system32\kernel32.dll
0x000007fefdd80000 - 0x000007fefddeb000 	C:\Windows\system32\KERNELBASE.dll
0x000007fefeb00000 - 0x000007fefebdb000 	C:\Windows\system32\ADVAPI32.dll
0x000007fefe4c0000 - 0x000007fefe55f000 	C:\Windows\system32\msvcrt.dll
0x000007fefe600000 - 0x000007fefe61f000 	C:\Windows\SYSTEM32\sechost.dll
0x000007fefe390000 - 0x000007fefe4bd000 	C:\Windows\system32\RPCRT4.dll
0x0000000077560000 - 0x000000007765a000 	C:\Windows\system32\USER32.dll
0x000007fefe310000 - 0x000007fefe377000 	C:\Windows\system32\GDI32.dll
0x000007fefe380000 - 0x000007fefe38e000 	C:\Windows\system32\LPK.dll
0x000007fefe630000 - 0x000007fefe6f9000 	C:\Windows\system32\USP10.dll
0x000007fefc2b0000 - 0x000007fefc4a4000 	C:\Windows\WinSxS\amd64_microsoft.windows.common-controls_6595b64144ccf1df_6.0.7601.17514_none_fa396087175ac9ac\COMCTL32.dll
0x000007fefea80000 - 0x000007fefeaf1000 	C:\Windows\system32\SHLWAPI.dll
0x000007fefe150000 - 0x000007fefe17e000 	C:\Windows\system32\IMM32.DLL
0x000007fefe180000 - 0x000007fefe289000 	C:\Windows\system32\MSCTF.dll
0x00000000668c0000 - 0x0000000066991000 	C:\Program Files\Java\jre7\bin\msvcr100.dll
0x0000000065160000 - 0x000000006587f000 	C:\Program Files\Java\jre7\bin\server\jvm.dll
0x000007fefa6a0000 - 0x000007fefa6a9000 	C:\Windows\system32\WSOCK32.dll
0x000007fefe700000 - 0x000007fefe74d000 	C:\Windows\system32\WS2_32.dll
0x000007fefe620000 - 0x000007fefe628000 	C:\Windows\system32\NSI.dll
0x000007fefbf50000 - 0x000007fefbf8b000 	C:\Windows\system32\WINMM.dll
0x0000000077820000 - 0x0000000077827000 	C:\Windows\system32\PSAPI.DLL
0x00000000668b0000 - 0x00000000668bf000 	C:\Program Files\Java\jre7\bin\verify.dll
0x0000000066880000 - 0x00000000668a8000 	C:\Program Files\Java\jre7\bin\java.dll
0x0000000066300000 - 0x0000000066335000 	C:\Program Files\Java\jre7\bin\jdwp.dll
0x0000000066470000 - 0x0000000066478000 	C:\Program Files\Java\jre7\bin\npt.dll
0x0000000066860000 - 0x0000000066875000 	C:\Program Files\Java\jre7\bin\zip.dll
0x0000000066480000 - 0x0000000066489000 	C:\Program Files\Java\jre7\bin\dt_socket.dll
0x000007fefd2f0000 - 0x000007fefd345000 	C:\Windows\system32\mswsock.dll
0x000007fefd170000 - 0x000007fefd1cb000 	C:\Windows\system32\DNSAPI.dll
0x000007fefb180000 - 0x000007fefb195000 	C:\Windows\system32\napinsp.dll
0x000007fef06e0000 - 0x000007fef06f9000 	C:\Windows\system32\pnrpnsp.dll
0x000007fef5200000 - 0x000007fef520b000 	C:\Windows\System32\winrnr.dll
0x000007fefb680000 - 0x000007fefb690000 	C:\Windows\system32\wshbth.dll
0x000007fefa560000 - 0x000007fefa572000 	C:\Windows\system32\PrxerNsp.dll
0x000007fefcaa0000 - 0x000007fefcac7000 	C:\Windows\system32\IPHLPAPI.DLL
0x000007fefca90000 - 0x000007fefca9b000 	C:\Windows\system32\WINNSI.DLL
0x000007fefa550000 - 0x000007fefa558000 	C:\Windows\system32\rasadhlp.dll
0x0000000180000000 - 0x000000018003e000 	C:\Program Files (x86)\Avira\AntiVir Desktop\avsda64.dll
0x000007fefca70000 - 0x000007fefca86000 	C:\Windows\system32\PrxerDrv.dll
0x000007fefca60000 - 0x000007fefca67000 	C:\Windows\System32\wshtcpip.dll
0x000007fefd350000 - 0x000007fefd367000 	C:\Windows\system32\CRYPTSP.dll
0x000007fefd050000 - 0x000007fefd097000 	C:\Windows\system32\rsaenh.dll
0x000007fefce00000 - 0x000007fefce1e000 	C:\Windows\system32\USERENV.dll
0x000007fefdac0000 - 0x000007fefdacf000 	C:\Windows\system32\profapi.dll
0x000007fefd9b0000 - 0x000007fefd9bf000 	C:\Windows\system32\CRYPTBASE.dll
0x0000000066840000 - 0x0000000066859000 	C:\Program Files\Java\jre7\bin\net.dll
0x000007fefd2e0000 - 0x000007fefd2e7000 	C:\Windows\System32\wship6.dll
0x000007fefb360000 - 0x000007fefb3b3000 	C:\Windows\System32\fwpuclnt.dll
0x0000000066820000 - 0x0000000066831000 	C:\Program Files\Java\jre7\bin\nio.dll
0x000007fee5990000 - 0x000007fee59c7000 	C:\Users\Armin\AppData\Local\Temp\jna-Armin\jna226827892352461065.dll
0x0000000063550000 - 0x00000000636e3000 	C:\Program Files\Java\jre7\bin\awt.dll
0x000007fefe070000 - 0x000007fefe147000 	C:\Windows\system32\OLEAUT32.dll
0x000007fefe750000 - 0x000007fefe953000 	C:\Windows\system32\ole32.dll
0x000007fefbea0000 - 0x000007fefbef6000 	C:\Windows\system32\uxtheme.dll
0x00000000021b0000 - 0x00000000021eb000 	C:\Windows\W7FBC\dll.dll
0x000007fefe9e0000 - 0x000007fefea77000 	C:\Windows\system32\COMDLG32.dll
0x000007fefebe0000 - 0x000007feff968000 	C:\Windows\system32\SHELL32.dll
0x000007fefbc80000 - 0x000007fefbe95000 	C:\Windows\WinSxS\amd64_microsoft.windows.gdiplus_6595b64144ccf1df_1.1.7601.17514_none_2b24536c71ed437a\gdiplus.dll
0x000007fefb940000 - 0x000007fefb958000 	C:\Windows\system32\dwmapi.dll
0x0000000066350000 - 0x0000000066380000 	C:\Users\Armin\Desktop\Kar\jajeem\util\vlclib\libvlc.dll
0x00000000632f0000 - 0x0000000063544000 	C:\Users\Armin\Desktop\Kar\jajeem\util\vlclib\libvlccore.dll
0x00000000662c0000 - 0x00000000662f4000 	C:\Program Files\Java\jre7\bin\fontmanager.dll
0x000007fefc970000 - 0x000007fefc97c000 	C:\Windows\system32\VERSION.dll
0x000007fef0f20000 - 0x000007fef0f2d000 	C:\Windows\system32\atiu9p64.dll
0x000007fefbfc0000 - 0x000007fefc048000 	C:\Windows\system32\DSOUND.dll
0x000007fefc940000 - 0x000007fefc96c000 	C:\Windows\system32\POWRPROF.dll
0x000007fefde90000 - 0x000007fefe067000 	C:\Windows\system32\SETUPAPI.dll
0x000007fefde10000 - 0x000007fefde46000 	C:\Windows\system32\CFGMGR32.dll
0x000007fefddf0000 - 0x000007fefde0a000 	C:\Windows\system32\DEVOBJ.dll
0x00000000615f0000 - 0x0000000062163000 	C:\Users\Armin\Desktop\Kar\jajeem\util\vlclib\plugins\gui\libqt4_plugin.dll
0x000007fefb600000 - 0x000007fefb671000 	C:\Windows\system32\WINSPOOL.DRV
0x0000000061470000 - 0x00000000615ea000 	C:\Users\Armin\Desktop\Kar\jajeem\util\vlclib\plugins\misc\libxml_plugin.dll
0x000007fefbf00000 - 0x000007fefbf4b000 	C:\Windows\system32\MMDevAPI.DLL
0x000007fefc100000 - 0x000007fefc22c000 	C:\Windows\system32\PROPSYS.dll
0x000007fee5030000 - 0x000007fee506b000 	C:\Windows\system32\wdmaud.drv
0x0000000059c10000 - 0x0000000059c16000 	C:\Windows\system32\ksuser.dll
0x000007fefc230000 - 0x000007fefc239000 	C:\Windows\system32\AVRT.dll
0x000007fefbb30000 - 0x000007fefbb7f000 	C:\Windows\system32\AUDIOSES.DLL
0x000007fef5230000 - 0x000007fef523a000 	C:\Windows\system32\msacm32.drv
0x000007fef3420000 - 0x000007fef3438000 	C:\Windows\system32\MSACM32.dll
0x000007fefc250000 - 0x000007fefc259000 	C:\Windows\system32\midimap.dll
0x000007fefa750000 - 0x000007fefa7f0000 	C:\Windows\WinSxS\amd64_microsoft.windows.common-controls_6595b64144ccf1df_5.82.7601.17514_none_a4d6a923711520a9\comctl32.dll
0x0000000062920000 - 0x0000000062961000 	C:\Program Files\Java\jre7\bin\t2k.dll
0x000007fefe560000 - 0x000007fefe5f9000 	C:\Windows\system32\CLBCatQ.DLL
0x000007fefbf90000 - 0x000007fefbfbd000 	C:\Windows\system32\ntmarta.dll
0x000007fefe2b0000 - 0x000007fefe302000 	C:\Windows\system32\WLDAP32.dll
0x000007fefd950000 - 0x000007fefd9a7000 	C:\Windows\system32\apphelp.dll
0x000007fefb8d0000 - 0x000007fefb8db000 	C:\Windows\system32\slc.dll
0x000007fefa250000 - 0x000007fefa268000 	C:\Windows\system32\MPR.dll
0x000007fef53d0000 - 0x000007fef53da000 	C:\Windows\System32\drprov.dll
0x000007fefd9c0000 - 0x000007fefd9fd000 	C:\Windows\System32\WINSTA.dll
0x000007fef5350000 - 0x000007fef5372000 	C:\Windows\System32\ntlanman.dll
0x000007fef5330000 - 0x000007fef534c000 	C:\Windows\System32\davclnt.dll
0x000007fef5320000 - 0x000007fef532a000 	C:\Windows\System32\DAVHLPR.dll
0x000007fefb1d0000 - 0x000007fefb1e5000 	C:\Windows\system32\wkscli.dll
0x000007fef88d0000 - 0x000007fef88df000 	C:\Windows\system32\cscapi.dll
0x000007fefb1f0000 - 0x000007fefb1fc000 	C:\Windows\system32\netutils.dll
0x000007fefde50000 - 0x000007fefde8a000 	C:\Windows\system32\WINTRUST.dll
0x000007fefdc10000 - 0x000007fefdd77000 	C:\Windows\system32\CRYPT32.dll
0x000007fefdb60000 - 0x000007fefdb6f000 	C:\Windows\system32\MSASN1.dll
0x000007fef8720000 - 0x000007fef8755000 	C:\Windows\system32\EhStorShell.dll
0x000007fef5740000 - 0x000007fef574c000 	C:\Windows\system32\LINKINFO.dll
0x000000000bbb0000 - 0x000000000bc15000 	C:\Program Files\WIDCOMM\Bluetooth Software\btmmhook.dll
0x00000000628f0000 - 0x000000006291a000 	C:\Program Files\Java\jre7\bin\dcpr.dll
0x000007fefb7a0000 - 0x000007fefb8ca000 	C:\Windows\system32\WindowsCodecs.dll
0x0000000070af0000 - 0x0000000070b06000 	C:\Program Files\Common Files\TortoiseOverlays\TortoiseOverlays.dll
0x0000000070640000 - 0x0000000070650000 	C:\Program Files\TortoiseSVN\bin\TortoiseStub.dll
0x00000000705c0000 - 0x0000000070638000 	C:\Program Files\TortoiseSVN\bin\TortoiseSVN.dll
0x0000000076f80000 - 0x00000000770da000 	C:\Windows\system32\WININET.dll
0x0000000077830000 - 0x0000000077833000 	C:\Windows\system32\Normaliz.dll
0x0000000077200000 - 0x000000007740d000 	C:\Windows\system32\iertutil.dll
0x0000000077410000 - 0x000000007755d000 	C:\Windows\system32\urlmon.dll
0x000007fef92f0000 - 0x000007fef96cc000 	C:\Program Files\TortoiseSVN\bin\libsvn_tsvn.dll
0x0000000070d70000 - 0x0000000070d9b000 	C:\Program Files\TortoiseSVN\bin\libapr_tsvn.dll
0x0000000070d20000 - 0x0000000070d61000 	C:\Program Files\TortoiseSVN\bin\libaprutil_tsvn.dll
0x000007fef9280000 - 0x000007fef9290000 	C:\Program Files\TortoiseSVN\bin\intl3_tsvn.dll
0x000007fef88b0000 - 0x000007fef88ca000 	C:\Program Files\TortoiseSVN\bin\libsasl.dll
0x000007fefd760000 - 0x000007fefd76b000 	C:\Windows\system32\Secur32.dll
0x000007fefd920000 - 0x000007fefd945000 	C:\Windows\system32\SSPICLI.DLL
0x00000000708c0000 - 0x0000000070958000 	C:\Windows\system32\MSVCP100.dll
0x000007fef80a0000 - 0x000007fef8711000 	C:\PROGRA~1\MIF5BA~1\Office14\GROOVEEX.DLL
0x0000000070820000 - 0x00000000708bd000 	C:\Windows\WinSxS\amd64_microsoft.vc90.crt_1fc8b3b9a1e18e3b_9.0.30729.4940_none_08e4299fa83d7e3c\MSVCR90.dll
0x0000000070740000 - 0x0000000070813000 	C:\Windows\WinSxS\amd64_microsoft.vc90.crt_1fc8b3b9a1e18e3b_9.0.30729.4940_none_08e4299fa83d7e3c\MSVCP90.dll
0x0000000070cf0000 - 0x0000000070d1f000 	C:\Windows\WinSxS\amd64_microsoft.vc90.atl_1fc8b3b9a1e18e3b_9.0.30729.4148_none_0a1d2fcba76b3f00\ATL90.DLL
0x000007fef7af0000 - 0x000007fef7eff000 	C:\PROGRA~1\COMMON~1\MICROS~1\OFFICE14\Cultures\office.odf
0x000007fef5e00000 - 0x000007fef6664000 	C:\PROGRA~1\MIF5BA~1\Office14\1033\GrooveIntlResource.dll

VM Arguments:
jvm_args: -agentlib:jdwp=transport=dt_socket,suspend=y,address=localhost:7276 -Dfile.encoding=Cp1256 
java_command: uk.co.caprica.vlcj.test.basic.TestPlayer
Launcher Type: SUN_STANDARD

Environment Variables:
PATH=C:\Program Files (x86)\NVIDIA Corporation\PhysX\Common;C:\Program Files (x86)\MiKTeX 2.9\miktex\bin;C:\Windows\system32;C:\Windows;C:\Windows\System32\Wbem;C:\Windows\System32\WindowsPowerShell\v1.0\;c:\Program Files (x86)\ATI Technologies\ATI.ACE\Core-Static;C:\Program Files\Intel\WiFi\bin\;C:\Program Files\Common Files\Intel\WirelessCommon\;C:\Program Files (x86)\Common Files\Roxio Shared\DLLShared\;C:\Program Files (x86)\Common Files\Roxio Shared\OEM\DLLShared\;C:\Program Files (x86)\Common Files\Roxio Shared\OEM\DLLShared\;C:\Program Files (x86)\Common Files\Roxio Shared\OEM\12.0\DLLShared\;C:\Program Files (x86)\Roxio\OEM\AudioCore\;C:\Program Files (x86)\Java\jre6\bin;C:\Program Files\TortoiseSVN\bin;C:\Program Files (x86)\Microsoft SQL Server\100\Tools\Binn\;C:\Program Files\Microsoft SQL Server\100\Tools\Binn\;C:\Program Files\Microsoft SQL Server\100\DTS\Binn\;C:\Program Files (x86)\Microsoft SQL Server\100\Tools\Binn\VSShell\Common7\IDE\;C:\Program Files (x86)\Microsoft Visual Studio 9.0\Common7\IDE\PrivateAssemblies\;C:\Program Files (x86)\Microsoft SQL Server\100\DTS\Binn\;C:\Program Files\Microsoft\Web Platform Installer\;;C:\Program Files (x86)\Universal Extractor;C:\Program Files (x86)\Universal Extractor\bin;C:\Program Files (x86)\Microsoft ASP.NET\ASP.NET Web Pages\v1.0\;C:\Program Files (x86)\Windows Kits\8.0\Windows Performance Toolkit\;C:\Program Files\Microsoft SQL Server\110\Tools\Binn\;C:\Program Files\WIDCOMM\Bluetooth Software\;C:\Program Files\WIDCOMM\Bluetooth Software\syswow64;C:\Program Files (x86)\OpenVPN\bin
USERNAME=Armin
OS=Windows_NT
PROCESSOR_IDENTIFIER=Intel64 Family 6 Model 42 Stepping 7, GenuineIntel



---------------  S Y S T E M  ---------------

OS: Windows 7 , 64 bit Build 7601 Service Pack 1

CPU:total 8 (4 cores per cpu, 2 threads per core) family 6 model 42 stepping 7, cmov, cx8, fxsr, mmx, sse, sse2, sse3, ssse3, sse4.1, sse4.2, popcnt, avx, ht, tsc, tscinvbit

Memory: 4k page, physical 8335180k(4616548k free), swap 16668512k(11874920k free)

vm_info: Java HotSpot(TM) 64-Bit Server VM (23.7-b01) for windows-amd64 JRE (1.7.0_17-b02), built on Mar  1 2013 03:38:30 by "java_re" with unknown MS VC++:1600

time: Wed Jun 26 16:09:11 2013
elapsed time: 7 seconds

