#
# A fatal error has been detected by the Java Runtime Environment:
#
#  EXCEPTION_ACCESS_VIOLATION (0xc0000005) at pc=0x000000007763e4b4, pid=5104, tid=4612
#
# JRE version: 7.0_17-b02
# Java VM: Java HotSpot(TM) 64-Bit Server VM (23.7-b01 mixed mode windows-amd64 compressed oops)
# Problematic frame:
# C  [ntdll.dll+0x4e4b4]  RtlDeNormalizeProcessParams+0x5a4
#
# Failed to write core dump. Minidumps are not enabled by default on client versions of Windows
#
# If you would like to submit a bug report, please visit:
#   http://bugreport.sun.com/bugreport/crash.jsp
# The crash happened outside the Java Virtual Machine in native code.
# See problematic frame for where to report the bug.
#

---------------  T H R E A D  ---------------

Current thread (0x0000000010064800):  JavaThread "pool-2-thread-1" [_thread_in_native, id=4612, stack(0x0000000019040000,0x0000000019140000)]

siginfo: ExceptionCode=0xc0000005, writing address 0x0000000000000024

Registers:
RAX=0x0000000000000000, RBX=0x000000001711ab00, RCX=0x00000000fffffffc, RDX=0x000000000000076c
RSP=0x000000001913e350, RBP=0x0000000000000000, RSI=0x000000000000076c, RDI=0x0000000000000000
R8 =0x000000001913e308, R9 =0x0000000000000004, R10=0x0000000000000000, R11=0x0000000000000246
R12=0x0000000000000000, R13=0x0000000000000000, R14=0x000007fffff66000, R15=0x0000000000000000
RIP=0x000000007763e4b4, EFLAGS=0x0000000000010213

Top of Stack: (sp=0x000000001913e350)
0x000000001913e350:   000000001333b730 000000000000076c
0x000000001913e360:   0000000002476590 000000001711aaf8
0x000000001913e370:   00000000100649d8 000000001913e4f8
0x000000001913e380:   0000000010064800 000000006a565f08
0x000000001913e390:   0000000002159020 000000001913e4f0
0x000000001913e3a0:   0000000000000000 0000000000000000
0x000000001913e3b0:   000000077ba19092 000000000e0337f8
0x000000001913e3c0:   000000077baac348 0000000000000000
0x000000001913e3d0:   0000000010064800 000000001913ec60
0x000000001913e3e0:   0000000000000004 0000000000000001
0x000000001913e3f0:   00000000ff000000 000000007763e3db
0x000000001913e400:   0000000000000000 0000000000000000
0x000000001913e410:   000000077c9e17d8 000000001711ab00
0x000000001913e420:   000000001711aa88 0000000059a58b65
0x000000001913e430:   000000001913e4f0 000000001711aaf8
0x000000001913e440:   0000000002476590 000007fee47405fa 

Instructions: (pc=0x000000007763e4b4)
0x000000007763e494:   0f b1 4b 08 0f 85 9b 47 fd ff 48 8b 03 4c 89 ac
0x000000007763e4a4:   24 c0 00 00 00 33 ed 45 33 ed 48 83 f8 ff 74 03
0x000000007763e4b4:   ff 40 24 ba 22 17 00 00 48 8d 3d cd 8f 0e 00 80
0x000000007763e4c4:   3c 25 82 03 fe 7f 00 0f 85 53 be 01 00 48 83 fe 


Register to memory mapping:

RAX=0x0000000000000000 is an unknown value
RBX=0x000000001711ab00 is an unknown value
RCX=0x00000000fffffffc is an unknown value
RDX=0x000000000000076c is an unknown value
RSP=0x000000001913e350 is pointing into the stack for thread: 0x0000000010064800
RBP=0x0000000000000000 is an unknown value
RSI=0x000000000000076c is an unknown value
RDI=0x0000000000000000 is an unknown value
R8 =0x000000001913e308 is pointing into the stack for thread: 0x0000000010064800
R9 =0x0000000000000004 is an unknown value
R10=0x0000000000000000 is an unknown value
R11=0x0000000000000246 is an unknown value
R12=0x0000000000000000 is an unknown value
R13=0x0000000000000000 is an unknown value
R14=0x000007fffff66000 is an unknown value
R15=0x0000000000000000 is an unknown value


Stack: [0x0000000019040000,0x0000000019140000],  sp=0x000000001913e350,  free space=1016k
Native frames: (J=compiled Java code, j=interpreted, Vv=VM code, C=native code)
C  [ntdll.dll+0x4e4b4]  RtlDeNormalizeProcessParams+0x5a4

[error occurred during error reporting (printing native stack), id 0xc0000005]

Java frames: (J=compiled Java code, j=interpreted, Vv=VM code)
j  com.sun.jna.Native.invokeLong(JI[Ljava/lang/Object;)J+0
j  com.sun.jna.Function.invoke([Ljava/lang/Object;Ljava/lang/Class;Z)Ljava/lang/Object;+389
j  com.sun.jna.Function.invoke(Ljava/lang/Class;[Ljava/lang/Object;Ljava/util/Map;)Ljava/lang/Object;+214
j  com.sun.jna.Library$Handler.invoke(Ljava/lang/Object;Ljava/lang/reflect/Method;[Ljava/lang/Object;)Ljava/lang/Object;+341
j  com.sun.proxy.$Proxy7.libvlc_media_player_get_time(Luk/co/caprica/vlcj/binding/internal/libvlc_media_player_t;)J+16
j  uk.co.caprica.vlcj.player.DefaultMediaPlayer.getTime()J+17
j  com.jajeem.videoplayer.design.PlayerControlsPanel$UpdateRunnable.run()V+4
j  java.util.concurrent.Executors$RunnableAdapter.call()Ljava/lang/Object;+4
j  java.util.concurrent.FutureTask$Sync.innerRunAndReset()Z+30
j  java.util.concurrent.FutureTask.runAndReset()Z+4
j  java.util.concurrent.ScheduledThreadPoolExecutor$ScheduledFutureTask.access$301(Ljava/util/concurrent/ScheduledThreadPoolExecutor$ScheduledFutureTask;)Z+1
j  java.util.concurrent.ScheduledThreadPoolExecutor$ScheduledFutureTask.run()V+37
j  java.util.concurrent.ThreadPoolExecutor.runWorker(Ljava/util/concurrent/ThreadPoolExecutor$Worker;)V+95
j  java.util.concurrent.ThreadPoolExecutor$Worker.run()V+5
j  java.lang.Thread.run()V+11
v  ~StubRoutines::call_stub

---------------  P R O C E S S  ---------------

Java Threads: ( => current thread )
  0x0000000010063800 JavaThread "TimerQueue" daemon [_thread_blocked, id=5180, stack(0x0000000017730000,0x0000000017830000)]
=>0x0000000010064800 JavaThread "pool-2-thread-1" [_thread_in_native, id=4612, stack(0x0000000019040000,0x0000000019140000)]
  0x00000000133a1800 JavaThread "Swing-Shell" daemon [_thread_blocked, id=7172, stack(0x0000000018840000,0x0000000018940000)]
  0x0000000013368000 JavaThread "D3D Screen Updater" daemon [_thread_blocked, id=7676, stack(0x0000000014ec0000,0x0000000014fc0000)]
  0x000000001358a000 JavaThread "Thread-5" [_thread_in_native, id=4740, stack(0x00000000148a0000,0x00000000149a0000)]
  0x00000000136b1800 JavaThread "Timer-1" [_thread_blocked, id=5776, stack(0x0000000014780000,0x0000000014880000)]
  0x000000001322c800 JavaThread "Timer-0" [_thread_blocked, id=6036, stack(0x00000000142d0000,0x00000000143d0000)]
  0x000000000219f000 JavaThread "DestroyJavaVM" [_thread_blocked, id=7772, stack(0x0000000002370000,0x0000000002470000)]
  0x000000000fb2a800 JavaThread "AWT-EventQueue-0" [_thread_blocked, id=5472, stack(0x00000000108f0000,0x00000000109f0000)]
  0x000000000e224000 JavaThread "AWT-Windows" daemon [_thread_in_native, id=5524, stack(0x000000000eda0000,0x000000000eea0000)]
  0x000000000e223000 JavaThread "AWT-Shutdown" [_thread_blocked, id=1708, stack(0x0000000010550000,0x0000000010650000)]
  0x000000000e165800 JavaThread "Java2D Disposer" daemon [_thread_blocked, id=7552, stack(0x0000000010380000,0x0000000010480000)]
  0x000000000df09000 JavaThread "Service Thread" daemon [_thread_blocked, id=6176, stack(0x000000000f830000,0x000000000f930000)]
  0x000000000df08800 JavaThread "C2 CompilerThread1" daemon [_thread_blocked, id=5420, stack(0x000000000f6c0000,0x000000000f7c0000)]
  0x000000000df05000 JavaThread "C2 CompilerThread0" daemon [_thread_blocked, id=7908, stack(0x000000000f530000,0x000000000f630000)]
  0x000000000def0800 JavaThread "JDWP Command Reader" daemon [_thread_in_native, id=7576, stack(0x000000000f430000,0x000000000f530000)]
  0x000000000deef800 JavaThread "JDWP Event Helper Thread" daemon [_thread_blocked, id=5688, stack(0x000000000f230000,0x000000000f330000)]
  0x000000000dee1800 JavaThread "JDWP Transport Listener: dt_socket" daemon [_thread_blocked, id=1656, stack(0x000000000f0a0000,0x000000000f1a0000)]
  0x000000000deda800 JavaThread "Attach Listener" daemon [_thread_blocked, id=7664, stack(0x000000000e3c0000,0x000000000e4c0000)]
  0x000000000deda000 JavaThread "Signal Dispatcher" daemon [_thread_blocked, id=7080, stack(0x000000000e2a0000,0x000000000e3a0000)]
  0x000000000bd9e000 JavaThread "Finalizer" daemon [_thread_blocked, id=7036, stack(0x000000000dd80000,0x000000000de80000)]
  0x000000000bd95800 JavaThread "Reference Handler" daemon [_thread_blocked, id=6336, stack(0x000000000db20000,0x000000000dc20000)]

Other Threads:
  0x000000000bd8a800 VMThread [stack: 0x000000000d8a0000,0x000000000d9a0000] [id=7140]
  0x000000000df28000 WatcherThread [stack: 0x000000000f9e0000,0x000000000fae0000] [id=7212]

VM state:not at safepoint (normal execution)

VM Mutex/Monitor currently owned by a thread: None

Heap
 PSYoungGen      total 38016K, used 33264K [0x00000007d5960000, 0x00000007d83c0000, 0x0000000800000000)
  eden space 32640K, 85% used [0x00000007d5960000,0x00000007d749cc70,0x00000007d7940000)
  from space 5376K, 99% used [0x00000007d7940000,0x00000007d7e7f6b8,0x00000007d7e80000)
  to   space 5376K, 0% used [0x00000007d7e80000,0x00000007d7e80000,0x00000007d83c0000)
 ParOldGen       total 86848K, used 1577K [0x0000000780c00000, 0x00000007860d0000, 0x00000007d5960000)
  object space 86848K, 1% used [0x0000000780c00000,0x0000000780d8a578,0x00000007860d0000)
 PSPermGen       total 21824K, used 21815K [0x000000077ba00000, 0x000000077cf50000, 0x0000000780c00000)
  object space 21824K, 99% used [0x000000077ba00000,0x000000077cf4ddb8,0x000000077cf50000)

Card table byte_map: [0x0000000005470000,0x00000000058a0000] byte_map_base: 0x0000000001893000

Polling page: 0x0000000000420000

Code Cache  [0x0000000002470000, 0x00000000026e0000, 0x0000000005470000)
 total_blobs=737 nmethods=202 adapters=494 free_code_cache=47944Kb largest_free_block=49013504

Compilation events (10 events):
Event: 31.958 Thread 0x000000000df05000  209             java.util.IdentityHashMap::clear (39 bytes)
Event: 31.961 Thread 0x000000000df05000 nmethod 209 0x0000000002526250 code [0x0000000002526380, 0x00000000025264d8]
Event: 31.977 Thread 0x000000000df08800  210   !         sun.java2d.pipe.AAShapePipe::renderTiles (349 bytes)
Event: 32.043 Thread 0x000000000df08800 nmethod 210 0x00000000025a8690 code [0x00000000025a8aa0, 0x00000000025ad3e0]
Event: 34.067 Thread 0x000000000df05000    8 %           java.util.HashMap$HashIterator::nextEntry @ 59 (99 bytes)
Event: 34.078 Thread 0x000000000df05000 nmethod 8% 0x0000000002525cd0 code [0x0000000002525e20, 0x0000000002526118]
Event: 34.093 Thread 0x000000000df08800  211             java.util.HashMap$HashIterator::nextEntry (99 bytes)
Event: 34.102 Thread 0x000000000df05000  212             java.util.HashMap::clear (39 bytes)
Event: 34.102 Thread 0x000000000df08800 nmethod 211 0x0000000002531110 code [0x0000000002531260, 0x0000000002531518]
Event: 34.107 Thread 0x000000000df05000 nmethod 212 0x0000000002530dd0 code [0x0000000002530f00, 0x0000000002531038]

GC Heap History (2 events):
Event: 1.164 GC heap before
{Heap before GC invocations=1 (full 0):
 PSYoungGen      total 38016K, used 32640K [0x00000007d5960000, 0x00000007d83c0000, 0x0000000800000000)
  eden space 32640K, 100% used [0x00000007d5960000,0x00000007d7940000,0x00000007d7940000)
  from space 5376K, 0% used [0x00000007d7e80000,0x00000007d7e80000,0x00000007d83c0000)
  to   space 5376K, 0% used [0x00000007d7940000,0x00000007d7940000,0x00000007d7e80000)
 ParOldGen       total 86848K, used 0K [0x0000000780c00000, 0x00000007860d0000, 0x00000007d5960000)
  object space 86848K, 0% used [0x0000000780c00000,0x0000000780c00000,0x00000007860d0000)
 PSPermGen       total 21248K, used 14880K [0x000000077ba00000, 0x000000077cec0000, 0x0000000780c00000)
  object space 21248K, 70% used [0x000000077ba00000,0x000000077c888398,0x000000077cec0000)
Event: 1.172 GC heap after
Heap after GC invocations=1 (full 0):
 PSYoungGen      total 38016K, used 5373K [0x00000007d5960000, 0x00000007d83c0000, 0x0000000800000000)
  eden space 32640K, 0% used [0x00000007d5960000,0x00000007d5960000,0x00000007d7940000)
  from space 5376K, 99% used [0x00000007d7940000,0x00000007d7e7f6b8,0x00000007d7e80000)
  to   space 5376K, 0% used [0x00000007d7e80000,0x00000007d7e80000,0x00000007d83c0000)
 ParOldGen       total 86848K, used 1577K [0x0000000780c00000, 0x00000007860d0000, 0x00000007d5960000)
  object space 86848K, 1% used [0x0000000780c00000,0x0000000780d8a578,0x00000007860d0000)
 PSPermGen       total 21248K, used 14880K [0x000000077ba00000, 0x000000077cec0000, 0x0000000780c00000)
  object space 21248K, 70% used [0x000000077ba00000,0x000000077c888398,0x000000077cec0000)
}

Deoptimization events (10 events):
Event: 16.453 Thread 0x000000000fb2a800 Uncommon trap -34 fr.pc 0x0000000002557030
Event: 25.657 Thread 0x000000000fb2a800 Uncommon trap -34 fr.pc 0x0000000002557030
Event: 25.667 Thread 0x0000000013224800 Uncommon trap -34 fr.pc 0x000000000257d9ec
Event: 25.671 Thread 0x0000000013224800 Uncommon trap -34 fr.pc 0x000000000257d9ec
Event: 25.672 Thread 0x0000000013224800 Uncommon trap -34 fr.pc 0x000000000257d9ec
Event: 25.675 Thread 0x0000000013224800 Uncommon trap -34 fr.pc 0x000000000257d9ec
Event: 27.180 Thread 0x000000000fb2a800 Uncommon trap -34 fr.pc 0x0000000002561968
Event: 27.185 Thread 0x000000000fb2a800 Uncommon trap -34 fr.pc 0x0000000002561968
Event: 27.195 Thread 0x000000000fb2a800 Uncommon trap -34 fr.pc 0x0000000002561968
Event: 27.196 Thread 0x000000000fb2a800 Uncommon trap -34 fr.pc 0x0000000002561968

Internal exceptions (10 events):
Event: 26.502 Thread 0x000000000fb2a800 Threw 0x00000007d72e7e38 at C:\jdk7u2_64p\jdk7u17\hotspot\src\share\vm\prims\jvm.cpp:1166
Event: 26.503 Thread 0x000000000fb2a800 Threw 0x00000007d72ecd50 at C:\jdk7u2_64p\jdk7u17\hotspot\src\share\vm\prims\jvm.cpp:1166
Event: 26.503 Thread 0x000000000fb2a800 Threw 0x00000007d72f1c40 at C:\jdk7u2_64p\jdk7u17\hotspot\src\share\vm\prims\jvm.cpp:1166
Event: 26.503 Thread 0x000000000fb2a800 Threw 0x00000007d72fb538 at C:\jdk7u2_64p\jdk7u17\hotspot\src\share\vm\prims\jvm.cpp:1166
Event: 26.504 Thread 0x000000000fb2a800 Threw 0x00000007d7304d18 at C:\jdk7u2_64p\jdk7u17\hotspot\src\share\vm\prims\jvm.cpp:1166
Event: 26.504 Thread 0x000000000fb2a800 Threw 0x00000007d730bca0 at C:\jdk7u2_64p\jdk7u17\hotspot\src\share\vm\prims\jvm.cpp:1166
Event: 26.505 Thread 0x000000000fb2a800 Threw 0x00000007d7316a78 at C:\jdk7u2_64p\jdk7u17\hotspot\src\share\vm\prims\jvm.cpp:1166
Event: 26.506 Thread 0x000000000fb2a800 Threw 0x00000007d731bf50 at C:\jdk7u2_64p\jdk7u17\hotspot\src\share\vm\prims\jvm.cpp:1166
Event: 26.506 Thread 0x000000000fb2a800 Threw 0x00000007d7320df0 at C:\jdk7u2_64p\jdk7u17\hotspot\src\share\vm\prims\jvm.cpp:1166
Event: 34.065 Thread 0x000000000fb2a800 Threw 0x00000007d74456a8 at C:\jdk7u2_64p\jdk7u17\hotspot\src\share\vm\prims\jvm.cpp:1166

Events (10 events):
Event: 28.015 loading class 0x000000000fdc1050 done
Event: 28.015 loading class 0x000000000fdc1090
Event: 28.015 loading class 0x000000000fdc1090 done
Event: 31.481 Executing VM operation: RevokeBias
Event: 31.482 Executing VM operation: RevokeBias done
Event: 31.482 Thread 0x0000000013224800 Thread exited: 0x0000000013224800
Event: 34.065 loading class 0x000000000fc878d0
Event: 34.065 loading class 0x000000000fc878d0 done
Event: 34.072 loading class 0x000000000e23c380
Event: 34.073 loading class 0x000000000e23c380 done


Dynamic libraries:
0x000000013f940000 - 0x000000013f973000 	C:\Program Files\Java\jre7\bin\javaw.exe
0x00000000775f0000 - 0x0000000077799000 	C:\Windows\SYSTEM32\ntdll.dll
0x0000000076f10000 - 0x000000007702f000 	C:\Windows\system32\kernel32.dll
0x000007fefdb00000 - 0x000007fefdb6b000 	C:\Windows\system32\KERNELBASE.dll
0x000007feff0d0000 - 0x000007feff1ab000 	C:\Windows\system32\ADVAPI32.dll
0x000007feff1b0000 - 0x000007feff24f000 	C:\Windows\system32\msvcrt.dll
0x000007fefebb0000 - 0x000007fefebcf000 	C:\Windows\SYSTEM32\sechost.dll
0x000007fefecf0000 - 0x000007fefee1d000 	C:\Windows\system32\RPCRT4.dll
0x00000000774f0000 - 0x00000000775ea000 	C:\Windows\system32\USER32.dll
0x000007fefefb0000 - 0x000007feff017000 	C:\Windows\system32\GDI32.dll
0x000007fefeec0000 - 0x000007fefeece000 	C:\Windows\system32\LPK.dll
0x000007fefebd0000 - 0x000007fefec99000 	C:\Windows\system32\USP10.dll
0x000007fefc240000 - 0x000007fefc434000 	C:\Windows\WinSxS\amd64_microsoft.windows.common-controls_6595b64144ccf1df_6.0.7601.17514_none_fa396087175ac9ac\COMCTL32.dll
0x000007feff020000 - 0x000007feff091000 	C:\Windows\system32\SHLWAPI.dll
0x000007feff0a0000 - 0x000007feff0ce000 	C:\Windows\system32\IMM32.DLL
0x000007feff6f0000 - 0x000007feff7f9000 	C:\Windows\system32\MSCTF.dll
0x000000006a780000 - 0x000000006a851000 	C:\Program Files\Java\jre7\bin\msvcr100.dll
0x000000006a060000 - 0x000000006a77f000 	C:\Program Files\Java\jre7\bin\server\jvm.dll
0x000007fefa6b0000 - 0x000007fefa6b9000 	C:\Windows\system32\WSOCK32.dll
0x000007fefeca0000 - 0x000007fefeced000 	C:\Windows\system32\WS2_32.dll
0x000007feff2d0000 - 0x000007feff2d8000 	C:\Windows\system32\NSI.dll
0x000007fefbfc0000 - 0x000007fefbffb000 	C:\Windows\system32\WINMM.dll
0x00000000777b0000 - 0x00000000777b7000 	C:\Windows\system32\PSAPI.DLL
0x000000006bc50000 - 0x000000006bc5f000 	C:\Program Files\Java\jre7\bin\verify.dll
0x000000006a030000 - 0x000000006a058000 	C:\Program Files\Java\jre7\bin\java.dll
0x000000005b7c0000 - 0x000000005b7f5000 	C:\Program Files\Java\jre7\bin\jdwp.dll
0x0000000062510000 - 0x0000000062518000 	C:\Program Files\Java\jre7\bin\npt.dll
0x000000006bc30000 - 0x000000006bc45000 	C:\Program Files\Java\jre7\bin\zip.dll
0x00000000624f0000 - 0x00000000624f9000 	C:\Program Files\Java\jre7\bin\dt_socket.dll
0x000007fefd280000 - 0x000007fefd2d5000 	C:\Windows\system32\mswsock.dll
0x000007fefd100000 - 0x000007fefd15b000 	C:\Windows\system32\DNSAPI.dll
0x000007fef01f0000 - 0x000007fef0205000 	C:\Windows\system32\napinsp.dll
0x000007feefcf0000 - 0x000007feefd09000 	C:\Windows\system32\pnrpnsp.dll
0x000007feefce0000 - 0x000007feefceb000 	C:\Windows\System32\winrnr.dll
0x000007fefb1d0000 - 0x000007fefb1e0000 	C:\Windows\system32\wshbth.dll
0x000007fefa4f0000 - 0x000007fefa502000 	C:\Windows\system32\PrxerNsp.dll
0x000007fefca30000 - 0x000007fefca57000 	C:\Windows\system32\IPHLPAPI.DLL
0x000007fefca20000 - 0x000007fefca2b000 	C:\Windows\system32\WINNSI.DLL
0x000007fefa4e0000 - 0x000007fefa4e8000 	C:\Windows\system32\rasadhlp.dll
0x0000000180000000 - 0x000000018003e000 	C:\Program Files (x86)\Avira\AntiVir Desktop\avsda64.dll
0x000007fefca00000 - 0x000007fefca16000 	C:\Windows\system32\PrxerDrv.dll
0x000007fefc9f0000 - 0x000007fefc9f7000 	C:\Windows\System32\wshtcpip.dll
0x00000000674e0000 - 0x0000000067673000 	C:\Program Files\Java\jre7\bin\awt.dll
0x000007fefeed0000 - 0x000007fefefa7000 	C:\Windows\system32\OLEAUT32.dll
0x000007feff4e0000 - 0x000007feff6e3000 	C:\Windows\system32\ole32.dll
0x000007fefbf60000 - 0x000007fefbfb6000 	C:\Windows\system32\uxtheme.dll
0x0000000002260000 - 0x00000000022ad000 	C:\Program Files\Babylon\Babylon-Pro\Captlib64.dll
0x000007fefaa50000 - 0x000007fefaaa4000 	C:\Windows\system32\OLEACC.dll
0x0000000077030000 - 0x000000007718a000 	C:\Windows\system32\WININET.dll
0x00000000777c0000 - 0x00000000777c3000 	C:\Windows\system32\Normaliz.dll
0x00000000772e0000 - 0x00000000774ed000 	C:\Windows\system32\iertutil.dll
0x0000000077190000 - 0x00000000772dd000 	C:\Windows\system32\urlmon.dll
0x0000000002330000 - 0x000000000236b000 	C:\Windows\W7FBC\dll.dll
0x000007feff800000 - 0x000007feff897000 	C:\Windows\system32\COMDLG32.dll
0x000007fefde20000 - 0x000007fefeba8000 	C:\Windows\system32\SHELL32.dll
0x000007fefbbf0000 - 0x000007fefbe05000 	C:\Windows\WinSxS\amd64_microsoft.windows.gdiplus_6595b64144ccf1df_1.1.7601.17514_none_2b24536c71ed437a\gdiplus.dll
0x000007fefb8c0000 - 0x000007fefb8d8000 	C:\Windows\system32\dwmapi.dll
0x000007fefd940000 - 0x000007fefd94f000 	C:\Windows\system32\CRYPTBASE.dll
0x0000000069e40000 - 0x0000000069e79000 	C:\Program Files\Java\jre7\bin\kcms.dll
0x000007feefdf0000 - 0x000007feeffef000 	C:\Windows\system32\d3d9.dll
0x000007fefc900000 - 0x000007fefc90c000 	C:\Windows\system32\VERSION.dll
0x000007fef0790000 - 0x000007fef0797000 	C:\Windows\system32\d3d8thk.dll
0x000000006f7a0000 - 0x000000006f843000 	C:\Windows\system32\aticfx64.dll
0x000007fef07a0000 - 0x000007fef07ad000 	C:\Windows\system32\atiu9p64.dll
0x000000006b720000 - 0x000000006bc2d000 	C:\Windows\system32\atiumd64.dll
0x000000006be10000 - 0x000000006c13b000 	C:\Windows\system32\atiumd6a.dll
0x000000006a010000 - 0x000000006a029000 	C:\Program Files\Java\jre7\bin\net.dll
0x000007fefd270000 - 0x000007fefd277000 	C:\Windows\System32\wship6.dll
0x0000000069ff0000 - 0x000000006a001000 	C:\Program Files\Java\jre7\bin\nio.dll
0x000007fefb470000 - 0x000007fefb4c3000 	C:\Windows\System32\fwpuclnt.dll
0x0000000061420000 - 0x000000006142b000 	C:\Program Files\Java\jre7\bin\management.dll
0x0000000069e80000 - 0x0000000069eb4000 	C:\Program Files\Java\jre7\bin\fontmanager.dll
0x000000000bb20000 - 0x000000000bb85000 	C:\Program Files\WIDCOMM\Bluetooth Software\btmmhook.dll
0x00000000687a0000 - 0x00000000687e1000 	C:\Program Files\Java\jre7\bin\t2k.dll
0x000007fefee20000 - 0x000007fefeeb9000 	C:\Windows\system32\CLBCatQ.DLL
0x0000000068770000 - 0x000000006879a000 	C:\Program Files\Java\jre7\bin\dcpr.dll
0x000007fefd2e0000 - 0x000007fefd2f7000 	C:\Windows\system32\CRYPTSP.dll
0x000007fefcfe0000 - 0x000007fefd027000 	C:\Windows\system32\rsaenh.dll
0x000007fefcda0000 - 0x000007fefcdbe000 	C:\Windows\system32\USERENV.dll
0x000007fefda50000 - 0x000007fefda5f000 	C:\Windows\system32\profapi.dll
0x000007fee4730000 - 0x000007fee4767000 	C:\Users\Armin\AppData\Local\Temp\jna-Armin\jna9130778612163402079.dll
0x0000000059a50000 - 0x0000000059a80000 	C:\Users\Armin\Desktop\Kar\jajeem\vlclib\vlclib\libvlc.dll
0x0000000057870000 - 0x0000000057ac4000 	C:\Users\Armin\Desktop\Kar\jajeem\vlclib\vlclib\libvlccore.dll
0x000007fefc0a0000 - 0x000007fefc128000 	C:\Windows\system32\DSOUND.dll
0x000007fefc8d0000 - 0x000007fefc8fc000 	C:\Windows\system32\POWRPROF.dll
0x000007feff300000 - 0x000007feff4d7000 	C:\Windows\system32\SETUPAPI.dll
0x000007fefdb90000 - 0x000007fefdbc6000 	C:\Windows\system32\CFGMGR32.dll
0x000007fefdb70000 - 0x000007fefdb8a000 	C:\Windows\system32\DEVOBJ.dll
0x0000000006270000 - 0x00000000062a1000 	C:\Program Files\WIDCOMM\Bluetooth Software\btkeyind.dll
0x0000000056cf0000 - 0x0000000057863000 	C:\Users\Armin\Desktop\Kar\jajeem\vlclib\vlclib\plugins\gui\libqt4_plugin.dll
0x000007fefb3f0000 - 0x000007fefb461000 	C:\Windows\system32\WINSPOOL.DRV
0x0000000056b70000 - 0x0000000056cea000 	C:\Users\Armin\Desktop\Kar\jajeem\vlclib\vlclib\plugins\misc\libxml_plugin.dll
0x000007fefc000000 - 0x000007fefc04b000 	C:\Windows\system32\MMDevAPI.DLL
0x000007fefbe10000 - 0x000007fefbf3c000 	C:\Windows\system32\PROPSYS.dll
0x000007fee4370000 - 0x000007fee43ab000 	C:\Windows\system32\wdmaud.drv
0x0000000060f20000 - 0x0000000060f26000 	C:\Windows\system32\ksuser.dll
0x000007fefc210000 - 0x000007fefc219000 	C:\Windows\system32\AVRT.dll
0x000007fefbba0000 - 0x000007fefbbef000 	C:\Windows\system32\AUDIOSES.DLL
0x000007fef3fe0000 - 0x000007fef3fea000 	C:\Windows\system32\msacm32.drv
0x000007feeb470000 - 0x000007feeb488000 	C:\Windows\system32\MSACM32.dll
0x000007fefc220000 - 0x000007fefc229000 	C:\Windows\system32\midimap.dll
0x000007fefa760000 - 0x000007fefa800000 	C:\Windows\WinSxS\amd64_microsoft.windows.common-controls_6595b64144ccf1df_5.82.7601.17514_none_a4d6a923711520a9\comctl32.dll
0x000007fefc070000 - 0x000007fefc09d000 	C:\Windows\system32\ntmarta.dll
0x000007feff8a0000 - 0x000007feff8f2000 	C:\Windows\system32\WLDAP32.dll
0x000007fefd8e0000 - 0x000007fefd937000 	C:\Windows\system32\apphelp.dll
0x000007fef35c0000 - 0x000007fef375c000 	C:\Windows\system32\NetworkExplorer.dll
0x000007fef4c50000 - 0x000007fef4c84000 	C:\Windows\System32\shdocvw.dll
0x000007fefb7f0000 - 0x000007fefb7fb000 	C:\Windows\system32\slc.dll
0x000007fefb6a0000 - 0x000007fefb7ca000 	C:\Windows\system32\WindowsCodecs.dll
0x000000006f940000 - 0x000000006f956000 	C:\Program Files\Common Files\TortoiseOverlays\TortoiseOverlays.dll
0x000000006f930000 - 0x000000006f940000 	C:\Program Files\TortoiseSVN\bin\TortoiseStub.dll
0x000000006f880000 - 0x000000006f8f8000 	C:\Program Files\TortoiseSVN\bin\TortoiseSVN.dll
0x000007fef5790000 - 0x000007fef5b6c000 	C:\Program Files\TortoiseSVN\bin\libsvn_tsvn.dll
0x000000006f850000 - 0x000000006f87b000 	C:\Program Files\TortoiseSVN\bin\libapr_tsvn.dll
0x000000006f1d0000 - 0x000000006f211000 	C:\Program Files\TortoiseSVN\bin\libaprutil_tsvn.dll
0x000007fef5780000 - 0x000007fef5790000 	C:\Program Files\TortoiseSVN\bin\intl3_tsvn.dll
0x000007fef5760000 - 0x000007fef577a000 	C:\Program Files\TortoiseSVN\bin\libsasl.dll
0x000007fefd6e0000 - 0x000007fefd6eb000 	C:\Windows\system32\Secur32.dll
0x000007fefd8b0000 - 0x000007fefd8d5000 	C:\Windows\system32\SSPICLI.DLL
0x000007fefdcb0000 - 0x000007fefde17000 	C:\Windows\system32\CRYPT32.dll
0x000007fefdaf0000 - 0x000007fefdaff000 	C:\Windows\system32\MSASN1.dll
0x000000006f0d0000 - 0x000000006f168000 	C:\Windows\system32\MSVCP100.dll
0x000007fef5720000 - 0x000007fef5755000 	C:\Windows\system32\EhStorShell.dll
0x000007fef50a0000 - 0x000007fef5711000 	C:\PROGRA~1\MIF5BA~1\Office14\GROOVEEX.DLL
0x000000006eed0000 - 0x000000006ef6d000 	C:\Windows\WinSxS\amd64_microsoft.vc90.crt_1fc8b3b9a1e18e3b_9.0.30729.4940_none_08e4299fa83d7e3c\MSVCR90.dll
0x000000006edf0000 - 0x000000006eec3000 	C:\Windows\WinSxS\amd64_microsoft.vc90.crt_1fc8b3b9a1e18e3b_9.0.30729.4940_none_08e4299fa83d7e3c\MSVCP90.dll
0x000000006edc0000 - 0x000000006edef000 	C:\Windows\WinSxS\amd64_microsoft.vc90.atl_1fc8b3b9a1e18e3b_9.0.30729.4148_none_0a1d2fcba76b3f00\ATL90.DLL
0x000007fef4c90000 - 0x000007fef509f000 	C:\PROGRA~1\COMMON~1\MICROS~1\OFFICE14\Cultures\office.odf

VM Arguments:
jvm_args: -agentlib:jdwp=transport=dt_socket,suspend=y,address=localhost:33938 -Dfile.encoding=Cp1256 
java_command: com.jajeem.core.design.InstructorNoa
Launcher Type: SUN_STANDARD

Environment Variables:
PATH=C:\Program Files (x86)\NVIDIA Corporation\PhysX\Common;C:\Program Files (x86)\MiKTeX 2.9\miktex\bin;C:\Windows\system32;C:\Windows;C:\Windows\System32\Wbem;C:\Windows\System32\WindowsPowerShell\v1.0\;c:\Program Files (x86)\ATI Technologies\ATI.ACE\Core-Static;C:\Program Files\Intel\WiFi\bin\;C:\Program Files\Common Files\Intel\WirelessCommon\;C:\Program Files (x86)\Common Files\Roxio Shared\DLLShared\;C:\Program Files (x86)\Common Files\Roxio Shared\OEM\DLLShared\;C:\Program Files (x86)\Common Files\Roxio Shared\OEM\DLLShared\;C:\Program Files (x86)\Common Files\Roxio Shared\OEM\12.0\DLLShared\;C:\Program Files (x86)\Roxio\OEM\AudioCore\;C:\Program Files (x86)\Java\jre6\bin;C:\Program Files\TortoiseSVN\bin;C:\Program Files (x86)\Microsoft SQL Server\100\Tools\Binn\;C:\Program Files\Microsoft SQL Server\100\Tools\Binn\;C:\Program Files\Microsoft SQL Server\100\DTS\Binn\;C:\Program Files (x86)\Microsoft SQL Server\100\Tools\Binn\VSShell\Common7\IDE\;C:\Program Files (x86)\Microsoft Visual Studio 9.0\Common7\IDE\PrivateAssemblies\;C:\Program Files (x86)\Microsoft SQL Server\100\DTS\Binn\;C:\Program Files\Microsoft\Web Platform Installer\;;C:\Program Files (x86)\Universal Extractor;C:\Program Files (x86)\Universal Extractor\bin;C:\Program Files (x86)\Microsoft ASP.NET\ASP.NET Web Pages\v1.0\;C:\Program Files (x86)\Windows Kits\8.0\Windows Performance Toolkit\;C:\Program Files\Microsoft SQL Server\110\Tools\Binn\;C:\Program Files\WIDCOMM\Bluetooth Software\;C:\Program Files\WIDCOMM\Bluetooth Software\syswow64;C:\Program Files (x86)\OpenVPN\bin
USERNAME=Armin
OS=Windows_NT
PROCESSOR_IDENTIFIER=Intel64 Family 6 Model 42 Stepping 7, GenuineIntel



---------------  S Y S T E M  ---------------

OS: Windows 7 , 64 bit Build 7601 Service Pack 1

CPU:total 8 (4 cores per cpu, 2 threads per core) family 6 model 42 stepping 7, cmov, cx8, fxsr, mmx, sse, sse2, sse3, ssse3, sse4.1, sse4.2, popcnt, avx, ht, tsc, tscinvbit

Memory: 4k page, physical 8335180k(4185236k free), swap 16668512k(11343376k free)

vm_info: Java HotSpot(TM) 64-Bit Server VM (23.7-b01) for windows-amd64 JRE (1.7.0_17-b02), built on Mar  1 2013 03:38:30 by "java_re" with unknown MS VC++:1600

time: Sun Jun 16 17:51:29 2013
elapsed time: 34 seconds

