#
# A fatal error has been detected by the Java Runtime Environment:
#
#  EXCEPTION_ACCESS_VIOLATION (0xc0000005) at pc=0x000000007782e4b4, pid=3920, tid=6584
#
# JRE version: 7.0_17-b02
# Java VM: Java HotSpot(TM) 64-Bit Server VM (23.7-b01 mixed mode windows-amd64 compressed oops)
# Problematic frame:
# C  [ntdll.dll+0x4e4b4]  RtlDeNormalizeProcessParams+0x5a4
#
# Failed to write core dump. Minidumps are not enabled by default on client versions of Windows
#
# If you would like to submit a bug report, please visit:
#   http://bugreport.sun.com/bugreport/crash.jsp
# The crash happened outside the Java Virtual Machine in native code.
# See problematic frame for where to report the bug.
#

---------------  T H R E A D  ---------------

Current thread (0x000000000fc7a000):  JavaThread "pool-2-thread-1" [_thread_in_native, id=6584, stack(0x0000000013550000,0x0000000013650000)]

siginfo: ExceptionCode=0xc0000005, writing address 0x0000000000000024

Registers:
RAX=0x0000000000000000, RBX=0x00000000133cbae0, RCX=0x00000000fffffffc, RDX=0x00000000000005dc
RSP=0x000000001364e530, RBP=0x0000000000000000, RSI=0x00000000000005dc, RDI=0x0000000000000000
R8 =0x000000001364e4e8, R9 =0x0000000000000004, R10=0x0000000000000000, R11=0x0000000000000246
R12=0x0000000000000000, R13=0x0000000000000000, R14=0x000007fffff6e000, R15=0x0000000000000000
RIP=0x000000007782e4b4, EFLAGS=0x0000000000010213

Top of Stack: (sp=0x000000001364e530)
0x000000001364e530:   000000000fc95150 00000000000005dc
0x000000001364e540:   000000077be4d888 00000000133cbad8
0x000000001364e550:   000000000fc7a1d8 000000001364e6d8
0x000000001364e560:   000000000fc7a000 0000000068205f08
0x000000001364e570:   0000000002234d80 000000001364e6d0
0x000000001364e580:   0000000000000000 0000000000000000
0x000000001364e590:   000000000dfb5640 000000000dfb55d8
0x000000001364e5a0:   000000000000000f 0000000000000000
0x000000001364e5b0:   000000000fc7a000 000000001364ee40
0x000000001364e5c0:   0000000000000004 0000000000000001
0x000000001364e5d0:   00000000ff000000 000000007782e3db
0x000000001364e5e0:   0000000700000000 0000000000000000
0x000000001364e5f0:   000000077bd6cfc8 00000000133cbae0
0x000000001364e600:   00000000133cba68 000000005c718b65
0x000000001364e610:   000000001364e6d0 00000000133cbad8
0x000000001364e620:   000000077be4d888 000007fee90a05fa 

Instructions: (pc=0x000000007782e4b4)
0x000000007782e494:   0f b1 4b 08 0f 85 9b 47 fd ff 48 8b 03 4c 89 ac
0x000000007782e4a4:   24 c0 00 00 00 33 ed 45 33 ed 48 83 f8 ff 74 03
0x000000007782e4b4:   ff 40 24 ba 22 17 00 00 48 8d 3d cd 8f 0e 00 80
0x000000007782e4c4:   3c 25 82 03 fe 7f 00 0f 85 53 be 01 00 48 83 fe 


Register to memory mapping:

RAX=0x0000000000000000 is an unknown value
RBX=0x00000000133cbae0 is an unknown value
RCX=0x00000000fffffffc is an unknown value
RDX=0x00000000000005dc is an unknown value
RSP=0x000000001364e530 is pointing into the stack for thread: 0x000000000fc7a000
RBP=0x0000000000000000 is an unknown value
RSI=0x00000000000005dc is an unknown value
RDI=0x0000000000000000 is an unknown value
R8 =0x000000001364e4e8 is pointing into the stack for thread: 0x000000000fc7a000
R9 =0x0000000000000004 is an unknown value
R10=0x0000000000000000 is an unknown value
R11=0x0000000000000246 is an unknown value
R12=0x0000000000000000 is an unknown value
R13=0x0000000000000000 is an unknown value
R14=0x000007fffff6e000 is an unknown value
R15=0x0000000000000000 is an unknown value


Stack: [0x0000000013550000,0x0000000013650000],  sp=0x000000001364e530,  free space=1017k
Native frames: (J=compiled Java code, j=interpreted, Vv=VM code, C=native code)
C  [ntdll.dll+0x4e4b4]  RtlDeNormalizeProcessParams+0x5a4

[error occurred during error reporting (printing native stack), id 0xc0000005]

Java frames: (J=compiled Java code, j=interpreted, Vv=VM code)
j  com.sun.jna.Native.invokeLong(JI[Ljava/lang/Object;)J+0
j  com.sun.jna.Function.invoke([Ljava/lang/Object;Ljava/lang/Class;Z)Ljava/lang/Object;+389
j  com.sun.jna.Function.invoke(Ljava/lang/Class;[Ljava/lang/Object;Ljava/util/Map;)Ljava/lang/Object;+214
j  com.sun.jna.Library$Handler.invoke(Ljava/lang/Object;Ljava/lang/reflect/Method;[Ljava/lang/Object;)Ljava/lang/Object;+341
j  com.sun.proxy.$Proxy0.libvlc_media_player_get_time(Luk/co/caprica/vlcj/binding/internal/libvlc_media_player_t;)J+16
j  uk.co.caprica.vlcj.player.DefaultMediaPlayer.getTime()J+17
j  com.jajeem.videoplayer.design.PlayerControlsPanel$UpdateRunnable.run()V+4
j  java.util.concurrent.Executors$RunnableAdapter.call()Ljava/lang/Object;+4
j  java.util.concurrent.FutureTask$Sync.innerRunAndReset()Z+30
j  java.util.concurrent.FutureTask.runAndReset()Z+4
j  java.util.concurrent.ScheduledThreadPoolExecutor$ScheduledFutureTask.access$301(Ljava/util/concurrent/ScheduledThreadPoolExecutor$ScheduledFutureTask;)Z+1
j  java.util.concurrent.ScheduledThreadPoolExecutor$ScheduledFutureTask.run()V+37
j  java.util.concurrent.ThreadPoolExecutor.runWorker(Ljava/util/concurrent/ThreadPoolExecutor$Worker;)V+95
j  java.util.concurrent.ThreadPoolExecutor$Worker.run()V+5
j  java.lang.Thread.run()V+11
v  ~StubRoutines::call_stub

---------------  P R O C E S S  ---------------

Java Threads: ( => current thread )
  0x000000000fb93800 JavaThread "Thread-0" daemon [_thread_in_native, id=4028, stack(0x0000000018590000,0x0000000018690000)]
  0x000000000fd01800 JavaThread "TimerQueue" daemon [_thread_blocked, id=3324, stack(0x0000000018e00000,0x0000000018f00000)]
=>0x000000000fc7a000 JavaThread "pool-2-thread-1" [_thread_in_native, id=6584, stack(0x0000000013550000,0x0000000013650000)]
  0x000000000f972800 JavaThread "vlcj native mouse hook" [_thread_in_native, id=3480, stack(0x0000000010980000,0x0000000010a80000)]
  0x000000000216e000 JavaThread "DestroyJavaVM" [_thread_blocked, id=1508, stack(0x00000000025a0000,0x00000000026a0000)]
  0x000000000f957800 JavaThread "AWT-EventQueue-0" [_thread_blocked, id=4840, stack(0x0000000011020000,0x0000000011120000)]
  0x000000000fa13800 JavaThread "AWT-Windows" daemon [_thread_in_native, id=6600, stack(0x00000000100f0000,0x00000000101f0000)]
  0x000000000fa10800 JavaThread "AWT-Shutdown" [_thread_blocked, id=5760, stack(0x0000000010480000,0x0000000010580000)]
  0x000000000f9bb800 JavaThread "Java2D Disposer" daemon [_thread_blocked, id=4472, stack(0x00000000102b0000,0x00000000103b0000)]
  0x000000000dd9e000 JavaThread "Service Thread" daemon [_thread_blocked, id=6424, stack(0x000000000f320000,0x000000000f420000)]
  0x000000000dd9d800 JavaThread "C2 CompilerThread1" daemon [_thread_blocked, id=5180, stack(0x000000000f600000,0x000000000f700000)]
  0x000000000dd9a000 JavaThread "C2 CompilerThread0" daemon [_thread_blocked, id=5940, stack(0x000000000f4d0000,0x000000000f5d0000)]
  0x000000000dd81000 JavaThread "JDWP Command Reader" daemon [_thread_in_native, id=5216, stack(0x000000000f220000,0x000000000f320000)]
  0x000000000dd7c800 JavaThread "JDWP Event Helper Thread" daemon [_thread_blocked, id=6208, stack(0x000000000ed90000,0x000000000ee90000)]
  0x000000000dd6e000 JavaThread "JDWP Transport Listener: dt_socket" daemon [_thread_blocked, id=6460, stack(0x000000000ef30000,0x000000000f030000)]
  0x000000000dd67800 JavaThread "Attach Listener" daemon [_thread_blocked, id=6004, stack(0x000000000e420000,0x000000000e520000)]
  0x000000000dd66800 JavaThread "Signal Dispatcher" daemon [_thread_blocked, id=6448, stack(0x000000000e270000,0x000000000e370000)]
  0x000000000be7a800 JavaThread "Finalizer" daemon [_thread_blocked, id=4744, stack(0x000000000dc10000,0x000000000dd10000)]
  0x000000000be72000 JavaThread "Reference Handler" daemon [_thread_blocked, id=3352, stack(0x000000000da00000,0x000000000db00000)]

Other Threads:
  0x000000000be66800 VMThread [stack: 0x000000000d870000,0x000000000d970000] [id=3400]
  0x000000000ddbb000 WatcherThread [stack: 0x000000000f7e0000,0x000000000f8e0000] [id=6860]

VM state:not at safepoint (normal execution)

VM Mutex/Monitor currently owned by a thread: None

Heap
 PSYoungGen      total 38016K, used 35836K [0x00000007d5960000, 0x00000007d83c0000, 0x0000000800000000)
  eden space 32640K, 97% used [0x00000007d5960000,0x00000007d7887920,0x00000007d7940000)
  from space 5376K, 73% used [0x00000007d7940000,0x00000007d7d178d8,0x00000007d7e80000)
  to   space 5376K, 0% used [0x00000007d7e80000,0x00000007d7e80000,0x00000007d83c0000)
 ParOldGen       total 86848K, used 8K [0x0000000780c00000, 0x00000007860d0000, 0x00000007d5960000)
  object space 86848K, 0% used [0x0000000780c00000,0x0000000780c02000,0x00000007860d0000)
 PSPermGen       total 21248K, used 16970K [0x000000077ba00000, 0x000000077cec0000, 0x0000000780c00000)
  object space 21248K, 79% used [0x000000077ba00000,0x000000077ca92828,0x000000077cec0000)

Card table byte_map: [0x00000000056a0000,0x0000000005ad0000] byte_map_base: 0x0000000001ac3000

Polling page: 0x0000000000130000

Code Cache  [0x00000000026a0000, 0x0000000002910000, 0x00000000056a0000)
 total_blobs=646 nmethods=158 adapters=447 free_code_cache=48303Kb largest_free_block=49436992

Compilation events (10 events):
Event: 16.793 Thread 0x000000000dd9a000 nmethod 157 0x000000000274f4d0 code [0x000000000274f600, 0x000000000274f658]
Event: 16.793 Thread 0x000000000dd9a000  158             javax.swing.plaf.nimbus.DerivedColor::getRGB (5 bytes)
Event: 16.793 Thread 0x000000000dd9a000 nmethod 158 0x0000000002718d50 code [0x0000000002718e80, 0x0000000002718ed8]
Event: 16.793 Thread 0x000000000dd9a000  159             sun.java2d.loops.GraphicsPrimitiveMgr::locate (104 bytes)
Event: 16.797 Thread 0x000000000dd9d800 nmethod 154 0x0000000002773690 code [0x0000000002773880, 0x0000000002774768]
Event: 16.797 Thread 0x000000000dd9d800  160             java.util.Arrays::binarySearch (10 bytes)
Event: 16.799 Thread 0x000000000dd9d800 nmethod 160 0x00000000027733d0 code [0x0000000002773520, 0x00000000027735c8]
Event: 16.799 Thread 0x000000000dd9d800  161             sun.java2d.loops.CompositeType::getSuperType (5 bytes)
Event: 16.799 Thread 0x000000000dd9d800 nmethod 161 0x00000000027731d0 code [0x0000000002773300, 0x0000000002773378]
Event: 16.805 Thread 0x000000000dd9a000 nmethod 159 0x0000000002778210 code [0x00000000027783a0, 0x00000000027787c8]

GC Heap History (2 events):
Event: 8.348 GC heap before
{Heap before GC invocations=1 (full 0):
 PSYoungGen      total 38016K, used 32640K [0x00000007d5960000, 0x00000007d83c0000, 0x0000000800000000)
  eden space 32640K, 100% used [0x00000007d5960000,0x00000007d7940000,0x00000007d7940000)
  from space 5376K, 0% used [0x00000007d7e80000,0x00000007d7e80000,0x00000007d83c0000)
  to   space 5376K, 0% used [0x00000007d7940000,0x00000007d7940000,0x00000007d7e80000)
 ParOldGen       total 86848K, used 0K [0x0000000780c00000, 0x00000007860d0000, 0x00000007d5960000)
  object space 86848K, 0% used [0x0000000780c00000,0x0000000780c00000,0x00000007860d0000)
 PSPermGen       total 21248K, used 16817K [0x000000077ba00000, 0x000000077cec0000, 0x0000000780c00000)
  object space 21248K, 79% used [0x000000077ba00000,0x000000077ca6c620,0x000000077cec0000)
Event: 8.381 GC heap after
Heap after GC invocations=1 (full 0):
 PSYoungGen      total 38016K, used 3934K [0x00000007d5960000, 0x00000007d83c0000, 0x0000000800000000)
  eden space 32640K, 0% used [0x00000007d5960000,0x00000007d5960000,0x00000007d7940000)
  from space 5376K, 73% used [0x00000007d7940000,0x00000007d7d178d8,0x00000007d7e80000)
  to   space 5376K, 0% used [0x00000007d7e80000,0x00000007d7e80000,0x00000007d83c0000)
 ParOldGen       total 86848K, used 8K [0x0000000780c00000, 0x00000007860d0000, 0x00000007d5960000)
  object space 86848K, 0% used [0x0000000780c00000,0x0000000780c02000,0x00000007860d0000)
 PSPermGen       total 21248K, used 16817K [0x000000077ba00000, 0x000000077cec0000, 0x0000000780c00000)
  object space 21248K, 79% used [0x000000077ba00000,0x000000077ca6c620,0x000000077cec0000)
}

Deoptimization events (10 events):
Event: 1.403 Thread 0x000000000216e000 Uncommon trap -34 fr.pc 0x0000000002707dfc
Event: 1.540 Thread 0x000000000216e000 Uncommon trap -12 fr.pc 0x0000000002709b58
Event: 1.891 Thread 0x000000000f957800 Uncommon trap -83 fr.pc 0x0000000002719ad0
Event: 2.200 Thread 0x000000000f957800 Uncommon trap -83 fr.pc 0x000000000273174c
Event: 4.368 Thread 0x000000000f957800 Uncommon trap -34 fr.pc 0x00000000027267c0
Event: 4.368 Thread 0x000000000f957800 Uncommon trap -34 fr.pc 0x00000000027267c0
Event: 4.369 Thread 0x000000000f957800 Uncommon trap -34 fr.pc 0x00000000027267c0
Event: 4.369 Thread 0x000000000f957800 Uncommon trap -34 fr.pc 0x00000000027267c0
Event: 16.723 Thread 0x000000000f957800 Uncommon trap -83 fr.pc 0x00000000027765a8
Event: 17.531 Thread 0x000000000f957800 Uncommon trap -83 fr.pc 0x000000000270fa24

Internal exceptions (10 events):
Event: 4.441 Thread 0x000000000f957800 Threw 0x00000007d6e33c10 at C:\jdk7u2_64p\jdk7u17\hotspot\src\share\vm\prims\jvm.cpp:1166
Event: 4.443 Thread 0x000000000f957800 Threw 0x00000007d6e37638 at C:\jdk7u2_64p\jdk7u17\hotspot\src\share\vm\prims\jvm.cpp:1166
Event: 4.445 Thread 0x000000000f957800 Threw 0x00000007d6e3ad60 at C:\jdk7u2_64p\jdk7u17\hotspot\src\share\vm\prims\jvm.cpp:1166
Event: 4.447 Thread 0x000000000f957800 Threw 0x00000007d6e42ad8 at C:\jdk7u2_64p\jdk7u17\hotspot\src\share\vm\prims\jvm.cpp:1166
Event: 4.449 Thread 0x000000000f957800 Threw 0x00000007d6e4a7c0 at C:\jdk7u2_64p\jdk7u17\hotspot\src\share\vm\prims\jvm.cpp:1166
Event: 4.452 Thread 0x000000000f957800 Threw 0x00000007d6e4fc50 at C:\jdk7u2_64p\jdk7u17\hotspot\src\share\vm\prims\jvm.cpp:1166
Event: 4.456 Thread 0x000000000f957800 Threw 0x00000007d6e59cc0 at C:\jdk7u2_64p\jdk7u17\hotspot\src\share\vm\prims\jvm.cpp:1166
Event: 4.919 Thread 0x000000000f972800 Threw 0x00000007d669a508 at C:\jdk7u2_64p\jdk7u17\hotspot\src\share\vm\prims\jni.cpp:742
Event: 14.973 Thread 0x000000000f957800 Threw 0x00000007d68fa5a0 at C:\jdk7u2_64p\jdk7u17\hotspot\src\share\vm\prims\jvm.cpp:1166
Event: 17.601 Thread 0x000000000f957800 Threw 0x00000007d7804598 at C:\jdk7u2_64p\jdk7u17\hotspot\src\share\vm\prims\jni.cpp:742

Events (10 events):
Event: 17.615 Thread 0x000000000fb94800 Thread added: 0x000000000fb94800
Event: 17.615 Thread 0x000000000feba800 Thread added: 0x000000000feba800
Event: 17.616 loading class 0x000000000fd22310
Event: 17.616 Thread 0x000000000feba800 Thread exited: 0x000000000feba800
Event: 17.616 loading class 0x000000000fd22310 done
Event: 17.616 Executing VM operation: RevokeBias
Event: 17.617 Executing VM operation: RevokeBias done
Event: 17.617 Thread 0x0000000014892800 Thread exited: 0x0000000014892800
Event: 17.617 Thread 0x000000000fb94800 Thread exited: 0x000000000fb94800
Event: 17.619 Thread 0x000000000fd18800 Thread exited: 0x000000000fd18800


Dynamic libraries:
0x000000013f2e0000 - 0x000000013f313000 	C:\Program Files\Java\jre7\bin\javaw.exe
0x00000000777e0000 - 0x0000000077989000 	C:\Windows\SYSTEM32\ntdll.dll
0x0000000077250000 - 0x000000007736f000 	C:\Windows\system32\kernel32.dll
0x000007fefdf60000 - 0x000007fefdfcb000 	C:\Windows\system32\KERNELBASE.dll
0x000007feff270000 - 0x000007feff34b000 	C:\Windows\system32\ADVAPI32.dll
0x000007feff5c0000 - 0x000007feff65f000 	C:\Windows\system32\msvcrt.dll
0x000007fefe010000 - 0x000007fefe02f000 	C:\Windows\SYSTEM32\sechost.dll
0x000007feff480000 - 0x000007feff5ad000 	C:\Windows\system32\RPCRT4.dll
0x0000000077580000 - 0x000000007767a000 	C:\Windows\system32\USER32.dll
0x000007feff160000 - 0x000007feff1c7000 	C:\Windows\system32\GDI32.dll
0x000007feff5b0000 - 0x000007feff5be000 	C:\Windows\system32\LPK.dll
0x000007fefef60000 - 0x000007feff029000 	C:\Windows\system32\USP10.dll
0x000007fefc430000 - 0x000007fefc624000 	C:\Windows\WinSxS\amd64_microsoft.windows.common-controls_6595b64144ccf1df_6.0.7601.17514_none_fa396087175ac9ac\COMCTL32.dll
0x000007feff050000 - 0x000007feff0c1000 	C:\Windows\system32\SHLWAPI.dll
0x000007feff130000 - 0x000007feff15e000 	C:\Windows\system32\IMM32.DLL
0x000007fefe030000 - 0x000007fefe139000 	C:\Windows\system32\MSCTF.dll
0x0000000068be0000 - 0x0000000068cb1000 	C:\Program Files\Java\jre7\bin\msvcr100.dll
0x0000000067d00000 - 0x000000006841f000 	C:\Program Files\Java\jre7\bin\server\jvm.dll
0x000007fefa820000 - 0x000007fefa829000 	C:\Windows\system32\WSOCK32.dll
0x000007feff430000 - 0x000007feff47d000 	C:\Windows\system32\WS2_32.dll
0x000007fefeed0000 - 0x000007fefeed8000 	C:\Windows\system32\NSI.dll
0x000007fefc1e0000 - 0x000007fefc21b000 	C:\Windows\system32\WINMM.dll
0x00000000779b0000 - 0x00000000779b7000 	C:\Windows\system32\PSAPI.DLL
0x0000000072ac0000 - 0x0000000072acf000 	C:\Program Files\Java\jre7\bin\verify.dll
0x0000000069b70000 - 0x0000000069b98000 	C:\Program Files\Java\jre7\bin\java.dll
0x000000005d7c0000 - 0x000000005d7f5000 	C:\Program Files\Java\jre7\bin\jdwp.dll
0x000000005db10000 - 0x000000005db18000 	C:\Program Files\Java\jre7\bin\npt.dll
0x0000000069b50000 - 0x0000000069b65000 	C:\Program Files\Java\jre7\bin\zip.dll
0x000000005db00000 - 0x000000005db09000 	C:\Program Files\Java\jre7\bin\dt_socket.dll
0x000007fefd470000 - 0x000007fefd4c5000 	C:\Windows\system32\mswsock.dll
0x000007fefd2f0000 - 0x000007fefd34b000 	C:\Windows\system32\DNSAPI.dll
0x000007feebb10000 - 0x000007feebb25000 	C:\Windows\system32\napinsp.dll
0x000007feebaf0000 - 0x000007feebb09000 	C:\Windows\system32\pnrpnsp.dll
0x000007feebae0000 - 0x000007feebaeb000 	C:\Windows\System32\winrnr.dll
0x000007feef5b0000 - 0x000007feef5c0000 	C:\Windows\system32\wshbth.dll
0x000007fefa6e0000 - 0x000007fefa6f2000 	C:\Windows\system32\PrxerNsp.dll
0x000007fefcc20000 - 0x000007fefcc47000 	C:\Windows\system32\IPHLPAPI.DLL
0x000007fefcc10000 - 0x000007fefcc1b000 	C:\Windows\system32\WINNSI.DLL
0x000007fefa6d0000 - 0x000007fefa6d8000 	C:\Windows\system32\rasadhlp.dll
0x0000000180000000 - 0x000000018003e000 	C:\Program Files (x86)\Avira\AntiVir Desktop\avsda64.dll
0x000007fefcbf0000 - 0x000007fefcc06000 	C:\Windows\system32\PrxerDrv.dll
0x000007fefcbe0000 - 0x000007fefcbe7000 	C:\Windows\System32\wshtcpip.dll
0x000007fefd4d0000 - 0x000007fefd4e7000 	C:\Windows\system32\CRYPTSP.dll
0x000007fefd1d0000 - 0x000007fefd217000 	C:\Windows\system32\rsaenh.dll
0x000007fefcf90000 - 0x000007fefcfae000 	C:\Windows\system32\USERENV.dll
0x000007fefdc40000 - 0x000007fefdc4f000 	C:\Windows\system32\profapi.dll
0x000007fefdb70000 - 0x000007fefdb7f000 	C:\Windows\system32\CRYPTBASE.dll
0x0000000069890000 - 0x00000000698a9000 	C:\Program Files\Java\jre7\bin\net.dll
0x000007fefd460000 - 0x000007fefd467000 	C:\Windows\System32\wship6.dll
0x000007fefb520000 - 0x000007fefb573000 	C:\Windows\System32\fwpuclnt.dll
0x0000000069870000 - 0x0000000069881000 	C:\Program Files\Java\jre7\bin\nio.dll
0x000007fee9090000 - 0x000007fee90c7000 	C:\Users\Armin\AppData\Local\Temp\jna-Armin\jna6124908037321613944.dll
0x000000005c710000 - 0x000000005c740000 	C:\Users\Armin\Desktop\Kar\jajeem\vlclib\libvlc.dll
0x000000005c230000 - 0x000000005c484000 	C:\Users\Armin\Desktop\Kar\jajeem\vlclib\libvlccore.dll
0x000007fefe140000 - 0x000007fefeec8000 	C:\Windows\system32\SHELL32.dll
0x0000000065160000 - 0x00000000652f3000 	C:\Program Files\Java\jre7\bin\awt.dll
0x000007feff350000 - 0x000007feff427000 	C:\Windows\system32\OLEAUT32.dll
0x000007feff8e0000 - 0x000007feffae3000 	C:\Windows\system32\ole32.dll
0x000007fefc050000 - 0x000007fefc0a6000 	C:\Windows\system32\uxtheme.dll
0x0000000005d80000 - 0x0000000005dcd000 	C:\Program Files\Babylon\Babylon-Pro\Captlib64.dll
0x000007fefaac0000 - 0x000007fefab14000 	C:\Windows\system32\OLEACC.dll
0x0000000077680000 - 0x00000000777da000 	C:\Windows\system32\WININET.dll
0x00000000779a0000 - 0x00000000779a3000 	C:\Windows\system32\Normaliz.dll
0x0000000077370000 - 0x000000007757d000 	C:\Windows\system32\iertutil.dll
0x0000000077100000 - 0x000000007724d000 	C:\Windows\system32\urlmon.dll
0x0000000002560000 - 0x000000000259b000 	C:\Windows\W7FBC\dll.dll
0x000007feff660000 - 0x000007feff6f7000 	C:\Windows\system32\COMDLG32.dll
0x000007fefbe30000 - 0x000007fefc045000 	C:\Windows\WinSxS\amd64_microsoft.windows.gdiplus_6595b64144ccf1df_1.1.7601.17514_none_2b24536c71ed437a\gdiplus.dll
0x000007fefbc70000 - 0x000007fefbc88000 	C:\Windows\system32\dwmapi.dll
0x0000000068b70000 - 0x0000000068ba4000 	C:\Program Files\Java\jre7\bin\fontmanager.dll
0x000007feeabe0000 - 0x000007feeaddf000 	C:\Windows\system32\d3d9.dll
0x000007fefcaf0000 - 0x000007fefcafc000 	C:\Windows\system32\VERSION.dll
0x000007fefc420000 - 0x000007fefc427000 	C:\Windows\system32\d3d8thk.dll
0x000000006fb20000 - 0x000000006fbc3000 	C:\Windows\system32\aticfx64.dll
0x000007fefc410000 - 0x000007fefc41d000 	C:\Windows\system32\atiu9p64.dll
0x0000000061fb0000 - 0x00000000624bd000 	C:\Windows\system32\atiumd64.dll
0x00000000643b0000 - 0x00000000646db000 	C:\Windows\system32\atiumd6a.dll
0x000007fefc290000 - 0x000007fefc318000 	C:\Windows\system32\DSOUND.dll
0x000007fefcac0000 - 0x000007fefcaec000 	C:\Windows\system32\POWRPROF.dll
0x000007feff700000 - 0x000007feff8d7000 	C:\Windows\system32\SETUPAPI.dll
0x000007fefdfd0000 - 0x000007fefe006000 	C:\Windows\system32\CFGMGR32.dll
0x000007fefdcf0000 - 0x000007fefdd0a000 	C:\Windows\system32\DEVOBJ.dll
0x000000005aad0000 - 0x000000005b643000 	C:\Users\Armin\Desktop\Kar\jajeem\vlclib\plugins\gui\libqt4_plugin.dll
0x000007fefb690000 - 0x000007fefb701000 	C:\Windows\system32\WINSPOOL.DRV
0x000000005c050000 - 0x000000005c1ca000 	C:\Users\Armin\Desktop\Kar\jajeem\vlclib\plugins\misc\libxml_plugin.dll
0x000007fefc220000 - 0x000007fefc26b000 	C:\Windows\system32\MMDevAPI.DLL
0x000007fefc0b0000 - 0x000007fefc1dc000 	C:\Windows\system32\PROPSYS.dll
0x000007fee9050000 - 0x000007fee908b000 	C:\Windows\system32\wdmaud.drv
0x000000005f900000 - 0x000000005f906000 	C:\Windows\system32\ksuser.dll
0x000007fefc400000 - 0x000007fefc409000 	C:\Windows\system32\AVRT.dll
0x000007fefbbe0000 - 0x000007fefbc2f000 	C:\Windows\system32\AUDIOSES.DLL
0x000007fef2bd0000 - 0x000007fef2bda000 	C:\Windows\system32\msacm32.drv
0x000007feeb420000 - 0x000007feeb438000 	C:\Windows\system32\MSACM32.dll
0x000007fef3640000 - 0x000007fef3649000 	C:\Windows\system32\midimap.dll
0x000007fefa850000 - 0x000007fefa8f0000 	C:\Windows\WinSxS\amd64_microsoft.windows.common-controls_6595b64144ccf1df_5.82.7601.17514_none_a4d6a923711520a9\comctl32.dll
0x0000000067c60000 - 0x0000000067ca1000 	C:\Program Files\Java\jre7\bin\t2k.dll
0x000007feff1d0000 - 0x000007feff269000 	C:\Windows\system32\CLBCatQ.DLL
0x000007fefbbb0000 - 0x000007fefbbdd000 	C:\Windows\system32\ntmarta.dll
0x000007feff0d0000 - 0x000007feff122000 	C:\Windows\system32\WLDAP32.dll
0x000007fefdb10000 - 0x000007fefdb67000 	C:\Windows\system32\apphelp.dll
0x000007fef3990000 - 0x000007fef3b2c000 	C:\Windows\system32\NetworkExplorer.dll
0x000007fef5af0000 - 0x000007fef5b24000 	C:\Windows\System32\shdocvw.dll
0x000007fefb920000 - 0x000007fefb92b000 	C:\Windows\system32\slc.dll
0x000007fef7d50000 - 0x000007fef7d68000 	C:\Windows\system32\MPR.dll
0x000007feef150000 - 0x000007feef15a000 	C:\Windows\System32\drprov.dll
0x000007fefd620000 - 0x000007fefd65d000 	C:\Windows\System32\WINSTA.dll
0x000007feeb5e0000 - 0x000007feeb602000 	C:\Windows\System32\ntlanman.dll
0x000007feef130000 - 0x000007feef14c000 	C:\Windows\System32\davclnt.dll
0x000007feebc80000 - 0x000007feebc8a000 	C:\Windows\System32\DAVHLPR.dll
0x000007fefb250000 - 0x000007fefb265000 	C:\Windows\system32\wkscli.dll
0x000007fefa630000 - 0x000007fefa63f000 	C:\Windows\system32\cscapi.dll
0x000007fefb370000 - 0x000007fefb37c000 	C:\Windows\system32\netutils.dll
0x000007fef29c0000 - 0x000007fef2a7d000 	C:\Windows\system32\PortableDeviceApi.dll
0x000007fefdf20000 - 0x000007fefdf5a000 	C:\Windows\system32\WINTRUST.dll
0x000007fefdd10000 - 0x000007fefde77000 	C:\Windows\system32\CRYPT32.dll
0x000007fefdce0000 - 0x000007fefdcef000 	C:\Windows\system32\MSASN1.dll
0x000007fefc3d0000 - 0x000007fefc3f7000 	C:\Windows\system32\EhStorAPI.dll
0x000007fef5ae0000 - 0x000007fef5aec000 	C:\Windows\system32\LINKINFO.dll
0x000000000e1d0000 - 0x000000000e235000 	C:\Program Files\WIDCOMM\Bluetooth Software\btmmhook.dll
0x0000000067c30000 - 0x0000000067c5a000 	C:\Program Files\Java\jre7\bin\dcpr.dll
0x000000005d960000 - 0x000000005d967000 	C:\Program Files\Java\jre7\bin\jawt.dll
0x000000000d720000 - 0x000000000d751000 	C:\Program Files\WIDCOMM\Bluetooth Software\btkeyind.dll
0x000007feeaa30000 - 0x000007feeab55000 	C:\Windows\system32\dbghelp.dll

VM Arguments:
jvm_args: -agentlib:jdwp=transport=dt_socket,suspend=y,address=localhost:8354 -Dfile.encoding=Cp1256 
java_command: com.jajeem.videoplayer.design.VideoPlayer
Launcher Type: SUN_STANDARD

Environment Variables:
PATH=C:\Program Files (x86)\NVIDIA Corporation\PhysX\Common;C:\Program Files (x86)\MiKTeX 2.9\miktex\bin;C:\Windows\system32;C:\Windows;C:\Windows\System32\Wbem;C:\Windows\System32\WindowsPowerShell\v1.0\;c:\Program Files (x86)\ATI Technologies\ATI.ACE\Core-Static;C:\Program Files\Intel\WiFi\bin\;C:\Program Files\Common Files\Intel\WirelessCommon\;C:\Program Files (x86)\Common Files\Roxio Shared\DLLShared\;C:\Program Files (x86)\Common Files\Roxio Shared\OEM\DLLShared\;C:\Program Files (x86)\Common Files\Roxio Shared\OEM\DLLShared\;C:\Program Files (x86)\Common Files\Roxio Shared\OEM\12.0\DLLShared\;C:\Program Files (x86)\Roxio\OEM\AudioCore\;C:\Program Files (x86)\Java\jre6\bin;C:\Program Files\TortoiseSVN\bin;C:\Program Files (x86)\Microsoft SQL Server\100\Tools\Binn\;C:\Program Files\Microsoft SQL Server\100\Tools\Binn\;C:\Program Files\Microsoft SQL Server\100\DTS\Binn\;C:\Program Files (x86)\Microsoft SQL Server\100\Tools\Binn\VSShell\Common7\IDE\;C:\Program Files (x86)\Microsoft Visual Studio 9.0\Common7\IDE\PrivateAssemblies\;C:\Program Files (x86)\Microsoft SQL Server\100\DTS\Binn\;C:\Program Files\Microsoft\Web Platform Installer\;;C:\Program Files (x86)\Universal Extractor;C:\Program Files (x86)\Universal Extractor\bin;C:\Program Files (x86)\Microsoft ASP.NET\ASP.NET Web Pages\v1.0\;C:\Program Files (x86)\Windows Kits\8.0\Windows Performance Toolkit\;C:\Program Files\Microsoft SQL Server\110\Tools\Binn\;C:\Program Files\WIDCOMM\Bluetooth Software\;C:\Program Files\WIDCOMM\Bluetooth Software\syswow64;C:\Program Files (x86)\OpenVPN\bin
USERNAME=Armin
OS=Windows_NT
PROCESSOR_IDENTIFIER=Intel64 Family 6 Model 42 Stepping 7, GenuineIntel



---------------  S Y S T E M  ---------------

OS: Windows 7 , 64 bit Build 7601 Service Pack 1

CPU:total 8 (4 cores per cpu, 2 threads per core) family 6 model 42 stepping 7, cmov, cx8, fxsr, mmx, sse, sse2, sse3, ssse3, sse4.1, sse4.2, popcnt, avx, ht, tsc, tscinvbit

Memory: 4k page, physical 8335180k(4044624k free), swap 16668512k(11276648k free)

vm_info: Java HotSpot(TM) 64-Bit Server VM (23.7-b01) for windows-amd64 JRE (1.7.0_17-b02), built on Mar  1 2013 03:38:30 by "java_re" with unknown MS VC++:1600

time: Sun Jun 02 17:15:10 2013
elapsed time: 18 seconds

