#
# A fatal error has been detected by the Java Runtime Environment:
#
#  EXCEPTION_ACCESS_VIOLATION (0xc0000005) at pc=0x00000000776ae4b4, pid=6192, tid=1084
#
# JRE version: 7.0_17-b02
# Java VM: Java HotSpot(TM) 64-Bit Server VM (23.7-b01 mixed mode windows-amd64 compressed oops)
# Problematic frame:
# C  [ntdll.dll+0x4e4b4]  RtlDeNormalizeProcessParams+0x5a4
#
# Failed to write core dump. Minidumps are not enabled by default on client versions of Windows
#
# If you would like to submit a bug report, please visit:
#   http://bugreport.sun.com/bugreport/crash.jsp
# The crash happened outside the Java Virtual Machine in native code.
# See problematic frame for where to report the bug.
#

---------------  T H R E A D  ---------------

Current thread (0x0000000014e0b000):  JavaThread "pool-2-thread-1" [_thread_in_native, id=1084, stack(0x0000000015980000,0x0000000015a80000)]

siginfo: ExceptionCode=0xc0000005, writing address 0x0000000000000024

Registers:
RAX=0x0000000000000000, RBX=0x0000000013323e20, RCX=0x00000000fffffffc, RDX=0x0000000000000500
RSP=0x0000000015a7e030, RBP=0x0000000000000000, RSI=0x0000000000000500, RDI=0x0000000000000000
R8 =0x0000000015a7dfe8, R9 =0x0000000000000004, R10=0x0000000000000000, R11=0x0000000000000246
R12=0x0000000000000000, R13=0x0000000000000000, R14=0x000007fffff6c000, R15=0x0000000000000000
RIP=0x00000000776ae4b4, EFLAGS=0x0000000000010213

Top of Stack: (sp=0x0000000015a7e030)
0x0000000015a7e030:   0000000014e0b900 0000000000000500
0x0000000015a7e040:   00000000023c6590 0000000013323e18
0x0000000015a7e050:   0000000014e0b1d8 0000000015a7e1d8
0x0000000015a7e060:   0000000014e0b000 0000000065665f08
0x0000000015a7e070:   0000000002155800 0000000015a7e1d0
0x0000000015a7e080:   0000000000000000 0000000000000000
0x0000000015a7e090:   fffffff90000002f 000000000ffa7bb8
0x0000000015a7e0a0:   000000000000000f 0000000000000000
0x0000000015a7e0b0:   0000000014e0b000 0000000015a7e940
0x0000000015a7e0c0:   0000000000000004 0000000000000001
0x0000000015a7e0d0:   00000000ff000000 00000000776ae3db
0x0000000015a7e0e0:   0000000000000000 0000000000000000
0x0000000015a7e0f0:   000000077bd70730 0000000013323e20
0x0000000015a7e100:   0000000013323da8 0000000061ae8b65
0x0000000015a7e110:   0000000015a7e1d0 0000000013323e18
0x0000000015a7e120:   00000000023c6590 000007fee50805fa 

Instructions: (pc=0x00000000776ae4b4)
0x00000000776ae494:   0f b1 4b 08 0f 85 9b 47 fd ff 48 8b 03 4c 89 ac
0x00000000776ae4a4:   24 c0 00 00 00 33 ed 45 33 ed 48 83 f8 ff 74 03
0x00000000776ae4b4:   ff 40 24 ba 22 17 00 00 48 8d 3d cd 8f 0e 00 80
0x00000000776ae4c4:   3c 25 82 03 fe 7f 00 0f 85 53 be 01 00 48 83 fe 


Register to memory mapping:

RAX=0x0000000000000000 is an unknown value
RBX=0x0000000013323e20 is an unknown value
RCX=0x00000000fffffffc is an unknown value
RDX=0x0000000000000500 is an unknown value
RSP=0x0000000015a7e030 is pointing into the stack for thread: 0x0000000014e0b000
RBP=0x0000000000000000 is an unknown value
RSI=0x0000000000000500 is an unknown value
RDI=0x0000000000000000 is an unknown value
R8 =0x0000000015a7dfe8 is pointing into the stack for thread: 0x0000000014e0b000
R9 =0x0000000000000004 is an unknown value
R10=0x0000000000000000 is an unknown value
R11=0x0000000000000246 is an unknown value
R12=0x0000000000000000 is an unknown value
R13=0x0000000000000000 is an unknown value
R14=0x000007fffff6c000 is an unknown value
R15=0x0000000000000000 is an unknown value


Stack: [0x0000000015980000,0x0000000015a80000],  sp=0x0000000015a7e030,  free space=1016k
Native frames: (J=compiled Java code, j=interpreted, Vv=VM code, C=native code)
C  [ntdll.dll+0x4e4b4]  RtlDeNormalizeProcessParams+0x5a4

[error occurred during error reporting (printing native stack), id 0xc0000005]

Java frames: (J=compiled Java code, j=interpreted, Vv=VM code)
j  com.sun.jna.Native.invokeLong(JI[Ljava/lang/Object;)J+0
j  com.sun.jna.Function.invoke([Ljava/lang/Object;Ljava/lang/Class;Z)Ljava/lang/Object;+389
j  com.sun.jna.Function.invoke(Ljava/lang/Class;[Ljava/lang/Object;Ljava/util/Map;)Ljava/lang/Object;+214
j  com.sun.jna.Library$Handler.invoke(Ljava/lang/Object;Ljava/lang/reflect/Method;[Ljava/lang/Object;)Ljava/lang/Object;+341
j  com.sun.proxy.$Proxy0.libvlc_media_player_get_time(Luk/co/caprica/vlcj/binding/internal/libvlc_media_player_t;)J+16
j  uk.co.caprica.vlcj.player.DefaultMediaPlayer.getTime()J+17
j  uk.co.caprica.vlcj.test.basic.PlayerControlsPanel$UpdateRunnable.run()V+4
j  java.util.concurrent.Executors$RunnableAdapter.call()Ljava/lang/Object;+4
j  java.util.concurrent.FutureTask$Sync.innerRunAndReset()Z+30
j  java.util.concurrent.FutureTask.runAndReset()Z+4
j  java.util.concurrent.ScheduledThreadPoolExecutor$ScheduledFutureTask.access$301(Ljava/util/concurrent/ScheduledThreadPoolExecutor$ScheduledFutureTask;)Z+1
j  java.util.concurrent.ScheduledThreadPoolExecutor$ScheduledFutureTask.run()V+37
j  java.util.concurrent.ThreadPoolExecutor.runWorker(Ljava/util/concurrent/ThreadPoolExecutor$Worker;)V+95
j  java.util.concurrent.ThreadPoolExecutor$Worker.run()V+5
j  java.lang.Thread.run()V+11
v  ~StubRoutines::call_stub

---------------  P R O C E S S  ---------------

Java Threads: ( => current thread )
=>0x0000000014e0b000 JavaThread "pool-2-thread-1" [_thread_in_native, id=1084, stack(0x0000000015980000,0x0000000015a80000)]
  0x000000000fd2b800 JavaThread "vlcj native mouse hook" [_thread_in_native, id=8132, stack(0x0000000010a10000,0x0000000010b10000)]
  0x000000000219f000 JavaThread "DestroyJavaVM" [_thread_blocked, id=7352, stack(0x00000000022c0000,0x00000000023c0000)]
  0x000000000fc17000 JavaThread "AWT-EventQueue-0" [_thread_blocked, id=3204, stack(0x0000000010610000,0x0000000010710000)]
  0x000000000fc13800 JavaThread "AWT-Shutdown" [_thread_blocked, id=4940, stack(0x0000000010760000,0x0000000010860000)]
  0x000000000e1a6800 JavaThread "Java2D Disposer" daemon [_thread_blocked, id=7304, stack(0x00000000104e0000,0x00000000105e0000)]
  0x000000000dea7000 JavaThread "Service Thread" daemon [_thread_blocked, id=7264, stack(0x000000000f710000,0x000000000f810000)]
  0x000000000de9e000 JavaThread "C2 CompilerThread1" daemon [_thread_blocked, id=6848, stack(0x000000000f850000,0x000000000f950000)]
  0x000000000de9a800 JavaThread "C2 CompilerThread0" daemon [_thread_blocked, id=7096, stack(0x000000000f5b0000,0x000000000f6b0000)]
  0x000000000de82000 JavaThread "JDWP Command Reader" daemon [_thread_in_native, id=6872, stack(0x000000000f150000,0x000000000f250000)]
  0x000000000de81000 JavaThread "JDWP Event Helper Thread" daemon [_thread_blocked, id=7912, stack(0x000000000f3d0000,0x000000000f4d0000)]
  0x000000000de73000 JavaThread "JDWP Transport Listener: dt_socket" daemon [_thread_blocked, id=6892, stack(0x000000000f2c0000,0x000000000f3c0000)]
  0x000000000de68000 JavaThread "Attach Listener" daemon [_thread_blocked, id=6816, stack(0x000000000e530000,0x000000000e630000)]
  0x000000000de67000 JavaThread "Signal Dispatcher" daemon [_thread_blocked, id=7972, stack(0x000000000e2b0000,0x000000000e3b0000)]
  0x000000000be2b000 JavaThread "Finalizer" daemon [_thread_blocked, id=3608, stack(0x000000000dd10000,0x000000000de10000)]
  0x000000000be22800 JavaThread "Reference Handler" daemon [_thread_blocked, id=7524, stack(0x000000000dbd0000,0x000000000dcd0000)]

Other Threads:
  0x000000000be17000 VMThread [stack: 0x000000000dac0000,0x000000000dbc0000] [id=5204]
  0x000000000deb1800 WatcherThread [stack: 0x000000000fac0000,0x000000000fbc0000] [id=7388]

VM state:not at safepoint (normal execution)

VM Mutex/Monitor currently owned by a thread: None

Heap
 PSYoungGen      total 38016K, used 2461K [0x00000007d5960000, 0x00000007d83c0000, 0x0000000800000000)
  eden space 32640K, 7% used [0x00000007d5960000,0x00000007d5bc7620,0x00000007d7940000)
  from space 5376K, 0% used [0x00000007d7940000,0x00000007d7940000,0x00000007d7e80000)
  to   space 5376K, 0% used [0x00000007d7e80000,0x00000007d7e80000,0x00000007d83c0000)
 ParOldGen       total 86848K, used 3061K [0x0000000780c00000, 0x00000007860d0000, 0x00000007d5960000)
  object space 86848K, 3% used [0x0000000780c00000,0x0000000780efd5b8,0x00000007860d0000)
 PSPermGen       total 37888K, used 16823K [0x000000077ba00000, 0x000000077df00000, 0x0000000780c00000)
  object space 37888K, 44% used [0x000000077ba00000,0x000000077ca6df68,0x000000077df00000)

Card table byte_map: [0x00000000053c0000,0x00000000057f0000] byte_map_base: 0x00000000017e3000

Polling page: 0x0000000001b50000

Code Cache  [0x00000000023c0000, 0x0000000002630000, 0x00000000053c0000)
 total_blobs=629 nmethods=140 adapters=448 free_code_cache=48192Kb largest_free_block=49318144

Compilation events (10 events):
Event: 8.471 Thread 0x000000000de9a800  133   !         java.util.WeakHashMap::expungeStaleEntries (139 bytes)
Event: 8.472 Thread 0x000000000de9e000  134             java.util.WeakHashMap::getTable (9 bytes)
Event: 8.506 Thread 0x000000000de9e000 nmethod 134 0x00000000024aa850 code [0x00000000024aa9e0, 0x00000000024ab838]
Event: 8.506 Thread 0x000000000de9a800 nmethod 133 0x00000000024b12d0 code [0x00000000024b1460, 0x00000000024b2298]
Event: 8.507 Thread 0x000000000de9e000  135             sun.reflect.Reflection::quickCheckMemberAccess (10 bytes)
Event: 8.507 Thread 0x000000000de9a800  136             java.util.WeakHashMap::hash (65 bytes)
Event: 8.508 Thread 0x000000000de9e000 nmethod 135 0x00000000024b5d10 code [0x00000000024b5e40, 0x00000000024b5ed8]
Event: 8.508 Thread 0x000000000de9e000  137             java.util.WeakHashMap::maskNull (12 bytes)
Event: 8.509 Thread 0x000000000de9e000 nmethod 137 0x00000000024b5b10 code [0x00000000024b5c40, 0x00000000024b5c98]
Event: 8.511 Thread 0x000000000de9a800 nmethod 136 0x00000000024b3d50 code [0x00000000024b3ea0, 0x00000000024b4088]

GC Heap History (10 events):
Event: 4.608 GC heap before
{Heap before GC invocations=1 (full 0):
 PSYoungGen      total 38016K, used 32640K [0x00000007d5960000, 0x00000007d83c0000, 0x0000000800000000)
  eden space 32640K, 100% used [0x00000007d5960000,0x00000007d7940000,0x00000007d7940000)
  from space 5376K, 0% used [0x00000007d7e80000,0x00000007d7e80000,0x00000007d83c0000)
  to   space 5376K, 0% used [0x00000007d7940000,0x00000007d7940000,0x00000007d7e80000)
 ParOldGen       total 86848K, used 0K [0x0000000780c00000, 0x00000007860d0000, 0x00000007d5960000)
  object space 86848K, 0% used [0x0000000780c00000,0x0000000780c00000,0x00000007860d0000)
 PSPermGen       total 21248K, used 16564K [0x000000077ba00000, 0x000000077cec0000, 0x0000000780c00000)
  object space 21248K, 77% used [0x000000077ba00000,0x000000077ca2d228,0x000000077cec0000)
Event: 4.634 GC heap after
Heap after GC invocations=1 (full 0):
 PSYoungGen      total 38016K, used 4066K [0x00000007d5960000, 0x00000007d83c0000, 0x0000000800000000)
  eden space 32640K, 0% used [0x00000007d5960000,0x00000007d5960000,0x00000007d7940000)
  from space 5376K, 75% used [0x00000007d7940000,0x00000007d7d38800,0x00000007d7e80000)
  to   space 5376K, 0% used [0x00000007d7e80000,0x00000007d7e80000,0x00000007d83c0000)
 ParOldGen       total 86848K, used 8K [0x0000000780c00000, 0x00000007860d0000, 0x00000007d5960000)
  object space 86848K, 0% used [0x0000000780c00000,0x0000000780c02000,0x00000007860d0000)
 PSPermGen       total 21248K, used 16564K [0x000000077ba00000, 0x000000077cec0000, 0x0000000780c00000)
  object space 21248K, 77% used [0x000000077ba00000,0x000000077ca2d228,0x000000077cec0000)
}
Event: 8.723 GC heap before
{Heap before GC invocations=2 (full 0):
 PSYoungGen      total 38016K, used 19477K [0x00000007d5960000, 0x00000007d83c0000, 0x0000000800000000)
  eden space 32640K, 47% used [0x00000007d5960000,0x00000007d686cdb0,0x00000007d7940000)
  from space 5376K, 75% used [0x00000007d7940000,0x00000007d7d38800,0x00000007d7e80000)
  to   space 5376K, 0% used [0x00000007d7e80000,0x00000007d7e80000,0x00000007d83c0000)
 ParOldGen       total 86848K, used 8K [0x0000000780c00000, 0x00000007860d0000, 0x00000007d5960000)
  object space 86848K, 0% used [0x0000000780c00000,0x0000000780c02000,0x00000007860d0000)
 PSPermGen       total 21248K, used 16823K [0x000000077ba00000, 0x000000077cec0000, 0x0000000780c00000)
  object space 21248K, 79% used [0x000000077ba00000,0x000000077ca6df60,0x000000077cec0000)
Event: 8.740 GC heap after
Heap after GC invocations=2 (full 0):
 PSYoungGen      total 38016K, used 3223K [0x00000007d5960000, 0x00000007d83c0000, 0x0000000800000000)
  eden space 32640K, 0% used [0x00000007d5960000,0x00000007d5960000,0x00000007d7940000)
  from space 5376K, 59% used [0x00000007d7e80000,0x00000007d81a5d28,0x00000007d83c0000)
  to   space 5376K, 0% used [0x00000007d7940000,0x00000007d7940000,0x00000007d7e80000)
 ParOldGen       total 86848K, used 16K [0x0000000780c00000, 0x00000007860d0000, 0x00000007d5960000)
  object space 86848K, 0% used [0x0000000780c00000,0x0000000780c04000,0x00000007860d0000)
 PSPermGen       total 21248K, used 16823K [0x000000077ba00000, 0x000000077cec0000, 0x0000000780c00000)
  object space 21248K, 79% used [0x000000077ba00000,0x000000077ca6df60,0x000000077cec0000)
}
Event: 8.740 GC heap before
{Heap before GC invocations=3 (full 1):
 PSYoungGen      total 38016K, used 3223K [0x00000007d5960000, 0x00000007d83c0000, 0x0000000800000000)
  eden space 32640K, 0% used [0x00000007d5960000,0x00000007d5960000,0x00000007d7940000)
  from space 5376K, 59% used [0x00000007d7e80000,0x00000007d81a5d28,0x00000007d83c0000)
  to   space 5376K, 0% used [0x00000007d7940000,0x00000007d7940000,0x00000007d7e80000)
 ParOldGen       total 86848K, used 16K [0x0000000780c00000, 0x00000007860d0000, 0x00000007d5960000)
  object space 86848K, 0% used [0x0000000780c00000,0x0000000780c04000,0x00000007860d0000)
 PSPermGen       total 21248K, used 16823K [0x000000077ba00000, 0x000000077cec0000, 0x0000000780c00000)
  object space 21248K, 79% used [0x000000077ba00000,0x000000077ca6df60,0x000000077cec0000)
Event: 8.832 GC heap after
Heap after GC invocations=3 (full 1):
 PSYoungGen      total 38016K, used 0K [0x00000007d5960000, 0x00000007d83c0000, 0x0000000800000000)
  eden space 32640K, 0% used [0x00000007d5960000,0x00000007d5960000,0x00000007d7940000)
  from space 5376K, 0% used [0x00000007d7e80000,0x00000007d7e80000,0x00000007d83c0000)
  to   space 5376K, 0% used [0x00000007d7940000,0x00000007d7940000,0x00000007d7e80000)
 ParOldGen       total 86848K, used 3060K [0x0000000780c00000, 0x00000007860d0000, 0x00000007d5960000)
  object space 86848K, 3% used [0x0000000780c00000,0x0000000780efd308,0x00000007860d0000)
 PSPermGen       total 34176K, used 16817K [0x000000077ba00000, 0x000000077db60000, 0x0000000780c00000)
  object space 34176K, 49% used [0x000000077ba00000,0x000000077ca6c538,0x000000077db60000)
}
Event: 8.835 GC heap before
{Heap before GC invocations=4 (full 1):
 PSYoungGen      total 38016K, used 1201K [0x00000007d5960000, 0x00000007d83c0000, 0x0000000800000000)
  eden space 32640K, 3% used [0x00000007d5960000,0x00000007d5a8c4d0,0x00000007d7940000)
  from space 5376K, 0% used [0x00000007d7e80000,0x00000007d7e80000,0x00000007d83c0000)
  to   space 5376K, 0% used [0x00000007d7940000,0x00000007d7940000,0x00000007d7e80000)
 ParOldGen       total 86848K, used 3060K [0x0000000780c00000, 0x00000007860d0000, 0x00000007d5960000)
  object space 86848K, 3% used [0x0000000780c00000,0x0000000780efd308,0x00000007860d0000)
 PSPermGen       total 34176K, used 16817K [0x000000077ba00000, 0x000000077db60000, 0x0000000780c00000)
  object space 34176K, 49% used [0x000000077ba00000,0x000000077ca6c538,0x000000077db60000)
Event: 8.837 GC heap after
Heap after GC invocations=4 (full 1):
 PSYoungGen      total 38016K, used 128K [0x00000007d5960000, 0x00000007d83c0000, 0x0000000800000000)
  eden space 32640K, 0% used [0x00000007d5960000,0x00000007d5960000,0x00000007d7940000)
  from space 5376K, 2% used [0x00000007d7940000,0x00000007d7960000,0x00000007d7e80000)
  to   space 5376K, 0% used [0x00000007d7e80000,0x00000007d7e80000,0x00000007d83c0000)
 ParOldGen       total 86848K, used 3060K [0x0000000780c00000, 0x00000007860d0000, 0x00000007d5960000)
  object space 86848K, 3% used [0x0000000780c00000,0x0000000780efd308,0x00000007860d0000)
 PSPermGen       total 34176K, used 16817K [0x000000077ba00000, 0x000000077db60000, 0x0000000780c00000)
  object space 34176K, 49% used [0x000000077ba00000,0x000000077ca6c538,0x000000077db60000)
}
Event: 8.837 GC heap before
{Heap before GC invocations=5 (full 2):
 PSYoungGen      total 38016K, used 128K [0x00000007d5960000, 0x00000007d83c0000, 0x0000000800000000)
  eden space 32640K, 0% used [0x00000007d5960000,0x00000007d5960000,0x00000007d7940000)
  from space 5376K, 2% used [0x00000007d7940000,0x00000007d7960000,0x00000007d7e80000)
  to   space 5376K, 0% used [0x00000007d7e80000,0x00000007d7e80000,0x00000007d83c0000)
 ParOldGen       total 86848K, used 3060K [0x0000000780c00000, 0x00000007860d0000, 0x00000007d5960000)
  object space 86848K, 3% used [0x0000000780c00000,0x0000000780efd308,0x00000007860d0000)
 PSPermGen       total 34176K, used 16817K [0x000000077ba00000, 0x000000077db60000, 0x0000000780c00000)
  object space 34176K, 49% used [0x000000077ba00000,0x000000077ca6c538,0x000000077db60000)
Event: 8.921 GC heap after
Heap after GC invocations=5 (full 2):
 PSYoungGen      total 38016K, used 0K [0x00000007d5960000, 0x00000007d83c0000, 0x0000000800000000)
  eden space 32640K, 0% used [0x00000007d5960000,0x00000007d5960000,0x00000007d7940000)
  from space 5376K, 0% used [0x00000007d7940000,0x00000007d7940000,0x00000007d7e80000)
  to   space 5376K, 0% used [0x00000007d7e80000,0x00000007d7e80000,0x00000007d83c0000)
 ParOldGen       total 86848K, used 3061K [0x0000000780c00000, 0x00000007860d0000, 0x00000007d5960000)
  object space 86848K, 3% used [0x0000000780c00000,0x0000000780efd5b8,0x00000007860d0000)
 PSPermGen       total 37888K, used 16817K [0x000000077ba00000, 0x000000077df00000, 0x0000000780c00000)
  object space 37888K, 44% used [0x000000077ba00000,0x000000077ca6c538,0x000000077df00000)
}

Deoptimization events (10 events):
Event: 1.519 Thread 0x000000000fc17000 Uncommon trap -58 fr.pc 0x000000000243ebd8
Event: 1.522 Thread 0x000000000fc17000 Uncommon trap -58 fr.pc 0x000000000243a4dc
Event: 1.629 Thread 0x000000000fc17000 Uncommon trap -12 fr.pc 0x000000000243d8e4
Event: 1.971 Thread 0x000000000fc17000 Uncommon trap -83 fr.pc 0x0000000002446850
Event: 2.248 Thread 0x000000000fc17000 Uncommon trap -83 fr.pc 0x0000000002452a44
Event: 2.249 Thread 0x000000000fc17000 Uncommon trap -83 fr.pc 0x0000000002453574
Event: 4.221 Thread 0x000000000fc17000 Uncommon trap -34 fr.pc 0x000000000244dfc0
Event: 4.222 Thread 0x000000000fc17000 Uncommon trap -34 fr.pc 0x000000000244dfc0
Event: 4.230 Thread 0x000000000fc17000 Uncommon trap -34 fr.pc 0x000000000244dfc0
Event: 4.231 Thread 0x000000000fc17000 Uncommon trap -34 fr.pc 0x000000000244dfc0

Internal exceptions (10 events):
Event: 4.245 Thread 0x000000000fc17000 Threw 0x00000007d77734d8 at C:\jdk7u2_64p\jdk7u17\hotspot\src\share\vm\prims\jvm.cpp:1166
Event: 4.273 Thread 0x000000000fc17000 Threw 0x00000007d7776f68 at C:\jdk7u2_64p\jdk7u17\hotspot\src\share\vm\prims\jvm.cpp:1166
Event: 4.276 Thread 0x000000000fc17000 Threw 0x00000007d777b038 at C:\jdk7u2_64p\jdk7u17\hotspot\src\share\vm\prims\jvm.cpp:1166
Event: 4.279 Thread 0x000000000fc17000 Threw 0x00000007d777fd80 at C:\jdk7u2_64p\jdk7u17\hotspot\src\share\vm\prims\jvm.cpp:1166
Event: 4.281 Thread 0x000000000fc17000 Threw 0x00000007d7784a70 at C:\jdk7u2_64p\jdk7u17\hotspot\src\share\vm\prims\jvm.cpp:1166
Event: 4.283 Thread 0x000000000fc17000 Threw 0x00000007d778eb78 at C:\jdk7u2_64p\jdk7u17\hotspot\src\share\vm\prims\jvm.cpp:1166
Event: 4.284 Thread 0x000000000fc17000 Threw 0x00000007d7798158 at C:\jdk7u2_64p\jdk7u17\hotspot\src\share\vm\prims\jvm.cpp:1166
Event: 4.286 Thread 0x000000000fc17000 Threw 0x00000007d779eee0 at C:\jdk7u2_64p\jdk7u17\hotspot\src\share\vm\prims\jvm.cpp:1166
Event: 4.288 Thread 0x000000000fc17000 Threw 0x00000007d77a9c38 at C:\jdk7u2_64p\jdk7u17\hotspot\src\share\vm\prims\jvm.cpp:1166
Event: 8.922 Thread 0x000000000fc17000 Threw 0x00000007d5960490 at C:\jdk7u2_64p\jdk7u17\hotspot\src\share\vm\prims\jni.cpp:742

Events (10 events):
Event: 8.942 Thread 0x0000000010361800 Thread exited: 0x0000000010361800
Event: 8.942 loading class 0x0000000014520fa0
Event: 8.942 loading class 0x0000000014520fa0 done
Event: 8.943 loading class 0x000000000ff509e0
Event: 8.943 loading class 0x000000000ff509e0 done
Event: 8.943 Thread 0x000000000e0c8800 Thread exited: 0x000000000e0c8800
Event: 8.944 Thread 0x00000000144d1000 Thread exited: 0x00000000144d1000
Event: 8.973 Thread 0x000000000ff55000 Thread exited: 0x000000000ff55000
Event: 8.980 Thread 0x0000000010217800 Thread exited: 0x0000000010217800
Event: 8.996 Thread 0x000000000fc14000 Thread exited: 0x000000000fc14000


Dynamic libraries:
0x000000013f250000 - 0x000000013f283000 	C:\Program Files\Java\jre7\bin\javaw.exe
0x0000000077660000 - 0x0000000077809000 	C:\Windows\SYSTEM32\ntdll.dll
0x00000000770e0000 - 0x00000000771ff000 	C:\Windows\system32\kernel32.dll
0x000007fefdd80000 - 0x000007fefddeb000 	C:\Windows\system32\KERNELBASE.dll
0x000007fefeb00000 - 0x000007fefebdb000 	C:\Windows\system32\ADVAPI32.dll
0x000007fefe4c0000 - 0x000007fefe55f000 	C:\Windows\system32\msvcrt.dll
0x000007fefe600000 - 0x000007fefe61f000 	C:\Windows\SYSTEM32\sechost.dll
0x000007fefe390000 - 0x000007fefe4bd000 	C:\Windows\system32\RPCRT4.dll
0x0000000077560000 - 0x000000007765a000 	C:\Windows\system32\USER32.dll
0x000007fefe310000 - 0x000007fefe377000 	C:\Windows\system32\GDI32.dll
0x000007fefe380000 - 0x000007fefe38e000 	C:\Windows\system32\LPK.dll
0x000007fefe630000 - 0x000007fefe6f9000 	C:\Windows\system32\USP10.dll
0x000007fefc2b0000 - 0x000007fefc4a4000 	C:\Windows\WinSxS\amd64_microsoft.windows.common-controls_6595b64144ccf1df_6.0.7601.17514_none_fa396087175ac9ac\COMCTL32.dll
0x000007fefea80000 - 0x000007fefeaf1000 	C:\Windows\system32\SHLWAPI.dll
0x000007fefe150000 - 0x000007fefe17e000 	C:\Windows\system32\IMM32.DLL
0x000007fefe180000 - 0x000007fefe289000 	C:\Windows\system32\MSCTF.dll
0x00000000668c0000 - 0x0000000066991000 	C:\Program Files\Java\jre7\bin\msvcr100.dll
0x0000000065160000 - 0x000000006587f000 	C:\Program Files\Java\jre7\bin\server\jvm.dll
0x000007fefa6a0000 - 0x000007fefa6a9000 	C:\Windows\system32\WSOCK32.dll
0x000007fefe700000 - 0x000007fefe74d000 	C:\Windows\system32\WS2_32.dll
0x000007fefe620000 - 0x000007fefe628000 	C:\Windows\system32\NSI.dll
0x000007fefbf50000 - 0x000007fefbf8b000 	C:\Windows\system32\WINMM.dll
0x0000000077820000 - 0x0000000077827000 	C:\Windows\system32\PSAPI.DLL
0x00000000668b0000 - 0x00000000668bf000 	C:\Program Files\Java\jre7\bin\verify.dll
0x0000000066880000 - 0x00000000668a8000 	C:\Program Files\Java\jre7\bin\java.dll
0x0000000061a90000 - 0x0000000061ac5000 	C:\Program Files\Java\jre7\bin\jdwp.dll
0x00000000662e0000 - 0x00000000662e8000 	C:\Program Files\Java\jre7\bin\npt.dll
0x0000000066860000 - 0x0000000066875000 	C:\Program Files\Java\jre7\bin\zip.dll
0x0000000066460000 - 0x0000000066469000 	C:\Program Files\Java\jre7\bin\dt_socket.dll
0x000007fefd2f0000 - 0x000007fefd345000 	C:\Windows\system32\mswsock.dll
0x000007fefd170000 - 0x000007fefd1cb000 	C:\Windows\system32\DNSAPI.dll
0x000007fefb180000 - 0x000007fefb195000 	C:\Windows\system32\napinsp.dll
0x000007fef06e0000 - 0x000007fef06f9000 	C:\Windows\system32\pnrpnsp.dll
0x000007fef5200000 - 0x000007fef520b000 	C:\Windows\System32\winrnr.dll
0x000007fefb680000 - 0x000007fefb690000 	C:\Windows\system32\wshbth.dll
0x000007fefa560000 - 0x000007fefa572000 	C:\Windows\system32\PrxerNsp.dll
0x000007fefcaa0000 - 0x000007fefcac7000 	C:\Windows\system32\IPHLPAPI.DLL
0x000007fefca90000 - 0x000007fefca9b000 	C:\Windows\system32\WINNSI.DLL
0x000007fefa550000 - 0x000007fefa558000 	C:\Windows\system32\rasadhlp.dll
0x0000000180000000 - 0x000000018003e000 	C:\Program Files (x86)\Avira\AntiVir Desktop\avsda64.dll
0x000007fefca70000 - 0x000007fefca86000 	C:\Windows\system32\PrxerDrv.dll
0x000007fefca60000 - 0x000007fefca67000 	C:\Windows\System32\wshtcpip.dll
0x000007fefd350000 - 0x000007fefd367000 	C:\Windows\system32\CRYPTSP.dll
0x000007fefd050000 - 0x000007fefd097000 	C:\Windows\system32\rsaenh.dll
0x000007fefce00000 - 0x000007fefce1e000 	C:\Windows\system32\USERENV.dll
0x000007fefdac0000 - 0x000007fefdacf000 	C:\Windows\system32\profapi.dll
0x000007fefd9b0000 - 0x000007fefd9bf000 	C:\Windows\system32\CRYPTBASE.dll
0x0000000066840000 - 0x0000000066859000 	C:\Program Files\Java\jre7\bin\net.dll
0x000007fefd2e0000 - 0x000007fefd2e7000 	C:\Windows\System32\wship6.dll
0x000007fefb360000 - 0x000007fefb3b3000 	C:\Windows\System32\fwpuclnt.dll
0x0000000066820000 - 0x0000000066831000 	C:\Program Files\Java\jre7\bin\nio.dll
0x000007fee5070000 - 0x000007fee50a7000 	C:\Users\Armin\AppData\Local\Temp\jna-Armin\jna4080797239611208708.dll
0x0000000063550000 - 0x00000000636e3000 	C:\Program Files\Java\jre7\bin\awt.dll
0x000007fefe070000 - 0x000007fefe147000 	C:\Windows\system32\OLEAUT32.dll
0x000007fefe750000 - 0x000007fefe953000 	C:\Windows\system32\ole32.dll
0x000007fefbea0000 - 0x000007fefbef6000 	C:\Windows\system32\uxtheme.dll
0x0000000005c80000 - 0x0000000005cbb000 	C:\Windows\W7FBC\dll.dll
0x000007fefe9e0000 - 0x000007fefea77000 	C:\Windows\system32\COMDLG32.dll
0x000007fefebe0000 - 0x000007feff968000 	C:\Windows\system32\SHELL32.dll
0x000007fefbc80000 - 0x000007fefbe95000 	C:\Windows\WinSxS\amd64_microsoft.windows.gdiplus_6595b64144ccf1df_1.1.7601.17514_none_2b24536c71ed437a\gdiplus.dll
0x000007fefb940000 - 0x000007fefb958000 	C:\Windows\system32\dwmapi.dll
0x0000000061ae0000 - 0x0000000061b10000 	C:\Users\Armin\Desktop\Kar\jajeem\util\vlclib\libvlc.dll
0x0000000061830000 - 0x0000000061a84000 	C:\Users\Armin\Desktop\Kar\jajeem\util\vlclib\libvlccore.dll
0x0000000066340000 - 0x0000000066374000 	C:\Program Files\Java\jre7\bin\fontmanager.dll
0x000007fefc970000 - 0x000007fefc97c000 	C:\Windows\system32\VERSION.dll
0x000007fef0f20000 - 0x000007fef0f2d000 	C:\Windows\system32\atiu9p64.dll
0x000007fefbfc0000 - 0x000007fefc048000 	C:\Windows\system32\DSOUND.dll
0x000007fefc940000 - 0x000007fefc96c000 	C:\Windows\system32\POWRPROF.dll
0x000007fefde90000 - 0x000007fefe067000 	C:\Windows\system32\SETUPAPI.dll
0x000007fefde10000 - 0x000007fefde46000 	C:\Windows\system32\CFGMGR32.dll
0x000007fefddf0000 - 0x000007fefde0a000 	C:\Windows\system32\DEVOBJ.dll
0x000000005b8f0000 - 0x000000005c463000 	C:\Users\Armin\Desktop\Kar\jajeem\util\vlclib\plugins\gui\libqt4_plugin.dll
0x000007fefb600000 - 0x000007fefb671000 	C:\Windows\system32\WINSPOOL.DRV
0x00000000615f0000 - 0x000000006176a000 	C:\Users\Armin\Desktop\Kar\jajeem\util\vlclib\plugins\misc\libxml_plugin.dll
0x000007fefbf00000 - 0x000007fefbf4b000 	C:\Windows\system32\MMDevAPI.DLL
0x000007fefc100000 - 0x000007fefc22c000 	C:\Windows\system32\PROPSYS.dll
0x000007fee5030000 - 0x000007fee506b000 	C:\Windows\system32\wdmaud.drv
0x0000000059c10000 - 0x0000000059c16000 	C:\Windows\system32\ksuser.dll
0x000007fefc230000 - 0x000007fefc239000 	C:\Windows\system32\AVRT.dll
0x000007fefbb30000 - 0x000007fefbb7f000 	C:\Windows\system32\AUDIOSES.DLL
0x000007fefc250000 - 0x000007fefc25a000 	C:\Windows\system32\msacm32.drv
0x000007fef5220000 - 0x000007fef5238000 	C:\Windows\system32\MSACM32.dll
0x000007fef3430000 - 0x000007fef3439000 	C:\Windows\system32\midimap.dll
0x000007fefa750000 - 0x000007fefa7f0000 	C:\Windows\WinSxS\amd64_microsoft.windows.common-controls_6595b64144ccf1df_5.82.7601.17514_none_a4d6a923711520a9\comctl32.dll
0x00000000662f0000 - 0x0000000066331000 	C:\Program Files\Java\jre7\bin\t2k.dll
0x000007fefe560000 - 0x000007fefe5f9000 	C:\Windows\system32\CLBCatQ.DLL
0x000007fefbf90000 - 0x000007fefbfbd000 	C:\Windows\system32\ntmarta.dll
0x000007fefe2b0000 - 0x000007fefe302000 	C:\Windows\system32\WLDAP32.dll
0x000007fefd950000 - 0x000007fefd9a7000 	C:\Windows\system32\apphelp.dll
0x000007fefb8d0000 - 0x000007fefb8db000 	C:\Windows\system32\slc.dll
0x000007fefa250000 - 0x000007fefa268000 	C:\Windows\system32\MPR.dll
0x000007fef53d0000 - 0x000007fef53da000 	C:\Windows\System32\drprov.dll
0x000007fefd9c0000 - 0x000007fefd9fd000 	C:\Windows\System32\WINSTA.dll
0x000007fef5350000 - 0x000007fef5372000 	C:\Windows\System32\ntlanman.dll
0x000007fef5330000 - 0x000007fef534c000 	C:\Windows\System32\davclnt.dll
0x000007fef5320000 - 0x000007fef532a000 	C:\Windows\System32\DAVHLPR.dll
0x000007fefb1d0000 - 0x000007fefb1e5000 	C:\Windows\system32\wkscli.dll
0x000007fef88d0000 - 0x000007fef88df000 	C:\Windows\system32\cscapi.dll
0x000007fefb1f0000 - 0x000007fefb1fc000 	C:\Windows\system32\netutils.dll
0x000007fefde50000 - 0x000007fefde8a000 	C:\Windows\system32\WINTRUST.dll
0x000007fefdc10000 - 0x000007fefdd77000 	C:\Windows\system32\CRYPT32.dll
0x000007fefdb60000 - 0x000007fefdb6f000 	C:\Windows\system32\MSASN1.dll
0x000007fef5740000 - 0x000007fef574c000 	C:\Windows\system32\LINKINFO.dll
0x000000000da00000 - 0x000000000da65000 	C:\Program Files\WIDCOMM\Bluetooth Software\btmmhook.dll
0x00000000632a0000 - 0x00000000632ca000 	C:\Program Files\Java\jre7\bin\dcpr.dll
0x000007fef34e0000 - 0x000007fef3605000 	C:\Windows\system32\dbghelp.dll

VM Arguments:
jvm_args: -agentlib:jdwp=transport=dt_socket,suspend=y,address=localhost:7408 -Dfile.encoding=Cp1256 
java_command: uk.co.caprica.vlcj.test.basic.TestPlayer
Launcher Type: SUN_STANDARD

Environment Variables:
PATH=C:\Program Files (x86)\NVIDIA Corporation\PhysX\Common;C:\Program Files (x86)\MiKTeX 2.9\miktex\bin;C:\Windows\system32;C:\Windows;C:\Windows\System32\Wbem;C:\Windows\System32\WindowsPowerShell\v1.0\;c:\Program Files (x86)\ATI Technologies\ATI.ACE\Core-Static;C:\Program Files\Intel\WiFi\bin\;C:\Program Files\Common Files\Intel\WirelessCommon\;C:\Program Files (x86)\Common Files\Roxio Shared\DLLShared\;C:\Program Files (x86)\Common Files\Roxio Shared\OEM\DLLShared\;C:\Program Files (x86)\Common Files\Roxio Shared\OEM\DLLShared\;C:\Program Files (x86)\Common Files\Roxio Shared\OEM\12.0\DLLShared\;C:\Program Files (x86)\Roxio\OEM\AudioCore\;C:\Program Files (x86)\Java\jre6\bin;C:\Program Files\TortoiseSVN\bin;C:\Program Files (x86)\Microsoft SQL Server\100\Tools\Binn\;C:\Program Files\Microsoft SQL Server\100\Tools\Binn\;C:\Program Files\Microsoft SQL Server\100\DTS\Binn\;C:\Program Files (x86)\Microsoft SQL Server\100\Tools\Binn\VSShell\Common7\IDE\;C:\Program Files (x86)\Microsoft Visual Studio 9.0\Common7\IDE\PrivateAssemblies\;C:\Program Files (x86)\Microsoft SQL Server\100\DTS\Binn\;C:\Program Files\Microsoft\Web Platform Installer\;;C:\Program Files (x86)\Universal Extractor;C:\Program Files (x86)\Universal Extractor\bin;C:\Program Files (x86)\Microsoft ASP.NET\ASP.NET Web Pages\v1.0\;C:\Program Files (x86)\Windows Kits\8.0\Windows Performance Toolkit\;C:\Program Files\Microsoft SQL Server\110\Tools\Binn\;C:\Program Files\WIDCOMM\Bluetooth Software\;C:\Program Files\WIDCOMM\Bluetooth Software\syswow64;C:\Program Files (x86)\OpenVPN\bin
USERNAME=Armin
OS=Windows_NT
PROCESSOR_IDENTIFIER=Intel64 Family 6 Model 42 Stepping 7, GenuineIntel



---------------  S Y S T E M  ---------------

OS: Windows 7 , 64 bit Build 7601 Service Pack 1

CPU:total 8 (4 cores per cpu, 2 threads per core) family 6 model 42 stepping 7, cmov, cx8, fxsr, mmx, sse, sse2, sse3, ssse3, sse4.1, sse4.2, popcnt, avx, ht, tsc, tscinvbit

Memory: 4k page, physical 8335180k(4357232k free), swap 16668512k(11590596k free)

vm_info: Java HotSpot(TM) 64-Bit Server VM (23.7-b01) for windows-amd64 JRE (1.7.0_17-b02), built on Mar  1 2013 03:38:30 by "java_re" with unknown MS VC++:1600

time: Wed Jun 26 16:15:51 2013
elapsed time: 9 seconds

