#
# A fatal error has been detected by the Java Runtime Environment:
#
#  EXCEPTION_ACCESS_VIOLATION (0xc0000005) at pc=0x000000007782e4b4, pid=5724, tid=4760
#
# JRE version: 7.0_17-b02
# Java VM: Java HotSpot(TM) 64-Bit Server VM (23.7-b01 mixed mode windows-amd64 compressed oops)
# Problematic frame:
# C  [ntdll.dll+0x4e4b4]  RtlDeNormalizeProcessParams+0x5a4
#
# Failed to write core dump. Minidumps are not enabled by default on client versions of Windows
#
# If you would like to submit a bug report, please visit:
#   http://bugreport.sun.com/bugreport/crash.jsp
# The crash happened outside the Java Virtual Machine in native code.
# See problematic frame for where to report the bug.
#

---------------  T H R E A D  ---------------

Current thread (0x000000000fc95800):  JavaThread "pool-2-thread-1" [_thread_in_native, id=4760, stack(0x00000000147b0000,0x00000000148b0000)]

siginfo: ExceptionCode=0xc0000005, writing address 0x0000000000000024

Registers:
RAX=0x0000000000000000, RBX=0x00000000138bbae0, RCX=0x00000000fffffffc, RDX=0x00000000000006b4
RSP=0x00000000148ae710, RBP=0x0000000000000000, RSI=0x00000000000006b4, RDI=0x0000000000000000
R8 =0x00000000148ae6c8, R9 =0x0000000000000004, R10=0x0000000000000000, R11=0x0000000000000246
R12=0x0000000000000000, R13=0x0000000000000000, R14=0x000007fffff6e000, R15=0x0000000000000000
RIP=0x000000007782e4b4, EFLAGS=0x0000000000010213

Top of Stack: (sp=0x00000000148ae710)
0x00000000148ae710:   000000000fc95800 00000000000006b4
0x00000000148ae720:   00000000021d8540 000000005b5d4d41
0x00000000148ae730:   000000000fc959d8 0000000000000000
0x00000000148ae740:   0000000013915ed0 000000000fe72658
0x00000000148ae750:   0000000013915ed0 0000000000000000
0x00000000148ae760:   0000000000000000 000000005b7de739
0x00000000148ae770:   0000000013915f68 000000005b5d4553
0x00000000148ae780:   0000000013915f68 000000005b7de739
0x00000000148ae790:   000000000fc95800 00000000148af020
0x00000000148ae7a0:   0000000000000004 0000000000000001
0x00000000148ae7b0:   00000000ff000000 000000007782e3db
0x00000000148ae7c0:   0000000000000000 0000000000000000
0x00000000148ae7d0:   000000077bd6cee8 00000000138bbae0
0x00000000148ae7e0:   00000000138bba68 000000005b7c8b65
0x00000000148ae7f0:   00000000148ae8b0 00000000138bbad8
0x00000000148ae800:   000000077be4d7a8 00000000148ae8f8 

Instructions: (pc=0x000000007782e4b4)
0x000000007782e494:   0f b1 4b 08 0f 85 9b 47 fd ff 48 8b 03 4c 89 ac
0x000000007782e4a4:   24 c0 00 00 00 33 ed 45 33 ed 48 83 f8 ff 74 03
0x000000007782e4b4:   ff 40 24 ba 22 17 00 00 48 8d 3d cd 8f 0e 00 80
0x000000007782e4c4:   3c 25 82 03 fe 7f 00 0f 85 53 be 01 00 48 83 fe 


Register to memory mapping:

RAX=0x0000000000000000 is an unknown value
RBX=0x00000000138bbae0 is an unknown value
RCX=0x00000000fffffffc is an unknown value
RDX=0x00000000000006b4 is an unknown value
RSP=0x00000000148ae710 is pointing into the stack for thread: 0x000000000fc95800
RBP=0x0000000000000000 is an unknown value
RSI=0x00000000000006b4 is an unknown value
RDI=0x0000000000000000 is an unknown value
R8 =0x00000000148ae6c8 is pointing into the stack for thread: 0x000000000fc95800
R9 =0x0000000000000004 is an unknown value
R10=0x0000000000000000 is an unknown value
R11=0x0000000000000246 is an unknown value
R12=0x0000000000000000 is an unknown value
R13=0x0000000000000000 is an unknown value
R14=0x000007fffff6e000 is an unknown value
R15=0x0000000000000000 is an unknown value


Stack: [0x00000000147b0000,0x00000000148b0000],  sp=0x00000000148ae710,  free space=1017k
Native frames: (J=compiled Java code, j=interpreted, Vv=VM code, C=native code)
C  [ntdll.dll+0x4e4b4]  RtlDeNormalizeProcessParams+0x5a4

[error occurred during error reporting (printing native stack), id 0xc0000005]

Java frames: (J=compiled Java code, j=interpreted, Vv=VM code)
j  com.sun.jna.Native.invokeLong(JI[Ljava/lang/Object;)J+0
j  com.sun.jna.Function.invoke([Ljava/lang/Object;Ljava/lang/Class;Z)Ljava/lang/Object;+389
j  com.sun.jna.Function.invoke(Ljava/lang/Class;[Ljava/lang/Object;Ljava/util/Map;)Ljava/lang/Object;+214
j  com.sun.jna.Library$Handler.invoke(Ljava/lang/Object;Ljava/lang/reflect/Method;[Ljava/lang/Object;)Ljava/lang/Object;+341
j  com.sun.proxy.$Proxy0.libvlc_media_player_get_time(Luk/co/caprica/vlcj/binding/internal/libvlc_media_player_t;)J+16
j  uk.co.caprica.vlcj.player.DefaultMediaPlayer.getTime()J+17
j  com.jajeem.videoplayer.design.PlayerControlsPanel$UpdateRunnable.run()V+4
j  java.util.concurrent.Executors$RunnableAdapter.call()Ljava/lang/Object;+4
j  java.util.concurrent.FutureTask$Sync.innerRunAndReset()Z+30
j  java.util.concurrent.FutureTask.runAndReset()Z+4
j  java.util.concurrent.ScheduledThreadPoolExecutor$ScheduledFutureTask.access$301(Ljava/util/concurrent/ScheduledThreadPoolExecutor$ScheduledFutureTask;)Z+1
j  java.util.concurrent.ScheduledThreadPoolExecutor$ScheduledFutureTask.run()V+37
j  java.util.concurrent.ThreadPoolExecutor.runWorker(Ljava/util/concurrent/ThreadPoolExecutor$Worker;)V+95
j  java.util.concurrent.ThreadPoolExecutor$Worker.run()V+5
j  java.lang.Thread.run()V+11
v  ~StubRoutines::call_stub

---------------  P R O C E S S  ---------------

Java Threads: ( => current thread )
  0x000000000fc94000 JavaThread "Thread-0" daemon [_thread_in_native, id=6372, stack(0x0000000019530000,0x0000000019630000)]
  0x000000000fc97000 JavaThread "TimerQueue" daemon [_thread_blocked, id=5408, stack(0x00000000193e0000,0x00000000194e0000)]
=>0x000000000fc95800 JavaThread "pool-2-thread-1" [_thread_in_native, id=4760, stack(0x00000000147b0000,0x00000000148b0000)]
  0x000000000fc93000 JavaThread "vlcj native mouse hook" [_thread_in_native, id=6576, stack(0x0000000011270000,0x0000000011370000)]
  0x000000000fc92800 JavaThread "DestroyJavaVM" [_thread_blocked, id=4836, stack(0x0000000002410000,0x0000000002510000)]
  0x000000000fc91800 JavaThread "AWT-EventQueue-0" [_thread_blocked, id=704, stack(0x0000000011060000,0x0000000011160000)]
  0x000000000fc91000 JavaThread "AWT-Windows" daemon [_thread_in_native, id=3476, stack(0x0000000010700000,0x0000000010800000)]
  0x000000000fc90000 JavaThread "AWT-Shutdown" [_thread_blocked, id=3552, stack(0x0000000010470000,0x0000000010570000)]
  0x000000000fc8f800 JavaThread "Java2D Disposer" daemon [_thread_blocked, id=4932, stack(0x00000000105e0000,0x00000000106e0000)]
  0x000000000d8ff800 JavaThread "Service Thread" daemon [_thread_blocked, id=6168, stack(0x000000000f9a0000,0x000000000faa0000)]
  0x000000000d8f7000 JavaThread "C2 CompilerThread1" daemon [_thread_blocked, id=5972, stack(0x000000000f7d0000,0x000000000f8d0000)]
  0x000000000d8f3800 JavaThread "C2 CompilerThread0" daemon [_thread_blocked, id=3200, stack(0x000000000f600000,0x000000000f700000)]
  0x000000000d8bb800 JavaThread "JDWP Command Reader" daemon [_thread_in_native, id=4004, stack(0x000000000f3e0000,0x000000000f4e0000)]
  0x000000000d8ba000 JavaThread "JDWP Event Helper Thread" daemon [_thread_blocked, id=3524, stack(0x000000000f250000,0x000000000f350000)]
  0x000000000d8ac000 JavaThread "JDWP Transport Listener: dt_socket" daemon [_thread_blocked, id=6784, stack(0x000000000f0e0000,0x000000000f1e0000)]
  0x000000000d8a6000 JavaThread "Attach Listener" daemon [_thread_blocked, id=3992, stack(0x000000000e1b0000,0x000000000e2b0000)]
  0x000000000d8a5000 JavaThread "Signal Dispatcher" daemon [_thread_blocked, id=6388, stack(0x000000000e000000,0x000000000e100000)]
  0x000000000d859800 JavaThread "Finalizer" daemon [_thread_blocked, id=2924, stack(0x000000000ded0000,0x000000000dfd0000)]
  0x000000000d851800 JavaThread "Reference Handler" daemon [_thread_blocked, id=4412, stack(0x000000000dcf0000,0x000000000ddf0000)]

Other Threads:
  0x000000000bcb5800 VMThread [stack: 0x000000000d750000,0x000000000d850000] [id=2592]
  0x000000000d90c800 WatcherThread [stack: 0x000000000f500000,0x000000000f600000] [id=6832]

VM state:not at safepoint (normal execution)

VM Mutex/Monitor currently owned by a thread: None

Heap
 PSYoungGen      total 27008K, used 1459K [0x00000007d5960000, 0x00000007d86f0000, 0x0000000800000000)
  eden space 26560K, 3% used [0x00000007d5960000,0x00000007d5a64cd0,0x00000007d7350000)
  from space 448K, 92% used [0x00000007d73e0000,0x00000007d7448000,0x00000007d7450000)
  to   space 10048K, 0% used [0x00000007d7d20000,0x00000007d7d20000,0x00000007d86f0000)
 ParOldGen       total 86848K, used 13363K [0x0000000780c00000, 0x00000007860d0000, 0x00000007d5960000)
  object space 86848K, 15% used [0x0000000780c00000,0x000000078190ce38,0x00000007860d0000)
 PSPermGen       total 21248K, used 17930K [0x000000077ba00000, 0x000000077cec0000, 0x0000000780c00000)
  object space 21248K, 84% used [0x000000077ba00000,0x000000077cb82a78,0x000000077cec0000)

Card table byte_map: [0x0000000005510000,0x0000000005940000] byte_map_base: 0x0000000001933000

Polling page: 0x0000000000120000

Code Cache  [0x0000000002510000, 0x0000000002780000, 0x0000000005510000)
 total_blobs=906 nmethods=404 adapters=461 free_code_cache=47553Kb largest_free_block=48654208

Compilation events (10 events):
Event: 471.055 Thread 0x000000000d8f3800  419             sun.java2d.pipe.Region::dimAdd (20 bytes)
Event: 471.056 Thread 0x000000000d8f3800 nmethod 419 0x000000000264b910 code [0x000000000264ba40, 0x000000000264ba98]
Event: 494.866 Thread 0x000000000d8f7000  420             com.sun.jna.Native::getNativeSize (551 bytes)
Event: 494.893 Thread 0x000000000d8f7000 nmethod 420 0x0000000002644b10 code [0x0000000002644d00, 0x0000000002645690]
Event: 496.287 Thread 0x000000000d8f3800  421             javax.swing.plaf.nimbus.AbstractRegionPainter::decodeX (87 bytes)
Event: 496.287 Thread 0x000000000d8f7000  422             javax.swing.plaf.nimbus.AbstractRegionPainter::decodeY (87 bytes)
Event: 496.289 Thread 0x000000000d8f7000 nmethod 422 0x000000000265f2d0 code [0x000000000265f460, 0x000000000265f558]
Event: 496.289 Thread 0x000000000d8f3800 nmethod 421 0x0000000002644810 code [0x00000000026449a0, 0x0000000002644a98]
Event: 502.797 Thread 0x000000000d8f3800  423   !         com.sun.jna.Native::getLibraryOptions (129 bytes)
Event: 502.892 Thread 0x000000000d8f3800 nmethod 423 0x00000000026a5a90 code [0x00000000026a5de0, 0x00000000026a7870]

GC Heap History (10 events):
Event: 399.897 GC heap before
{Heap before GC invocations=9 (full 0):
 PSYoungGen      total 40128K, used 29824K [0x00000007d5960000, 0x00000007d8c20000, 0x0000000800000000)
  eden space 29696K, 100% used [0x00000007d5960000,0x00000007d7660000,0x00000007d7660000)
  from space 10432K, 1% used [0x00000007d81f0000,0x00000007d8210000,0x00000007d8c20000)
  to   space 11136K, 0% used [0x00000007d7660000,0x00000007d7660000,0x00000007d8140000)
 ParOldGen       total 86848K, used 9562K [0x0000000780c00000, 0x00000007860d0000, 0x00000007d5960000)
  object space 86848K, 11% used [0x0000000780c00000,0x00000007815568c8,0x00000007860d0000)
 PSPermGen       total 21248K, used 17816K [0x000000077ba00000, 0x000000077cec0000, 0x0000000780c00000)
  object space 21248K, 83% used [0x000000077ba00000,0x000000077cb662b0,0x000000077cec0000)
Event: 399.903 GC heap after
Heap after GC invocations=9 (full 0):
 PSYoungGen      total 33664K, used 4665K [0x00000007d5960000, 0x00000007d8a90000, 0x0000000800000000)
  eden space 28992K, 0% used [0x00000007d5960000,0x00000007d5960000,0x00000007d75b0000)
  from space 4672K, 99% used [0x00000007d7660000,0x00000007d7aee440,0x00000007d7af0000)
  to   space 10688K, 0% used [0x00000007d8020000,0x00000007d8020000,0x00000007d8a90000)
 ParOldGen       total 86848K, used 9586K [0x0000000780c00000, 0x00000007860d0000, 0x00000007d5960000)
  object space 86848K, 11% used [0x0000000780c00000,0x000000078155c8c8,0x00000007860d0000)
 PSPermGen       total 21248K, used 17816K [0x000000077ba00000, 0x000000077cec0000, 0x0000000780c00000)
  object space 21248K, 83% used [0x000000077ba00000,0x000000077cb662b0,0x000000077cec0000)
}
Event: 413.129 GC heap before
{Heap before GC invocations=10 (full 0):
 PSYoungGen      total 33664K, used 33657K [0x00000007d5960000, 0x00000007d8a90000, 0x0000000800000000)
  eden space 28992K, 100% used [0x00000007d5960000,0x00000007d75b0000,0x00000007d75b0000)
  from space 4672K, 99% used [0x00000007d7660000,0x00000007d7aee440,0x00000007d7af0000)
  to   space 10688K, 0% used [0x00000007d8020000,0x00000007d8020000,0x00000007d8a90000)
 ParOldGen       total 86848K, used 9586K [0x0000000780c00000, 0x00000007860d0000, 0x00000007d5960000)
  object space 86848K, 11% used [0x0000000780c00000,0x000000078155c8c8,0x00000007860d0000)
 PSPermGen       total 21248K, used 17880K [0x000000077ba00000, 0x000000077cec0000, 0x0000000780c00000)
  object space 21248K, 84% used [0x000000077ba00000,0x000000077cb761b8,0x000000077cec0000)
Event: 413.137 GC heap after
Heap after GC invocations=10 (full 0):
 PSYoungGen      total 38016K, used 5073K [0x00000007d5960000, 0x00000007d8990000, 0x0000000800000000)
  eden space 28352K, 0% used [0x00000007d5960000,0x00000007d5960000,0x00000007d7510000)
  from space 9664K, 52% used [0x00000007d8020000,0x00000007d8514440,0x00000007d8990000)
  to   space 10496K, 0% used [0x00000007d7510000,0x00000007d7510000,0x00000007d7f50000)
 ParOldGen       total 86848K, used 9602K [0x0000000780c00000, 0x00000007860d0000, 0x00000007d5960000)
  object space 86848K, 11% used [0x0000000780c00000,0x00000007815608c8,0x00000007860d0000)
 PSPermGen       total 21248K, used 17880K [0x000000077ba00000, 0x000000077cec0000, 0x0000000780c00000)
  object space 21248K, 84% used [0x000000077ba00000,0x000000077cb761b8,0x000000077cec0000)
}
Event: 432.473 GC heap before
{Heap before GC invocations=11 (full 0):
 PSYoungGen      total 38016K, used 33425K [0x00000007d5960000, 0x00000007d8990000, 0x0000000800000000)
  eden space 28352K, 100% used [0x00000007d5960000,0x00000007d7510000,0x00000007d7510000)
  from space 9664K, 52% used [0x00000007d8020000,0x00000007d8514440,0x00000007d8990000)
  to   space 10496K, 0% used [0x00000007d7510000,0x00000007d7510000,0x00000007d7f50000)
 ParOldGen       total 86848K, used 9602K [0x0000000780c00000, 0x00000007860d0000, 0x00000007d5960000)
  object space 86848K, 11% used [0x0000000780c00000,0x00000007815608c8,0x00000007860d0000)
 PSPermGen       total 21248K, used 17889K [0x000000077ba00000, 0x000000077cec0000, 0x0000000780c00000)
  object space 21248K, 84% used [0x000000077ba00000,0x000000077cb78710,0x000000077cec0000)
Event: 432.480 GC heap after
Heap after GC invocations=11 (full 0):
 PSYoungGen      total 28160K, used 416K [0x00000007d5960000, 0x00000007d88d0000, 0x0000000800000000)
  eden space 27712K, 0% used [0x00000007d5960000,0x00000007d5960000,0x00000007d7470000)
  from space 448K, 92% used [0x00000007d7510000,0x00000007d7578000,0x00000007d7580000)
  to   space 10432K, 0% used [0x00000007d7ea0000,0x00000007d7ea0000,0x00000007d88d0000)
 ParOldGen       total 86848K, used 13271K [0x0000000780c00000, 0x00000007860d0000, 0x00000007d5960000)
  object space 86848K, 15% used [0x0000000780c00000,0x00000007818f5d98,0x00000007860d0000)
 PSPermGen       total 21248K, used 17889K [0x000000077ba00000, 0x000000077cec0000, 0x0000000780c00000)
  object space 21248K, 84% used [0x000000077ba00000,0x000000077cb78710,0x000000077cec0000)
}
Event: 470.055 GC heap before
{Heap before GC invocations=12 (full 0):
 PSYoungGen      total 28160K, used 28128K [0x00000007d5960000, 0x00000007d88d0000, 0x0000000800000000)
  eden space 27712K, 100% used [0x00000007d5960000,0x00000007d7470000,0x00000007d7470000)
  from space 448K, 92% used [0x00000007d7510000,0x00000007d7578000,0x00000007d7580000)
  to   space 10432K, 0% used [0x00000007d7ea0000,0x00000007d7ea0000,0x00000007d88d0000)
 ParOldGen       total 86848K, used 13271K [0x0000000780c00000, 0x00000007860d0000, 0x00000007d5960000)
  object space 86848K, 15% used [0x0000000780c00000,0x00000007818f5d98,0x00000007860d0000)
 PSPermGen       total 21248K, used 17901K [0x000000077ba00000, 0x000000077cec0000, 0x0000000780c00000)
  object space 21248K, 84% used [0x000000077ba00000,0x000000077cb7b790,0x000000077cec0000)
Event: 470.074 GC heap after
Heap after GC invocations=12 (full 0):
 PSYoungGen      total 36608K, used 544K [0x00000007d5960000, 0x00000007d87e0000, 0x0000000800000000)
  eden space 27136K, 0% used [0x00000007d5960000,0x00000007d5960000,0x00000007d73e0000)
  from space 9472K, 5% used [0x00000007d7ea0000,0x00000007d7f28000,0x00000007d87e0000)
  to   space 10240K, 0% used [0x00000007d73e0000,0x00000007d73e0000,0x00000007d7de0000)
 ParOldGen       total 86848K, used 13347K [0x0000000780c00000, 0x00000007860d0000, 0x00000007d5960000)
  object space 86848K, 15% used [0x0000000780c00000,0x0000000781908e38,0x00000007860d0000)
 PSPermGen       total 21248K, used 17901K [0x000000077ba00000, 0x000000077cec0000, 0x0000000780c00000)
  object space 21248K, 84% used [0x000000077ba00000,0x000000077cb7b790,0x000000077cec0000)
}
Event: 507.594 GC heap before
{Heap before GC invocations=13 (full 0):
 PSYoungGen      total 36608K, used 27680K [0x00000007d5960000, 0x00000007d87e0000, 0x0000000800000000)
  eden space 27136K, 100% used [0x00000007d5960000,0x00000007d73e0000,0x00000007d73e0000)
  from space 9472K, 5% used [0x00000007d7ea0000,0x00000007d7f28000,0x00000007d87e0000)
  to   space 10240K, 0% used [0x00000007d73e0000,0x00000007d73e0000,0x00000007d7de0000)
 ParOldGen       total 86848K, used 13347K [0x0000000780c00000, 0x00000007860d0000, 0x00000007d5960000)
  object space 86848K, 15% used [0x0000000780c00000,0x0000000781908e38,0x00000007860d0000)
 PSPermGen       total 21248K, used 17922K [0x000000077ba00000, 0x000000077cec0000, 0x0000000780c00000)
  object space 21248K, 84% used [0x000000077ba00000,0x000000077cb80a08,0x000000077cec0000)
Event: 507.602 GC heap after
Heap after GC invocations=13 (full 0):
 PSYoungGen      total 27008K, used 416K [0x00000007d5960000, 0x00000007d86f0000, 0x0000000800000000)
  eden space 26560K, 0% used [0x00000007d5960000,0x00000007d5960000,0x00000007d7350000)
  from space 448K, 92% used [0x00000007d73e0000,0x00000007d7448000,0x00000007d7450000)
  to   space 10048K, 0% used [0x00000007d7d20000,0x00000007d7d20000,0x00000007d86f0000)
 ParOldGen       total 86848K, used 13363K [0x0000000780c00000, 0x00000007860d0000, 0x00000007d5960000)
  object space 86848K, 15% used [0x0000000780c00000,0x000000078190ce38,0x00000007860d0000)
 PSPermGen       total 21248K, used 17922K [0x000000077ba00000, 0x000000077cec0000, 0x0000000780c00000)
  object space 21248K, 84% used [0x000000077ba00000,0x000000077cb80a08,0x000000077cec0000)
}

Deoptimization events (10 events):
Event: 507.897 Thread 0x000000000fc98800 Uncommon trap -89 fr.pc 0x0000000002651b40
Event: 507.897 Thread 0x000000000fc98800 Uncommon trap -89 fr.pc 0x0000000002651b40
Event: 507.897 Thread 0x000000000fc98800 Uncommon trap -89 fr.pc 0x0000000002651b40
Event: 507.897 Thread 0x000000000fc98800 Uncommon trap -89 fr.pc 0x0000000002651b40
Event: 507.897 Thread 0x000000000fc98800 Uncommon trap -89 fr.pc 0x0000000002651b40
Event: 507.898 Thread 0x000000000fc98800 Uncommon trap -89 fr.pc 0x000000000264c290
Event: 507.898 Thread 0x000000000fc98800 Uncommon trap -89 fr.pc 0x00000000026a6834
Event: 507.898 Thread 0x000000000fc98800 Uncommon trap -89 fr.pc 0x000000000264c290
Event: 507.898 Thread 0x000000000fc98800 Uncommon trap -89 fr.pc 0x00000000026a6834
Event: 507.910 Thread 0x000000000fc91800 Uncommon trap -83 fr.pc 0x000000000263f480

Internal exceptions (10 events):
Event: 401.954 Thread 0x000000000fc98800 Threw 0x00000007d5edfc68 at C:\jdk7u2_64p\jdk7u17\hotspot\src\share\vm\prims\jvm.cpp:1166
Event: 401.963 Thread 0x000000000fc98800 Threw 0x00000007d5ef7f28 at C:\jdk7u2_64p\jdk7u17\hotspot\src\share\vm\prims\jvm.cpp:1166
Event: 402.471 Thread 0x000000000fc98800 Threw 0x00000007d609a2e8 at C:\jdk7u2_64p\jdk7u17\hotspot\src\share\vm\prims\jvm.cpp:1166
Event: 402.478 Thread 0x000000000fc94000 Threw 0x00000007d60a4a90 at C:\jdk7u2_64p\jdk7u17\hotspot\src\share\vm\prims\jvm.cpp:1166
Event: 402.484 Thread 0x000000000fc94000 Threw 0x00000007d60b0d80 at C:\jdk7u2_64p\jdk7u17\hotspot\src\share\vm\prims\jvm.cpp:1166
Event: 402.491 Thread 0x000000000fc94000 Threw 0x00000007d60ba948 at C:\jdk7u2_64p\jdk7u17\hotspot\src\share\vm\prims\jvm.cpp:1166
Event: 402.494 Thread 0x000000000fc94000 Threw 0x00000007d60bcda0 at C:\jdk7u2_64p\jdk7u17\hotspot\src\share\vm\prims\jvm.cpp:1166
Event: 410.312 Thread 0x000000000fc98800 Threw 0x00000007d70f7a38 at C:\jdk7u2_64p\jdk7u17\hotspot\src\share\vm\prims\jvm.cpp:1166
Event: 437.009 Thread 0x000000000fc98800 Implicit null exception at 0x00000000026a0898 to 0x00000000026a1265
Event: 507.899 Thread 0x000000000fc91800 Threw 0x00000007d59e2760 at C:\jdk7u2_64p\jdk7u17\hotspot\src\share\vm\prims\jni.cpp:742

Events (10 events):
Event: 507.898 Thread 0x000000000fc98800 DEOPT UNPACKING pc=0x0000000002549164 sp=0x00000000196be8e0 mode 2
Event: 507.898 Thread 0x000000000fc98800 DEOPT PACKING pc=0x00000000026a6834 sp=0x00000000196be8d0
Event: 507.898 Thread 0x000000000fc98800 DEOPT UNPACKING pc=0x0000000002549164 sp=0x00000000196be860 mode 2
Event: 507.898 Thread 0x000000000fc98800 Thread exited: 0x000000000fc98800
Event: 507.910 Thread 0x000000000fc91800 DEOPT PACKING pc=0x000000000263f480 sp=0x000000001115dae0
Event: 507.910 Thread 0x000000000fc91800 DEOPT UNPACKING pc=0x0000000002549164 sp=0x000000001115dac8 mode 2
Event: 508.140 Executing VM operation: RevokeBias
Event: 508.140 Executing VM operation: RevokeBias done
Event: 508.140 Thread 0x000000000fc94000 Thread exited: 0x000000000fc94000
Event: 508.141 Thread 0x000000000fc94000 Thread added: 0x000000000fc94000


Dynamic libraries:
0x000000013ff20000 - 0x000000013ff53000 	C:\Program Files\Java\jre7\bin\javaw.exe
0x00000000777e0000 - 0x0000000077989000 	C:\Windows\SYSTEM32\ntdll.dll
0x0000000077250000 - 0x000000007736f000 	C:\Windows\system32\kernel32.dll
0x000007fefdf60000 - 0x000007fefdfcb000 	C:\Windows\system32\KERNELBASE.dll
0x000007feff270000 - 0x000007feff34b000 	C:\Windows\system32\ADVAPI32.dll
0x000007feff5c0000 - 0x000007feff65f000 	C:\Windows\system32\msvcrt.dll
0x000007fefe010000 - 0x000007fefe02f000 	C:\Windows\SYSTEM32\sechost.dll
0x000007feff480000 - 0x000007feff5ad000 	C:\Windows\system32\RPCRT4.dll
0x0000000077580000 - 0x000000007767a000 	C:\Windows\system32\USER32.dll
0x000007feff160000 - 0x000007feff1c7000 	C:\Windows\system32\GDI32.dll
0x000007feff5b0000 - 0x000007feff5be000 	C:\Windows\system32\LPK.dll
0x000007fefef60000 - 0x000007feff029000 	C:\Windows\system32\USP10.dll
0x000007fefc430000 - 0x000007fefc624000 	C:\Windows\WinSxS\amd64_microsoft.windows.common-controls_6595b64144ccf1df_6.0.7601.17514_none_fa396087175ac9ac\COMCTL32.dll
0x000007feff050000 - 0x000007feff0c1000 	C:\Windows\system32\SHLWAPI.dll
0x000007feff130000 - 0x000007feff15e000 	C:\Windows\system32\IMM32.DLL
0x000007fefe030000 - 0x000007fefe139000 	C:\Windows\system32\MSCTF.dll
0x0000000068be0000 - 0x0000000068cb1000 	C:\Program Files\Java\jre7\bin\msvcr100.dll
0x0000000067d00000 - 0x000000006841f000 	C:\Program Files\Java\jre7\bin\server\jvm.dll
0x000007fefa820000 - 0x000007fefa829000 	C:\Windows\system32\WSOCK32.dll
0x000007feff430000 - 0x000007feff47d000 	C:\Windows\system32\WS2_32.dll
0x000007fefeed0000 - 0x000007fefeed8000 	C:\Windows\system32\NSI.dll
0x000007fefc1e0000 - 0x000007fefc21b000 	C:\Windows\system32\WINMM.dll
0x00000000779b0000 - 0x00000000779b7000 	C:\Windows\system32\PSAPI.DLL
0x0000000072ac0000 - 0x0000000072acf000 	C:\Program Files\Java\jre7\bin\verify.dll
0x0000000069b70000 - 0x0000000069b98000 	C:\Program Files\Java\jre7\bin\java.dll
0x000000005d980000 - 0x000000005d9b5000 	C:\Program Files\Java\jre7\bin\jdwp.dll
0x000000005db00000 - 0x000000005db08000 	C:\Program Files\Java\jre7\bin\npt.dll
0x0000000069b50000 - 0x0000000069b65000 	C:\Program Files\Java\jre7\bin\zip.dll
0x000000005db10000 - 0x000000005db19000 	C:\Program Files\Java\jre7\bin\dt_socket.dll
0x000007fefd470000 - 0x000007fefd4c5000 	C:\Windows\system32\mswsock.dll
0x000007fefd2f0000 - 0x000007fefd34b000 	C:\Windows\system32\DNSAPI.dll
0x000007feebb10000 - 0x000007feebb25000 	C:\Windows\system32\napinsp.dll
0x000007feebaf0000 - 0x000007feebb09000 	C:\Windows\system32\pnrpnsp.dll
0x000007feebae0000 - 0x000007feebaeb000 	C:\Windows\System32\winrnr.dll
0x000007feef5b0000 - 0x000007feef5c0000 	C:\Windows\system32\wshbth.dll
0x000007fefa6e0000 - 0x000007fefa6f2000 	C:\Windows\system32\PrxerNsp.dll
0x000007fefcc20000 - 0x000007fefcc47000 	C:\Windows\system32\IPHLPAPI.DLL
0x000007fefcc10000 - 0x000007fefcc1b000 	C:\Windows\system32\WINNSI.DLL
0x000007fefa6d0000 - 0x000007fefa6d8000 	C:\Windows\system32\rasadhlp.dll
0x0000000180000000 - 0x000000018003e000 	C:\Program Files (x86)\Avira\AntiVir Desktop\avsda64.dll
0x000007fefcbf0000 - 0x000007fefcc06000 	C:\Windows\system32\PrxerDrv.dll
0x000007fefcbe0000 - 0x000007fefcbe7000 	C:\Windows\System32\wshtcpip.dll
0x000007fefd4d0000 - 0x000007fefd4e7000 	C:\Windows\system32\CRYPTSP.dll
0x000007fefd1d0000 - 0x000007fefd217000 	C:\Windows\system32\rsaenh.dll
0x000007fefcf90000 - 0x000007fefcfae000 	C:\Windows\system32\USERENV.dll
0x000007fefdc40000 - 0x000007fefdc4f000 	C:\Windows\system32\profapi.dll
0x000007fefdb70000 - 0x000007fefdb7f000 	C:\Windows\system32\CRYPTBASE.dll
0x0000000069890000 - 0x00000000698a9000 	C:\Program Files\Java\jre7\bin\net.dll
0x000007fefd460000 - 0x000007fefd467000 	C:\Windows\System32\wship6.dll
0x000007fefb520000 - 0x000007fefb573000 	C:\Windows\System32\fwpuclnt.dll
0x0000000069870000 - 0x0000000069881000 	C:\Program Files\Java\jre7\bin\nio.dll
0x000007fee9050000 - 0x000007fee9087000 	C:\Users\Armin\AppData\Local\Temp\jna-Armin\jna8444231544707466095.dll
0x000000005b7c0000 - 0x000000005b7f0000 	C:\Users\Armin\Desktop\Kar\jajeem\vlclib\libvlc.dll
0x000000005b560000 - 0x000000005b7b4000 	C:\Users\Armin\Desktop\Kar\jajeem\vlclib\libvlccore.dll
0x000007fefe140000 - 0x000007fefeec8000 	C:\Windows\system32\SHELL32.dll
0x0000000065160000 - 0x00000000652f3000 	C:\Program Files\Java\jre7\bin\awt.dll
0x000007feff350000 - 0x000007feff427000 	C:\Windows\system32\OLEAUT32.dll
0x000007feff8e0000 - 0x000007feffae3000 	C:\Windows\system32\ole32.dll
0x000007fefc050000 - 0x000007fefc0a6000 	C:\Windows\system32\uxtheme.dll
0x0000000006080000 - 0x00000000060cd000 	C:\Program Files\Babylon\Babylon-Pro\Captlib64.dll
0x000007fefaac0000 - 0x000007fefab14000 	C:\Windows\system32\OLEACC.dll
0x0000000077680000 - 0x00000000777da000 	C:\Windows\system32\WININET.dll
0x00000000779a0000 - 0x00000000779a3000 	C:\Windows\system32\Normaliz.dll
0x0000000077370000 - 0x000000007757d000 	C:\Windows\system32\iertutil.dll
0x0000000077100000 - 0x000000007724d000 	C:\Windows\system32\urlmon.dll
0x0000000002350000 - 0x000000000238b000 	C:\Windows\W7FBC\dll.dll
0x000007feff660000 - 0x000007feff6f7000 	C:\Windows\system32\COMDLG32.dll
0x000007fefbe30000 - 0x000007fefc045000 	C:\Windows\WinSxS\amd64_microsoft.windows.gdiplus_6595b64144ccf1df_1.1.7601.17514_none_2b24536c71ed437a\gdiplus.dll
0x000007fefbc70000 - 0x000007fefbc88000 	C:\Windows\system32\dwmapi.dll
0x0000000068b70000 - 0x0000000068ba4000 	C:\Program Files\Java\jre7\bin\fontmanager.dll
0x000007fefcaf0000 - 0x000007fefcafc000 	C:\Windows\system32\VERSION.dll
0x000007fefc410000 - 0x000007fefc41d000 	C:\Windows\system32\atiu9p64.dll
0x000000005b4a0000 - 0x000000005b4f6000 	C:\Users\Armin\Desktop\Kar\jajeem\vlclib\plugins\access\libdshow_plugin.dll
0x000000005b800000 - 0x000000005b820000 	C:\Users\Armin\Desktop\Kar\jajeem\vlclib\plugins\audio_output\libaout_directx_plugin.dll
0x000000005b540000 - 0x000000005b560000 	C:\Users\Armin\Desktop\Kar\jajeem\vlclib\plugins\audio_output\libwaveout_plugin.dll
0x000007fefc290000 - 0x000007fefc318000 	C:\Windows\system32\DSOUND.dll
0x000007fefcac0000 - 0x000007fefcaec000 	C:\Windows\system32\POWRPROF.dll
0x000007feff700000 - 0x000007feff8d7000 	C:\Windows\system32\SETUPAPI.dll
0x000007fefdfd0000 - 0x000007fefe006000 	C:\Windows\system32\CFGMGR32.dll
0x000007fefdcf0000 - 0x000007fefdd0a000 	C:\Windows\system32\DEVOBJ.dll
0x000000005a920000 - 0x000000005b493000 	C:\Users\Armin\Desktop\Kar\jajeem\vlclib\plugins\gui\libqt4_plugin.dll
0x000007fefb690000 - 0x000007fefb701000 	C:\Windows\system32\WINSPOOL.DRV
0x000000005a7a0000 - 0x000000005a91a000 	C:\Users\Armin\Desktop\Kar\jajeem\vlclib\plugins\misc\libxml_plugin.dll
0x000000005a770000 - 0x000000005a796000 	C:\Users\Armin\Desktop\Kar\jajeem\vlclib\plugins\video_output\libdirectx_plugin.dll
0x000000005b520000 - 0x000000005b53c000 	C:\Users\Armin\Desktop\Kar\jajeem\vlclib\plugins\mmxext\libmemcpymmxext_plugin.dll
0x000000005a740000 - 0x000000005a761000 	C:\Users\Armin\Desktop\Kar\jajeem\vlclib\plugins\control\libhotkeys_plugin.dll
0x000007fefc220000 - 0x000007fefc26b000 	C:\Windows\system32\MMDevAPI.DLL
0x000007fefc0b0000 - 0x000007fefc1dc000 	C:\Windows\system32\PROPSYS.dll
0x000007fee88c0000 - 0x000007fee88fb000 	C:\Windows\system32\wdmaud.drv
0x000000005f900000 - 0x000000005f906000 	C:\Windows\system32\ksuser.dll
0x000007fefc400000 - 0x000007fefc409000 	C:\Windows\system32\AVRT.dll
0x000007fefbbe0000 - 0x000007fefbc2f000 	C:\Windows\system32\AUDIOSES.DLL
0x000007fef3640000 - 0x000007fef364a000 	C:\Windows\system32\msacm32.drv
0x000007fef2bc0000 - 0x000007fef2bd8000 	C:\Windows\system32\MSACM32.dll
0x000007feef080000 - 0x000007feef089000 	C:\Windows\system32\midimap.dll
0x000007fefa850000 - 0x000007fefa8f0000 	C:\Windows\WinSxS\amd64_microsoft.windows.common-controls_6595b64144ccf1df_5.82.7601.17514_none_a4d6a923711520a9\comctl32.dll
0x0000000067c60000 - 0x0000000067ca1000 	C:\Program Files\Java\jre7\bin\t2k.dll
0x000007feff1d0000 - 0x000007feff269000 	C:\Windows\system32\CLBCatQ.DLL
0x000007fefbbb0000 - 0x000007fefbbdd000 	C:\Windows\system32\ntmarta.dll
0x000007feff0d0000 - 0x000007feff122000 	C:\Windows\system32\WLDAP32.dll
0x000007fefdb10000 - 0x000007fefdb67000 	C:\Windows\system32\apphelp.dll
0x0000000000000000 - 0x0000000000000000 	
0x0000000000000000 - 0x0000000000000000 	
0x000007fefb920000 - 0x000007fefb92b000 	C:\Windows\system32\slc.dll
0x000007fef7d50000 - 0x000007fef7d68000 	C:\Windows\system32\MPR.dll
0x000007feef150000 - 0x000007feef15a000 	C:\Windows\System32\drprov.dll
0x000007fefd620000 - 0x000007fefd65d000 	C:\Windows\System32\WINSTA.dll
0x000007feeb5e0000 - 0x000007feeb602000 	C:\Windows\System32\ntlanman.dll
0x000007feef130000 - 0x000007feef14c000 	C:\Windows\System32\davclnt.dll
0x000007feebc80000 - 0x000007feebc8a000 	C:\Windows\System32\DAVHLPR.dll
0x000007fefb250000 - 0x000007fefb265000 	C:\Windows\system32\wkscli.dll
0x000007fefa630000 - 0x000007fefa63f000 	C:\Windows\system32\cscapi.dll
0x000007fefb370000 - 0x000007fefb37c000 	C:\Windows\system32\netutils.dll
0x0000000000000000 - 0x0000000000000000 	
0x000007fefdf20000 - 0x000007fefdf5a000 	C:\Windows\system32\WINTRUST.dll
0x000007fefdd10000 - 0x000007fefde77000 	C:\Windows\system32\CRYPT32.dll
0x000007fefdce0000 - 0x000007fefdcef000 	C:\Windows\system32\MSASN1.dll
0x000007fef5bd0000 - 0x000007fef5c05000 	C:\Windows\system32\EhStorShell.dll
0x0000000000000000 - 0x0000000000000000 	
0x000007fef5ae0000 - 0x000007fef5aec000 	C:\Windows\system32\LINKINFO.dll
0x000000000e580000 - 0x000000000e5e5000 	C:\Program Files\WIDCOMM\Bluetooth Software\btmmhook.dll
0x0000000067c30000 - 0x0000000067c5a000 	C:\Program Files\Java\jre7\bin\dcpr.dll
0x000007fefba80000 - 0x000007fefbbaa000 	C:\Windows\system32\WindowsCodecs.dll
0x000000006f3d0000 - 0x000000006f3e6000 	C:\Program Files\Common Files\TortoiseOverlays\TortoiseOverlays.dll
0x000000006f3c0000 - 0x000000006f3d0000 	C:\Program Files\TortoiseSVN\bin\TortoiseStub.dll
0x000000006f340000 - 0x000000006f3b8000 	C:\Program Files\TortoiseSVN\bin\TortoiseSVN.dll
0x000007fef54c0000 - 0x000007fef589c000 	C:\Program Files\TortoiseSVN\bin\libsvn_tsvn.dll
0x000000006f2d0000 - 0x000000006f2fb000 	C:\Program Files\TortoiseSVN\bin\libapr_tsvn.dll

VM Arguments:
jvm_args: -agentlib:jdwp=transport=dt_socket,suspend=y,address=localhost:7676 -Dfile.encoding=Cp1256 
java_command: com.jajeem.videoplayer.design.TestPlayer
Launcher Type: SUN_STANDARD

Environment Variables:
PATH=C:\Program Files (x86)\NVIDIA Corporation\PhysX\Common;C:\Program Files (x86)\MiKTeX 2.9\miktex\bin;C:\Windows\system32;C:\Windows;C:\Windows\System32\Wbem;C:\Windows\System32\WindowsPowerShell\v1.0\;c:\Program Files (x86)\ATI Technologies\ATI.ACE\Core-Static;C:\Program Files\Intel\WiFi\bin\;C:\Program Files\Common Files\Intel\WirelessCommon\;C:\Program Files (x86)\Common Files\Roxio Shared\DLLShared\;C:\Program Files (x86)\Common Files\Roxio Shared\OEM\DLLShared\;C:\Program Files (x86)\Common Files\Roxio Shared\OEM\DLLShared\;C:\Program Files (x86)\Common Files\Roxio Shared\OEM\12.0\DLLShared\;C:\Program Files (x86)\Roxio\OEM\AudioCore\;C:\Program Files (x86)\Java\jre6\bin;C:\Program Files\TortoiseSVN\bin;C:\Program Files (x86)\Microsoft SQL Server\100\Tools\Binn\;C:\Program Files\Microsoft SQL Server\100\Tools\Binn\;C:\Program Files\Microsoft SQL Server\100\DTS\Binn\;C:\Program Files (x86)\Microsoft SQL Server\100\Tools\Binn\VSShell\Common7\IDE\;C:\Program Files (x86)\Microsoft Visual Studio 9.0\Common7\IDE\PrivateAssemblies\;C:\Program Files (x86)\Microsoft SQL Server\100\DTS\Binn\;C:\Program Files\Microsoft\Web Platform Installer\;;C:\Program Files (x86)\Universal Extractor;C:\Program Files (x86)\Universal Extractor\bin;C:\Program Files (x86)\Microsoft ASP.NET\ASP.NET Web Pages\v1.0\;C:\Program Files (x86)\Windows Kits\8.0\Windows Performance Toolkit\;C:\Program Files\Microsoft SQL Server\110\Tools\Binn\;C:\Program Files\WIDCOMM\Bluetooth Software\;C:\Program Files\WIDCOMM\Bluetooth Software\syswow64;C:\Program Files (x86)\OpenVPN\bin
USERNAME=Armin
OS=Windows_NT
PROCESSOR_IDENTIFIER=Intel64 Family 6 Model 42 Stepping 7, GenuineIntel



---------------  S Y S T E M  ---------------

OS: Windows 7 , 64 bit Build 7601 Service Pack 1

CPU:total 8 (4 cores per cpu, 2 threads per core) family 6 model 42 stepping 7, cmov, cx8, fxsr, mmx, sse, sse2, sse3, ssse3, sse4.1, sse4.2, popcnt, avx, ht, tsc, tscinvbit

Memory: 4k page, physical 8335180k(4215040k free), swap 16668512k(11435564k free)

vm_info: Java HotSpot(TM) 64-Bit Server VM (23.7-b01) for windows-amd64 JRE (1.7.0_17-b02), built on Mar  1 2013 03:38:30 by "java_re" with unknown MS VC++:1600

time: Sun Jun 02 16:43:15 2013
elapsed time: 508 seconds

