#
# A fatal error has been detected by the Java Runtime Environment:
#
#  EXCEPTION_ACCESS_VIOLATION (0xc0000005) at pc=0x00000000772de4b4, pid=3820, tid=6876
#
# JRE version: 7.0_17-b02
# Java VM: Java HotSpot(TM) 64-Bit Server VM (23.7-b01 mixed mode windows-amd64 compressed oops)
# Problematic frame:
# C  [ntdll.dll+0x4e4b4]  RtlDeNormalizeProcessParams+0x5a4
#
# Failed to write core dump. Minidumps are not enabled by default on client versions of Windows
#
# If you would like to submit a bug report, please visit:
#   http://bugreport.sun.com/bugreport/crash.jsp
# The crash happened outside the Java Virtual Machine in native code.
# See problematic frame for where to report the bug.
#

---------------  T H R E A D  ---------------

Current thread (0x000000000ddb9000):  JavaThread "pool-2-thread-1" [_thread_in_native, id=6876, stack(0x00000000170f0000,0x00000000171f0000)]

siginfo: ExceptionCode=0xc0000005, writing address 0x0000000000000024

Registers:
RAX=0x0000000000000000, RBX=0x0000000013763e20, RCX=0x00000000fffffffc, RDX=0x0000000000000730
RSP=0x00000000171ee220, RBP=0x0000000000000000, RSI=0x0000000000000730, RDI=0x0000000000000000
R8 =0x00000000171ee1d8, R9 =0x0000000000000004, R10=0x0000000000000000, R11=0x0000000000000246
R12=0x0000000000000000, R13=0x0000000000000000, R14=0x000007fffff6c000, R15=0x0000000000000000
RIP=0x00000000772de4b4, EFLAGS=0x0000000000010213

Top of Stack: (sp=0x00000000171ee220)
0x00000000171ee220:   00000000159f34d0 0000000000000730
0x00000000171ee230:   000000077be50828 0000000013763e18
0x00000000171ee240:   000000000ddb91d8 00000000171ee3c8
0x00000000171ee250:   000000000ddb9000 0000000061df5f08
0x00000000171ee260:   0000000002195740 00000000171ee3c0
0x00000000171ee270:   0000000000000000 0000000000000000
0x00000000171ee280:   00000000171ee3c0 000000000faf7338
0x00000000171ee290:   0000000002730500 0000000000000000
0x00000000171ee2a0:   000000000ddb9000 00000000171eeb30
0x00000000171ee2b0:   0000000000000004 0000000000000001
0x00000000171ee2c0:   00000000ff000000 00000000772de3db
0x00000000171ee2d0:   0000000700000000 0000000000000000
0x00000000171ee2e0:   000000077bd72470 0000000013763e20
0x00000000171ee2f0:   0000000013763da8 0000000062da8b65
0x00000000171ee300:   00000000171ee3c0 0000000013763e18
0x00000000171ee310:   000000077be50828 000007fee42505fa 

Instructions: (pc=0x00000000772de4b4)
0x00000000772de494:   0f b1 4b 08 0f 85 9b 47 fd ff 48 8b 03 4c 89 ac
0x00000000772de4a4:   24 c0 00 00 00 33 ed 45 33 ed 48 83 f8 ff 74 03
0x00000000772de4b4:   ff 40 24 ba 22 17 00 00 48 8d 3d cd 8f 0e 00 80
0x00000000772de4c4:   3c 25 82 03 fe 7f 00 0f 85 53 be 01 00 48 83 fe 


Register to memory mapping:

RAX=0x0000000000000000 is an unknown value
RBX=0x0000000013763e20 is an unknown value
RCX=0x00000000fffffffc is an unknown value
RDX=0x0000000000000730 is an unknown value
RSP=0x00000000171ee220 is pointing into the stack for thread: 0x000000000ddb9000
RBP=0x0000000000000000 is an unknown value
RSI=0x0000000000000730 is an unknown value
RDI=0x0000000000000000 is an unknown value
R8 =0x00000000171ee1d8 is pointing into the stack for thread: 0x000000000ddb9000
R9 =0x0000000000000004 is an unknown value
R10=0x0000000000000000 is an unknown value
R11=0x0000000000000246 is an unknown value
R12=0x0000000000000000 is an unknown value
R13=0x0000000000000000 is an unknown value
R14=0x000007fffff6c000 is an unknown value
R15=0x0000000000000000 is an unknown value


Stack: [0x00000000170f0000,0x00000000171f0000],  sp=0x00000000171ee220,  free space=1016k
Native frames: (J=compiled Java code, j=interpreted, Vv=VM code, C=native code)
C  [ntdll.dll+0x4e4b4]  RtlDeNormalizeProcessParams+0x5a4

[error occurred during error reporting (printing native stack), id 0xc0000005]

Java frames: (J=compiled Java code, j=interpreted, Vv=VM code)
j  com.sun.jna.Native.invokeLong(JI[Ljava/lang/Object;)J+0
j  com.sun.jna.Function.invoke([Ljava/lang/Object;Ljava/lang/Class;Z)Ljava/lang/Object;+389
j  com.sun.jna.Function.invoke(Ljava/lang/Class;[Ljava/lang/Object;Ljava/util/Map;)Ljava/lang/Object;+214
j  com.sun.jna.Library$Handler.invoke(Ljava/lang/Object;Ljava/lang/reflect/Method;[Ljava/lang/Object;)Ljava/lang/Object;+341
j  com.sun.proxy.$Proxy0.libvlc_media_player_get_time(Luk/co/caprica/vlcj/binding/internal/libvlc_media_player_t;)J+16
j  uk.co.caprica.vlcj.player.DefaultMediaPlayer.getTime()J+17
j  com.jajeem.videoplayer.design.PlayerControlsPanel$UpdateRunnable.run()V+4
j  java.util.concurrent.Executors$RunnableAdapter.call()Ljava/lang/Object;+4
j  java.util.concurrent.FutureTask$Sync.innerRunAndReset()Z+30
j  java.util.concurrent.FutureTask.runAndReset()Z+4
j  java.util.concurrent.ScheduledThreadPoolExecutor$ScheduledFutureTask.access$301(Ljava/util/concurrent/ScheduledThreadPoolExecutor$ScheduledFutureTask;)Z+1
j  java.util.concurrent.ScheduledThreadPoolExecutor$ScheduledFutureTask.run()V+37
j  java.util.concurrent.ThreadPoolExecutor.runWorker(Ljava/util/concurrent/ThreadPoolExecutor$Worker;)V+95
j  java.util.concurrent.ThreadPoolExecutor$Worker.run()V+5
j  java.lang.Thread.run()V+11
v  ~StubRoutines::call_stub

---------------  P R O C E S S  ---------------

Java Threads: ( => current thread )
  0x000000001536b800 JavaThread "D3D Screen Updater" daemon [_thread_blocked, id=1160, stack(0x0000000017330000,0x0000000017430000)]
=>0x000000000ddb9000 JavaThread "pool-2-thread-1" [_thread_in_native, id=6876, stack(0x00000000170f0000,0x00000000171f0000)]
  0x000000000fd4b800 JavaThread "Swing-Shell" daemon [_thread_blocked, id=5444, stack(0x00000000165a0000,0x00000000166a0000)]
  0x000000000f8fd800 JavaThread "vlcj native mouse hook" [_thread_in_native, id=1064, stack(0x00000000108b0000,0x00000000109b0000)]
  0x000000000228f000 JavaThread "DestroyJavaVM" [_thread_blocked, id=3760, stack(0x00000000025b0000,0x00000000026b0000)]
  0x000000000f83f000 JavaThread "AWT-EventQueue-0" [_thread_blocked, id=6868, stack(0x0000000010eb0000,0x0000000010fb0000)]
  0x000000000f810000 JavaThread "AWT-Windows" daemon [_thread_in_native, id=6180, stack(0x00000000104e0000,0x00000000105e0000)]
  0x000000000f80f000 JavaThread "AWT-Shutdown" [_thread_blocked, id=4888, stack(0x0000000010320000,0x0000000010420000)]
  0x000000000f7fc000 JavaThread "Java2D Disposer" daemon [_thread_blocked, id=5408, stack(0x00000000101a0000,0x00000000102a0000)]
  0x000000000dcf8800 JavaThread "Service Thread" daemon [_thread_blocked, id=6976, stack(0x000000000f470000,0x000000000f570000)]
  0x000000000dcf0000 JavaThread "C2 CompilerThread1" daemon [_thread_blocked, id=4260, stack(0x000000000ed30000,0x000000000ee30000)]
  0x000000000dcec000 JavaThread "C2 CompilerThread0" daemon [_thread_blocked, id=5784, stack(0x000000000f360000,0x000000000f460000)]
  0x000000000dcd4000 JavaThread "JDWP Command Reader" daemon [_thread_in_native, id=6708, stack(0x000000000f260000,0x000000000f360000)]
  0x000000000dccf000 JavaThread "JDWP Event Helper Thread" daemon [_thread_blocked, id=4740, stack(0x000000000f120000,0x000000000f220000)]
  0x000000000dcbf000 JavaThread "JDWP Transport Listener: dt_socket" daemon [_thread_blocked, id=7000, stack(0x000000000f020000,0x000000000f120000)]
  0x000000000dcb8000 JavaThread "Attach Listener" daemon [_thread_blocked, id=5708, stack(0x000000000e410000,0x000000000e510000)]
  0x000000000dcb7000 JavaThread "Signal Dispatcher" daemon [_thread_blocked, id=6680, stack(0x000000000e230000,0x000000000e330000)]
  0x000000000bdeb000 JavaThread "Finalizer" daemon [_thread_blocked, id=4452, stack(0x000000000da50000,0x000000000db50000)]
  0x000000000bde2800 JavaThread "Reference Handler" daemon [_thread_blocked, id=5068, stack(0x0000000005ea0000,0x0000000005fa0000)]

Other Threads:
  0x000000000bdd7000 VMThread [stack: 0x000000000db60000,0x000000000dc60000] [id=3108]
  0x000000000dd05000 WatcherThread [stack: 0x000000000f630000,0x000000000f730000] [id=6728]

VM state:not at safepoint (normal execution)

VM Mutex/Monitor currently owned by a thread: None

Heap
 PSYoungGen      total 38016K, used 25872K [0x00000007d5960000, 0x00000007d83c0000, 0x0000000800000000)
  eden space 32640K, 64% used [0x00000007d5960000,0x00000007d6e08c68,0x00000007d7940000)
  from space 5376K, 87% used [0x00000007d7e80000,0x00000007d831b438,0x00000007d83c0000)
  to   space 5376K, 0% used [0x00000007d7940000,0x00000007d7940000,0x00000007d7e80000)
 ParOldGen       total 86848K, used 682K [0x0000000780c00000, 0x00000007860d0000, 0x00000007d5960000)
  object space 86848K, 0% used [0x0000000780c00000,0x0000000780caa9b0,0x00000007860d0000)
 PSPermGen       total 21248K, used 18203K [0x000000077ba00000, 0x000000077cec0000, 0x0000000780c00000)
  object space 21248K, 85% used [0x000000077ba00000,0x000000077cbc6e58,0x000000077cec0000)

Card table byte_map: [0x00000000056b0000,0x0000000005ae0000] byte_map_base: 0x0000000001ad3000

Polling page: 0x0000000000320000

Code Cache  [0x00000000026b0000, 0x0000000002920000, 0x00000000056b0000)
 total_blobs=693 nmethods=181 adapters=471 free_code_cache=48195Kb largest_free_block=49299392

Compilation events (10 events):
Event: 25.344 Thread 0x000000000dcf0000  185             java.lang.ref.SoftReference::get (29 bytes)
Event: 25.345 Thread 0x000000000dcf0000 nmethod 185 0x000000000272ab50 code [0x000000000272ac80, 0x000000000272ad18]
Event: 28.205 Thread 0x000000000dcec000  187             java.util.LinkedHashMap$LinkedHashIterator::hasNext (20 bytes)
Event: 28.208 Thread 0x000000000dcec000 nmethod 187 0x0000000002750910 code [0x0000000002750a40, 0x0000000002750af8]
Event: 28.643 Thread 0x000000000dcf0000  188             com.sun.jna.Structure$2$StructureSet::indexOf (78 bytes)
Event: 28.654 Thread 0x000000000dcf0000 nmethod 188 0x0000000002750290 code [0x00000000027503e0, 0x00000000027506f8]
Event: 28.849 Thread 0x000000000dcec000  189             java.lang.ThreadLocal::getMap (5 bytes)
Event: 28.849 Thread 0x000000000dcf0000  190             java.lang.ThreadLocal::access$400 (5 bytes)
Event: 28.850 Thread 0x000000000dcec000 nmethod 189 0x00000000027a8ad0 code [0x00000000027a8c00, 0x00000000027a8c98]
Event: 28.850 Thread 0x000000000dcf0000 nmethod 190 0x00000000027a8890 code [0x00000000027a89c0, 0x00000000027a8a38]

GC Heap History (4 events):
Event: 14.300 GC heap before
{Heap before GC invocations=1 (full 0):
 PSYoungGen      total 38016K, used 32640K [0x00000007d5960000, 0x00000007d83c0000, 0x0000000800000000)
  eden space 32640K, 100% used [0x00000007d5960000,0x00000007d7940000,0x00000007d7940000)
  from space 5376K, 0% used [0x00000007d7e80000,0x00000007d7e80000,0x00000007d83c0000)
  to   space 5376K, 0% used [0x00000007d7940000,0x00000007d7940000,0x00000007d7e80000)
 ParOldGen       total 86848K, used 0K [0x0000000780c00000, 0x00000007860d0000, 0x00000007d5960000)
  object space 86848K, 0% used [0x0000000780c00000,0x0000000780c00000,0x00000007860d0000)
 PSPermGen       total 21248K, used 9867K [0x000000077ba00000, 0x000000077cec0000, 0x0000000780c00000)
  object space 21248K, 46% used [0x000000077ba00000,0x000000077c3a2cf8,0x000000077cec0000)
Event: 14.320 GC heap after
Heap after GC invocations=1 (full 0):
 PSYoungGen      total 38016K, used 5371K [0x00000007d5960000, 0x00000007d83c0000, 0x0000000800000000)
  eden space 32640K, 0% used [0x00000007d5960000,0x00000007d5960000,0x00000007d7940000)
  from space 5376K, 99% used [0x00000007d7940000,0x00000007d7e7ed58,0x00000007d7e80000)
  to   space 5376K, 0% used [0x00000007d7e80000,0x00000007d7e80000,0x00000007d83c0000)
 ParOldGen       total 86848K, used 674K [0x0000000780c00000, 0x00000007860d0000, 0x00000007d5960000)
  object space 86848K, 0% used [0x0000000780c00000,0x0000000780ca89b0,0x00000007860d0000)
 PSPermGen       total 21248K, used 9867K [0x000000077ba00000, 0x000000077cec0000, 0x0000000780c00000)
  object space 21248K, 46% used [0x000000077ba00000,0x000000077c3a2cf8,0x000000077cec0000)
}
Event: 22.235 GC heap before
{Heap before GC invocations=2 (full 0):
 PSYoungGen      total 38016K, used 38011K [0x00000007d5960000, 0x00000007d83c0000, 0x0000000800000000)
  eden space 32640K, 100% used [0x00000007d5960000,0x00000007d7940000,0x00000007d7940000)
  from space 5376K, 99% used [0x00000007d7940000,0x00000007d7e7ed58,0x00000007d7e80000)
  to   space 5376K, 0% used [0x00000007d7e80000,0x00000007d7e80000,0x00000007d83c0000)
 ParOldGen       total 86848K, used 674K [0x0000000780c00000, 0x00000007860d0000, 0x00000007d5960000)
  object space 86848K, 0% used [0x0000000780c00000,0x0000000780ca89b0,0x00000007860d0000)
 PSPermGen       total 21248K, used 18044K [0x000000077ba00000, 0x000000077cec0000, 0x0000000780c00000)
  object space 21248K, 84% used [0x000000077ba00000,0x000000077cb9f2e8,0x000000077cec0000)
Event: 22.255 GC heap after
Heap after GC invocations=2 (full 0):
 PSYoungGen      total 38016K, used 4717K [0x00000007d5960000, 0x00000007d83c0000, 0x0000000800000000)
  eden space 32640K, 0% used [0x00000007d5960000,0x00000007d5960000,0x00000007d7940000)
  from space 5376K, 87% used [0x00000007d7e80000,0x00000007d831b438,0x00000007d83c0000)
  to   space 5376K, 0% used [0x00000007d7940000,0x00000007d7940000,0x00000007d7e80000)
 ParOldGen       total 86848K, used 682K [0x0000000780c00000, 0x00000007860d0000, 0x00000007d5960000)
  object space 86848K, 0% used [0x0000000780c00000,0x0000000780caa9b0,0x00000007860d0000)
 PSPermGen       total 21248K, used 18044K [0x000000077ba00000, 0x000000077cec0000, 0x0000000780c00000)
  object space 21248K, 84% used [0x000000077ba00000,0x000000077cb9f2e8,0x000000077cec0000)
}

Deoptimization events (10 events):
Event: 15.030 Thread 0x000000000f83f000 Uncommon trap -83 fr.pc 0x0000000002766eac
Event: 15.445 Thread 0x000000000fbef000 Uncommon trap -34 fr.pc 0x0000000002743f6c
Event: 15.459 Thread 0x000000000fbef000 Uncommon trap -34 fr.pc 0x0000000002743f6c
Event: 15.460 Thread 0x000000000fbef000 Uncommon trap -34 fr.pc 0x0000000002743f6c
Event: 15.464 Thread 0x000000000fbef000 Uncommon trap -34 fr.pc 0x0000000002743f6c
Event: 16.441 Thread 0x000000000f83f000 Uncommon trap -34 fr.pc 0x000000000272abd0
Event: 16.441 Thread 0x000000000f83f000 Uncommon trap -34 fr.pc 0x000000000272abd0
Event: 16.444 Thread 0x000000000f83f000 Uncommon trap -34 fr.pc 0x000000000272abd0
Event: 16.444 Thread 0x000000000f83f000 Uncommon trap -34 fr.pc 0x000000000272abd0
Event: 16.468 Thread 0x000000000f83f000 Uncommon trap -83 fr.pc 0x0000000002760774

Internal exceptions (10 events):
Event: 17.983 Thread 0x000000000f83f000 Threw 0x00000007d6d495d0 at C:\jdk7u2_64p\jdk7u17\hotspot\src\share\vm\prims\jvm.cpp:1166
Event: 17.985 Thread 0x000000000f83f000 Threw 0x00000007d6d52cc8 at C:\jdk7u2_64p\jdk7u17\hotspot\src\share\vm\prims\jvm.cpp:1166
Event: 17.986 Thread 0x000000000f83f000 Threw 0x00000007d6d5c2a8 at C:\jdk7u2_64p\jdk7u17\hotspot\src\share\vm\prims\jvm.cpp:1166
Event: 17.987 Thread 0x000000000f83f000 Threw 0x00000007d6d63030 at C:\jdk7u2_64p\jdk7u17\hotspot\src\share\vm\prims\jvm.cpp:1166
Event: 17.989 Thread 0x000000000f83f000 Threw 0x00000007d6d6dc08 at C:\jdk7u2_64p\jdk7u17\hotspot\src\share\vm\prims\jvm.cpp:1166
Event: 30.291 Thread 0x000000000f83f000 Threw 0x00000007d5a418d8 at C:\jdk7u2_64p\jdk7u17\hotspot\src\share\vm\prims\jni.cpp:742
Event: 31.517 Thread 0x000000000f83f000 Threw 0x00000007d6d94a80 at C:\jdk7u2_64p\jdk7u17\hotspot\src\share\vm\prims\jvm.cpp:1166
Event: 31.521 Thread 0x000000000f83f000 Threw 0x00000007d6d9c878 at C:\jdk7u2_64p\jdk7u17\hotspot\src\share\vm\prims\jvm.cpp:1166
Event: 31.523 Thread 0x000000000f83f000 Threw 0x00000007d6da30c0 at C:\jdk7u2_64p\jdk7u17\hotspot\src\share\vm\prims\jvm.cpp:1166
Event: 31.525 Thread 0x000000000f83f000 Threw 0x00000007d6daa140 at C:\jdk7u2_64p\jdk7u17\hotspot\src\share\vm\prims\jvm.cpp:1166

Events (10 events):
Event: 32.065 Executing VM operation: GetOrSetLocal
Event: 32.065 Executing VM operation: GetOrSetLocal done
Event: 32.066 Executing VM operation: GetOrSetLocal
Event: 32.066 Executing VM operation: GetOrSetLocal done
Event: 32.067 Executing VM operation: GetOrSetLocal
Event: 32.067 Executing VM operation: GetOrSetLocal done
Event: 32.068 Executing VM operation: GetOrSetLocal
Event: 32.068 Executing VM operation: GetOrSetLocal done
Event: 32.069 Executing VM operation: GetOrSetLocal
Event: 32.069 Executing VM operation: GetOrSetLocal done


Dynamic libraries:
0x000000013fc40000 - 0x000000013fc73000 	C:\Program Files\Java\jre7\bin\javaw.exe
0x0000000077290000 - 0x0000000077439000 	C:\Windows\SYSTEM32\ntdll.dll
0x0000000077170000 - 0x000000007728f000 	C:\Windows\system32\kernel32.dll
0x000007fefd8a0000 - 0x000007fefd90b000 	C:\Windows\system32\KERNELBASE.dll
0x000007fefe940000 - 0x000007fefea1b000 	C:\Windows\system32\ADVAPI32.dll
0x000007feff1b0000 - 0x000007feff24f000 	C:\Windows\system32\msvcrt.dll
0x000007feff580000 - 0x000007feff59f000 	C:\Windows\SYSTEM32\sechost.dll
0x000007feff440000 - 0x000007feff56d000 	C:\Windows\system32\RPCRT4.dll
0x0000000076d00000 - 0x0000000076dfa000 	C:\Windows\system32\USER32.dll
0x000007fefe8d0000 - 0x000007fefe937000 	C:\Windows\system32\GDI32.dll
0x000007fefee10000 - 0x000007fefee1e000 	C:\Windows\system32\LPK.dll
0x000007feff250000 - 0x000007feff319000 	C:\Windows\system32\USP10.dll
0x000007fefc080000 - 0x000007fefc274000 	C:\Windows\WinSxS\amd64_microsoft.windows.common-controls_6595b64144ccf1df_6.0.7601.17514_none_fa396087175ac9ac\COMCTL32.dll
0x000007feff320000 - 0x000007feff391000 	C:\Windows\system32\SHLWAPI.dll
0x000007fefdac0000 - 0x000007fefdaee000 	C:\Windows\system32\IMM32.DLL
0x000007fefed00000 - 0x000007fefee09000 	C:\Windows\system32\MSCTF.dll
0x0000000062ca0000 - 0x0000000062d71000 	C:\Program Files\Java\jre7\bin\msvcr100.dll
0x00000000618f0000 - 0x000000006200f000 	C:\Program Files\Java\jre7\bin\server\jvm.dll
0x000007fefa360000 - 0x000007fefa369000 	C:\Windows\system32\WSOCK32.dll
0x000007fefdaf0000 - 0x000007fefdb3d000 	C:\Windows\system32\WS2_32.dll
0x000007feff570000 - 0x000007feff578000 	C:\Windows\system32\NSI.dll
0x000007fefb3d0000 - 0x000007fefb40b000 	C:\Windows\system32\WINMM.dll
0x0000000077460000 - 0x0000000077467000 	C:\Windows\system32\PSAPI.DLL
0x0000000068c30000 - 0x0000000068c3f000 	C:\Program Files\Java\jre7\bin\verify.dll
0x0000000068820000 - 0x0000000068848000 	C:\Program Files\Java\jre7\bin\java.dll
0x0000000064600000 - 0x0000000064635000 	C:\Program Files\Java\jre7\bin\jdwp.dll
0x0000000068b70000 - 0x0000000068b78000 	C:\Program Files\Java\jre7\bin\npt.dll
0x0000000068ba0000 - 0x0000000068bb5000 	C:\Program Files\Java\jre7\bin\zip.dll
0x0000000068c40000 - 0x0000000068c49000 	C:\Program Files\Java\jre7\bin\dt_socket.dll
0x000007fefcf20000 - 0x000007fefcf75000 	C:\Windows\system32\mswsock.dll
0x000007fefcda0000 - 0x000007fefcdfb000 	C:\Windows\system32\DNSAPI.dll
0x000007fef08f0000 - 0x000007fef0905000 	C:\Windows\system32\napinsp.dll
0x000007fef0700000 - 0x000007fef0719000 	C:\Windows\system32\pnrpnsp.dll
0x000007fef0a70000 - 0x000007fef0a7b000 	C:\Windows\System32\winrnr.dll
0x000007fefb8d0000 - 0x000007fefb8e0000 	C:\Windows\system32\wshbth.dll
0x000007fefa190000 - 0x000007fefa1a2000 	C:\Windows\system32\PrxerNsp.dll
0x000007fefc6d0000 - 0x000007fefc6f7000 	C:\Windows\system32\IPHLPAPI.DLL
0x000007fefc6c0000 - 0x000007fefc6cb000 	C:\Windows\system32\WINNSI.DLL
0x000007fefa180000 - 0x000007fefa188000 	C:\Windows\system32\rasadhlp.dll
0x0000000180000000 - 0x000000018003e000 	C:\Program Files (x86)\Avira\AntiVir Desktop\avsda64.dll
0x000007fefc6a0000 - 0x000007fefc6b6000 	C:\Windows\system32\PrxerDrv.dll
0x000007fefc690000 - 0x000007fefc697000 	C:\Windows\System32\wshtcpip.dll
0x000007fefcf80000 - 0x000007fefcf97000 	C:\Windows\system32\CRYPTSP.dll
0x000007fefcc80000 - 0x000007fefccc7000 	C:\Windows\system32\rsaenh.dll
0x000007fefca30000 - 0x000007fefca4e000 	C:\Windows\system32\USERENV.dll
0x000007fefd6f0000 - 0x000007fefd6ff000 	C:\Windows\system32\profapi.dll
0x000007fefd5e0000 - 0x000007fefd5ef000 	C:\Windows\system32\CRYPTBASE.dll
0x0000000068b80000 - 0x0000000068b99000 	C:\Program Files\Java\jre7\bin\net.dll
0x000007fefcf10000 - 0x000007fefcf17000 	C:\Windows\System32\wship6.dll
0x000007fefabf0000 - 0x000007fefac43000 	C:\Windows\System32\fwpuclnt.dll
0x0000000064dd0000 - 0x0000000064de1000 	C:\Program Files\Java\jre7\bin\nio.dll
0x000007fee4240000 - 0x000007fee4277000 	C:\Users\Armin\AppData\Local\Temp\jna-Armin\jna3259108722013954838.dll
0x0000000062590000 - 0x0000000062723000 	C:\Program Files\Java\jre7\bin\awt.dll
0x000007feff0d0000 - 0x000007feff1a7000 	C:\Windows\system32\OLEAUT32.dll
0x000007fefee20000 - 0x000007feff023000 	C:\Windows\system32\ole32.dll
0x000007fefbea0000 - 0x000007fefbef6000 	C:\Windows\system32\uxtheme.dll
0x00000000021d0000 - 0x000000000220b000 	C:\Windows\W7FBC\dll.dll
0x000007feff030000 - 0x000007feff0c7000 	C:\Windows\system32\COMDLG32.dll
0x000007fefdb40000 - 0x000007fefe8c8000 	C:\Windows\system32\SHELL32.dll
0x000007fefbc80000 - 0x000007fefbe95000 	C:\Windows\WinSxS\amd64_microsoft.windows.gdiplus_6595b64144ccf1df_1.1.7601.17514_none_2b24536c71ed437a\gdiplus.dll
0x000007fefba70000 - 0x000007fefba88000 	C:\Windows\system32\dwmapi.dll
0x0000000062da0000 - 0x0000000062dd0000 	C:\Users\Armin\Desktop\Kar\jajeem\util\vlclib\libvlc.dll
0x000000006a1a0000 - 0x000000006a3f4000 	C:\Users\Armin\Desktop\Kar\jajeem\util\vlclib\libvlccore.dll
0x000007feeca60000 - 0x000007feecc5f000 	C:\Windows\system32\d3d9.dll
0x000007fefc5a0000 - 0x000007fefc5ac000 	C:\Windows\system32\VERSION.dll
0x000007feef5e0000 - 0x000007feef5e7000 	C:\Windows\system32\d3d8thk.dll
0x000000006f550000 - 0x000000006f5f3000 	C:\Windows\system32\aticfx64.dll
0x000007feef5d0000 - 0x000007feef5dd000 	C:\Windows\system32\atiu9p64.dll
0x0000000010fb0000 - 0x00000000114bd000 	C:\Windows\system32\atiumd64.dll
0x000000006a790000 - 0x000000006aabb000 	C:\Windows\system32\atiumd6a.dll
0x0000000063070000 - 0x00000000630a4000 	C:\Program Files\Java\jre7\bin\fontmanager.dll
0x0000000056210000 - 0x0000000056266000 	C:\Users\Armin\Desktop\Kar\jajeem\util\vlclib\plugins\access\libdshow_plugin.dll
0x000000005e040000 - 0x000000005e060000 	C:\Users\Armin\Desktop\Kar\jajeem\util\vlclib\plugins\audio_output\libaout_directx_plugin.dll
0x00000000562b0000 - 0x00000000562d0000 	C:\Users\Armin\Desktop\Kar\jajeem\util\vlclib\plugins\audio_output\libwaveout_plugin.dll
0x000007fefb480000 - 0x000007fefb508000 	C:\Windows\system32\DSOUND.dll
0x000007fefc570000 - 0x000007fefc59c000 	C:\Windows\system32\POWRPROF.dll
0x000007fefeac0000 - 0x000007fefec97000 	C:\Windows\system32\SETUPAPI.dll
0x000007fefda80000 - 0x000007fefdab6000 	C:\Windows\system32\CFGMGR32.dll
0x000007fefd880000 - 0x000007fefd89a000 	C:\Windows\system32\DEVOBJ.dll
0x0000000013860000 - 0x00000000143d3000 	C:\Users\Armin\Desktop\Kar\jajeem\util\vlclib\plugins\gui\libqt4_plugin.dll
0x000007fefb850000 - 0x000007fefb8c1000 	C:\Windows\system32\WINSPOOL.DRV
0x00000000143e0000 - 0x000000001455a000 	C:\Users\Armin\Desktop\Kar\jajeem\util\vlclib\plugins\misc\libxml_plugin.dll
0x0000000056280000 - 0x00000000562a6000 	C:\Users\Armin\Desktop\Kar\jajeem\util\vlclib\plugins\video_output\libdirectx_plugin.dll
0x00000000561f0000 - 0x000000005620c000 	C:\Users\Armin\Desktop\Kar\jajeem\util\vlclib\plugins\mmxext\libmemcpymmxext_plugin.dll
0x00000000561c0000 - 0x00000000561e1000 	C:\Users\Armin\Desktop\Kar\jajeem\util\vlclib\plugins\control\libhotkeys_plugin.dll
0x000007fefba90000 - 0x000007fefbadb000 	C:\Windows\system32\MMDevAPI.DLL
0x000007fefbf00000 - 0x000007fefc02c000 	C:\Windows\system32\PROPSYS.dll
0x000007fee3210000 - 0x000007fee324b000 	C:\Windows\system32\wdmaud.drv
0x0000000068e70000 - 0x0000000068e76000 	C:\Windows\system32\ksuser.dll
0x000007fefb5c0000 - 0x000007fefb5c9000 	C:\Windows\system32\AVRT.dll
0x000007fefb280000 - 0x000007fefb2cf000 	C:\Windows\system32\AUDIOSES.DLL
0x000007fef0b60000 - 0x000007fef0b6a000 	C:\Windows\system32\msacm32.drv
0x000007fee9cb0000 - 0x000007fee9cc8000 	C:\Windows\system32\MSACM32.dll
0x000007fef0b50000 - 0x000007fef0b59000 	C:\Windows\system32\midimap.dll
0x000007fefa400000 - 0x000007fefa4a0000 	C:\Windows\WinSxS\amd64_microsoft.windows.common-controls_6595b64144ccf1df_5.82.7601.17514_none_a4d6a923711520a9\comctl32.dll
0x000007feff3a0000 - 0x000007feff439000 	C:\Windows\system32\CLBCatQ.DLL
0x000007fefb450000 - 0x000007fefb47d000 	C:\Windows\system32\ntmarta.dll
0x000007fefeca0000 - 0x000007fefecf2000 	C:\Windows\system32\WLDAP32.dll
0x000007fefd580000 - 0x000007fefd5d7000 	C:\Windows\system32\apphelp.dll
0x000007fef4ad0000 - 0x000007fef4c6c000 	C:\Windows\system32\NetworkExplorer.dll
0x000007fef6b30000 - 0x000007fef6b64000 	C:\Windows\System32\shdocvw.dll
0x000007fefaf60000 - 0x000007fefaf6b000 	C:\Windows\system32\slc.dll
0x000007fefb900000 - 0x000007fefba2a000 	C:\Windows\system32\WindowsCodecs.dll
0x000000006e850000 - 0x000000006e866000 	C:\Program Files\Common Files\TortoiseOverlays\TortoiseOverlays.dll
0x000000006e880000 - 0x000000006e890000 	C:\Program Files\TortoiseSVN\bin\TortoiseStub.dll
0x000000006ce40000 - 0x000000006ceb8000 	C:\Program Files\TortoiseSVN\bin\TortoiseSVN.dll
0x0000000076e00000 - 0x0000000076f5a000 	C:\Windows\system32\WININET.dll
0x0000000077450000 - 0x0000000077453000 	C:\Windows\system32\Normaliz.dll
0x0000000076f60000 - 0x000000007716d000 	C:\Windows\system32\iertutil.dll
0x0000000076bb0000 - 0x0000000076cfd000 	C:\Windows\system32\urlmon.dll
0x000007fef64e0000 - 0x000007fef68bc000 	C:\Program Files\TortoiseSVN\bin\libsvn_tsvn.dll
0x000000006cf10000 - 0x000000006cf3b000 	C:\Program Files\TortoiseSVN\bin\libapr_tsvn.dll
0x000000006cec0000 - 0x000000006cf01000 	C:\Program Files\TortoiseSVN\bin\libaprutil_tsvn.dll
0x000007fef7610000 - 0x000007fef7620000 	C:\Program Files\TortoiseSVN\bin\intl3_tsvn.dll
0x000007fef6c40000 - 0x000007fef6c5a000 	C:\Program Files\TortoiseSVN\bin\libsasl.dll
0x000007fefd520000 - 0x000007fefd52b000 	C:\Windows\system32\Secur32.dll
0x000007fefd550000 - 0x000007fefd575000 	C:\Windows\system32\SSPICLI.DLL
0x000007fefd910000 - 0x000007fefda77000 	C:\Windows\system32\CRYPT32.dll
0x000007fefd790000 - 0x000007fefd79f000 	C:\Windows\system32\MSASN1.dll
0x000000006ccc0000 - 0x000000006cd58000 	C:\Windows\system32\MSVCP100.dll
0x000007fef6c00000 - 0x000007fef6c35000 	C:\Windows\system32\EhStorShell.dll
0x000007fef5e60000 - 0x000007fef64d1000 	C:\PROGRA~1\MIF5BA~1\Office14\GROOVEEX.DLL
0x000000006cc20000 - 0x000000006ccbd000 	C:\Windows\WinSxS\amd64_microsoft.vc90.crt_1fc8b3b9a1e18e3b_9.0.30729.4940_none_08e4299fa83d7e3c\MSVCR90.dll
0x000000006cb40000 - 0x000000006cc13000 	C:\Windows\WinSxS\amd64_microsoft.vc90.crt_1fc8b3b9a1e18e3b_9.0.30729.4940_none_08e4299fa83d7e3c\MSVCP90.dll
0x000000006cb10000 - 0x000000006cb3f000 	C:\Windows\WinSxS\amd64_microsoft.vc90.atl_1fc8b3b9a1e18e3b_9.0.30729.4148_none_0a1d2fcba76b3f00\ATL90.DLL
0x000007fef5a50000 - 0x000007fef5e5f000 	C:\PROGRA~1\COMMON~1\MICROS~1\OFFICE14\Cultures\office.odf
0x000007fef51e0000 - 0x000007fef5a44000 	C:\PROGRA~1\MIF5BA~1\Office14\1033\GrooveIntlResource.dll
0x0000000062fb0000 - 0x0000000062ff1000 	C:\Program Files\Java\jre7\bin\t2k.dll

VM Arguments:
jvm_args: -agentlib:jdwp=transport=dt_socket,suspend=y,address=localhost:3120 -Dfile.encoding=Cp1256 
java_command: com.jajeem.videoplayer.design.VideoPlayer
Launcher Type: SUN_STANDARD

Environment Variables:
PATH=C:\Program Files (x86)\NVIDIA Corporation\PhysX\Common;C:\Program Files (x86)\MiKTeX 2.9\miktex\bin;C:\Windows\system32;C:\Windows;C:\Windows\System32\Wbem;C:\Windows\System32\WindowsPowerShell\v1.0\;c:\Program Files (x86)\ATI Technologies\ATI.ACE\Core-Static;C:\Program Files\Intel\WiFi\bin\;C:\Program Files\Common Files\Intel\WirelessCommon\;C:\Program Files (x86)\Common Files\Roxio Shared\DLLShared\;C:\Program Files (x86)\Common Files\Roxio Shared\OEM\DLLShared\;C:\Program Files (x86)\Common Files\Roxio Shared\OEM\DLLShared\;C:\Program Files (x86)\Common Files\Roxio Shared\OEM\12.0\DLLShared\;C:\Program Files (x86)\Roxio\OEM\AudioCore\;C:\Program Files (x86)\Java\jre6\bin;C:\Program Files\TortoiseSVN\bin;C:\Program Files (x86)\Microsoft SQL Server\100\Tools\Binn\;C:\Program Files\Microsoft SQL Server\100\Tools\Binn\;C:\Program Files\Microsoft SQL Server\100\DTS\Binn\;C:\Program Files (x86)\Microsoft SQL Server\100\Tools\Binn\VSShell\Common7\IDE\;C:\Program Files (x86)\Microsoft Visual Studio 9.0\Common7\IDE\PrivateAssemblies\;C:\Program Files (x86)\Microsoft SQL Server\100\DTS\Binn\;C:\Program Files\Microsoft\Web Platform Installer\;;C:\Program Files (x86)\Universal Extractor;C:\Program Files (x86)\Universal Extractor\bin;C:\Program Files (x86)\Microsoft ASP.NET\ASP.NET Web Pages\v1.0\;C:\Program Files (x86)\Windows Kits\8.0\Windows Performance Toolkit\;C:\Program Files\Microsoft SQL Server\110\Tools\Binn\;C:\Program Files\WIDCOMM\Bluetooth Software\;C:\Program Files\WIDCOMM\Bluetooth Software\syswow64;C:\Program Files (x86)\OpenVPN\bin
USERNAME=Armin
OS=Windows_NT
PROCESSOR_IDENTIFIER=Intel64 Family 6 Model 42 Stepping 7, GenuineIntel



---------------  S Y S T E M  ---------------

OS: Windows 7 , 64 bit Build 7601 Service Pack 1

CPU:total 8 (4 cores per cpu, 2 threads per core) family 6 model 42 stepping 7, cmov, cx8, fxsr, mmx, sse, sse2, sse3, ssse3, sse4.1, sse4.2, popcnt, avx, ht, tsc, tscinvbit

Memory: 4k page, physical 8335180k(3917392k free), swap 16668512k(10744212k free)

vm_info: Java HotSpot(TM) 64-Bit Server VM (23.7-b01) for windows-amd64 JRE (1.7.0_17-b02), built on Mar  1 2013 03:38:30 by "java_re" with unknown MS VC++:1600

time: Mon Jun 24 23:39:58 2013
elapsed time: 32 seconds

