#
# A fatal error has been detected by the Java Runtime Environment:
#
#  EXCEPTION_ACCESS_VIOLATION (0xc0000005) at pc=0x0000000066505400, pid=5448, tid=5028
#
# JRE version: 7.0_17-b02
# Java VM: Java HotSpot(TM) 64-Bit Server VM (23.7-b01 mixed mode windows-amd64 compressed oops)
# Problematic frame:
# V  [jvm.dll+0x25400]
#
# Failed to write core dump. Minidumps are not enabled by default on client versions of Windows
#
# If you would like to submit a bug report, please visit:
#   http://bugreport.sun.com/bugreport/crash.jsp
#

---------------  T H R E A D  ---------------

Current thread (0x0000000002131800):  GCTaskThread [stack: 0x0000000006710000,0x0000000006810000] [id=5028]

siginfo: ExceptionCode=0xc0000005, reading address 0x0000000000000018

Registers:
RAX=0x0000000000000000, RBX=0x00000007d63e1b78, RCX=0x00000007d63e1b78, RDX=0x0000000000000010
RSP=0x000000000680f1f8, RBP=0x000000000564cd01, RSI=0x000000000c042a30, RDI=0x000000078139bc08
R8 =0x000000000c042a30, R9 =0x00000007d970f668, R10=0x0000000000000000, R11=0x00000007d970f5d0
R12=0x000000000564ccdb, R13=0x0000000000000000, R14=0x0000000000000000, R15=0x0000000002121b20
RIP=0x0000000066505400, EFLAGS=0x0000000000010202

Top of Stack: (sp=0x000000000680f1f8)
0x000000000680f1f8:   00000000668422d6 00000007d8646660
0x000000000680f208:   000000000c042a30 000000000c042a30
0x000000000680f218:   000000000bf15d70 00000007d9708010
0x000000000680f228:   0000000000001000 00000007d9b4b008
0x000000000680f238:   00000000665a8b03 0000000000000000
0x000000000680f248:   000000000c042a00 000000000564ccdb
0x000000000680f258:   0000000066842660 00000007d96ed014
0x000000000680f268:   000000000564cd01 000000000c042a30
0x000000000680f278:   000000078139bc08 00000007d96ed014
0x000000000680f288:   0000000066843222 00000007d9b4b028
0x000000000680f298:   000007fefdf010ac 00000007d8574480
0x000000000680f2a8:   000000000c042a30 000000000c042a30
0x000000000680f2b8:   0000000000000000 000000078121984c
0x000000000680f2c8:   00000000665ab369 000000078139b9d0
0x000000000680f2d8:   00000000665a8b03 000000078139b9c5
0x000000000680f2e8:   000000078139b9c5 000000078139ba68 

Instructions: (pc=0x0000000066505400)
0x00000000665053e0:   0d 44 0f b7 c0 48 83 c1 48 e8 88 7d 4c 00 48 83
0x00000000665053f0:   c4 28 c3 cc cc cc cc cc cc cc cc cc cc cc cc cc
0x0000000066505400:   44 8b 42 08 4c 8b ca 45 85 c0 7e 0e 41 f6 c0 01
0x0000000066505410:   75 57 41 c1 f8 03 41 8b c0 c3 79 4d 80 3d f5 68 


Register to memory mapping:

RAX=0x0000000000000000 is an unknown value
RBX=0x00000007d63e1b78 is an unknown value
RCX=0x00000007d63e1b78 is an unknown value
RDX=0x0000000000000010 is an unknown value
RSP=0x000000000680f1f8 is an unknown value
RBP=0x000000000564cd01 is an unknown value
RSI=0x000000000c042a30 is an unknown value
RDI=0x000000078139bc08 is an oop
[C 
 - klass: {type array char}
 - length: 32
R8 =0x000000000c042a30 is an unknown value
R9 =0x00000007d970f668 is an oop
[Ljava.lang.Object; 
 - klass: 'java/lang/Object'[]
 - length: 10
R10=0x0000000000000000 is an unknown value
R11=0x00000007d970f5d0 is an oop
[Ljava.util.HashMap$Entry; 
 - klass: 'java/util/HashMap$Entry'[]
 - length: 16
R12=0x000000000564ccdb is an unknown value
R13=0x0000000000000000 is an unknown value
R14=0x0000000000000000 is an unknown value
R15=0x0000000002121b20 is an unknown value


Stack: [0x0000000006710000,0x0000000006810000],  sp=0x000000000680f1f8,  free space=1020k
Native frames: (J=compiled Java code, j=interpreted, Vv=VM code, C=native code)
V  [jvm.dll+0x25400]


---------------  P R O C E S S  ---------------

Java Threads: ( => current thread )
  0x000000001383e800 JavaThread "Thread-132" [_thread_in_native, id=3648, stack(0x0000000015790000,0x0000000015890000)]
  0x000000001383d000 JavaThread "Image Fetcher 2" daemon [_thread_blocked, id=4124, stack(0x0000000018690000,0x0000000018790000)]
  0x000000001383e000 JavaThread "Image Fetcher 1" daemon [_thread_blocked, id=2976, stack(0x0000000019a50000,0x0000000019b50000)]
  0x0000000013834000 JavaThread "Image Fetcher 0" daemon [_thread_blocked, id=5144, stack(0x00000000198b0000,0x00000000199b0000)]
  0x000000001383c800 JavaThread "Thread-131" [_thread_in_native, id=1536, stack(0x0000000019660000,0x0000000019760000)]
  0x000000001383b800 JavaThread "RMI RenewClean-[127.0.0.1:60062,jrdesktop.rmi.client.MultihomeRMIClientSocketFactory@b15d177]" daemon [_thread_blocked, id=5220, stack(0x0000000019790000,0x0000000019890000)]
  0x000000001383b000 JavaThread "Thread-129" [_thread_blocked, id=6112, stack(0x0000000019560000,0x0000000019660000)]
  0x000000001383a000 JavaThread "RMI RenewClean-[127.0.0.1:1274,jrdesktop.rmi.client.MultihomeRMIClientSocketFactory@b15d177]" daemon [_thread_blocked, id=4440, stack(0x00000000188e0000,0x00000000189e0000)]
  0x0000000013839800 JavaThread "Thread-127" [_thread_in_native, id=3264, stack(0x0000000018b90000,0x0000000018c90000)]
  0x0000000013838800 JavaThread "RMI RenewClean-[127.0.0.1:60163,jrdesktop.rmi.client.MultihomeRMIClientSocketFactory@b15d177]" daemon [_thread_blocked, id=3632, stack(0x00000000187e0000,0x00000000188e0000)]
  0x0000000013838000 JavaThread "Thread-125" [_thread_blocked, id=5204, stack(0x0000000018cf0000,0x0000000018df0000)]
  0x0000000013837000 JavaThread "GC Daemon" daemon [_thread_blocked, id=1220, stack(0x0000000017910000,0x0000000017a10000)]
  0x0000000013836800 JavaThread "RMI RenewClean-[127.0.0.1:4537,jrdesktop.rmi.client.MultihomeRMIClientSocketFactory@b15d177]" daemon [_thread_blocked, id=1900, stack(0x0000000017710000,0x0000000017810000)]
  0x0000000013831000 JavaThread "RMI Scheduler(0)" daemon [_thread_blocked, id=3368, stack(0x0000000017560000,0x0000000017660000)]
  0x0000000013830800 JavaThread "D3D Screen Updater" daemon [_thread_blocked, id=5640, stack(0x0000000018460000,0x0000000018560000)]
  0x0000000013835000 JavaThread "Thread-122" [_thread_in_native, id=4692, stack(0x0000000017280000,0x0000000017380000)]
  0x0000000013833800 JavaThread "Timer-1" [_thread_blocked, id=5248, stack(0x00000000173b0000,0x00000000174b0000)]
  0x0000000013832800 JavaThread "Timer-0" [_thread_blocked, id=1224, stack(0x00000000170e0000,0x00000000171e0000)]
  0x0000000013835800 JavaThread "TimerQueue" daemon [_thread_blocked, id=4412, stack(0x0000000016d70000,0x0000000016e70000)]
  0x0000000013832000 JavaThread "DestroyJavaVM" [_thread_blocked, id=4108, stack(0x0000000002520000,0x0000000002620000)]
  0x0000000013f74800 JavaThread "Thread-5" [_thread_in_native, id=4824, stack(0x0000000014d00000,0x0000000014e00000)]
  0x0000000013f6f000 JavaThread "Thread-4" [_thread_in_native, id=5268, stack(0x0000000014bf0000,0x0000000014cf0000)]
  0x0000000013c17000 JavaThread "AWT-EventQueue-0" [_thread_blocked, id=1472, stack(0x0000000014a60000,0x0000000014b60000)]
  0x0000000013875000 JavaThread "AWT-Shutdown" [_thread_blocked, id=5380, stack(0x00000000148a0000,0x00000000149a0000)]
  0x000000000fcd1800 JavaThread "H2 Log Writer JAJEEM.DB" daemon [_thread_blocked, id=992, stack(0x000000000f630000,0x000000000f730000)]
  0x0000000013933000 JavaThread "H2 File Lock Watchdog C:/Users/Armin/Desktop/Kar/jajeem/jajeem.db.lock.db" daemon [_thread_blocked, id=388, stack(0x0000000010c80000,0x0000000010d80000)]
  0x000000000fbf3000 JavaThread "AWT-Windows" daemon [_thread_in_native, id=4576, stack(0x0000000010580000,0x0000000010680000)]
  0x000000000e226800 JavaThread "Java2D Disposer" daemon [_thread_blocked, id=5540, stack(0x0000000010320000,0x0000000010420000)]
  0x000000000dfe6000 JavaThread "Service Thread" daemon [_thread_blocked, id=3924, stack(0x000000000f7e0000,0x000000000f8e0000)]
  0x000000000dfdd000 JavaThread "C2 CompilerThread1" daemon [_thread_blocked, id=1620, stack(0x000000000f530000,0x000000000f630000)]
  0x000000000dfd9800 JavaThread "C2 CompilerThread0" daemon [_thread_blocked, id=5004, stack(0x000000000ee00000,0x000000000ef00000)]
  0x000000000dfa1800 JavaThread "JDWP Command Reader" daemon [_thread_in_native, id=5468, stack(0x000000000f3f0000,0x000000000f4f0000)]
  0x000000000dfa0800 JavaThread "JDWP Event Helper Thread" daemon [_thread_blocked, id=5188, stack(0x000000000f290000,0x000000000f390000)]
  0x000000000df8e800 JavaThread "JDWP Transport Listener: dt_socket" daemon [_thread_blocked, id=5300, stack(0x000000000f0b0000,0x000000000f1b0000)]
  0x000000000df88000 JavaThread "Attach Listener" daemon [_thread_blocked, id=6108, stack(0x000000000e4e0000,0x000000000e5e0000)]
  0x000000000df86800 JavaThread "Signal Dispatcher" daemon [_thread_blocked, id=5676, stack(0x000000000dd20000,0x000000000de20000)]
  0x000000000c05a800 JavaThread "Finalizer" daemon [_thread_blocked, id=4728, stack(0x000000000de30000,0x000000000df30000)]
  0x000000000c052000 JavaThread "Reference Handler" daemon [_thread_blocked, id=5348, stack(0x000000000dc00000,0x000000000dd00000)]

Other Threads:
  0x000000000c046800 VMThread [stack: 0x000000000da20000,0x000000000db20000] [id=2620]
  0x000000000dff2800 WatcherThread [stack: 0x000000000f960000,0x000000000fa60000] [id=2220]

=>0x0000000002131800 (exited) GCTaskThread [stack: 0x0000000006710000,0x0000000006810000] [id=5028]

VM state:at safepoint (normal execution)

VM Mutex/Monitor currently owned by a thread:  ([mutex/lock_event])
[0x000000000225ca10] Threads_lock - owner thread: 0x000000000c046800
[0x000000000225cf10] Heap_lock - owner thread: 0x000000001383b000

Heap
 PSYoungGen      total 55808K, used 50304K [0x00000007d5960000, 0x00000007da5f0000, 0x0000000800000000)
  eden space 37376K, 100% used [0x00000007d5960000,0x00000007d7de0000,0x00000007d7de0000)
  from space 18432K, 70% used [0x00000007d7de0000,0x00000007d8a80040,0x00000007d8fe0000)
  to   space 18880K, 69% used [0x00000007d9380000,0x00000007da050040,0x00000007da5f0000)
 ParOldGen       total 129536K, used 86834K [0x0000000780c00000, 0x0000000788a80000, 0x00000007d5960000)
  object space 129536K, 67% used [0x0000000780c00000,0x00000007860cc928,0x0000000788a80000)
 PSPermGen       total 60736K, used 28865K [0x000000077ba00000, 0x000000077f550000, 0x0000000780c00000)
  object space 60736K, 47% used [0x000000077ba00000,0x000000077d630490,0x000000077f550000)

Card table byte_map: [0x0000000005620000,0x0000000005a50000] byte_map_base: 0x0000000001a43000

Polling page: 0x0000000000220000

Code Cache  [0x0000000002620000, 0x0000000002890000, 0x0000000005620000)
 total_blobs=1223 nmethods=637 adapters=545 free_code_cache=46843Kb largest_free_block=47884992

Compilation events (10 events):
Event: 82.446 Thread 0x000000000dfdd000 nmethod 651 0x0000000002853850 code [0x0000000002853a00, 0x00000000028540c8]
Event: 82.507 Thread 0x000000000dfd9800 nmethod 652 0x0000000002862110 code [0x0000000002862440, 0x00000000028644c0]
Event: 82.671 Thread 0x000000000dfdd000  653             sun.awt.SunHints$Key::getIndex (5 bytes)
Event: 82.671 Thread 0x000000000dfdd000 nmethod 653 0x00000000028529d0 code [0x0000000002852b00, 0x0000000002852b58]
Event: 82.678 Thread 0x000000000dfd9800  654             java.awt.Component::isEnabledImpl (5 bytes)
Event: 82.678 Thread 0x000000000dfd9800 nmethod 654 0x0000000002853650 code [0x0000000002853780, 0x00000000028537d8]
Event: 82.715 Thread 0x000000000dfdd000  655             java.awt.Component::isEnabled (5 bytes)
Event: 82.716 Thread 0x000000000dfdd000 nmethod 655 0x0000000002853450 code [0x0000000002853580, 0x00000000028535d8]
Event: 82.735 Thread 0x000000000dfd9800  656             sun.java2d.loops.ProcessPath::FillPolygon (676 bytes)
Event: 82.796 Thread 0x000000000dfd9800 nmethod 656 0x000000000286d550 code [0x000000000286d800, 0x0000000002872700]

GC Heap History (10 events):
Event: 35.687 GC heap after
Heap after GC invocations=11 (full 2):
 PSYoungGen      total 47808K, used 10048K [0x00000007d5960000, 0x00000007da0c0000, 0x0000000800000000)
  eden space 30016K, 0% used [0x00000007d5960000,0x00000007d5960000,0x00000007d76b0000)
  from space 17792K, 56% used [0x00000007d76b0000,0x00000007d8080030,0x00000007d8810000)
  to   space 17536K, 0% used [0x00000007d8fa0000,0x00000007d8fa0000,0x00000007da0c0000)
 ParOldGen       total 129536K, used 86834K [0x0000000780c00000, 0x0000000788a80000, 0x00000007d5960000)
  object space 129536K, 67% used [0x0000000780c00000,0x00000007860cc928,0x0000000788a80000)
 PSPermGen       total 60736K, used 28430K [0x000000077ba00000, 0x000000077f550000, 0x0000000780c00000)
  object space 60736K, 46% used [0x000000077ba00000,0x000000077d5c3b00,0x000000077f550000)
}
Event: 45.429 GC heap before
{Heap before GC invocations=12 (full 2):
 PSYoungGen      total 47808K, used 40064K [0x00000007d5960000, 0x00000007da0c0000, 0x0000000800000000)
  eden space 30016K, 100% used [0x00000007d5960000,0x00000007d76b0000,0x00000007d76b0000)
  from space 17792K, 56% used [0x00000007d76b0000,0x00000007d8080030,0x00000007d8810000)
  to   space 17536K, 0% used [0x00000007d8fa0000,0x00000007d8fa0000,0x00000007da0c0000)
 ParOldGen       total 129536K, used 86834K [0x0000000780c00000, 0x0000000788a80000, 0x00000007d5960000)
  object space 129536K, 67% used [0x0000000780c00000,0x00000007860cc928,0x0000000788a80000)
 PSPermGen       total 60736K, used 28504K [0x000000077ba00000, 0x000000077f550000, 0x0000000780c00000)
  object space 60736K, 46% used [0x000000077ba00000,0x000000077d5d6028,0x000000077f550000)
Event: 45.436 GC heap after
Heap after GC invocations=12 (full 2):
 PSYoungGen      total 47872K, used 11008K [0x00000007d5960000, 0x00000007d9d20000, 0x0000000800000000)
  eden space 34048K, 0% used [0x00000007d5960000,0x00000007d5960000,0x00000007d7aa0000)
  from space 13824K, 79% used [0x00000007d8fa0000,0x00000007d9a60040,0x00000007d9d20000)
  to   space 17664K, 0% used [0x00000007d7aa0000,0x00000007d7aa0000,0x00000007d8be0000)
 ParOldGen       total 129536K, used 86834K [0x0000000780c00000, 0x0000000788a80000, 0x00000007d5960000)
  object space 129536K, 67% used [0x0000000780c00000,0x00000007860cc928,0x0000000788a80000)
 PSPermGen       total 60736K, used 28504K [0x000000077ba00000, 0x000000077f550000, 0x0000000780c00000)
  object space 60736K, 46% used [0x000000077ba00000,0x000000077d5d6028,0x000000077f550000)
}
Event: 60.173 GC heap before
{Heap before GC invocations=13 (full 2):
 PSYoungGen      total 47872K, used 45056K [0x00000007d5960000, 0x00000007d9d20000, 0x0000000800000000)
  eden space 34048K, 100% used [0x00000007d5960000,0x00000007d7aa0000,0x00000007d7aa0000)
  from space 13824K, 79% used [0x00000007d8fa0000,0x00000007d9a60040,0x00000007d9d20000)
  to   space 17664K, 0% used [0x00000007d7aa0000,0x00000007d7aa0000,0x00000007d8be0000)
 ParOldGen       total 129536K, used 86834K [0x0000000780c00000, 0x0000000788a80000, 0x00000007d5960000)
  object space 129536K, 67% used [0x0000000780c00000,0x00000007860cc928,0x0000000788a80000)
 PSPermGen       total 60736K, used 28543K [0x000000077ba00000, 0x000000077f550000, 0x0000000780c00000)
  object space 60736K, 46% used [0x000000077ba00000,0x000000077d5dfdc8,0x000000077f550000)
Event: 60.180 GC heap after
Heap after GC invocations=13 (full 2):
 PSYoungGen      total 51712K, used 11840K [0x00000007d5960000, 0x00000007da170000, 0x0000000800000000)
  eden space 34048K, 0% used [0x00000007d5960000,0x00000007d5960000,0x00000007d7aa0000)
  from space 17664K, 67% used [0x00000007d7aa0000,0x00000007d8630040,0x00000007d8be0000)
  to   space 17984K, 0% used [0x00000007d8fe0000,0x00000007d8fe0000,0x00000007da170000)
 ParOldGen       total 129536K, used 86834K [0x0000000780c00000, 0x0000000788a80000, 0x00000007d5960000)
  object space 129536K, 67% used [0x0000000780c00000,0x00000007860cc928,0x0000000788a80000)
 PSPermGen       total 60736K, used 28543K [0x000000077ba00000, 0x000000077f550000, 0x0000000780c00000)
  object space 60736K, 46% used [0x000000077ba00000,0x000000077d5dfdc8,0x000000077f550000)
}
Event: 67.948 GC heap before
{Heap before GC invocations=14 (full 2):
 PSYoungGen      total 51712K, used 45888K [0x00000007d5960000, 0x00000007da170000, 0x0000000800000000)
  eden space 34048K, 100% used [0x00000007d5960000,0x00000007d7aa0000,0x00000007d7aa0000)
  from space 17664K, 67% used [0x00000007d7aa0000,0x00000007d8630040,0x00000007d8be0000)
  to   space 17984K, 0% used [0x00000007d8fe0000,0x00000007d8fe0000,0x00000007da170000)
 ParOldGen       total 129536K, used 86834K [0x0000000780c00000, 0x0000000788a80000, 0x00000007d5960000)
  object space 129536K, 67% used [0x0000000780c00000,0x00000007860cc928,0x0000000788a80000)
 PSPermGen       total 60736K, used 28580K [0x000000077ba00000, 0x000000077f550000, 0x0000000780c00000)
  object space 60736K, 47% used [0x000000077ba00000,0x000000077d5e9368,0x000000077f550000)
Event: 67.957 GC heap after
Heap after GC invocations=14 (full 2):
 PSYoungGen      total 55360K, used 12448K [0x00000007d5960000, 0x00000007da1e0000, 0x0000000800000000)
  eden space 37376K, 0% used [0x00000007d5960000,0x00000007d5960000,0x00000007d7de0000)
  from space 17984K, 69% used [0x00000007d8fe0000,0x00000007d9c08040,0x00000007da170000)
  to   space 18432K, 0% used [0x00000007d7de0000,0x00000007d7de0000,0x00000007d8fe0000)
 ParOldGen       total 129536K, used 86834K [0x0000000780c00000, 0x0000000788a80000, 0x00000007d5960000)
  object space 129536K, 67% used [0x0000000780c00000,0x00000007860cc928,0x0000000788a80000)
 PSPermGen       total 60736K, used 28580K [0x000000077ba00000, 0x000000077f550000, 0x0000000780c00000)
  object space 60736K, 47% used [0x000000077ba00000,0x000000077d5e9368,0x000000077f550000)
}
Event: 75.058 GC heap before
{Heap before GC invocations=15 (full 2):
 PSYoungGen      total 55360K, used 49824K [0x00000007d5960000, 0x00000007da1e0000, 0x0000000800000000)
  eden space 37376K, 100% used [0x00000007d5960000,0x00000007d7de0000,0x00000007d7de0000)
  from space 17984K, 69% used [0x00000007d8fe0000,0x00000007d9c08040,0x00000007da170000)
  to   space 18432K, 0% used [0x00000007d7de0000,0x00000007d7de0000,0x00000007d8fe0000)
 ParOldGen       total 129536K, used 86834K [0x0000000780c00000, 0x0000000788a80000, 0x00000007d5960000)
  object space 129536K, 67% used [0x0000000780c00000,0x00000007860cc928,0x0000000788a80000)
 PSPermGen       total 60736K, used 28846K [0x000000077ba00000, 0x000000077f550000, 0x0000000780c00000)
  object space 60736K, 47% used [0x000000077ba00000,0x000000077d62bb40,0x000000077f550000)
Event: 75.066 GC heap after
Heap after GC invocations=15 (full 2):
 PSYoungGen      total 55808K, used 12928K [0x00000007d5960000, 0x00000007da5f0000, 0x0000000800000000)
  eden space 37376K, 0% used [0x00000007d5960000,0x00000007d5960000,0x00000007d7de0000)
  from space 18432K, 70% used [0x00000007d7de0000,0x00000007d8a80040,0x00000007d8fe0000)
  to   space 18880K, 0% used [0x00000007d9380000,0x00000007d9380000,0x00000007da5f0000)
 ParOldGen       total 129536K, used 86834K [0x0000000780c00000, 0x0000000788a80000, 0x00000007d5960000)
  object space 129536K, 67% used [0x0000000780c00000,0x00000007860cc928,0x0000000788a80000)
 PSPermGen       total 60736K, used 28846K [0x000000077ba00000, 0x000000077f550000, 0x0000000780c00000)
  object space 60736K, 47% used [0x000000077ba00000,0x000000077d62bb40,0x000000077f550000)
}
Event: 82.999 GC heap before
{Heap before GC invocations=16 (full 2):
 PSYoungGen      total 55808K, used 50304K [0x00000007d5960000, 0x00000007da5f0000, 0x0000000800000000)
  eden space 37376K, 100% used [0x00000007d5960000,0x00000007d7de0000,0x00000007d7de0000)
  from space 18432K, 70% used [0x00000007d7de0000,0x00000007d8a80040,0x00000007d8fe0000)
  to   space 18880K, 0% used [0x00000007d9380000,0x00000007d9380000,0x00000007da5f0000)
 ParOldGen       total 129536K, used 86834K [0x0000000780c00000, 0x0000000788a80000, 0x00000007d5960000)
  object space 129536K, 67% used [0x0000000780c00000,0x00000007860cc928,0x0000000788a80000)
 PSPermGen       total 60736K, used 28865K [0x000000077ba00000, 0x000000077f550000, 0x0000000780c00000)
  object space 60736K, 47% used [0x000000077ba00000,0x000000077d630490,0x000000077f550000)

Deoptimization events (10 events):
Event: 20.877 Thread 0x000000001383c800 Uncommon trap -42 fr.pc 0x000000000279b258
Event: 20.877 Thread 0x000000001383c800 Uncommon trap -42 fr.pc 0x000000000279b258
Event: 20.877 Thread 0x000000001383c800 Uncommon trap -12 fr.pc 0x000000000279e320
Event: 20.905 Thread 0x0000000013c17000 Uncommon trap -83 fr.pc 0x000000000276a758
Event: 21.534 Thread 0x0000000013839800 Uncommon trap -42 fr.pc 0x000000000279b258
Event: 24.093 Thread 0x000000001383e000 Uncommon trap -34 fr.pc 0x00000000027987e0
Event: 24.094 Thread 0x000000001383e000 Uncommon trap -34 fr.pc 0x00000000027987e0
Event: 24.094 Thread 0x000000001383e000 Uncommon trap -34 fr.pc 0x00000000027987e0
Event: 24.094 Thread 0x000000001383e000 Uncommon trap -34 fr.pc 0x00000000027987e0
Event: 24.104 Thread 0x0000000013c17000 Uncommon trap -83 fr.pc 0x00000000027b35a0

Internal exceptions (10 events):
Event: 69.308 Thread 0x0000000013c17000 Threw 0x00000007d5ff1c70 at C:\jdk7u2_64p\jdk7u17\hotspot\src\share\vm\prims\jvm.cpp:1166
Event: 69.318 Thread 0x0000000013c17000 Threw 0x00000007d6001fc8 at C:\jdk7u2_64p\jdk7u17\hotspot\src\share\vm\prims\jvm.cpp:1166
Event: 69.322 Thread 0x0000000013c17000 Threw 0x00000007d6007f58 at C:\jdk7u2_64p\jdk7u17\hotspot\src\share\vm\prims\jvm.cpp:1166
Event: 70.437 Thread 0x0000000013c17000 Threw 0x00000007d6493b50 at C:\jdk7u2_64p\jdk7u17\hotspot\src\share\vm\prims\jvm.cpp:1166
Event: 70.439 Thread 0x0000000013c17000 Threw 0x00000007d64956b8 at C:\jdk7u2_64p\jdk7u17\hotspot\src\share\vm\interpreter\interpreterRuntime.cpp:362
Event: 70.439 Thread 0x0000000013c17000 Threw 0x00000007d64956b8 at C:\jdk7u2_64p\jdk7u17\hotspot\src\share\vm\prims\jvm.cpp:1170
Event: 70.439 Thread 0x0000000013c17000 Threw 0x00000007d64956b8 at C:\jdk7u2_64p\jdk7u17\hotspot\src\share\vm\prims\jvm.cpp:1170
Event: 82.358 Thread 0x0000000013c17000 Threw 0x00000007d78c2aa0 at C:\jdk7u2_64p\jdk7u17\hotspot\src\share\vm\interpreter\interpreterRuntime.cpp:362
Event: 82.363 Thread 0x0000000013c17000 Threw 0x00000007d78c2aa0 at C:\jdk7u2_64p\jdk7u17\hotspot\src\share\vm\prims\jvm.cpp:1170
Event: 82.363 Thread 0x0000000013c17000 Threw 0x00000007d78c2aa0 at C:\jdk7u2_64p\jdk7u17\hotspot\src\share\vm\prims\jvm.cpp:1170

Events (10 events):
Event: 80.644 Executing VM operation: RevokeBias done
Event: 80.685 Executing VM operation: RevokeBias
Event: 80.686 Executing VM operation: RevokeBias done
Event: 80.743 Executing VM operation: RevokeBias
Event: 80.743 Executing VM operation: RevokeBias done
Event: 81.415 Executing VM operation: RevokeBias
Event: 81.415 Executing VM operation: RevokeBias done
Event: 81.426 Executing VM operation: BulkRevokeBias
Event: 81.426 Executing VM operation: BulkRevokeBias done
Event: 82.999 Executing VM operation: ParallelGCFailedAllocation


Dynamic libraries:
0x000000013f080000 - 0x000000013f0b3000 	C:\Program Files\Java\jre7\bin\javaw.exe
0x0000000077780000 - 0x0000000077929000 	C:\Windows\SYSTEM32\ntdll.dll
0x0000000077660000 - 0x000000007777f000 	C:\Windows\system32\kernel32.dll
0x000007fefdf00000 - 0x000007fefdf6b000 	C:\Windows\system32\KERNELBASE.dll
0x000007fefe300000 - 0x000007fefe3db000 	C:\Windows\system32\ADVAPI32.dll
0x000007fefe0e0000 - 0x000007fefe17f000 	C:\Windows\system32\msvcrt.dll
0x000007fefeab0000 - 0x000007fefeacf000 	C:\Windows\SYSTEM32\sechost.dll
0x000007fefe3e0000 - 0x000007fefe50d000 	C:\Windows\system32\RPCRT4.dll
0x00000000770a0000 - 0x000000007719a000 	C:\Windows\system32\USER32.dll
0x000007fefe290000 - 0x000007fefe2f7000 	C:\Windows\system32\GDI32.dll
0x000007fefeaa0000 - 0x000007fefeaae000 	C:\Windows\system32\LPK.dll
0x000007fefe510000 - 0x000007fefe5d9000 	C:\Windows\system32\USP10.dll
0x000007fefc3d0000 - 0x000007fefc5c4000 	C:\Windows\WinSxS\amd64_microsoft.windows.common-controls_6595b64144ccf1df_6.0.7601.17514_none_fa396087175ac9ac\COMCTL32.dll
0x000007fefec70000 - 0x000007fefece1000 	C:\Windows\system32\SHLWAPI.dll
0x000007fefe0b0000 - 0x000007fefe0de000 	C:\Windows\system32\IMM32.DLL
0x000007fefe180000 - 0x000007fefe289000 	C:\Windows\system32\MSCTF.dll
0x0000000068ea0000 - 0x0000000068f71000 	C:\Program Files\Java\jre7\bin\msvcr100.dll
0x00000000664e0000 - 0x0000000066bff000 	C:\Program Files\Java\jre7\bin\server\jvm.dll
0x000007fefa640000 - 0x000007fefa649000 	C:\Windows\system32\WSOCK32.dll
0x000007fefe840000 - 0x000007fefe88d000 	C:\Windows\system32\WS2_32.dll
0x000007fefecf0000 - 0x000007fefecf8000 	C:\Windows\system32\NSI.dll
0x000007fefc180000 - 0x000007fefc1bb000 	C:\Windows\system32\WINMM.dll
0x0000000077940000 - 0x0000000077947000 	C:\Windows\system32\PSAPI.DLL
0x000000006d9e0000 - 0x000000006d9ef000 	C:\Program Files\Java\jre7\bin\verify.dll
0x000000006d9b0000 - 0x000000006d9d8000 	C:\Program Files\Java\jre7\bin\java.dll
0x000000006d910000 - 0x000000006d945000 	C:\Program Files\Java\jre7\bin\jdwp.dll
0x000000006eb20000 - 0x000000006eb28000 	C:\Program Files\Java\jre7\bin\npt.dll
0x000000006d990000 - 0x000000006d9a5000 	C:\Program Files\Java\jre7\bin\zip.dll
0x0000000072970000 - 0x0000000072979000 	C:\Program Files\Java\jre7\bin\dt_socket.dll
0x000007fefd410000 - 0x000007fefd465000 	C:\Windows\system32\mswsock.dll
0x000007fefd290000 - 0x000007fefd2eb000 	C:\Windows\system32\DNSAPI.dll
0x000007fef4730000 - 0x000007fef4745000 	C:\Windows\system32\napinsp.dll
0x000007fef46b0000 - 0x000007fef46c9000 	C:\Windows\system32\pnrpnsp.dll
0x000007fef47a0000 - 0x000007fef47ab000 	C:\Windows\System32\winrnr.dll
0x000007fef4720000 - 0x000007fef4730000 	C:\Windows\system32\wshbth.dll
0x000007fefa500000 - 0x000007fefa512000 	C:\Windows\system32\PrxerNsp.dll
0x000007fefcbc0000 - 0x000007fefcbe7000 	C:\Windows\system32\IPHLPAPI.DLL
0x000007fefcbb0000 - 0x000007fefcbbb000 	C:\Windows\system32\WINNSI.DLL
0x000007fefa4f0000 - 0x000007fefa4f8000 	C:\Windows\system32\rasadhlp.dll
0x0000000180000000 - 0x000000018003e000 	C:\Program Files (x86)\Avira\AntiVir Desktop\avsda64.dll
0x000007fefcb90000 - 0x000007fefcba6000 	C:\Windows\system32\PrxerDrv.dll
0x000007fefcb80000 - 0x000007fefcb87000 	C:\Windows\System32\wshtcpip.dll
0x0000000063f70000 - 0x0000000064103000 	C:\Program Files\Java\jre7\bin\awt.dll
0x000007fefeb90000 - 0x000007fefec67000 	C:\Windows\system32\OLEAUT32.dll
0x000007fefe890000 - 0x000007fefea93000 	C:\Windows\system32\ole32.dll
0x000007fefbff0000 - 0x000007fefc046000 	C:\Windows\system32\uxtheme.dll
0x00000000021b0000 - 0x00000000021f1000 	C:\Program Files (x86)\ATI Technologies\HydraVision\HydraDMH64.dll
0x00000000024b0000 - 0x00000000024eb000 	C:\Windows\W7FBC\dll.dll
0x000007fefeaf0000 - 0x000007fefeb87000 	C:\Windows\system32\COMDLG32.dll
0x000007fefed00000 - 0x000007feffa88000 	C:\Windows\system32\SHELL32.dll
0x000007fefbdd0000 - 0x000007fefbfe5000 	C:\Windows\WinSxS\amd64_microsoft.windows.gdiplus_6595b64144ccf1df_1.1.7601.17514_none_2b24536c71ed437a\gdiplus.dll
0x0000000005f40000 - 0x0000000005f95000 	C:\Program Files (x86)\ATI Technologies\HydraVision\GridHook64.dll
0x000007fefb5e0000 - 0x000007fefb651000 	C:\Windows\system32\WINSPOOL.DRV
0x000007fefbc10000 - 0x000007fefbc28000 	C:\Windows\system32\dwmapi.dll
0x00000000062d0000 - 0x0000000006319000 	C:\Program Files (x86)\ATI Technologies\HydraVision\HydraMDH64.dll
0x000007fefdb70000 - 0x000007fefdb7f000 	C:\Windows\system32\CRYPTBASE.dll
0x00000000642b0000 - 0x00000000642e9000 	C:\Program Files\Java\jre7\bin\kcms.dll
0x000007feeb190000 - 0x000007feeb38f000 	C:\Windows\system32\d3d9.dll
0x000007fefca90000 - 0x000007fefca9c000 	C:\Windows\system32\VERSION.dll
0x000007fef3a70000 - 0x000007fef3a77000 	C:\Windows\system32\d3d8thk.dll
0x000007fef88e0000 - 0x000007fef8a03000 	C:\Windows\system32\aticfx64.dll
0x000007fee5460000 - 0x000007fee5480000 	C:\Windows\system32\atiu9p64.dll
0x000007fee4db0000 - 0x000007fee5457000 	C:\Windows\system32\atiumd64.dll
0x0000000064af0000 - 0x0000000064fb2000 	C:\Windows\system32\atiumd6a.dll
0x000000006d970000 - 0x000000006d989000 	C:\Program Files\Java\jre7\bin\net.dll
0x000007fefd400000 - 0x000007fefd407000 	C:\Windows\System32\wship6.dll
0x000000006d950000 - 0x000000006d961000 	C:\Program Files\Java\jre7\bin\nio.dll
0x000000006e690000 - 0x000000006e69b000 	C:\Program Files\Java\jre7\bin\management.dll
0x000007fefd470000 - 0x000007fefd487000 	C:\Windows\system32\CRYPTSP.dll
0x000007fefd170000 - 0x000007fefd1b7000 	C:\Windows\system32\rsaenh.dll
0x000007fefcf30000 - 0x000007fefcf4e000 	C:\Windows\system32\USERENV.dll
0x000007fefdbe0000 - 0x000007fefdbef000 	C:\Windows\system32\profapi.dll
0x0000000063ef0000 - 0x0000000063f24000 	C:\Program Files\Java\jre7\bin\fontmanager.dll
0x0000000006680000 - 0x00000000066e5000 	C:\Program Files\WIDCOMM\Bluetooth Software\btmmhook.dll
0x000000006e660000 - 0x000000006e690000 	C:\Program Files\Java\jre7\bin\jpeg.dll
0x000007fefe010000 - 0x000007fefe0a9000 	C:\Windows\system32\CLBCatQ.DLL
0x000007fefb950000 - 0x000007fefba7a000 	C:\Windows\system32\WindowsCodecs.dll
0x000007fefda70000 - 0x000007fefdac7000 	C:\Windows\system32\apphelp.dll
0x0000000071a20000 - 0x0000000071a36000 	C:\Program Files\Common Files\TortoiseOverlays\TortoiseOverlays.dll
0x0000000071a10000 - 0x0000000071a20000 	C:\Program Files\TortoiseSVN\bin\TortoiseStub.dll
0x0000000071990000 - 0x0000000071a08000 	C:\Program Files\TortoiseSVN\bin\TortoiseSVN.dll
0x0000000077500000 - 0x000000007765a000 	C:\Windows\system32\WININET.dll
0x0000000077950000 - 0x0000000077953000 	C:\Windows\system32\Normaliz.dll
0x00000000772f0000 - 0x00000000774fd000 	C:\Windows\system32\iertutil.dll
0x00000000771a0000 - 0x00000000772ed000 	C:\Windows\system32\urlmon.dll
0x000007fef7670000 - 0x000007fef7a4c000 	C:\Program Files\TortoiseSVN\bin\libsvn_tsvn.dll
0x0000000071960000 - 0x000000007198b000 	C:\Program Files\TortoiseSVN\bin\libapr_tsvn.dll
0x0000000071830000 - 0x0000000071871000 	C:\Program Files\TortoiseSVN\bin\libaprutil_tsvn.dll
0x000007fefdfb0000 - 0x000007fefe002000 	C:\Windows\system32\WLDAP32.dll
0x000007fef7660000 - 0x000007fef7670000 	C:\Program Files\TortoiseSVN\bin\intl3_tsvn.dll
0x000007fef7640000 - 0x000007fef765a000 	C:\Program Files\TortoiseSVN\bin\libsasl.dll
0x000007fefd870000 - 0x000007fefd87b000 	C:\Windows\system32\Secur32.dll
0x000007fefda40000 - 0x000007fefda65000 	C:\Windows\system32\SSPICLI.DLL
0x000007fefdd90000 - 0x000007fefdef7000 	C:\Windows\system32\CRYPT32.dll
0x000007fefdc80000 - 0x000007fefdc8f000 	C:\Windows\system32\MSASN1.dll
0x0000000071790000 - 0x0000000071828000 	C:\Windows\system32\MSVCP100.dll
0x000007fef7600000 - 0x000007fef7635000 	C:\Windows\system32\EhStorShell.dll
0x000007fefe660000 - 0x000007fefe837000 	C:\Windows\system32\SETUPAPI.dll
0x000007fefdf70000 - 0x000007fefdfa6000 	C:\Windows\system32\CFGMGR32.dll
0x000007fefdcd0000 - 0x000007fefdcea000 	C:\Windows\system32\DEVOBJ.dll
0x000007fefc050000 - 0x000007fefc17c000 	C:\Windows\system32\PROPSYS.dll
0x000007fef6f80000 - 0x000007fef75f1000 	C:\PROGRA~1\MIF5BA~1\Office14\GROOVEEX.DLL
0x00000000716f0000 - 0x000000007178d000 	C:\Windows\WinSxS\amd64_microsoft.vc90.crt_1fc8b3b9a1e18e3b_9.0.30729.4940_none_08e4299fa83d7e3c\MSVCR90.dll
0x0000000071610000 - 0x00000000716e3000 	C:\Windows\WinSxS\amd64_microsoft.vc90.crt_1fc8b3b9a1e18e3b_9.0.30729.4940_none_08e4299fa83d7e3c\MSVCP90.dll
0x00000000715e0000 - 0x000000007160f000 	C:\Windows\WinSxS\amd64_microsoft.vc90.atl_1fc8b3b9a1e18e3b_9.0.30729.4148_none_0a1d2fcba76b3f00\ATL90.DLL
0x000007fef6b70000 - 0x000007fef6f7f000 	C:\PROGRA~1\COMMON~1\MICROS~1\OFFICE14\Cultures\office.odf
0x000007fef62e0000 - 0x000007fef6b44000 	C:\PROGRA~1\MIF5BA~1\Office14\1033\GrooveIntlResource.dll
0x0000000063e40000 - 0x0000000063e81000 	C:\Program Files\Java\jre7\bin\t2k.dll
0x0000000064280000 - 0x00000000642aa000 	C:\Program Files\Java\jre7\bin\dcpr.dll
0x000000006d310000 - 0x000000006d3b2000 	C:\Program Files\Java\jre7\bin\mlib_image.dll
0x000000000ed50000 - 0x000000000ed81000 	C:\Program Files\WIDCOMM\Bluetooth Software\btkeyind.dll
0x000007fefb580000 - 0x000007fefb5d3000 	C:\Windows\System32\fwpuclnt.dll
0x000000006e6c0000 - 0x000000006e6e4000 	C:\Program Files\Java\jre7\bin\sunec.dll
0x000000006d900000 - 0x000000006d907000 	C:\Program Files\Java\jre7\bin\rmi.dll
0x000007fef36d0000 - 0x000007fef37f5000 	C:\Windows\system32\dbghelp.dll

VM Arguments:
jvm_args: -agentlib:jdwp=transport=dt_socket,suspend=y,address=localhost:3226 -Djava.library.path=C:\Users\Armin\Desktop\Kar\jajeem\lib\native -Dfile.encoding=Cp1256 
java_command: com.jajeem.core.design.InstructorLogin
Launcher Type: SUN_STANDARD

Environment Variables:
JAVA_HOME=C:\Program Files\Java\jdk1.7.0
PATH=C:\Program Files (x86)\AMD APP\bin\x86_64;C:\Program Files (x86)\AMD APP\bin\x86;C:\Program Files (x86)\NVIDIA Corporation\PhysX\Common;C:\Program Files (x86)\MiKTeX 2.9\miktex\bin;C:\Windows\system32;C:\Windows;C:\Windows\System32\Wbem;C:\Windows\System32\WindowsPowerShell\v1.0\;c:\Program Files (x86)\ATI Technologies\ATI.ACE\Core-Static;C:\Program Files\Intel\WiFi\bin\;C:\Program Files\Common Files\Intel\WirelessCommon\;C:\Program Files (x86)\Common Files\Roxio Shared\DLLShared\;C:\Program Files (x86)\Common Files\Roxio Shared\OEM\DLLShared\;C:\Program Files (x86)\Common Files\Roxio Shared\OEM\DLLShared\;C:\Program Files (x86)\Common Files\Roxio Shared\OEM\12.0\DLLShared\;C:\Program Files (x86)\Roxio\OEM\AudioCore\;C:\Program Files (x86)\Java\jre6\bin;C:\Program Files\TortoiseSVN\bin;C:\Program Files (x86)\Microsoft SQL Server\100\Tools\Binn\;C:\Program Files\Microsoft SQL Server\100\Tools\Binn\;C:\Program Files\Microsoft SQL Server\100\DTS\Binn\;C:\Program Files (x86)\Microsoft SQL Server\100\Tools\Binn\VSShell\Common7\IDE\;C:\Program Files (x86)\Microsoft Visual Studio 9.0\Common7\IDE\PrivateAssemblies\;C:\Program Files (x86)\Microsoft SQL Server\100\DTS\Binn\;C:\Program Files\Microsoft\Web Platform Installer\;;C:\Program Files (x86)\Universal Extractor;C:\Program Files (x86)\Universal Extractor\bin;C:\Program Files (x86)\Microsoft ASP.NET\ASP.NET Web Pages\v1.0\;C:\Program Files (x86)\Windows Kits\8.0\Windows Performance Toolkit\;C:\Program Files\Microsoft SQL Server\110\Tools\Binn\;C:\Program Files\WIDCOMM\Bluetooth Software\;C:\Program Files\WIDCOMM\Bluetooth Software\syswow64;C:\Users\Armin\Desktop\Kar\apache-ant\bin;C:\Program Files (x86)\OpenVPN\bin
USERNAME=Armin
OS=Windows_NT
PROCESSOR_IDENTIFIER=Intel64 Family 6 Model 42 Stepping 7, GenuineIntel



---------------  S Y S T E M  ---------------

OS: Windows 7 , 64 bit Build 7601 Service Pack 1

CPU:total 8 (4 cores per cpu, 2 threads per core) family 6 model 42 stepping 7, cmov, cx8, fxsr, mmx, sse, sse2, sse3, ssse3, sse4.1, sse4.2, popcnt, avx, ht, tsc, tscinvbit

Memory: 4k page, physical 8335180k(5054044k free), swap 16668512k(12749140k free)

vm_info: Java HotSpot(TM) 64-Bit Server VM (23.7-b01) for windows-amd64 JRE (1.7.0_17-b02), built on Mar  1 2013 03:38:30 by "java_re" with unknown MS VC++:1600

time: Wed Jul 10 15:26:07 2013
elapsed time: 83 seconds

