#
# A fatal error has been detected by the Java Runtime Environment:
#
#  EXCEPTION_ACCESS_VIOLATION (0xc0000005) at pc=0x00000000776ae4b4, pid=8028, tid=5468
#
# JRE version: 7.0_17-b02
# Java VM: Java HotSpot(TM) 64-Bit Server VM (23.7-b01 mixed mode windows-amd64 compressed oops)
# Problematic frame:
# C  [ntdll.dll+0x4e4b4]  RtlDeNormalizeProcessParams+0x5a4
#
# Failed to write core dump. Minidumps are not enabled by default on client versions of Windows
#
# If you would like to submit a bug report, please visit:
#   http://bugreport.sun.com/bugreport/crash.jsp
# The crash happened outside the Java Virtual Machine in native code.
# See problematic frame for where to report the bug.
#

---------------  T H R E A D  ---------------

Current thread (0x000000000f893800):  JavaThread "pool-2-thread-1" [_thread_in_native, id=5468, stack(0x0000000017ea0000,0x0000000017fa0000)]

siginfo: ExceptionCode=0xc0000005, writing address 0x0000000000000024

Registers:
RAX=0x0000000000000000, RBX=0x00000000170abee0, RCX=0x00000000fffffffc, RDX=0x0000000000000af0
RSP=0x0000000017f9e260, RBP=0x0000000000000000, RSI=0x0000000000000af0, RDI=0x0000000000000000
R8 =0x0000000017f9e218, R9 =0x0000000000000004, R10=0x0000000000000000, R11=0x0000000000000246
R12=0x0000000000000000, R13=0x0000000000000000, R14=0x000007fffff66000, R15=0x0000000000000000
RIP=0x00000000776ae4b4, EFLAGS=0x0000000000010213

Top of Stack: (sp=0x0000000017f9e260)
0x0000000017f9e260:   000000000fa94150 0000000000000af0
0x0000000017f9e270:   000000077bb50fd8 0000000000000000
0x0000000017f9e280:   000000000f8939d8 0000000017f9e408
0x0000000017f9e290:   000000000f893800 0000000065665f08
0x0000000017f9e2a0:   0000000001d157c0 0000000060e84d41
0x0000000017f9e2b0:   0000000000000000 0000000000000000
0x0000000017f9e2c0:   0000000017083210 000000000fd3c658
0x0000000017f9e2d0:   0000000017083210 0000000000000000
0x0000000017f9e2e0:   000000000f893800 0000000017f9eb70
0x0000000017f9e2f0:   0000000000000004 0000000000000001
0x0000000017f9e300:   00000000ff000000 00000000776ae3db
0x0000000017f9e310:   0000000000000000 0000000000000000
0x0000000017f9e320:   000000077ca9d4d0 00000000170abee0
0x0000000017f9e330:   00000000170abe68 0000000063328b65
0x0000000017f9e340:   0000000017f9e400 00000000170abed8
0x0000000017f9e350:   000000077caf5538 0000000000000000 

Instructions: (pc=0x00000000776ae4b4)
0x00000000776ae494:   0f b1 4b 08 0f 85 9b 47 fd ff 48 8b 03 4c 89 ac
0x00000000776ae4a4:   24 c0 00 00 00 33 ed 45 33 ed 48 83 f8 ff 74 03
0x00000000776ae4b4:   ff 40 24 ba 22 17 00 00 48 8d 3d cd 8f 0e 00 80
0x00000000776ae4c4:   3c 25 82 03 fe 7f 00 0f 85 53 be 01 00 48 83 fe 


Register to memory mapping:

RAX=0x0000000000000000 is an unknown value
RBX=0x00000000170abee0 is an unknown value
RCX=0x00000000fffffffc is an unknown value
RDX=0x0000000000000af0 is an unknown value
RSP=0x0000000017f9e260 is pointing into the stack for thread: 0x000000000f893800
RBP=0x0000000000000000 is an unknown value
RSI=0x0000000000000af0 is an unknown value
RDI=0x0000000000000000 is an unknown value
R8 =0x0000000017f9e218 is pointing into the stack for thread: 0x000000000f893800
R9 =0x0000000000000004 is an unknown value
R10=0x0000000000000000 is an unknown value
R11=0x0000000000000246 is an unknown value
R12=0x0000000000000000 is an unknown value
R13=0x0000000000000000 is an unknown value
R14=0x000007fffff66000 is an unknown value
R15=0x0000000000000000 is an unknown value


Stack: [0x0000000017ea0000,0x0000000017fa0000],  sp=0x0000000017f9e260,  free space=1016k
Native frames: (J=compiled Java code, j=interpreted, Vv=VM code, C=native code)
C  [ntdll.dll+0x4e4b4]  RtlDeNormalizeProcessParams+0x5a4

[error occurred during error reporting (printing native stack), id 0xc0000005]

Java frames: (J=compiled Java code, j=interpreted, Vv=VM code)
j  com.sun.jna.Native.invokeLong(JI[Ljava/lang/Object;)J+0
j  com.sun.jna.Function.invoke([Ljava/lang/Object;Ljava/lang/Class;Z)Ljava/lang/Object;+389
j  com.sun.jna.Function.invoke(Ljava/lang/Class;[Ljava/lang/Object;Ljava/util/Map;)Ljava/lang/Object;+214
j  com.sun.jna.Library$Handler.invoke(Ljava/lang/Object;Ljava/lang/reflect/Method;[Ljava/lang/Object;)Ljava/lang/Object;+341
j  com.sun.proxy.$Proxy7.libvlc_media_player_get_time(Luk/co/caprica/vlcj/binding/internal/libvlc_media_player_t;)J+16
j  uk.co.caprica.vlcj.player.DefaultMediaPlayer.getTime()J+17
j  uk.co.caprica.vlcj.test.basic.PlayerControlsPanel$UpdateRunnable.run()V+4
j  java.util.concurrent.Executors$RunnableAdapter.call()Ljava/lang/Object;+4
j  java.util.concurrent.FutureTask$Sync.innerRunAndReset()Z+30
j  java.util.concurrent.FutureTask.runAndReset()Z+4
j  java.util.concurrent.ScheduledThreadPoolExecutor$ScheduledFutureTask.access$301(Ljava/util/concurrent/ScheduledThreadPoolExecutor$ScheduledFutureTask;)Z+1
j  java.util.concurrent.ScheduledThreadPoolExecutor$ScheduledFutureTask.run()V+37
j  java.util.concurrent.ThreadPoolExecutor.runWorker(Ljava/util/concurrent/ThreadPoolExecutor$Worker;)V+95
j  java.util.concurrent.ThreadPoolExecutor$Worker.run()V+5
j  java.lang.Thread.run()V+11
v  ~StubRoutines::call_stub

---------------  P R O C E S S  ---------------

Java Threads: ( => current thread )
  0x000000000f896800 JavaThread "pool-4-thread-1" [_thread_blocked, id=6548, stack(0x000000001c590000,0x000000001c690000)]
  0x000000000f894000 JavaThread "pool-5-thread-1" [_thread_blocked, id=7372, stack(0x000000001f410000,0x000000001f510000)]
  0x000000000f892800 JavaThread "vlcj native mouse hook" [_thread_in_native, id=7320, stack(0x000000001b020000,0x000000001b120000)]
  0x000000000f891000 JavaThread "D3D Screen Updater" daemon [_thread_blocked, id=7836, stack(0x0000000018e90000,0x0000000018f90000)]
=>0x000000000f893800 JavaThread "pool-2-thread-1" [_thread_in_native, id=5468, stack(0x0000000017ea0000,0x0000000017fa0000)]
  0x000000000f88c000 JavaThread "Swing-Shell" daemon [_thread_blocked, id=7812, stack(0x0000000017b20000,0x0000000017c20000)]
  0x000000000f88a800 JavaThread "vlcj native mouse hook" [_thread_in_native, id=7804, stack(0x0000000016d50000,0x0000000016e50000)]
  0x000000000f895000 JavaThread "DestroyJavaVM" [_thread_blocked, id=8060, stack(0x0000000002360000,0x0000000002460000)]
  0x000000000f892000 JavaThread "TimerQueue" daemon [_thread_blocked, id=3368, stack(0x00000000101d0000,0x00000000102d0000)]
  0x000000000f88f800 JavaThread "AWT-EventQueue-0" [_thread_blocked, id=7368, stack(0x0000000014800000,0x0000000014900000)]
  0x000000000f88f000 JavaThread "AWT-Shutdown" [_thread_blocked, id=7364, stack(0x00000000145a0000,0x00000000146a0000)]
  0x000000000f88e000 JavaThread "Thread-4" [_thread_in_native, id=7356, stack(0x0000000012f20000,0x0000000013020000)]
  0x000000000f88d800 JavaThread "Thread-3" [_thread_in_native, id=7352, stack(0x00000000143e0000,0x00000000144e0000)]
  0x000000000f88c800 JavaThread "Timer-0" [_thread_blocked, id=7348, stack(0x0000000014260000,0x0000000014360000)]
  0x000000000f889800 JavaThread "AWT-Windows" daemon [_thread_in_native, id=8188, stack(0x0000000010400000,0x0000000010500000)]
  0x000000000e1cc800 JavaThread "Java2D Disposer" daemon [_thread_blocked, id=8180, stack(0x0000000010020000,0x0000000010120000)]
  0x000000000df1f000 JavaThread "Service Thread" daemon [_thread_blocked, id=8160, stack(0x000000000f640000,0x000000000f740000)]
  0x000000000df1e800 JavaThread "C2 CompilerThread1" daemon [_thread_blocked, id=8156, stack(0x000000000f510000,0x000000000f610000)]
  0x000000000df1b000 JavaThread "C2 CompilerThread0" daemon [_thread_blocked, id=8152, stack(0x000000000f360000,0x000000000f460000)]
  0x000000000df02000 JavaThread "JDWP Command Reader" daemon [_thread_in_native, id=8144, stack(0x000000000f0b0000,0x000000000f1b0000)]
  0x000000000df01000 JavaThread "JDWP Event Helper Thread" daemon [_thread_blocked, id=8140, stack(0x000000000efa0000,0x000000000f0a0000)]
  0x000000000deef000 JavaThread "JDWP Transport Listener: dt_socket" daemon [_thread_blocked, id=8128, stack(0x000000000eea0000,0x000000000efa0000)]
  0x000000000dee8800 JavaThread "Attach Listener" daemon [_thread_blocked, id=8116, stack(0x000000000e3f0000,0x000000000e4f0000)]
  0x000000000dee7000 JavaThread "Signal Dispatcher" daemon [_thread_blocked, id=8112, stack(0x000000000dc80000,0x000000000dd80000)]
  0x000000000beab000 JavaThread "Finalizer" daemon [_thread_blocked, id=8108, stack(0x000000000dd90000,0x000000000de90000)]
  0x000000000bea2800 JavaThread "Reference Handler" daemon [_thread_blocked, id=8104, stack(0x000000000db40000,0x000000000dc40000)]

Other Threads:
  0x000000000be97000 VMThread [stack: 0x000000000d940000,0x000000000da40000] [id=8100]
  0x000000000df3c000 WatcherThread [stack: 0x000000000f230000,0x000000000f330000] [id=8164]

VM state:not at safepoint (normal execution)

VM Mutex/Monitor currently owned by a thread: None

Heap
 PSYoungGen      total 32128K, used 23479K [0x00000007d5960000, 0x00000007d8fe0000, 0x0000000800000000)
  eden space 29568K, 70% used [0x00000007d5960000,0x00000007d6dd03e0,0x00000007d7640000)
  from space 2560K, 99% used [0x00000007d76f0000,0x00000007d796d910,0x00000007d7970000)
  to   space 13120K, 0% used [0x00000007d8310000,0x00000007d8310000,0x00000007d8fe0000)
 ParOldGen       total 86848K, used 17803K [0x0000000780c00000, 0x00000007860d0000, 0x00000007d5960000)
  object space 86848K, 20% used [0x0000000780c00000,0x0000000781d62f98,0x00000007860d0000)
 PSPermGen       total 22784K, used 22712K [0x000000077ba00000, 0x000000077d040000, 0x0000000780c00000)
  object space 22784K, 99% used [0x000000077ba00000,0x000000077d02e3d0,0x000000077d040000)

Card table byte_map: [0x0000000005460000,0x0000000005890000] byte_map_base: 0x0000000001883000

Polling page: 0x0000000001d50000

Code Cache  [0x0000000002460000, 0x00000000026d0000, 0x0000000005460000)
 total_blobs=954 nmethods=418 adapters=495 free_code_cache=47355Kb largest_free_block=48446656

Compilation events (10 events):
Event: 51.225 Thread 0x000000000df1b000  427             java.util.IdentityHashMap::clear (39 bytes)
Event: 51.232 Thread 0x000000000df1b000 nmethod 427 0x0000000002616a10 code [0x0000000002616b40, 0x0000000002616c98]
Event: 51.910 Thread 0x000000000df1b000  430             com.sun.jna.Pointer::getValue (1095 bytes)
Event: 51.910 Thread 0x000000000df1e800  429             com.sun.jna.Structure::readField (394 bytes)
Event: 51.987 Thread 0x000000000df1e800 nmethod 429 0x000000000261fe90 code [0x0000000002620120, 0x00000000026214d0]
Event: 51.988 Thread 0x000000000df1e800  431   !         com.sun.jna.Structure::writeField (460 bytes)
Event: 52.011 Thread 0x000000000df1b000 nmethod 430 0x0000000002622990 code [0x0000000002622d40, 0x00000000026244d8]
Event: 52.012 Thread 0x000000000df1b000  432             com.sun.jna.Pointer::setValue (910 bytes)
Event: 52.077 Thread 0x000000000df1e800 nmethod 431 0x0000000002625f90 code [0x00000000026262e0, 0x00000000026279f8]
Event: 52.092 Thread 0x000000000df1b000 nmethod 432 0x0000000002629190 code [0x00000000026294c0, 0x000000000262aaf8]

GC Heap History (10 events):
Event: 21.966 GC heap before
{Heap before GC invocations=3 (full 0):
 PSYoungGen      total 38016K, used 37999K [0x00000007d5960000, 0x00000007da3a0000, 0x0000000800000000)
  eden space 32640K, 100% used [0x00000007d5960000,0x00000007d7940000,0x00000007d7940000)
  from space 5376K, 99% used [0x00000007d7e80000,0x00000007d83bbc90,0x00000007d83c0000)
  to   space 5376K, 0% used [0x00000007d7940000,0x00000007d7940000,0x00000007d7e80000)
 ParOldGen       total 86848K, used 6021K [0x0000000780c00000, 0x00000007860d0000, 0x00000007d5960000)
  object space 86848K, 6% used [0x0000000780c00000,0x00000007811e15a0,0x00000007860d0000)
 PSPermGen       total 21248K, used 20593K [0x000000077ba00000, 0x000000077cec0000, 0x0000000780c00000)
  object space 21248K, 96% used [0x000000077ba00000,0x000000077ce1c4b8,0x000000077cec0000)
Event: 21.992 GC heap after
Heap after GC invocations=3 (full 0):
 PSYoungGen      total 38016K, used 5350K [0x00000007d5960000, 0x00000007d83c0000, 0x0000000800000000)
  eden space 32640K, 0% used [0x00000007d5960000,0x00000007d5960000,0x00000007d7940000)
  from space 5376K, 99% used [0x00000007d7940000,0x00000007d7e79998,0x00000007d7e80000)
  to   space 5376K, 0% used [0x00000007d7e80000,0x00000007d7e80000,0x00000007d83c0000)
 ParOldGen       total 86848K, used 8060K [0x0000000780c00000, 0x00000007860d0000, 0x00000007d5960000)
  object space 86848K, 9% used [0x0000000780c00000,0x00000007813df268,0x00000007860d0000)
 PSPermGen       total 21248K, used 20593K [0x000000077ba00000, 0x000000077cec0000, 0x0000000780c00000)
  object space 21248K, 96% used [0x000000077ba00000,0x000000077ce1c4b8,0x000000077cec0000)
}
Event: 29.811 GC heap before
{Heap before GC invocations=4 (full 0):
 PSYoungGen      total 38016K, used 37990K [0x00000007d5960000, 0x00000007d83c0000, 0x0000000800000000)
  eden space 32640K, 100% used [0x00000007d5960000,0x00000007d7940000,0x00000007d7940000)
  from space 5376K, 99% used [0x00000007d7940000,0x00000007d7e79998,0x00000007d7e80000)
  to   space 5376K, 0% used [0x00000007d7e80000,0x00000007d7e80000,0x00000007d83c0000)
 ParOldGen       total 86848K, used 8060K [0x0000000780c00000, 0x00000007860d0000, 0x00000007d5960000)
  object space 86848K, 9% used [0x0000000780c00000,0x00000007813df268,0x00000007860d0000)
 PSPermGen       total 22592K, used 22542K [0x000000077ba00000, 0x000000077d010000, 0x0000000780c00000)
  object space 22592K, 99% used [0x000000077ba00000,0x000000077d003ab0,0x000000077d010000)
Event: 29.836 GC heap after
Heap after GC invocations=4 (full 0):
 PSYoungGen      total 38016K, used 5349K [0x00000007d5960000, 0x00000007d83c0000, 0x0000000800000000)
  eden space 32640K, 0% used [0x00000007d5960000,0x00000007d5960000,0x00000007d7940000)
  from space 5376K, 99% used [0x00000007d7e80000,0x00000007d83b9520,0x00000007d83c0000)
  to   space 5376K, 0% used [0x00000007d7940000,0x00000007d7940000,0x00000007d7e80000)
 ParOldGen       total 86848K, used 8965K [0x0000000780c00000, 0x00000007860d0000, 0x00000007d5960000)
  object space 86848K, 10% used [0x0000000780c00000,0x00000007814c1638,0x00000007860d0000)
 PSPermGen       total 22592K, used 22542K [0x000000077ba00000, 0x000000077d010000, 0x0000000780c00000)
  object space 22592K, 99% used [0x000000077ba00000,0x000000077d003ab0,0x000000077d010000)
}
Event: 40.062 GC heap before
{Heap before GC invocations=5 (full 0):
 PSYoungGen      total 38016K, used 37989K [0x00000007d5960000, 0x00000007d83c0000, 0x0000000800000000)
  eden space 32640K, 100% used [0x00000007d5960000,0x00000007d7940000,0x00000007d7940000)
  from space 5376K, 99% used [0x00000007d7e80000,0x00000007d83b9520,0x00000007d83c0000)
  to   space 5376K, 0% used [0x00000007d7940000,0x00000007d7940000,0x00000007d7e80000)
 ParOldGen       total 86848K, used 8965K [0x0000000780c00000, 0x00000007860d0000, 0x00000007d5960000)
  object space 86848K, 10% used [0x0000000780c00000,0x00000007814c1638,0x00000007860d0000)
 PSPermGen       total 22784K, used 22632K [0x000000077ba00000, 0x000000077d040000, 0x0000000780c00000)
  object space 22784K, 99% used [0x000000077ba00000,0x000000077d01a258,0x000000077d040000)
Event: 40.092 GC heap after
Heap after GC invocations=5 (full 0):
 PSYoungGen      total 37248K, used 5365K [0x00000007d5960000, 0x00000007d8e00000, 0x0000000800000000)
  eden space 31872K, 0% used [0x00000007d5960000,0x00000007d5960000,0x00000007d7880000)
  from space 5376K, 99% used [0x00000007d7940000,0x00000007d7e7d550,0x00000007d7e80000)
  to   space 11008K, 0% used [0x00000007d8340000,0x00000007d8340000,0x00000007d8e00000)
 ParOldGen       total 86848K, used 9085K [0x0000000780c00000, 0x00000007860d0000, 0x00000007d5960000)
  object space 86848K, 10% used [0x0000000780c00000,0x00000007814df638,0x00000007860d0000)
 PSPermGen       total 22784K, used 22632K [0x000000077ba00000, 0x000000077d040000, 0x0000000780c00000)
  object space 22784K, 99% used [0x000000077ba00000,0x000000077d01a258,0x000000077d040000)
}
Event: 45.521 GC heap before
{Heap before GC invocations=6 (full 0):
 PSYoungGen      total 37248K, used 37237K [0x00000007d5960000, 0x00000007d8e00000, 0x0000000800000000)
  eden space 31872K, 100% used [0x00000007d5960000,0x00000007d7880000,0x00000007d7880000)
  from space 5376K, 99% used [0x00000007d7940000,0x00000007d7e7d550,0x00000007d7e80000)
  to   space 11008K, 0% used [0x00000007d8340000,0x00000007d8340000,0x00000007d8e00000)
 ParOldGen       total 86848K, used 9085K [0x0000000780c00000, 0x00000007860d0000, 0x00000007d5960000)
  object space 86848K, 10% used [0x0000000780c00000,0x00000007814df638,0x00000007860d0000)
 PSPermGen       total 22784K, used 22701K [0x000000077ba00000, 0x000000077d040000, 0x0000000780c00000)
  object space 22784K, 99% used [0x000000077ba00000,0x000000077d02b410,0x000000077d040000)
Event: 45.545 GC heap after
Heap after GC invocations=6 (full 0):
 PSYoungGen      total 41280K, used 10996K [0x00000007d5960000, 0x00000007d9060000, 0x0000000800000000)
  eden space 30272K, 0% used [0x00000007d5960000,0x00000007d5960000,0x00000007d76f0000)
  from space 11008K, 99% used [0x00000007d8340000,0x00000007d8dfd168,0x00000007d8e00000)
  to   space 12608K, 0% used [0x00000007d76f0000,0x00000007d76f0000,0x00000007d8340000)
 ParOldGen       total 86848K, used 9213K [0x0000000780c00000, 0x00000007860d0000, 0x00000007d5960000)
  object space 86848K, 10% used [0x0000000780c00000,0x00000007814ff638,0x00000007860d0000)
 PSPermGen       total 22784K, used 22701K [0x000000077ba00000, 0x000000077d040000, 0x0000000780c00000)
  object space 22784K, 99% used [0x000000077ba00000,0x000000077d02b410,0x000000077d040000)
}
Event: 49.781 GC heap before
{Heap before GC invocations=7 (full 0):
 PSYoungGen      total 41280K, used 41268K [0x00000007d5960000, 0x00000007d9060000, 0x0000000800000000)
  eden space 30272K, 100% used [0x00000007d5960000,0x00000007d76f0000,0x00000007d76f0000)
  from space 11008K, 99% used [0x00000007d8340000,0x00000007d8dfd168,0x00000007d8e00000)
  to   space 12608K, 0% used [0x00000007d76f0000,0x00000007d76f0000,0x00000007d8340000)
 ParOldGen       total 86848K, used 9213K [0x0000000780c00000, 0x00000007860d0000, 0x00000007d5960000)
  object space 86848K, 10% used [0x0000000780c00000,0x00000007814ff638,0x00000007860d0000)
 PSPermGen       total 22784K, used 22709K [0x000000077ba00000, 0x000000077d040000, 0x0000000780c00000)
  object space 22784K, 99% used [0x000000077ba00000,0x000000077d02d7c8,0x000000077d040000)
Event: 49.815 GC heap after
Heap after GC invocations=7 (full 0):
 PSYoungGen      total 32128K, used 2550K [0x00000007d5960000, 0x00000007d8fe0000, 0x0000000800000000)
  eden space 29568K, 0% used [0x00000007d5960000,0x00000007d5960000,0x00000007d7640000)
  from space 2560K, 99% used [0x00000007d76f0000,0x00000007d796d910,0x00000007d7970000)
  to   space 13120K, 0% used [0x00000007d8310000,0x00000007d8310000,0x00000007d8fe0000)
 ParOldGen       total 86848K, used 17803K [0x0000000780c00000, 0x00000007860d0000, 0x00000007d5960000)
  object space 86848K, 20% used [0x0000000780c00000,0x0000000781d62f98,0x00000007860d0000)
 PSPermGen       total 22784K, used 22709K [0x000000077ba00000, 0x000000077d040000, 0x0000000780c00000)
  object space 22784K, 99% used [0x000000077ba00000,0x000000077d02d7c8,0x000000077d040000)
}

Deoptimization events (10 events):
Event: 52.627 Thread 0x000000000f892800 Uncommon trap -89 fr.pc 0x0000000002612db4
Event: 52.628 Thread 0x000000000f892800 Uncommon trap -89 fr.pc 0x000000000260b7c0
Event: 52.641 Thread 0x000000000f892800 Uncommon trap -89 fr.pc 0x00000000025c5fd0
Event: 52.641 Thread 0x000000000f892800 Uncommon trap -89 fr.pc 0x00000000025c5fd0
Event: 52.642 Thread 0x000000000f892800 Uncommon trap -89 fr.pc 0x0000000002612db4
Event: 52.642 Thread 0x000000000f892800 Uncommon trap -89 fr.pc 0x000000000260b7c0
Event: 52.656 Thread 0x000000000f892800 Uncommon trap -89 fr.pc 0x00000000025c5fd0
Event: 52.656 Thread 0x000000000f892800 Uncommon trap -89 fr.pc 0x00000000025c5fd0
Event: 52.656 Thread 0x000000000f892800 Uncommon trap -89 fr.pc 0x0000000002612db4
Event: 52.656 Thread 0x000000000f892800 Uncommon trap -89 fr.pc 0x000000000260b7c0

Internal exceptions (10 events):
Event: 42.956 Thread 0x000000000f88e000 Threw 0x00000007d6436718 at C:\jdk7u2_64p\jdk7u17\hotspot\src\share\vm\classfile\systemDictionary.cpp:179
Event: 42.956 Thread 0x000000000f88e000 Threw 0x00000007d64369b0 at C:\jdk7u2_64p\jdk7u17\hotspot\src\share\vm\classfile\systemDictionary.cpp:179
Event: 42.957 Thread 0x000000000f88e000 Threw 0x00000007d6436d50 at C:\jdk7u2_64p\jdk7u17\hotspot\src\share\vm\classfile\systemDictionary.cpp:179
Event: 42.957 Thread 0x000000000f88e000 Threw 0x00000007d64376a8 at C:\jdk7u2_64p\jdk7u17\hotspot\src\share\vm\classfile\systemDictionary.cpp:179
Event: 42.973 Thread 0x000000000f88e000 Threw 0x00000007d6467500 at C:\jdk7u2_64p\jdk7u17\hotspot\src\share\vm\prims\jvm.cpp:1166
Event: 42.974 Thread 0x000000000f88e000 Threw 0x00000007d646da30 at C:\jdk7u2_64p\jdk7u17\hotspot\src\share\vm\prims\jvm.cpp:1166
Event: 42.976 Thread 0x000000000f88e000 Threw 0x00000007d6475a10 at C:\jdk7u2_64p\jdk7u17\hotspot\src\share\vm\prims\jvm.cpp:1166
Event: 42.977 Thread 0x000000000f88e000 Threw 0x00000007d647bef8 at C:\jdk7u2_64p\jdk7u17\hotspot\src\share\vm\prims\jvm.cpp:1166
Event: 51.998 Thread 0x000000000f892800 Implicit null exception at 0x00000000026201b9 to 0x0000000002621181
Event: 52.484 Thread 0x000000000f88f800 Threw 0x00000007d6711910 at C:\jdk7u2_64p\jdk7u17\hotspot\src\share\vm\prims\jni.cpp:742

Events (10 events):
Event: 52.656 Thread 0x000000000f892800 DEOPT PACKING pc=0x000000000261cf00 sp=0x000000001b11e210
Event: 52.656 Thread 0x000000000f892800 DEOPT UNPACKING pc=0x0000000002498fb9 sp=0x000000001b11df00 mode 1
Event: 52.656 Thread 0x000000000f892800 DEOPT PACKING pc=0x00000000025c5fd0 sp=0x000000001b11ddc0
Event: 52.656 Thread 0x000000000f892800 DEOPT UNPACKING pc=0x0000000002499164 sp=0x000000001b11dda8 mode 2
Event: 52.656 Thread 0x000000000f892800 DEOPT PACKING pc=0x000000000261cf00 sp=0x000000001b11de70
Event: 52.656 Thread 0x000000000f892800 DEOPT UNPACKING pc=0x0000000002498fb9 sp=0x000000001b11db50 mode 1
Event: 52.656 Thread 0x000000000f892800 DEOPT PACKING pc=0x0000000002612db4 sp=0x000000001b11dbc0
Event: 52.656 Thread 0x000000000f892800 DEOPT UNPACKING pc=0x0000000002499164 sp=0x000000001b11d9a0 mode 2
Event: 52.657 Thread 0x000000000f892800 DEOPT PACKING pc=0x000000000260b7c0 sp=0x000000001b11daa0
Event: 52.657 Thread 0x000000000f892800 DEOPT UNPACKING pc=0x0000000002499164 sp=0x000000001b11d998 mode 2


Dynamic libraries:
0x000000013f120000 - 0x000000013f153000 	C:\Program Files\Java\jre7\bin\javaw.exe
0x0000000077660000 - 0x0000000077809000 	C:\Windows\SYSTEM32\ntdll.dll
0x00000000770e0000 - 0x00000000771ff000 	C:\Windows\system32\kernel32.dll
0x000007fefdd80000 - 0x000007fefddeb000 	C:\Windows\system32\KERNELBASE.dll
0x000007fefeb00000 - 0x000007fefebdb000 	C:\Windows\system32\ADVAPI32.dll
0x000007fefe4c0000 - 0x000007fefe55f000 	C:\Windows\system32\msvcrt.dll
0x000007fefe600000 - 0x000007fefe61f000 	C:\Windows\SYSTEM32\sechost.dll
0x000007fefe390000 - 0x000007fefe4bd000 	C:\Windows\system32\RPCRT4.dll
0x0000000077560000 - 0x000000007765a000 	C:\Windows\system32\USER32.dll
0x000007fefe310000 - 0x000007fefe377000 	C:\Windows\system32\GDI32.dll
0x000007fefe380000 - 0x000007fefe38e000 	C:\Windows\system32\LPK.dll
0x000007fefe630000 - 0x000007fefe6f9000 	C:\Windows\system32\USP10.dll
0x000007fefc2b0000 - 0x000007fefc4a4000 	C:\Windows\WinSxS\amd64_microsoft.windows.common-controls_6595b64144ccf1df_6.0.7601.17514_none_fa396087175ac9ac\COMCTL32.dll
0x000007fefea80000 - 0x000007fefeaf1000 	C:\Windows\system32\SHLWAPI.dll
0x000007fefe150000 - 0x000007fefe17e000 	C:\Windows\system32\IMM32.DLL
0x000007fefe180000 - 0x000007fefe289000 	C:\Windows\system32\MSCTF.dll
0x00000000668c0000 - 0x0000000066991000 	C:\Program Files\Java\jre7\bin\msvcr100.dll
0x0000000065160000 - 0x000000006587f000 	C:\Program Files\Java\jre7\bin\server\jvm.dll
0x000007fefa6a0000 - 0x000007fefa6a9000 	C:\Windows\system32\WSOCK32.dll
0x000007fefe700000 - 0x000007fefe74d000 	C:\Windows\system32\WS2_32.dll
0x000007fefe620000 - 0x000007fefe628000 	C:\Windows\system32\NSI.dll
0x000007fefbf50000 - 0x000007fefbf8b000 	C:\Windows\system32\WINMM.dll
0x0000000077820000 - 0x0000000077827000 	C:\Windows\system32\PSAPI.DLL
0x00000000668b0000 - 0x00000000668bf000 	C:\Program Files\Java\jre7\bin\verify.dll
0x0000000066880000 - 0x00000000668a8000 	C:\Program Files\Java\jre7\bin\java.dll
0x0000000063380000 - 0x00000000633b5000 	C:\Program Files\Java\jre7\bin\jdwp.dll
0x00000000633f0000 - 0x00000000633f8000 	C:\Program Files\Java\jre7\bin\npt.dll
0x0000000066860000 - 0x0000000066875000 	C:\Program Files\Java\jre7\bin\zip.dll
0x00000000633e0000 - 0x00000000633e9000 	C:\Program Files\Java\jre7\bin\dt_socket.dll
0x000007fefd2f0000 - 0x000007fefd345000 	C:\Windows\system32\mswsock.dll
0x000007fefd170000 - 0x000007fefd1cb000 	C:\Windows\system32\DNSAPI.dll
0x000007fefb180000 - 0x000007fefb195000 	C:\Windows\system32\napinsp.dll
0x000007fef06e0000 - 0x000007fef06f9000 	C:\Windows\system32\pnrpnsp.dll
0x000007fef5200000 - 0x000007fef520b000 	C:\Windows\System32\winrnr.dll
0x000007fefb680000 - 0x000007fefb690000 	C:\Windows\system32\wshbth.dll
0x000007fefa560000 - 0x000007fefa572000 	C:\Windows\system32\PrxerNsp.dll
0x000007fefcaa0000 - 0x000007fefcac7000 	C:\Windows\system32\IPHLPAPI.DLL
0x000007fefca90000 - 0x000007fefca9b000 	C:\Windows\system32\WINNSI.DLL
0x000007fefa550000 - 0x000007fefa558000 	C:\Windows\system32\rasadhlp.dll
0x0000000180000000 - 0x000000018003e000 	C:\Program Files (x86)\Avira\AntiVir Desktop\avsda64.dll
0x000007fefca70000 - 0x000007fefca86000 	C:\Windows\system32\PrxerDrv.dll
0x000007fefca60000 - 0x000007fefca67000 	C:\Windows\System32\wshtcpip.dll
0x0000000066210000 - 0x00000000663a3000 	C:\Program Files\Java\jre7\bin\awt.dll
0x000007fefe070000 - 0x000007fefe147000 	C:\Windows\system32\OLEAUT32.dll
0x000007fefe750000 - 0x000007fefe953000 	C:\Windows\system32\ole32.dll
0x000007fefb940000 - 0x000007fefb958000 	C:\Windows\system32\DWMAPI.DLL
0x000007fefbea0000 - 0x000007fefbef6000 	C:\Windows\system32\uxtheme.dll
0x00000000022f0000 - 0x000000000232b000 	C:\Windows\W7FBC\dll.dll
0x000007fefe9e0000 - 0x000007fefea77000 	C:\Windows\system32\COMDLG32.dll
0x000007fefebe0000 - 0x000007feff968000 	C:\Windows\system32\SHELL32.dll
0x000007fefbc80000 - 0x000007fefbe95000 	C:\Windows\WinSxS\amd64_microsoft.windows.gdiplus_6595b64144ccf1df_1.1.7601.17514_none_2b24536c71ed437a\gdiplus.dll
0x000007fefd9b0000 - 0x000007fefd9bf000 	C:\Windows\system32\CRYPTBASE.dll
0x000007feedfe0000 - 0x000007feee1df000 	C:\Windows\system32\d3d9.dll
0x000007fefc970000 - 0x000007fefc97c000 	C:\Windows\system32\VERSION.dll
0x000007fef0f30000 - 0x000007fef0f37000 	C:\Windows\system32\d3d8thk.dll
0x0000000070a40000 - 0x0000000070ae3000 	C:\Windows\system32\aticfx64.dll
0x000007fef0f20000 - 0x000007fef0f2d000 	C:\Windows\system32\atiu9p64.dll
0x000000006b7a0000 - 0x000000006bcad000 	C:\Windows\system32\atiumd64.dll
0x000000006be90000 - 0x000000006c1bb000 	C:\Windows\system32\atiumd6a.dll
0x0000000063620000 - 0x0000000063659000 	C:\Program Files\Java\jre7\bin\kcms.dll
0x0000000066840000 - 0x0000000066859000 	C:\Program Files\Java\jre7\bin\net.dll
0x000007fefd2e0000 - 0x000007fefd2e7000 	C:\Windows\System32\wship6.dll
0x0000000066820000 - 0x0000000066831000 	C:\Program Files\Java\jre7\bin\nio.dll
0x0000000063360000 - 0x000000006336b000 	C:\Program Files\Java\jre7\bin\management.dll
0x00000000636b0000 - 0x00000000636e4000 	C:\Program Files\Java\jre7\bin\fontmanager.dll
0x0000000063660000 - 0x00000000636a1000 	C:\Program Files\Java\jre7\bin\t2k.dll
0x0000000006020000 - 0x0000000006085000 	C:\Program Files\WIDCOMM\Bluetooth Software\btmmhook.dll
0x000000005a0e0000 - 0x000000005a110000 	C:\Program Files\Java\jre7\bin\jpeg.dll
0x000007fefe560000 - 0x000007fefe5f9000 	C:\Windows\system32\CLBCatQ.DLL
0x000007fefb7a0000 - 0x000007fefb8ca000 	C:\Windows\system32\WindowsCodecs.dll
0x000007fefd950000 - 0x000007fefd9a7000 	C:\Windows\system32\apphelp.dll
0x0000000070af0000 - 0x0000000070b06000 	C:\Program Files\Common Files\TortoiseOverlays\TortoiseOverlays.dll
0x0000000070640000 - 0x0000000070650000 	C:\Program Files\TortoiseSVN\bin\TortoiseStub.dll
0x00000000705c0000 - 0x0000000070638000 	C:\Program Files\TortoiseSVN\bin\TortoiseSVN.dll
0x0000000076f80000 - 0x00000000770da000 	C:\Windows\system32\WININET.dll
0x0000000077830000 - 0x0000000077833000 	C:\Windows\system32\Normaliz.dll
0x0000000077200000 - 0x000000007740d000 	C:\Windows\system32\iertutil.dll
0x0000000077410000 - 0x000000007755d000 	C:\Windows\system32\urlmon.dll
0x000007fef92f0000 - 0x000007fef96cc000 	C:\Program Files\TortoiseSVN\bin\libsvn_tsvn.dll
0x0000000070d70000 - 0x0000000070d9b000 	C:\Program Files\TortoiseSVN\bin\libapr_tsvn.dll
0x0000000070d20000 - 0x0000000070d61000 	C:\Program Files\TortoiseSVN\bin\libaprutil_tsvn.dll
0x000007fefe2b0000 - 0x000007fefe302000 	C:\Windows\system32\WLDAP32.dll
0x000007fef9280000 - 0x000007fef9290000 	C:\Program Files\TortoiseSVN\bin\intl3_tsvn.dll
0x000007fef88b0000 - 0x000007fef88ca000 	C:\Program Files\TortoiseSVN\bin\libsasl.dll
0x000007fefd760000 - 0x000007fefd76b000 	C:\Windows\system32\Secur32.dll
0x000007fefd920000 - 0x000007fefd945000 	C:\Windows\system32\SSPICLI.DLL
0x000007fefdc10000 - 0x000007fefdd77000 	C:\Windows\system32\CRYPT32.dll
0x000007fefdb60000 - 0x000007fefdb6f000 	C:\Windows\system32\MSASN1.dll
0x00000000708c0000 - 0x0000000070958000 	C:\Windows\system32\MSVCP100.dll
0x000007fef8720000 - 0x000007fef8755000 	C:\Windows\system32\EhStorShell.dll
0x000007fefde90000 - 0x000007fefe067000 	C:\Windows\system32\SETUPAPI.dll
0x000007fefde10000 - 0x000007fefde46000 	C:\Windows\system32\CFGMGR32.dll
0x000007fefddf0000 - 0x000007fefde0a000 	C:\Windows\system32\DEVOBJ.dll
0x000007fefc100000 - 0x000007fefc22c000 	C:\Windows\system32\PROPSYS.dll
0x000007fef80a0000 - 0x000007fef8711000 	C:\PROGRA~1\MIF5BA~1\Office14\GROOVEEX.DLL
0x0000000070820000 - 0x00000000708bd000 	C:\Windows\WinSxS\amd64_microsoft.vc90.crt_1fc8b3b9a1e18e3b_9.0.30729.4940_none_08e4299fa83d7e3c\MSVCR90.dll
0x0000000070740000 - 0x0000000070813000 	C:\Windows\WinSxS\amd64_microsoft.vc90.crt_1fc8b3b9a1e18e3b_9.0.30729.4940_none_08e4299fa83d7e3c\MSVCP90.dll
0x0000000070cf0000 - 0x0000000070d1f000 	C:\Windows\WinSxS\amd64_microsoft.vc90.atl_1fc8b3b9a1e18e3b_9.0.30729.4148_none_0a1d2fcba76b3f00\ATL90.DLL
0x000007fef7af0000 - 0x000007fef7eff000 	C:\PROGRA~1\COMMON~1\MICROS~1\OFFICE14\Cultures\office.odf
0x000007fef5e00000 - 0x000007fef6664000 	C:\PROGRA~1\MIF5BA~1\Office14\1033\GrooveIntlResource.dll
0x00000000635f0000 - 0x000000006361a000 	C:\Program Files\Java\jre7\bin\dcpr.dll
0x000000005a030000 - 0x000000005a0d2000 	C:\Program Files\Java\jre7\bin\mlib_image.dll
0x000007fefd350000 - 0x000007fefd367000 	C:\Windows\system32\CRYPTSP.dll
0x000007fefd050000 - 0x000007fefd097000 	C:\Windows\system32\rsaenh.dll
0x000007fefce00000 - 0x000007fefce1e000 	C:\Windows\system32\USERENV.dll
0x000007fefdac0000 - 0x000007fefdacf000 	C:\Windows\system32\profapi.dll
0x000007fefb360000 - 0x000007fefb3b3000 	C:\Windows\System32\fwpuclnt.dll
0x000007fee36a0000 - 0x000007fee36d7000 	C:\Users\Armin\AppData\Local\Temp\jna-Armin\jna4997328432775636570.dll
0x0000000063320000 - 0x0000000063350000 	C:\Users\Armin\Desktop\Kar\jajeem\util\vlclib\libvlc.dll
0x0000000060e10000 - 0x0000000061064000 	C:\Users\Armin\Desktop\Kar\jajeem\util\vlclib\libvlccore.dll
0x0000000062970000 - 0x00000000629c6000 	C:\Users\Armin\Desktop\Kar\jajeem\util\vlclib\plugins\access\libdshow_plugin.dll
0x0000000063300000 - 0x0000000063320000 	C:\Users\Armin\Desktop\Kar\jajeem\util\vlclib\plugins\audio_output\libaout_directx_plugin.dll
0x00000000632e0000 - 0x0000000063300000 	C:\Users\Armin\Desktop\Kar\jajeem\util\vlclib\plugins\audio_output\libwaveout_plugin.dll
0x000007fefbfc0000 - 0x000007fefc048000 	C:\Windows\system32\DSOUND.dll
0x000007fefc940000 - 0x000007fefc96c000 	C:\Windows\system32\POWRPROF.dll
0x0000000060290000 - 0x0000000060e03000 	C:\Users\Armin\Desktop\Kar\jajeem\util\vlclib\plugins\gui\libqt4_plugin.dll
0x000007fefb600000 - 0x000007fefb671000 	C:\Windows\system32\WINSPOOL.DRV
0x0000000060110000 - 0x000000006028a000 	C:\Users\Armin\Desktop\Kar\jajeem\util\vlclib\plugins\misc\libxml_plugin.dll
0x00000000632b0000 - 0x00000000632d6000 	C:\Users\Armin\Desktop\Kar\jajeem\util\vlclib\plugins\video_output\libdirectx_plugin.dll
0x0000000062950000 - 0x000000006296c000 	C:\Users\Armin\Desktop\Kar\jajeem\util\vlclib\plugins\mmxext\libmemcpymmxext_plugin.dll
0x0000000062920000 - 0x0000000062941000 	C:\Users\Armin\Desktop\Kar\jajeem\util\vlclib\plugins\control\libhotkeys_plugin.dll
0x000007fefbf00000 - 0x000007fefbf4b000 	C:\Windows\system32\MMDevAPI.DLL
0x000007fee3700000 - 0x000007fee373b000 	C:\Windows\system32\wdmaud.drv
0x0000000059c10000 - 0x0000000059c16000 	C:\Windows\system32\ksuser.dll
0x000007fefc230000 - 0x000007fefc239000 	C:\Windows\system32\AVRT.dll
0x000007fefbb30000 - 0x000007fefbb7f000 	C:\Windows\system32\AUDIOSES.DLL
0x000007feed2d0000 - 0x000007feed2da000 	C:\Windows\system32\msacm32.drv
0x000007fee5ad0000 - 0x000007fee5ae8000 	C:\Windows\system32\MSACM32.dll

VM Arguments:
jvm_args: -agentlib:jdwp=transport=dt_socket,suspend=y,address=localhost:7116 -Dfile.encoding=Cp1256 
java_command: com.jajeem.core.design.StudentLogin
Launcher Type: SUN_STANDARD

Environment Variables:
PATH=C:\Program Files (x86)\NVIDIA Corporation\PhysX\Common;C:\Program Files (x86)\MiKTeX 2.9\miktex\bin;C:\Windows\system32;C:\Windows;C:\Windows\System32\Wbem;C:\Windows\System32\WindowsPowerShell\v1.0\;c:\Program Files (x86)\ATI Technologies\ATI.ACE\Core-Static;C:\Program Files\Intel\WiFi\bin\;C:\Program Files\Common Files\Intel\WirelessCommon\;C:\Program Files (x86)\Common Files\Roxio Shared\DLLShared\;C:\Program Files (x86)\Common Files\Roxio Shared\OEM\DLLShared\;C:\Program Files (x86)\Common Files\Roxio Shared\OEM\DLLShared\;C:\Program Files (x86)\Common Files\Roxio Shared\OEM\12.0\DLLShared\;C:\Program Files (x86)\Roxio\OEM\AudioCore\;C:\Program Files (x86)\Java\jre6\bin;C:\Program Files\TortoiseSVN\bin;C:\Program Files (x86)\Microsoft SQL Server\100\Tools\Binn\;C:\Program Files\Microsoft SQL Server\100\Tools\Binn\;C:\Program Files\Microsoft SQL Server\100\DTS\Binn\;C:\Program Files (x86)\Microsoft SQL Server\100\Tools\Binn\VSShell\Common7\IDE\;C:\Program Files (x86)\Microsoft Visual Studio 9.0\Common7\IDE\PrivateAssemblies\;C:\Program Files (x86)\Microsoft SQL Server\100\DTS\Binn\;C:\Program Files\Microsoft\Web Platform Installer\;;C:\Program Files (x86)\Universal Extractor;C:\Program Files (x86)\Universal Extractor\bin;C:\Program Files (x86)\Microsoft ASP.NET\ASP.NET Web Pages\v1.0\;C:\Program Files (x86)\Windows Kits\8.0\Windows Performance Toolkit\;C:\Program Files\Microsoft SQL Server\110\Tools\Binn\;C:\Program Files\WIDCOMM\Bluetooth Software\;C:\Program Files\WIDCOMM\Bluetooth Software\syswow64;C:\Program Files (x86)\OpenVPN\bin
USERNAME=Armin
OS=Windows_NT
PROCESSOR_IDENTIFIER=Intel64 Family 6 Model 42 Stepping 7, GenuineIntel



---------------  S Y S T E M  ---------------

OS: Windows 7 , 64 bit Build 7601 Service Pack 1

CPU:total 8 (4 cores per cpu, 2 threads per core) family 6 model 42 stepping 7, cmov, cx8, fxsr, mmx, sse, sse2, sse3, ssse3, sse4.1, sse4.2, popcnt, avx, ht, tsc, tscinvbit

Memory: 4k page, physical 8335180k(3970424k free), swap 16668512k(11002288k free)

vm_info: Java HotSpot(TM) 64-Bit Server VM (23.7-b01) for windows-amd64 JRE (1.7.0_17-b02), built on Mar  1 2013 03:38:30 by "java_re" with unknown MS VC++:1600

time: Wed Jun 26 15:55:31 2013
elapsed time: 52 seconds

