#
# A fatal error has been detected by the Java Runtime Environment:
#
#  EXCEPTION_ACCESS_VIOLATION (0xc0000005) at pc=0x00000000776ae4b4, pid=7836, tid=7544
#
# JRE version: 7.0_17-b02
# Java VM: Java HotSpot(TM) 64-Bit Server VM (23.7-b01 mixed mode windows-amd64 compressed oops)
# Problematic frame:
# C  [ntdll.dll+0x4e4b4]  RtlDeNormalizeProcessParams+0x5a4
#
# Failed to write core dump. Minidumps are not enabled by default on client versions of Windows
#
# If you would like to submit a bug report, please visit:
#   http://bugreport.sun.com/bugreport/crash.jsp
# The crash happened outside the Java Virtual Machine in native code.
# See problematic frame for where to report the bug.
#

---------------  T H R E A D  ---------------

Current thread (0x000000000fd66000):  JavaThread "pool-2-thread-1" [_thread_in_native, id=7544, stack(0x0000000015840000,0x0000000015940000)]

siginfo: ExceptionCode=0xc0000005, writing address 0x0000000000000024

Registers:
RAX=0x0000000000000000, RBX=0x0000000014613e20, RCX=0x00000000fffffffc, RDX=0x0000000000000664
RSP=0x000000001593e100, RBP=0x0000000000000000, RSI=0x0000000000000664, RDI=0x0000000000000000
R8 =0x000000001593e0b8, R9 =0x0000000000000004, R10=0x0000000000000000, R11=0x0000000000000246
R12=0x0000000000000000, R13=0x0000000000000000, R14=0x000007fffff6e000, R15=0x0000000000000000
RIP=0x00000000776ae4b4, EFLAGS=0x0000000000010213

Top of Stack: (sp=0x000000001593e100)
0x000000001593e100:   0000000014257830 0000000000000664
0x000000001593e110:   0000000002596590 0000000014613e18
0x000000001593e120:   000000000fd661d8 000000001593e2a8
0x000000001593e130:   000000000fd66000 0000000065665f08
0x000000001593e140:   00000000022a5800 000000001593e2a0
0x000000001593e150:   0000000000000000 0000000000000000
0x000000001593e160:   fffffff90000002f 000000000fda3288
0x000000001593e170:   000000000000000f 0000000000000000
0x000000001593e180:   000000000fd66000 000000001593ea10
0x000000001593e190:   0000000000000004 0000000000000001
0x000000001593e1a0:   00000000ff000000 00000000776ae3db
0x000000001593e1b0:   0000000000000000 0000000000000000
0x000000001593e1c0:   000000077bd70f70 0000000014613e20
0x000000001593e1d0:   0000000014613da8 0000000062978b65
0x000000001593e1e0:   000000001593e2a0 0000000014613e18
0x000000001593e1f0:   0000000002596590 000007fee4e605fa 

Instructions: (pc=0x00000000776ae4b4)
0x00000000776ae494:   0f b1 4b 08 0f 85 9b 47 fd ff 48 8b 03 4c 89 ac
0x00000000776ae4a4:   24 c0 00 00 00 33 ed 45 33 ed 48 83 f8 ff 74 03
0x00000000776ae4b4:   ff 40 24 ba 22 17 00 00 48 8d 3d cd 8f 0e 00 80
0x00000000776ae4c4:   3c 25 82 03 fe 7f 00 0f 85 53 be 01 00 48 83 fe 


Register to memory mapping:

RAX=0x0000000000000000 is an unknown value
RBX=0x0000000014613e20 is an unknown value
RCX=0x00000000fffffffc is an unknown value
RDX=0x0000000000000664 is an unknown value
RSP=0x000000001593e100 is pointing into the stack for thread: 0x000000000fd66000
RBP=0x0000000000000000 is an unknown value
RSI=0x0000000000000664 is an unknown value
RDI=0x0000000000000000 is an unknown value
R8 =0x000000001593e0b8 is pointing into the stack for thread: 0x000000000fd66000
R9 =0x0000000000000004 is an unknown value
R10=0x0000000000000000 is an unknown value
R11=0x0000000000000246 is an unknown value
R12=0x0000000000000000 is an unknown value
R13=0x0000000000000000 is an unknown value
R14=0x000007fffff6e000 is an unknown value
R15=0x0000000000000000 is an unknown value


Stack: [0x0000000015840000,0x0000000015940000],  sp=0x000000001593e100,  free space=1016k
Native frames: (J=compiled Java code, j=interpreted, Vv=VM code, C=native code)
C  [ntdll.dll+0x4e4b4]  RtlDeNormalizeProcessParams+0x5a4

[error occurred during error reporting (printing native stack), id 0xc0000005]

Java frames: (J=compiled Java code, j=interpreted, Vv=VM code)
j  com.sun.jna.Native.invokeLong(JI[Ljava/lang/Object;)J+0
j  com.sun.jna.Function.invoke([Ljava/lang/Object;Ljava/lang/Class;Z)Ljava/lang/Object;+389
j  com.sun.jna.Function.invoke(Ljava/lang/Class;[Ljava/lang/Object;Ljava/util/Map;)Ljava/lang/Object;+214
j  com.sun.jna.Library$Handler.invoke(Ljava/lang/Object;Ljava/lang/reflect/Method;[Ljava/lang/Object;)Ljava/lang/Object;+341
j  com.sun.proxy.$Proxy0.libvlc_media_player_get_time(Luk/co/caprica/vlcj/binding/internal/libvlc_media_player_t;)J+16
j  uk.co.caprica.vlcj.player.DefaultMediaPlayer.getTime()J+17
j  uk.co.caprica.vlcj.test.basic.PlayerControlsPanel$UpdateRunnable.run()V+4
j  java.util.concurrent.Executors$RunnableAdapter.call()Ljava/lang/Object;+4
j  java.util.concurrent.FutureTask$Sync.innerRunAndReset()Z+30
j  java.util.concurrent.FutureTask.runAndReset()Z+4
j  java.util.concurrent.ScheduledThreadPoolExecutor$ScheduledFutureTask.access$301(Ljava/util/concurrent/ScheduledThreadPoolExecutor$ScheduledFutureTask;)Z+1
j  java.util.concurrent.ScheduledThreadPoolExecutor$ScheduledFutureTask.run()V+37
j  java.util.concurrent.ThreadPoolExecutor.runWorker(Ljava/util/concurrent/ThreadPoolExecutor$Worker;)V+95
j  java.util.concurrent.ThreadPoolExecutor$Worker.run()V+5
j  java.lang.Thread.run()V+11
v  ~StubRoutines::call_stub

---------------  P R O C E S S  ---------------

Java Threads: ( => current thread )
  0x000000000fd67000 JavaThread "D3D Screen Updater" daemon [_thread_blocked, id=8056, stack(0x0000000015cf0000,0x0000000015df0000)]
=>0x000000000fd66000 JavaThread "pool-2-thread-1" [_thread_in_native, id=7544, stack(0x0000000015840000,0x0000000015940000)]
  0x000000001013e000 JavaThread "Image Fetcher 2" daemon [_thread_blocked, id=7524, stack(0x0000000015a90000,0x0000000015b90000)]
  0x0000000013977800 JavaThread "Image Fetcher 1" daemon [_thread_blocked, id=7404, stack(0x0000000015960000,0x0000000015a60000)]
  0x0000000013a01000 JavaThread "Swing-Shell" daemon [_thread_blocked, id=5260, stack(0x0000000015310000,0x0000000015410000)]
  0x000000000fdba000 JavaThread "Image Fetcher 0" daemon [_thread_blocked, id=7160, stack(0x0000000013220000,0x0000000013320000)]
  0x000000000fd65800 JavaThread "vlcj native mouse hook" [_thread_in_native, id=2264, stack(0x0000000010c00000,0x0000000010d00000)]
  0x000000000239f000 JavaThread "DestroyJavaVM" [_thread_blocked, id=7948, stack(0x00000000023d0000,0x00000000024d0000)]
  0x000000000fba9800 JavaThread "AWT-EventQueue-0" [_thread_blocked, id=7108, stack(0x0000000010930000,0x0000000010a30000)]
  0x000000000fba6800 JavaThread "AWT-Windows" daemon [_thread_in_native, id=5824, stack(0x00000000107e0000,0x00000000108e0000)]
  0x000000000faa8000 JavaThread "AWT-Shutdown" [_thread_blocked, id=6024, stack(0x00000000102d0000,0x00000000103d0000)]
  0x000000000faaf000 JavaThread "Java2D Disposer" daemon [_thread_blocked, id=7380, stack(0x0000000010530000,0x0000000010630000)]
  0x000000000e097000 JavaThread "Service Thread" daemon [_thread_blocked, id=7176, stack(0x000000000f7d0000,0x000000000f8d0000)]
  0x000000000e08e800 JavaThread "C2 CompilerThread1" daemon [_thread_blocked, id=6616, stack(0x000000000f2e0000,0x000000000f3e0000)]
  0x000000000e08b000 JavaThread "C2 CompilerThread0" daemon [_thread_blocked, id=6684, stack(0x000000000f510000,0x000000000f610000)]
  0x000000000e072800 JavaThread "JDWP Command Reader" daemon [_thread_in_native, id=8036, stack(0x000000000f400000,0x000000000f500000)]
  0x000000000e06d800 JavaThread "JDWP Event Helper Thread" daemon [_thread_blocked, id=8040, stack(0x000000000f170000,0x000000000f270000)]
  0x000000000e05f000 JavaThread "JDWP Transport Listener: dt_socket" daemon [_thread_blocked, id=7560, stack(0x000000000eff0000,0x000000000f0f0000)]
  0x000000000e058800 JavaThread "Attach Listener" daemon [_thread_blocked, id=7140, stack(0x000000000e5b0000,0x000000000e6b0000)]
  0x000000000e057000 JavaThread "Signal Dispatcher" daemon [_thread_blocked, id=7556, stack(0x000000000e460000,0x000000000e560000)]
  0x000000000bf6b000 JavaThread "Finalizer" daemon [_thread_blocked, id=7512, stack(0x000000000df00000,0x000000000e000000)]
  0x000000000bf62800 JavaThread "Reference Handler" daemon [_thread_blocked, id=7508, stack(0x000000000dc70000,0x000000000dd70000)]

Other Threads:
  0x000000000bf57000 VMThread [stack: 0x000000000db70000,0x000000000dc70000] [id=6168]
  0x000000000e0a4000 WatcherThread [stack: 0x000000000f990000,0x000000000fa90000] [id=2096]

VM state:not at safepoint (normal execution)

VM Mutex/Monitor currently owned by a thread: None

Heap
 PSYoungGen      total 38016K, used 10584K [0x00000007d5960000, 0x00000007d83c0000, 0x0000000800000000)
  eden space 32640K, 19% used [0x00000007d5960000,0x00000007d5fb5660,0x00000007d7940000)
  from space 5376K, 76% used [0x00000007d7940000,0x00000007d7d40b20,0x00000007d7e80000)
  to   space 5376K, 0% used [0x00000007d7e80000,0x00000007d7e80000,0x00000007d83c0000)
 ParOldGen       total 86848K, used 8K [0x0000000780c00000, 0x00000007860d0000, 0x00000007d5960000)
  object space 86848K, 0% used [0x0000000780c00000,0x0000000780c02000,0x00000007860d0000)
 PSPermGen       total 21248K, used 16802K [0x000000077ba00000, 0x000000077cec0000, 0x0000000780c00000)
  object space 21248K, 79% used [0x000000077ba00000,0x000000077ca688c8,0x000000077cec0000)

Card table byte_map: [0x0000000005590000,0x00000000059c0000] byte_map_base: 0x00000000019b3000

Polling page: 0x0000000000220000

Code Cache  [0x0000000002590000, 0x0000000002800000, 0x0000000005590000)
 total_blobs=614 nmethods=125 adapters=448 free_code_cache=48223Kb largest_free_block=49352768

Compilation events (10 events):
Event: 5.866 Thread 0x000000000e08e800  121             java.util.ArrayList::access$200 (5 bytes)
Event: 5.868 Thread 0x000000000e08e800 nmethod 121 0x000000000267bb50 code [0x000000000267bc80, 0x000000000267bcf8]
Event: 6.161 Thread 0x000000000e08b000  122             java.util.ArrayList$Itr::next (66 bytes)
Event: 6.168 Thread 0x000000000e08b000 nmethod 122 0x000000000260a050 code [0x000000000260a1a0, 0x000000000260a318]
Event: 6.613 Thread 0x000000000e08e800  123             java.lang.ref.SoftReference::get (29 bytes)
Event: 6.615 Thread 0x000000000e08e800 nmethod 123 0x0000000002609e10 code [0x0000000002609f40, 0x0000000002609fd8]
Event: 6.893 Thread 0x000000000e08b000  124             java.lang.Class::getField0 (92 bytes)
Event: 6.926 Thread 0x000000000e08e800  125             java.util.concurrent.locks.AbstractOwnableSynchronizer::getExclusiveOwnerThread (5 bytes)
Event: 6.927 Thread 0x000000000e08e800 nmethod 125 0x000000000260d590 code [0x000000000260d6c0, 0x000000000260d738]
Event: 6.952 Thread 0x000000000e08b000 nmethod 124 0x000000000267d310 code [0x000000000267d580, 0x000000000267e1d8]

GC Heap History (2 events):
Event: 5.618 GC heap before
{Heap before GC invocations=1 (full 0):
 PSYoungGen      total 38016K, used 32640K [0x00000007d5960000, 0x00000007d83c0000, 0x0000000800000000)
  eden space 32640K, 100% used [0x00000007d5960000,0x00000007d7940000,0x00000007d7940000)
  from space 5376K, 0% used [0x00000007d7e80000,0x00000007d7e80000,0x00000007d83c0000)
  to   space 5376K, 0% used [0x00000007d7940000,0x00000007d7940000,0x00000007d7e80000)
 ParOldGen       total 86848K, used 0K [0x0000000780c00000, 0x00000007860d0000, 0x00000007d5960000)
  object space 86848K, 0% used [0x0000000780c00000,0x0000000780c00000,0x00000007860d0000)
 PSPermGen       total 21248K, used 16792K [0x000000077ba00000, 0x000000077cec0000, 0x0000000780c00000)
  object space 21248K, 79% used [0x000000077ba00000,0x000000077ca66138,0x000000077cec0000)
Event: 5.652 GC heap after
Heap after GC invocations=1 (full 0):
 PSYoungGen      total 38016K, used 4098K [0x00000007d5960000, 0x00000007d83c0000, 0x0000000800000000)
  eden space 32640K, 0% used [0x00000007d5960000,0x00000007d5960000,0x00000007d7940000)
  from space 5376K, 76% used [0x00000007d7940000,0x00000007d7d40b20,0x00000007d7e80000)
  to   space 5376K, 0% used [0x00000007d7e80000,0x00000007d7e80000,0x00000007d83c0000)
 ParOldGen       total 86848K, used 8K [0x0000000780c00000, 0x00000007860d0000, 0x00000007d5960000)
  object space 86848K, 0% used [0x0000000780c00000,0x0000000780c02000,0x00000007860d0000)
 PSPermGen       total 21248K, used 16792K [0x000000077ba00000, 0x000000077cec0000, 0x0000000780c00000)
  object space 21248K, 79% used [0x000000077ba00000,0x000000077ca66138,0x000000077cec0000)
}

Deoptimization events (10 events):
Event: 1.446 Thread 0x000000000fba9800 Uncommon trap -58 fr.pc 0x000000000260a19c
Event: 1.547 Thread 0x000000000fba9800 Uncommon trap -12 fr.pc 0x000000000260d5a4
Event: 1.874 Thread 0x000000000fba9800 Uncommon trap -83 fr.pc 0x0000000002618b90
Event: 1.986 Thread 0x000000000fd65800 Uncommon trap -34 fr.pc 0x00000000026271c8
Event: 2.188 Thread 0x000000000fba9800 Uncommon trap -83 fr.pc 0x0000000002621444
Event: 2.189 Thread 0x000000000fba9800 Uncommon trap -83 fr.pc 0x0000000002621f74
Event: 4.095 Thread 0x000000000fba9800 Uncommon trap -34 fr.pc 0x000000000261fdc0
Event: 4.096 Thread 0x000000000fba9800 Uncommon trap -34 fr.pc 0x000000000261fdc0
Event: 4.103 Thread 0x000000000fba9800 Uncommon trap -34 fr.pc 0x000000000261fdc0
Event: 4.104 Thread 0x000000000fba9800 Uncommon trap -34 fr.pc 0x000000000261fdc0

Internal exceptions (10 events):
Event: 4.117 Thread 0x000000000fba9800 Threw 0x00000007d743c878 at C:\jdk7u2_64p\jdk7u17\hotspot\src\share\vm\prims\jvm.cpp:1166
Event: 4.188 Thread 0x000000000fba9800 Threw 0x00000007d7440378 at C:\jdk7u2_64p\jdk7u17\hotspot\src\share\vm\prims\jvm.cpp:1166
Event: 4.191 Thread 0x000000000fba9800 Threw 0x00000007d7444448 at C:\jdk7u2_64p\jdk7u17\hotspot\src\share\vm\prims\jvm.cpp:1166
Event: 4.193 Thread 0x000000000fba9800 Threw 0x00000007d7449190 at C:\jdk7u2_64p\jdk7u17\hotspot\src\share\vm\prims\jvm.cpp:1166
Event: 4.194 Thread 0x000000000fba9800 Threw 0x00000007d744de80 at C:\jdk7u2_64p\jdk7u17\hotspot\src\share\vm\prims\jvm.cpp:1166
Event: 4.196 Thread 0x000000000fba9800 Threw 0x00000007d7457f88 at C:\jdk7u2_64p\jdk7u17\hotspot\src\share\vm\prims\jvm.cpp:1166
Event: 4.197 Thread 0x000000000fba9800 Threw 0x00000007d7461568 at C:\jdk7u2_64p\jdk7u17\hotspot\src\share\vm\prims\jvm.cpp:1166
Event: 4.199 Thread 0x000000000fba9800 Threw 0x00000007d74682f0 at C:\jdk7u2_64p\jdk7u17\hotspot\src\share\vm\prims\jvm.cpp:1166
Event: 4.202 Thread 0x000000000fba9800 Threw 0x00000007d7473248 at C:\jdk7u2_64p\jdk7u17\hotspot\src\share\vm\prims\jvm.cpp:1166
Event: 6.900 Thread 0x000000000fba9800 Threw 0x00000007d5bb8ee0 at C:\jdk7u2_64p\jdk7u17\hotspot\src\share\vm\prims\jni.cpp:742

Events (10 events):
Event: 5.661 Executing VM operation: RevokeBias
Event: 5.661 Executing VM operation: RevokeBias done
Event: 5.661 Executing VM operation: BulkRevokeBias
Event: 5.661 Executing VM operation: BulkRevokeBias done
Event: 5.666 Thread 0x000000000e08b000 flushing nmethod 0x00000000025f0b10
Event: 5.868 Thread 0x000000000e08e800 flushing nmethod 0x0000000002609cd0
Event: 6.168 Thread 0x000000000e08b000 flushing nmethod 0x000000000260d190
Event: 6.168 Thread 0x000000000e08b000 flushing nmethod 0x000000000260e3d0
Event: 6.912 loading class 0x000000000e338f60
Event: 6.913 loading class 0x000000000e338f60 done


Dynamic libraries:
0x000000013f120000 - 0x000000013f153000 	C:\Program Files\Java\jre7\bin\javaw.exe
0x0000000077660000 - 0x0000000077809000 	C:\Windows\SYSTEM32\ntdll.dll
0x00000000770e0000 - 0x00000000771ff000 	C:\Windows\system32\kernel32.dll
0x000007fefdd80000 - 0x000007fefddeb000 	C:\Windows\system32\KERNELBASE.dll
0x000007fefeb00000 - 0x000007fefebdb000 	C:\Windows\system32\ADVAPI32.dll
0x000007fefe4c0000 - 0x000007fefe55f000 	C:\Windows\system32\msvcrt.dll
0x000007fefe600000 - 0x000007fefe61f000 	C:\Windows\SYSTEM32\sechost.dll
0x000007fefe390000 - 0x000007fefe4bd000 	C:\Windows\system32\RPCRT4.dll
0x0000000077560000 - 0x000000007765a000 	C:\Windows\system32\USER32.dll
0x000007fefe310000 - 0x000007fefe377000 	C:\Windows\system32\GDI32.dll
0x000007fefe380000 - 0x000007fefe38e000 	C:\Windows\system32\LPK.dll
0x000007fefe630000 - 0x000007fefe6f9000 	C:\Windows\system32\USP10.dll
0x000007fefc2b0000 - 0x000007fefc4a4000 	C:\Windows\WinSxS\amd64_microsoft.windows.common-controls_6595b64144ccf1df_6.0.7601.17514_none_fa396087175ac9ac\COMCTL32.dll
0x000007fefea80000 - 0x000007fefeaf1000 	C:\Windows\system32\SHLWAPI.dll
0x000007fefe150000 - 0x000007fefe17e000 	C:\Windows\system32\IMM32.DLL
0x000007fefe180000 - 0x000007fefe289000 	C:\Windows\system32\MSCTF.dll
0x00000000668c0000 - 0x0000000066991000 	C:\Program Files\Java\jre7\bin\msvcr100.dll
0x0000000065160000 - 0x000000006587f000 	C:\Program Files\Java\jre7\bin\server\jvm.dll
0x000007fefa6a0000 - 0x000007fefa6a9000 	C:\Windows\system32\WSOCK32.dll
0x000007fefe700000 - 0x000007fefe74d000 	C:\Windows\system32\WS2_32.dll
0x000007fefe620000 - 0x000007fefe628000 	C:\Windows\system32\NSI.dll
0x000007fefbf50000 - 0x000007fefbf8b000 	C:\Windows\system32\WINMM.dll
0x0000000077820000 - 0x0000000077827000 	C:\Windows\system32\PSAPI.DLL
0x00000000668b0000 - 0x00000000668bf000 	C:\Program Files\Java\jre7\bin\verify.dll
0x0000000066880000 - 0x00000000668a8000 	C:\Program Files\Java\jre7\bin\java.dll
0x0000000063380000 - 0x00000000633b5000 	C:\Program Files\Java\jre7\bin\jdwp.dll
0x00000000633f0000 - 0x00000000633f8000 	C:\Program Files\Java\jre7\bin\npt.dll
0x0000000066860000 - 0x0000000066875000 	C:\Program Files\Java\jre7\bin\zip.dll
0x00000000633e0000 - 0x00000000633e9000 	C:\Program Files\Java\jre7\bin\dt_socket.dll
0x000007fefd2f0000 - 0x000007fefd345000 	C:\Windows\system32\mswsock.dll
0x000007fefd170000 - 0x000007fefd1cb000 	C:\Windows\system32\DNSAPI.dll
0x000007fefb180000 - 0x000007fefb195000 	C:\Windows\system32\napinsp.dll
0x000007fef06e0000 - 0x000007fef06f9000 	C:\Windows\system32\pnrpnsp.dll
0x000007fef5200000 - 0x000007fef520b000 	C:\Windows\System32\winrnr.dll
0x000007fefb680000 - 0x000007fefb690000 	C:\Windows\system32\wshbth.dll
0x000007fefa560000 - 0x000007fefa572000 	C:\Windows\system32\PrxerNsp.dll
0x000007fefcaa0000 - 0x000007fefcac7000 	C:\Windows\system32\IPHLPAPI.DLL
0x000007fefca90000 - 0x000007fefca9b000 	C:\Windows\system32\WINNSI.DLL
0x000007fefa550000 - 0x000007fefa558000 	C:\Windows\system32\rasadhlp.dll
0x0000000180000000 - 0x000000018003e000 	C:\Program Files (x86)\Avira\AntiVir Desktop\avsda64.dll
0x000007fefca70000 - 0x000007fefca86000 	C:\Windows\system32\PrxerDrv.dll
0x000007fefca60000 - 0x000007fefca67000 	C:\Windows\System32\wshtcpip.dll
0x000007fefd350000 - 0x000007fefd367000 	C:\Windows\system32\CRYPTSP.dll
0x000007fefd050000 - 0x000007fefd097000 	C:\Windows\system32\rsaenh.dll
0x000007fefce00000 - 0x000007fefce1e000 	C:\Windows\system32\USERENV.dll
0x000007fefdac0000 - 0x000007fefdacf000 	C:\Windows\system32\profapi.dll
0x000007fefd9b0000 - 0x000007fefd9bf000 	C:\Windows\system32\CRYPTBASE.dll
0x0000000066840000 - 0x0000000066859000 	C:\Program Files\Java\jre7\bin\net.dll
0x000007fefd2e0000 - 0x000007fefd2e7000 	C:\Windows\System32\wship6.dll
0x000007fefb360000 - 0x000007fefb3b3000 	C:\Windows\System32\fwpuclnt.dll
0x0000000066820000 - 0x0000000066831000 	C:\Program Files\Java\jre7\bin\nio.dll
0x000007fee4e50000 - 0x000007fee4e87000 	C:\Users\Armin\AppData\Local\Temp\jna-Armin\jna9148389885755575079.dll
0x0000000066210000 - 0x00000000663a3000 	C:\Program Files\Java\jre7\bin\awt.dll
0x000007fefe070000 - 0x000007fefe147000 	C:\Windows\system32\OLEAUT32.dll
0x000007fefe750000 - 0x000007fefe953000 	C:\Windows\system32\ole32.dll
0x000007fefbea0000 - 0x000007fefbef6000 	C:\Windows\system32\uxtheme.dll
0x0000000001e50000 - 0x0000000001e8b000 	C:\Windows\W7FBC\dll.dll
0x000007fefe9e0000 - 0x000007fefea77000 	C:\Windows\system32\COMDLG32.dll
0x000007fefebe0000 - 0x000007feff968000 	C:\Windows\system32\SHELL32.dll
0x000007fefbc80000 - 0x000007fefbe95000 	C:\Windows\WinSxS\amd64_microsoft.windows.gdiplus_6595b64144ccf1df_1.1.7601.17514_none_2b24536c71ed437a\gdiplus.dll
0x000007fefb940000 - 0x000007fefb958000 	C:\Windows\system32\dwmapi.dll
0x0000000062970000 - 0x00000000629a0000 	C:\Users\Armin\Desktop\Kar\jajeem\util\vlclib\libvlc.dll
0x0000000060e10000 - 0x0000000061064000 	C:\Users\Armin\Desktop\Kar\jajeem\util\vlclib\libvlccore.dll
0x00000000636b0000 - 0x00000000636e4000 	C:\Program Files\Java\jre7\bin\fontmanager.dll
0x000007feedfe0000 - 0x000007feee1df000 	C:\Windows\system32\d3d9.dll
0x000007fefc970000 - 0x000007fefc97c000 	C:\Windows\system32\VERSION.dll
0x000007fef0f30000 - 0x000007fef0f37000 	C:\Windows\system32\d3d8thk.dll
0x0000000070a40000 - 0x0000000070ae3000 	C:\Windows\system32\aticfx64.dll
0x000007fef0f20000 - 0x000007fef0f2d000 	C:\Windows\system32\atiu9p64.dll
0x000000006b7a0000 - 0x000000006bcad000 	C:\Windows\system32\atiumd64.dll
0x000000006be90000 - 0x000000006c1bb000 	C:\Windows\system32\atiumd6a.dll
0x000007fefbfc0000 - 0x000007fefc048000 	C:\Windows\system32\DSOUND.dll
0x000007fefc940000 - 0x000007fefc96c000 	C:\Windows\system32\POWRPROF.dll
0x000007fefde90000 - 0x000007fefe067000 	C:\Windows\system32\SETUPAPI.dll
0x000007fefde10000 - 0x000007fefde46000 	C:\Windows\system32\CFGMGR32.dll
0x000007fefddf0000 - 0x000007fefde0a000 	C:\Windows\system32\DEVOBJ.dll
0x0000000060290000 - 0x0000000060e03000 	C:\Users\Armin\Desktop\Kar\jajeem\util\vlclib\plugins\gui\libqt4_plugin.dll
0x000007fefb600000 - 0x000007fefb671000 	C:\Windows\system32\WINSPOOL.DRV
0x0000000060110000 - 0x000000006028a000 	C:\Users\Armin\Desktop\Kar\jajeem\util\vlclib\plugins\misc\libxml_plugin.dll
0x000007fefbf00000 - 0x000007fefbf4b000 	C:\Windows\system32\MMDevAPI.DLL
0x000007fefc100000 - 0x000007fefc22c000 	C:\Windows\system32\PROPSYS.dll
0x000007fee3700000 - 0x000007fee373b000 	C:\Windows\system32\wdmaud.drv
0x0000000059c10000 - 0x0000000059c16000 	C:\Windows\system32\ksuser.dll
0x000007fefc230000 - 0x000007fefc239000 	C:\Windows\system32\AVRT.dll
0x000007fefbb30000 - 0x000007fefbb7f000 	C:\Windows\system32\AUDIOSES.DLL
0x000007feed2d0000 - 0x000007feed2da000 	C:\Windows\system32\msacm32.drv
0x000007fee5ad0000 - 0x000007fee5ae8000 	C:\Windows\system32\MSACM32.dll
0x000007fefaea0000 - 0x000007fefaea9000 	C:\Windows\system32\midimap.dll
0x000007fefa750000 - 0x000007fefa7f0000 	C:\Windows\WinSxS\amd64_microsoft.windows.common-controls_6595b64144ccf1df_5.82.7601.17514_none_a4d6a923711520a9\comctl32.dll
0x0000000063660000 - 0x00000000636a1000 	C:\Program Files\Java\jre7\bin\t2k.dll
0x000007fefe560000 - 0x000007fefe5f9000 	C:\Windows\system32\CLBCatQ.DLL
0x000007fefbf90000 - 0x000007fefbfbd000 	C:\Windows\system32\ntmarta.dll
0x000007fefe2b0000 - 0x000007fefe302000 	C:\Windows\system32\WLDAP32.dll
0x000007fefd950000 - 0x000007fefd9a7000 	C:\Windows\system32\apphelp.dll
0x000007fef4d60000 - 0x000007fef4efc000 	C:\Windows\system32\NetworkExplorer.dll
0x000007fef57d0000 - 0x000007fef5804000 	C:\Windows\System32\shdocvw.dll
0x000007fefb8d0000 - 0x000007fefb8db000 	C:\Windows\system32\slc.dll
0x000007fefa250000 - 0x000007fefa268000 	C:\Windows\system32\MPR.dll
0x000007fef53d0000 - 0x000007fef53da000 	C:\Windows\System32\drprov.dll
0x000007fefd9c0000 - 0x000007fefd9fd000 	C:\Windows\System32\WINSTA.dll
0x000007fef5350000 - 0x000007fef5372000 	C:\Windows\System32\ntlanman.dll
0x000007fef5330000 - 0x000007fef534c000 	C:\Windows\System32\davclnt.dll
0x000007fef5320000 - 0x000007fef532a000 	C:\Windows\System32\DAVHLPR.dll
0x000007fefb1d0000 - 0x000007fefb1e5000 	C:\Windows\system32\wkscli.dll
0x000007fef88d0000 - 0x000007fef88df000 	C:\Windows\system32\cscapi.dll
0x000007fefb1f0000 - 0x000007fefb1fc000 	C:\Windows\system32\netutils.dll
0x000007fef0830000 - 0x000007fef0aa1000 	C:\Windows\system32\wpdshext.dll
0x000007fef3250000 - 0x000007fef330d000 	C:\Windows\system32\PortableDeviceApi.dll
0x000007fefde50000 - 0x000007fefde8a000 	C:\Windows\system32\WINTRUST.dll
0x000007fefdc10000 - 0x000007fefdd77000 	C:\Windows\system32\CRYPT32.dll
0x000007fefdb60000 - 0x000007fefdb6f000 	C:\Windows\system32\MSASN1.dll
0x000007fef8720000 - 0x000007fef8755000 	C:\Windows\system32\EhStorShell.dll
0x000007fef3330000 - 0x000007fef3357000 	C:\Windows\system32\EhStorAPI.dll
0x000007fef5740000 - 0x000007fef574c000 	C:\Windows\system32\LINKINFO.dll
0x000000000bcf0000 - 0x000000000bd55000 	C:\Program Files\WIDCOMM\Bluetooth Software\btmmhook.dll
0x00000000635f0000 - 0x000000006361a000 	C:\Program Files\Java\jre7\bin\dcpr.dll
0x000007fef34e0000 - 0x000007fef3605000 	C:\Windows\system32\dbghelp.dll

VM Arguments:
jvm_args: -agentlib:jdwp=transport=dt_socket,suspend=y,address=localhost:7122 -Dfile.encoding=Cp1256 
java_command: uk.co.caprica.vlcj.test.basic.TestPlayer
Launcher Type: SUN_STANDARD

Environment Variables:
PATH=C:\Program Files (x86)\NVIDIA Corporation\PhysX\Common;C:\Program Files (x86)\MiKTeX 2.9\miktex\bin;C:\Windows\system32;C:\Windows;C:\Windows\System32\Wbem;C:\Windows\System32\WindowsPowerShell\v1.0\;c:\Program Files (x86)\ATI Technologies\ATI.ACE\Core-Static;C:\Program Files\Intel\WiFi\bin\;C:\Program Files\Common Files\Intel\WirelessCommon\;C:\Program Files (x86)\Common Files\Roxio Shared\DLLShared\;C:\Program Files (x86)\Common Files\Roxio Shared\OEM\DLLShared\;C:\Program Files (x86)\Common Files\Roxio Shared\OEM\DLLShared\;C:\Program Files (x86)\Common Files\Roxio Shared\OEM\12.0\DLLShared\;C:\Program Files (x86)\Roxio\OEM\AudioCore\;C:\Program Files (x86)\Java\jre6\bin;C:\Program Files\TortoiseSVN\bin;C:\Program Files (x86)\Microsoft SQL Server\100\Tools\Binn\;C:\Program Files\Microsoft SQL Server\100\Tools\Binn\;C:\Program Files\Microsoft SQL Server\100\DTS\Binn\;C:\Program Files (x86)\Microsoft SQL Server\100\Tools\Binn\VSShell\Common7\IDE\;C:\Program Files (x86)\Microsoft Visual Studio 9.0\Common7\IDE\PrivateAssemblies\;C:\Program Files (x86)\Microsoft SQL Server\100\DTS\Binn\;C:\Program Files\Microsoft\Web Platform Installer\;;C:\Program Files (x86)\Universal Extractor;C:\Program Files (x86)\Universal Extractor\bin;C:\Program Files (x86)\Microsoft ASP.NET\ASP.NET Web Pages\v1.0\;C:\Program Files (x86)\Windows Kits\8.0\Windows Performance Toolkit\;C:\Program Files\Microsoft SQL Server\110\Tools\Binn\;C:\Program Files\WIDCOMM\Bluetooth Software\;C:\Program Files\WIDCOMM\Bluetooth Software\syswow64;C:\Program Files (x86)\OpenVPN\bin
USERNAME=Armin
OS=Windows_NT
PROCESSOR_IDENTIFIER=Intel64 Family 6 Model 42 Stepping 7, GenuineIntel



---------------  S Y S T E M  ---------------

OS: Windows 7 , 64 bit Build 7601 Service Pack 1

CPU:total 8 (4 cores per cpu, 2 threads per core) family 6 model 42 stepping 7, cmov, cx8, fxsr, mmx, sse, sse2, sse3, ssse3, sse4.1, sse4.2, popcnt, avx, ht, tsc, tscinvbit

Memory: 4k page, physical 8335180k(3944592k free), swap 16668512k(10736640k free)

vm_info: Java HotSpot(TM) 64-Bit Server VM (23.7-b01) for windows-amd64 JRE (1.7.0_17-b02), built on Mar  1 2013 03:38:30 by "java_re" with unknown MS VC++:1600

time: Wed Jun 26 15:56:51 2013
elapsed time: 7 seconds

