#
# A fatal error has been detected by the Java Runtime Environment:
#
#  EXCEPTION_ACCESS_VIOLATION (0xc0000005) at pc=0x00000000776ae4b4, pid=6856, tid=3208
#
# JRE version: 7.0_17-b02
# Java VM: Java HotSpot(TM) 64-Bit Server VM (23.7-b01 mixed mode windows-amd64 compressed oops)
# Problematic frame:
# C  [ntdll.dll+0x4e4b4]  RtlDeNormalizeProcessParams+0x5a4
#
# Failed to write core dump. Minidumps are not enabled by default on client versions of Windows
#
# If you would like to submit a bug report, please visit:
#   http://bugreport.sun.com/bugreport/crash.jsp
# The crash happened outside the Java Virtual Machine in native code.
# See problematic frame for where to report the bug.
#

---------------  T H R E A D  ---------------

Current thread (0x0000000014655000):  JavaThread "pool-2-thread-1" [_thread_in_native, id=3208, stack(0x0000000014f60000,0x0000000015060000)]

siginfo: ExceptionCode=0xc0000005, writing address 0x0000000000000024

Registers:
RAX=0x0000000000000000, RBX=0x0000000013543e20, RCX=0x00000000fffffffc, RDX=0x0000000000000648
RSP=0x000000001505e5a0, RBP=0x0000000000000000, RSI=0x0000000000000648, RDI=0x0000000000000000
R8 =0x000000001505e558, R9 =0x0000000000000004, R10=0x0000000000000000, R11=0x0000000000000246
R12=0x0000000000000000, R13=0x0000000000000000, R14=0x000007fffff6c000, R15=0x0000000000000000
RIP=0x00000000776ae4b4, EFLAGS=0x0000000000010213

Top of Stack: (sp=0x000000001505e5a0)
0x000000001505e5a0:   000000000fc6b760 0000000000000648
0x000000001505e5b0:   000000077be50828 0000000013543e18
0x000000001505e5c0:   00000000146551d8 000000001505e748
0x000000001505e5d0:   0000000014655000 0000000065665f08
0x000000001505e5e0:   0000000002285800 000000001505e740
0x000000001505e5f0:   0000000000000000 0000000000000000
0x000000001505e600:   000000000df73710 000000000df736a8
0x000000001505e610:   000000000000000f 0000000000000000
0x000000001505e620:   0000000014655000 000000001505eeb0
0x000000001505e630:   0000000000000004 0000000000000001
0x000000001505e640:   00000000ff000000 00000000776ae3db
0x000000001505e650:   0000000700000000 0000000000000000
0x000000001505e660:   000000077bd72558 0000000013543e20
0x000000001505e670:   0000000013543da8 0000000062978b65
0x000000001505e680:   000000001505e740 0000000013543e18
0x000000001505e690:   000000077be50828 000007fee4e605fa 

Instructions: (pc=0x00000000776ae4b4)
0x00000000776ae494:   0f b1 4b 08 0f 85 9b 47 fd ff 48 8b 03 4c 89 ac
0x00000000776ae4a4:   24 c0 00 00 00 33 ed 45 33 ed 48 83 f8 ff 74 03
0x00000000776ae4b4:   ff 40 24 ba 22 17 00 00 48 8d 3d cd 8f 0e 00 80
0x00000000776ae4c4:   3c 25 82 03 fe 7f 00 0f 85 53 be 01 00 48 83 fe 


Register to memory mapping:

RAX=0x0000000000000000 is an unknown value
RBX=0x0000000013543e20 is an unknown value
RCX=0x00000000fffffffc is an unknown value
RDX=0x0000000000000648 is an unknown value
RSP=0x000000001505e5a0 is pointing into the stack for thread: 0x0000000014655000
RBP=0x0000000000000000 is an unknown value
RSI=0x0000000000000648 is an unknown value
RDI=0x0000000000000000 is an unknown value
R8 =0x000000001505e558 is pointing into the stack for thread: 0x0000000014655000
R9 =0x0000000000000004 is an unknown value
R10=0x0000000000000000 is an unknown value
R11=0x0000000000000246 is an unknown value
R12=0x0000000000000000 is an unknown value
R13=0x0000000000000000 is an unknown value
R14=0x000007fffff6c000 is an unknown value
R15=0x0000000000000000 is an unknown value


Stack: [0x0000000014f60000,0x0000000015060000],  sp=0x000000001505e5a0,  free space=1017k
Native frames: (J=compiled Java code, j=interpreted, Vv=VM code, C=native code)
C  [ntdll.dll+0x4e4b4]  RtlDeNormalizeProcessParams+0x5a4

[error occurred during error reporting (printing native stack), id 0xc0000005]

Java frames: (J=compiled Java code, j=interpreted, Vv=VM code)
j  com.sun.jna.Native.invokeLong(JI[Ljava/lang/Object;)J+0
j  com.sun.jna.Function.invoke([Ljava/lang/Object;Ljava/lang/Class;Z)Ljava/lang/Object;+389
j  com.sun.jna.Function.invoke(Ljava/lang/Class;[Ljava/lang/Object;Ljava/util/Map;)Ljava/lang/Object;+214
j  com.sun.jna.Library$Handler.invoke(Ljava/lang/Object;Ljava/lang/reflect/Method;[Ljava/lang/Object;)Ljava/lang/Object;+341
j  com.sun.proxy.$Proxy0.libvlc_media_player_get_time(Luk/co/caprica/vlcj/binding/internal/libvlc_media_player_t;)J+16
j  uk.co.caprica.vlcj.player.DefaultMediaPlayer.getTime()J+17
j  com.jajeem.videoplayer.design.PlayerControlsPanel$UpdateRunnable.run()V+4
j  java.util.concurrent.Executors$RunnableAdapter.call()Ljava/lang/Object;+4
j  java.util.concurrent.FutureTask$Sync.innerRunAndReset()Z+30
j  java.util.concurrent.FutureTask.runAndReset()Z+4
j  java.util.concurrent.ScheduledThreadPoolExecutor$ScheduledFutureTask.access$301(Ljava/util/concurrent/ScheduledThreadPoolExecutor$ScheduledFutureTask;)Z+1
j  java.util.concurrent.ScheduledThreadPoolExecutor$ScheduledFutureTask.run()V+37
j  java.util.concurrent.ThreadPoolExecutor.runWorker(Ljava/util/concurrent/ThreadPoolExecutor$Worker;)V+95
j  java.util.concurrent.ThreadPoolExecutor$Worker.run()V+5
j  java.lang.Thread.run()V+11
v  ~StubRoutines::call_stub

---------------  P R O C E S S  ---------------

Java Threads: ( => current thread )
  0x00000000141b3000 JavaThread "TimerQueue" daemon [_thread_blocked, id=5160, stack(0x00000000186a0000,0x00000000187a0000)]
  0x00000000140ef800 JavaThread "D3D Screen Updater" daemon [_thread_blocked, id=5412, stack(0x0000000015310000,0x0000000015410000)]
=>0x0000000014655000 JavaThread "pool-2-thread-1" [_thread_in_native, id=3208, stack(0x0000000014f60000,0x0000000015060000)]
  0x0000000014489000 JavaThread "Swing-Shell" daemon [_thread_blocked, id=7156, stack(0x0000000015080000,0x0000000015180000)]
  0x000000000fac1800 JavaThread "vlcj native mouse hook" [_thread_in_native, id=6612, stack(0x0000000010f00000,0x0000000011000000)]
  0x000000000238f000 JavaThread "DestroyJavaVM" [_thread_blocked, id=5476, stack(0x00000000024c0000,0x00000000025c0000)]
  0x000000000f9a3800 JavaThread "AWT-EventQueue-0" [_thread_blocked, id=4788, stack(0x0000000010cd0000,0x0000000010dd0000)]
  0x000000000dfee000 JavaThread "AWT-Windows" daemon [_thread_in_native, id=5468, stack(0x000000000f3f0000,0x000000000f4f0000)]
  0x000000000f93f000 JavaThread "AWT-Shutdown" [_thread_blocked, id=5684, stack(0x00000000104b0000,0x00000000105b0000)]
  0x000000000e068800 JavaThread "Java2D Disposer" daemon [_thread_blocked, id=6796, stack(0x00000000102c0000,0x00000000103c0000)]
  0x000000000ddb0800 JavaThread "Service Thread" daemon [_thread_blocked, id=6960, stack(0x000000000f780000,0x000000000f880000)]
  0x000000000ddb0000 JavaThread "C2 CompilerThread1" daemon [_thread_blocked, id=7128, stack(0x000000000f530000,0x000000000f630000)]
  0x000000000ddac000 JavaThread "C2 CompilerThread0" daemon [_thread_blocked, id=7068, stack(0x000000000f2f0000,0x000000000f3f0000)]
  0x000000000dd93800 JavaThread "JDWP Command Reader" daemon [_thread_in_native, id=4916, stack(0x000000000ede0000,0x000000000eee0000)]
  0x000000000dd92800 JavaThread "JDWP Event Helper Thread" daemon [_thread_blocked, id=5992, stack(0x000000000f0d0000,0x000000000f1d0000)]
  0x000000000dd84800 JavaThread "JDWP Transport Listener: dt_socket" daemon [_thread_blocked, id=7140, stack(0x000000000ecb0000,0x000000000edb0000)]
  0x000000000dd7a000 JavaThread "Attach Listener" daemon [_thread_blocked, id=6824, stack(0x000000000e3c0000,0x000000000e4c0000)]
  0x000000000dd79000 JavaThread "Signal Dispatcher" daemon [_thread_blocked, id=5656, stack(0x000000000e180000,0x000000000e280000)]
  0x000000000bd1d000 JavaThread "Finalizer" daemon [_thread_blocked, id=5736, stack(0x000000000dc20000,0x000000000dd20000)]
  0x000000000bd14800 JavaThread "Reference Handler" daemon [_thread_blocked, id=3584, stack(0x000000000daf0000,0x000000000dbf0000)]

Other Threads:
  0x000000000bd09000 VMThread [stack: 0x000000000d870000,0x000000000d970000] [id=6808]
  0x000000000ddc5000 WatcherThread [stack: 0x000000000f680000,0x000000000f780000] [id=6720]

VM state:not at safepoint (normal execution)

VM Mutex/Monitor currently owned by a thread: None

Heap
 PSYoungGen      total 38016K, used 12502K [0x00000007d5960000, 0x00000007d83c0000, 0x0000000800000000)
  eden space 32640K, 21% used [0x00000007d5960000,0x00000007d60585b8,0x00000007d7940000)
  from space 5376K, 99% used [0x00000007d7e80000,0x00000007d83bd5e0,0x00000007d83c0000)
  to   space 5376K, 0% used [0x00000007d7940000,0x00000007d7940000,0x00000007d7e80000)
 ParOldGen       total 86848K, used 1350K [0x0000000780c00000, 0x00000007860d0000, 0x00000007d5960000)
  object space 86848K, 1% used [0x0000000780c00000,0x0000000780d519d8,0x00000007860d0000)
 PSPermGen       total 21248K, used 18641K [0x000000077ba00000, 0x000000077cec0000, 0x0000000780c00000)
  object space 21248K, 87% used [0x000000077ba00000,0x000000077cc34440,0x000000077cec0000)

Card table byte_map: [0x00000000055c0000,0x00000000059f0000] byte_map_base: 0x00000000019e3000

Polling page: 0x0000000000220000

Code Cache  [0x00000000025c0000, 0x0000000002830000, 0x00000000055c0000)
 total_blobs=707 nmethods=195 adapters=471 free_code_cache=48192Kb largest_free_block=49280256

Compilation events (10 events):
Event: 23.939 Thread 0x000000000ddac000 nmethod 193 0x00000000026bc290 code [0x00000000026bc3e0, 0x00000000026bc538]
Event: 23.939 Thread 0x000000000ddac000  194             java.lang.reflect.Field::getDeclaringClass (5 bytes)
Event: 23.940 Thread 0x000000000ddac000 nmethod 194 0x00000000026b9850 code [0x00000000026b9980, 0x00000000026b99f8]
Event: 23.942 Thread 0x000000000ddb0000 nmethod 192 0x00000000026bbd90 code [0x00000000026bbee0, 0x00000000026bc098]
Event: 23.947 Thread 0x000000000ddac000  195             sun.reflect.UnsafeFieldAccessorImpl::ensureObj (23 bytes)
Event: 23.955 Thread 0x000000000ddac000 nmethod 195 0x00000000026bb910 code [0x00000000026bba60, 0x00000000026bbc08]
Event: 24.607 Thread 0x000000000ddb0000  196             java.lang.Integer::<init> (10 bytes)
Event: 24.609 Thread 0x000000000ddb0000 nmethod 196 0x00000000026bb710 code [0x00000000026bb840, 0x00000000026bb898]
Event: 24.636 Thread 0x000000000ddac000  197             com.sun.jna.Structure::getFieldList (132 bytes)
Event: 24.702 Thread 0x000000000ddac000 nmethod 197 0x0000000002679a10 code [0x0000000002679c20, 0x000000000267ad90]

GC Heap History (4 events):
Event: 4.998 GC heap before
{Heap before GC invocations=1 (full 0):
 PSYoungGen      total 38016K, used 32640K [0x00000007d5960000, 0x00000007d83c0000, 0x0000000800000000)
  eden space 32640K, 100% used [0x00000007d5960000,0x00000007d7940000,0x00000007d7940000)
  from space 5376K, 0% used [0x00000007d7e80000,0x00000007d7e80000,0x00000007d83c0000)
  to   space 5376K, 0% used [0x00000007d7940000,0x00000007d7940000,0x00000007d7e80000)
 ParOldGen       total 86848K, used 0K [0x0000000780c00000, 0x00000007860d0000, 0x00000007d5960000)
  object space 86848K, 0% used [0x0000000780c00000,0x0000000780c00000,0x00000007860d0000)
 PSPermGen       total 21248K, used 17874K [0x000000077ba00000, 0x000000077cec0000, 0x0000000780c00000)
  object space 21248K, 84% used [0x000000077ba00000,0x000000077cb74898,0x000000077cec0000)
Event: 5.025 GC heap after
Heap after GC invocations=1 (full 0):
 PSYoungGen      total 38016K, used 4983K [0x00000007d5960000, 0x00000007d83c0000, 0x0000000800000000)
  eden space 32640K, 0% used [0x00000007d5960000,0x00000007d5960000,0x00000007d7940000)
  from space 5376K, 92% used [0x00000007d7940000,0x00000007d7e1de78,0x00000007d7e80000)
  to   space 5376K, 0% used [0x00000007d7e80000,0x00000007d7e80000,0x00000007d83c0000)
 ParOldGen       total 86848K, used 8K [0x0000000780c00000, 0x00000007860d0000, 0x00000007d5960000)
  object space 86848K, 0% used [0x0000000780c00000,0x0000000780c02000,0x00000007860d0000)
 PSPermGen       total 21248K, used 17874K [0x000000077ba00000, 0x000000077cec0000, 0x0000000780c00000)
  object space 21248K, 84% used [0x000000077ba00000,0x000000077cb74898,0x000000077cec0000)
}
Event: 23.022 GC heap before
{Heap before GC invocations=2 (full 0):
 PSYoungGen      total 38016K, used 37623K [0x00000007d5960000, 0x00000007d83c0000, 0x0000000800000000)
  eden space 32640K, 100% used [0x00000007d5960000,0x00000007d7940000,0x00000007d7940000)
  from space 5376K, 92% used [0x00000007d7940000,0x00000007d7e1de78,0x00000007d7e80000)
  to   space 5376K, 0% used [0x00000007d7e80000,0x00000007d7e80000,0x00000007d83c0000)
 ParOldGen       total 86848K, used 8K [0x0000000780c00000, 0x00000007860d0000, 0x00000007d5960000)
  object space 86848K, 0% used [0x0000000780c00000,0x0000000780c02000,0x00000007860d0000)
 PSPermGen       total 21248K, used 18614K [0x000000077ba00000, 0x000000077cec0000, 0x0000000780c00000)
  object space 21248K, 87% used [0x000000077ba00000,0x000000077cc2d808,0x000000077cec0000)
Event: 23.049 GC heap after
Heap after GC invocations=2 (full 0):
 PSYoungGen      total 38016K, used 5365K [0x00000007d5960000, 0x00000007d83c0000, 0x0000000800000000)
  eden space 32640K, 0% used [0x00000007d5960000,0x00000007d5960000,0x00000007d7940000)
  from space 5376K, 99% used [0x00000007d7e80000,0x00000007d83bd5e0,0x00000007d83c0000)
  to   space 5376K, 0% used [0x00000007d7940000,0x00000007d7940000,0x00000007d7e80000)
 ParOldGen       total 86848K, used 1350K [0x0000000780c00000, 0x00000007860d0000, 0x00000007d5960000)
  object space 86848K, 1% used [0x0000000780c00000,0x0000000780d519d8,0x00000007860d0000)
 PSPermGen       total 21248K, used 18614K [0x000000077ba00000, 0x000000077cec0000, 0x0000000780c00000)
  object space 21248K, 87% used [0x000000077ba00000,0x000000077cc2d808,0x000000077cec0000)
}

Deoptimization events (10 events):
Event: 1.689 Thread 0x000000000f9a3800 Uncommon trap -34 fr.pc 0x00000000026275bc
Event: 1.792 Thread 0x000000000f9a3800 Uncommon trap -83 fr.pc 0x0000000002643708
Event: 1.920 Thread 0x000000000f9a3800 Uncommon trap -83 fr.pc 0x0000000002652850
Event: 2.033 Thread 0x000000000fac1800 Uncommon trap -34 fr.pc 0x0000000002655398
Event: 2.033 Thread 0x000000000fac1800 Uncommon trap -34 fr.pc 0x000000000264f9ec
Event: 2.275 Thread 0x000000000f9a3800 Uncommon trap -83 fr.pc 0x0000000002654274
Event: 4.551 Thread 0x000000000f9a3800 Uncommon trap -34 fr.pc 0x000000000263e490
Event: 4.552 Thread 0x000000000f9a3800 Uncommon trap -34 fr.pc 0x000000000263e490
Event: 4.567 Thread 0x000000000f9a3800 Uncommon trap -34 fr.pc 0x000000000263e490
Event: 4.567 Thread 0x000000000f9a3800 Uncommon trap -34 fr.pc 0x000000000263e490

Internal exceptions (10 events):
Event: 4.711 Thread 0x000000000f9a3800 Threw 0x00000007d77e8d18 at C:\jdk7u2_64p\jdk7u17\hotspot\src\share\vm\prims\jvm.cpp:1166
Event: 4.714 Thread 0x000000000f9a3800 Threw 0x00000007d78967c8 at C:\jdk7u2_64p\jdk7u17\hotspot\src\share\vm\prims\jvm.cpp:1166
Event: 4.715 Thread 0x000000000f9a3800 Threw 0x00000007d789fda8 at C:\jdk7u2_64p\jdk7u17\hotspot\src\share\vm\prims\jvm.cpp:1166
Event: 4.717 Thread 0x000000000f9a3800 Threw 0x00000007d78a6b30 at C:\jdk7u2_64p\jdk7u17\hotspot\src\share\vm\prims\jvm.cpp:1166
Event: 4.719 Thread 0x000000000f9a3800 Threw 0x00000007d78b1708 at C:\jdk7u2_64p\jdk7u17\hotspot\src\share\vm\prims\jvm.cpp:1166
Event: 24.815 Thread 0x000000000f9a3800 Threw 0x00000007d5a08660 at C:\jdk7u2_64p\jdk7u17\hotspot\src\share\vm\prims\jni.cpp:742
Event: 24.829 Thread 0x000000000f9a3800 Threw 0x00000007d5fe8940 at C:\jdk7u2_64p\jdk7u17\hotspot\src\share\vm\prims\jvm.cpp:1166
Event: 24.832 Thread 0x000000000f9a3800 Threw 0x00000007d5ff0738 at C:\jdk7u2_64p\jdk7u17\hotspot\src\share\vm\prims\jvm.cpp:1166
Event: 24.833 Thread 0x000000000f9a3800 Threw 0x00000007d5ff6f80 at C:\jdk7u2_64p\jdk7u17\hotspot\src\share\vm\prims\jvm.cpp:1166
Event: 24.834 Thread 0x000000000f9a3800 Threw 0x00000007d5ffd9a0 at C:\jdk7u2_64p\jdk7u17\hotspot\src\share\vm\prims\jvm.cpp:1166

Events (10 events):
Event: 24.831 loading class 0x000000000fb3cc90
Event: 24.831 loading class 0x000000000fb3cc90 done
Event: 24.833 loading class 0x000000000fe3ffa0
Event: 24.833 loading class 0x000000000fe3ffa0 done
Event: 24.834 loading class 0x000000000fbf7280
Event: 24.834 loading class 0x000000000fbf7280 done
Event: 24.837 Thread 0x00000000141a5000 Thread added: 0x00000000141a5000
Event: 24.841 Executing VM operation: RevokeBias
Event: 24.841 Executing VM operation: RevokeBias done
Event: 24.841 Thread 0x00000000141a5000 Thread exited: 0x00000000141a5000


Dynamic libraries:
0x000000013f120000 - 0x000000013f153000 	C:\Program Files\Java\jre7\bin\javaw.exe
0x0000000077660000 - 0x0000000077809000 	C:\Windows\SYSTEM32\ntdll.dll
0x00000000770e0000 - 0x00000000771ff000 	C:\Windows\system32\kernel32.dll
0x000007fefdd80000 - 0x000007fefddeb000 	C:\Windows\system32\KERNELBASE.dll
0x000007fefeb00000 - 0x000007fefebdb000 	C:\Windows\system32\ADVAPI32.dll
0x000007fefe4c0000 - 0x000007fefe55f000 	C:\Windows\system32\msvcrt.dll
0x000007fefe600000 - 0x000007fefe61f000 	C:\Windows\SYSTEM32\sechost.dll
0x000007fefe390000 - 0x000007fefe4bd000 	C:\Windows\system32\RPCRT4.dll
0x0000000077560000 - 0x000000007765a000 	C:\Windows\system32\USER32.dll
0x000007fefe310000 - 0x000007fefe377000 	C:\Windows\system32\GDI32.dll
0x000007fefe380000 - 0x000007fefe38e000 	C:\Windows\system32\LPK.dll
0x000007fefe630000 - 0x000007fefe6f9000 	C:\Windows\system32\USP10.dll
0x000007fefc2b0000 - 0x000007fefc4a4000 	C:\Windows\WinSxS\amd64_microsoft.windows.common-controls_6595b64144ccf1df_6.0.7601.17514_none_fa396087175ac9ac\COMCTL32.dll
0x000007fefea80000 - 0x000007fefeaf1000 	C:\Windows\system32\SHLWAPI.dll
0x000007fefe150000 - 0x000007fefe17e000 	C:\Windows\system32\IMM32.DLL
0x000007fefe180000 - 0x000007fefe289000 	C:\Windows\system32\MSCTF.dll
0x00000000668c0000 - 0x0000000066991000 	C:\Program Files\Java\jre7\bin\msvcr100.dll
0x0000000065160000 - 0x000000006587f000 	C:\Program Files\Java\jre7\bin\server\jvm.dll
0x000007fefa6a0000 - 0x000007fefa6a9000 	C:\Windows\system32\WSOCK32.dll
0x000007fefe700000 - 0x000007fefe74d000 	C:\Windows\system32\WS2_32.dll
0x000007fefe620000 - 0x000007fefe628000 	C:\Windows\system32\NSI.dll
0x000007fefbf50000 - 0x000007fefbf8b000 	C:\Windows\system32\WINMM.dll
0x0000000077820000 - 0x0000000077827000 	C:\Windows\system32\PSAPI.DLL
0x00000000668b0000 - 0x00000000668bf000 	C:\Program Files\Java\jre7\bin\verify.dll
0x0000000066880000 - 0x00000000668a8000 	C:\Program Files\Java\jre7\bin\java.dll
0x0000000063380000 - 0x00000000633b5000 	C:\Program Files\Java\jre7\bin\jdwp.dll
0x00000000633f0000 - 0x00000000633f8000 	C:\Program Files\Java\jre7\bin\npt.dll
0x0000000066860000 - 0x0000000066875000 	C:\Program Files\Java\jre7\bin\zip.dll
0x00000000633e0000 - 0x00000000633e9000 	C:\Program Files\Java\jre7\bin\dt_socket.dll
0x000007fefd2f0000 - 0x000007fefd345000 	C:\Windows\system32\mswsock.dll
0x000007fefd170000 - 0x000007fefd1cb000 	C:\Windows\system32\DNSAPI.dll
0x000007fefb180000 - 0x000007fefb195000 	C:\Windows\system32\napinsp.dll
0x000007fef06e0000 - 0x000007fef06f9000 	C:\Windows\system32\pnrpnsp.dll
0x000007fef5200000 - 0x000007fef520b000 	C:\Windows\System32\winrnr.dll
0x000007fefb680000 - 0x000007fefb690000 	C:\Windows\system32\wshbth.dll
0x000007fefa560000 - 0x000007fefa572000 	C:\Windows\system32\PrxerNsp.dll
0x000007fefcaa0000 - 0x000007fefcac7000 	C:\Windows\system32\IPHLPAPI.DLL
0x000007fefca90000 - 0x000007fefca9b000 	C:\Windows\system32\WINNSI.DLL
0x000007fefa550000 - 0x000007fefa558000 	C:\Windows\system32\rasadhlp.dll
0x0000000180000000 - 0x000000018003e000 	C:\Program Files (x86)\Avira\AntiVir Desktop\avsda64.dll
0x000007fefca70000 - 0x000007fefca86000 	C:\Windows\system32\PrxerDrv.dll
0x000007fefca60000 - 0x000007fefca67000 	C:\Windows\System32\wshtcpip.dll
0x000007fefd350000 - 0x000007fefd367000 	C:\Windows\system32\CRYPTSP.dll
0x000007fefd050000 - 0x000007fefd097000 	C:\Windows\system32\rsaenh.dll
0x000007fefce00000 - 0x000007fefce1e000 	C:\Windows\system32\USERENV.dll
0x000007fefdac0000 - 0x000007fefdacf000 	C:\Windows\system32\profapi.dll
0x000007fefd9b0000 - 0x000007fefd9bf000 	C:\Windows\system32\CRYPTBASE.dll
0x0000000066840000 - 0x0000000066859000 	C:\Program Files\Java\jre7\bin\net.dll
0x000007fefd2e0000 - 0x000007fefd2e7000 	C:\Windows\System32\wship6.dll
0x000007fefb360000 - 0x000007fefb3b3000 	C:\Windows\System32\fwpuclnt.dll
0x0000000066820000 - 0x0000000066831000 	C:\Program Files\Java\jre7\bin\nio.dll
0x000007fee4e50000 - 0x000007fee4e87000 	C:\Users\Armin\AppData\Local\Temp\jna-Armin\jna5600020945738202622.dll
0x0000000066210000 - 0x00000000663a3000 	C:\Program Files\Java\jre7\bin\awt.dll
0x000007fefe070000 - 0x000007fefe147000 	C:\Windows\system32\OLEAUT32.dll
0x000007fefe750000 - 0x000007fefe953000 	C:\Windows\system32\ole32.dll
0x000007fefbea0000 - 0x000007fefbef6000 	C:\Windows\system32\uxtheme.dll
0x00000000022c0000 - 0x00000000022fb000 	C:\Windows\W7FBC\dll.dll
0x000007fefe9e0000 - 0x000007fefea77000 	C:\Windows\system32\COMDLG32.dll
0x000007fefebe0000 - 0x000007feff968000 	C:\Windows\system32\SHELL32.dll
0x000007fefbc80000 - 0x000007fefbe95000 	C:\Windows\WinSxS\amd64_microsoft.windows.gdiplus_6595b64144ccf1df_1.1.7601.17514_none_2b24536c71ed437a\gdiplus.dll
0x000007fefb940000 - 0x000007fefb958000 	C:\Windows\system32\dwmapi.dll
0x00000000636b0000 - 0x00000000636e4000 	C:\Program Files\Java\jre7\bin\fontmanager.dll
0x0000000062970000 - 0x00000000629a0000 	C:\Users\Armin\Desktop\Kar\jajeem\util\vlclib\libvlc.dll
0x0000000060bb0000 - 0x0000000060e04000 	C:\Users\Armin\Desktop\Kar\jajeem\util\vlclib\libvlccore.dll
0x000007feedfe0000 - 0x000007feee1df000 	C:\Windows\system32\d3d9.dll
0x000007fefc970000 - 0x000007fefc97c000 	C:\Windows\system32\VERSION.dll
0x000007fef0f30000 - 0x000007fef0f37000 	C:\Windows\system32\d3d8thk.dll
0x0000000070a40000 - 0x0000000070ae3000 	C:\Windows\system32\aticfx64.dll
0x000007fef0f20000 - 0x000007fef0f2d000 	C:\Windows\system32\atiu9p64.dll
0x000000006b7a0000 - 0x000000006bcad000 	C:\Windows\system32\atiumd64.dll
0x000000006be90000 - 0x000000006c1bb000 	C:\Windows\system32\atiumd6a.dll
0x000007fefbfc0000 - 0x000007fefc048000 	C:\Windows\system32\DSOUND.dll
0x000007fefc940000 - 0x000007fefc96c000 	C:\Windows\system32\POWRPROF.dll
0x000007fefde90000 - 0x000007fefe067000 	C:\Windows\system32\SETUPAPI.dll
0x000007fefde10000 - 0x000007fefde46000 	C:\Windows\system32\CFGMGR32.dll
0x000007fefddf0000 - 0x000007fefde0a000 	C:\Windows\system32\DEVOBJ.dll
0x0000000060030000 - 0x0000000060ba3000 	C:\Users\Armin\Desktop\Kar\jajeem\util\vlclib\plugins\gui\libqt4_plugin.dll
0x000007fefb600000 - 0x000007fefb671000 	C:\Windows\system32\WINSPOOL.DRV
0x0000000060ef0000 - 0x000000006106a000 	C:\Users\Armin\Desktop\Kar\jajeem\util\vlclib\plugins\misc\libxml_plugin.dll
0x000007fefbf00000 - 0x000007fefbf4b000 	C:\Windows\system32\MMDevAPI.DLL
0x000007fefc100000 - 0x000007fefc22c000 	C:\Windows\system32\PROPSYS.dll
0x000007fee36a0000 - 0x000007fee36db000 	C:\Windows\system32\wdmaud.drv
0x0000000059c10000 - 0x0000000059c16000 	C:\Windows\system32\ksuser.dll
0x000007fefc230000 - 0x000007fefc239000 	C:\Windows\system32\AVRT.dll
0x000007fefbb30000 - 0x000007fefbb7f000 	C:\Windows\system32\AUDIOSES.DLL
0x000007fefaea0000 - 0x000007fefaeaa000 	C:\Windows\system32\msacm32.drv
0x000007fee5ad0000 - 0x000007fee5ae8000 	C:\Windows\system32\MSACM32.dll
0x000007feed2d0000 - 0x000007feed2d9000 	C:\Windows\system32\midimap.dll
0x000007fefa750000 - 0x000007fefa7f0000 	C:\Windows\WinSxS\amd64_microsoft.windows.common-controls_6595b64144ccf1df_5.82.7601.17514_none_a4d6a923711520a9\comctl32.dll
0x0000000063660000 - 0x00000000636a1000 	C:\Program Files\Java\jre7\bin\t2k.dll
0x000007fefe560000 - 0x000007fefe5f9000 	C:\Windows\system32\CLBCatQ.DLL
0x000007fefbf90000 - 0x000007fefbfbd000 	C:\Windows\system32\ntmarta.dll
0x000007fefe2b0000 - 0x000007fefe302000 	C:\Windows\system32\WLDAP32.dll
0x000007fefd950000 - 0x000007fefd9a7000 	C:\Windows\system32\apphelp.dll
0x000007fef4d60000 - 0x000007fef4efc000 	C:\Windows\system32\NetworkExplorer.dll
0x000007fef57d0000 - 0x000007fef5804000 	C:\Windows\System32\shdocvw.dll
0x000007fefb8d0000 - 0x000007fefb8db000 	C:\Windows\system32\slc.dll
0x000007fefa250000 - 0x000007fefa268000 	C:\Windows\system32\MPR.dll
0x000007fef53d0000 - 0x000007fef53da000 	C:\Windows\System32\drprov.dll
0x000007fefd9c0000 - 0x000007fefd9fd000 	C:\Windows\System32\WINSTA.dll
0x000007fef5350000 - 0x000007fef5372000 	C:\Windows\System32\ntlanman.dll
0x000007fef5330000 - 0x000007fef534c000 	C:\Windows\System32\davclnt.dll
0x000007fef5320000 - 0x000007fef532a000 	C:\Windows\System32\DAVHLPR.dll
0x000007fefb1d0000 - 0x000007fefb1e5000 	C:\Windows\system32\wkscli.dll
0x000007fef88d0000 - 0x000007fef88df000 	C:\Windows\system32\cscapi.dll
0x000007fefb1f0000 - 0x000007fefb1fc000 	C:\Windows\system32\netutils.dll
0x000007fef0830000 - 0x000007fef0aa1000 	C:\Windows\system32\wpdshext.dll
0x000007fef3250000 - 0x000007fef330d000 	C:\Windows\system32\PortableDeviceApi.dll
0x000007fefde50000 - 0x000007fefde8a000 	C:\Windows\system32\WINTRUST.dll
0x000007fefdc10000 - 0x000007fefdd77000 	C:\Windows\system32\CRYPT32.dll
0x000007fefdb60000 - 0x000007fefdb6f000 	C:\Windows\system32\MSASN1.dll
0x000007fef8720000 - 0x000007fef8755000 	C:\Windows\system32\EhStorShell.dll
0x000007fef3330000 - 0x000007fef3357000 	C:\Windows\system32\EhStorAPI.dll
0x000007fef5740000 - 0x000007fef574c000 	C:\Windows\system32\LINKINFO.dll
0x000000000da70000 - 0x000000000dad5000 	C:\Program Files\WIDCOMM\Bluetooth Software\btmmhook.dll
0x00000000635f0000 - 0x000000006361a000 	C:\Program Files\Java\jre7\bin\dcpr.dll
0x000007fefb7a0000 - 0x000007fefb8ca000 	C:\Windows\system32\WindowsCodecs.dll
0x0000000070af0000 - 0x0000000070b06000 	C:\Program Files\Common Files\TortoiseOverlays\TortoiseOverlays.dll
0x0000000070640000 - 0x0000000070650000 	C:\Program Files\TortoiseSVN\bin\TortoiseStub.dll
0x00000000705c0000 - 0x0000000070638000 	C:\Program Files\TortoiseSVN\bin\TortoiseSVN.dll
0x0000000076f80000 - 0x00000000770da000 	C:\Windows\system32\WININET.dll
0x0000000077830000 - 0x0000000077833000 	C:\Windows\system32\Normaliz.dll
0x0000000077200000 - 0x000000007740d000 	C:\Windows\system32\iertutil.dll
0x0000000077410000 - 0x000000007755d000 	C:\Windows\system32\urlmon.dll
0x000007fef92f0000 - 0x000007fef96cc000 	C:\Program Files\TortoiseSVN\bin\libsvn_tsvn.dll
0x0000000070d70000 - 0x0000000070d9b000 	C:\Program Files\TortoiseSVN\bin\libapr_tsvn.dll
0x0000000070d20000 - 0x0000000070d61000 	C:\Program Files\TortoiseSVN\bin\libaprutil_tsvn.dll
0x000007fef9280000 - 0x000007fef9290000 	C:\Program Files\TortoiseSVN\bin\intl3_tsvn.dll

VM Arguments:
jvm_args: -agentlib:jdwp=transport=dt_socket,suspend=y,address=localhost:6933 -Dfile.encoding=Cp1256 
java_command: com.jajeem.videoplayer.design.VideoPlayer
Launcher Type: SUN_STANDARD

Environment Variables:
PATH=C:\Program Files (x86)\NVIDIA Corporation\PhysX\Common;C:\Program Files (x86)\MiKTeX 2.9\miktex\bin;C:\Windows\system32;C:\Windows;C:\Windows\System32\Wbem;C:\Windows\System32\WindowsPowerShell\v1.0\;c:\Program Files (x86)\ATI Technologies\ATI.ACE\Core-Static;C:\Program Files\Intel\WiFi\bin\;C:\Program Files\Common Files\Intel\WirelessCommon\;C:\Program Files (x86)\Common Files\Roxio Shared\DLLShared\;C:\Program Files (x86)\Common Files\Roxio Shared\OEM\DLLShared\;C:\Program Files (x86)\Common Files\Roxio Shared\OEM\DLLShared\;C:\Program Files (x86)\Common Files\Roxio Shared\OEM\12.0\DLLShared\;C:\Program Files (x86)\Roxio\OEM\AudioCore\;C:\Program Files (x86)\Java\jre6\bin;C:\Program Files\TortoiseSVN\bin;C:\Program Files (x86)\Microsoft SQL Server\100\Tools\Binn\;C:\Program Files\Microsoft SQL Server\100\Tools\Binn\;C:\Program Files\Microsoft SQL Server\100\DTS\Binn\;C:\Program Files (x86)\Microsoft SQL Server\100\Tools\Binn\VSShell\Common7\IDE\;C:\Program Files (x86)\Microsoft Visual Studio 9.0\Common7\IDE\PrivateAssemblies\;C:\Program Files (x86)\Microsoft SQL Server\100\DTS\Binn\;C:\Program Files\Microsoft\Web Platform Installer\;;C:\Program Files (x86)\Universal Extractor;C:\Program Files (x86)\Universal Extractor\bin;C:\Program Files (x86)\Microsoft ASP.NET\ASP.NET Web Pages\v1.0\;C:\Program Files (x86)\Windows Kits\8.0\Windows Performance Toolkit\;C:\Program Files\Microsoft SQL Server\110\Tools\Binn\;C:\Program Files\WIDCOMM\Bluetooth Software\;C:\Program Files\WIDCOMM\Bluetooth Software\syswow64;C:\Program Files (x86)\OpenVPN\bin
USERNAME=Armin
OS=Windows_NT
PROCESSOR_IDENTIFIER=Intel64 Family 6 Model 42 Stepping 7, GenuineIntel



---------------  S Y S T E M  ---------------

OS: Windows 7 , 64 bit Build 7601 Service Pack 1

CPU:total 8 (4 cores per cpu, 2 threads per core) family 6 model 42 stepping 7, cmov, cx8, fxsr, mmx, sse, sse2, sse3, ssse3, sse4.1, sse4.2, popcnt, avx, ht, tsc, tscinvbit

Memory: 4k page, physical 8335180k(3915484k free), swap 16668512k(10677852k free)

vm_info: Java HotSpot(TM) 64-Bit Server VM (23.7-b01) for windows-amd64 JRE (1.7.0_17-b02), built on Mar  1 2013 03:38:30 by "java_re" with unknown MS VC++:1600

time: Wed Jun 26 15:32:01 2013
elapsed time: 24 seconds

