INFO  com.jajeem.exception.JajeemExcetionHandler: Application Started!
ERROR com.jajeem.core.design.InstructorLogin: Application Ended!
INFO  com.jajeem.core.design.InstructorLogin: Application Started!
INFO  com.jajeem.core.design.InstructorLogin: Application Started!
INFO  ServerServiceTimer.class: Server started, sending startUpCommand every: 5000
ERROR com.jajeem.exception.JajeemExcetionHandler: 
INFO  com.jajeem.core.design.InstructorLogin: Application Started!
INFO  ServerServiceTimer.class: Server started, sending startUpCommand every: 5000
ERROR com.jajeem.exception.JajeemExcetionHandler: 
INFO  com.jajeem.core.design.InstructorLogin: Application Started!
INFO  ServerServiceTimer.class: Server started, sending startUpCommand every: 5000
ERROR com.jajeem.exception.JajeemExcetionHandler: 
ERROR com.jajeem.exception.JajeemExcetionHandler: 
INFO  com.jajeem.core.design.InstructorLogin: Application Started!
INFO  ServerServiceTimer.class: Server started, sending startUpCommand every: 5000
ERROR com.jajeem.exception.JajeemExcetionHandler: 
INFO  com.jajeem.core.design.InstructorLogin: Application Started!
INFO  ServerServiceTimer.class: Server started, sending startUpCommand every: 5000
ERROR com.jajeem.exception.JajeemExcetionHandler: 
INFO  com.jajeem.core.design.InstructorLogin: Application Started!
INFO  ServerServiceTimer.class: Server started, sending startUpCommand every: 5000
ERROR com.jajeem.exception.JajeemExcetionHandler: 
ERROR com.jajeem.exception.JajeemExcetionHandler: 
INFO  com.jajeem.core.design.InstructorLogin: Application Started!
INFO  ServerServiceTimer.class: Server started, sending startUpCommand every: 5000
ERROR com.jajeem.exception.JajeemExcetionHandler: 
ERROR com.jajeem.exception.JajeemExcetionHandler: 
INFO  com.jajeem.core.design.InstructorLogin: Application Started!
INFO  ServerServiceTimer.class: Server started, sending startUpCommand every: 5000
ERROR com.jajeem.exception.JajeemExcetionHandler: 
ERROR com.jajeem.exception.JajeemExcetionHandler: 
INFO  com.jajeem.core.design.InstructorLogin: Application Started!
INFO  ServerServiceTimer.class: Server started, sending startUpCommand every: 5000
ERROR com.jajeem.exception.JajeemExcetionHandler: 
INFO  ServerService.class: Sending: Message type: class com.jajeem.command.model.StartIntercomCommand, from: 192.168.0.120
INFO  com.jajeem.core.design.InstructorLogin: Application Started!
INFO  ServerServiceTimer.class: Server started, sending startUpCommand every: 5000
INFO  com.jajeem.core.design.InstructorLogin: Application Started!
ERROR com.jajeem.exception.JajeemExcetionHandler: 
ERROR com.jajeem.exception.JajeemExcetionHandler: 
INFO  ServerService.class: Sending: Message type: class com.jajeem.command.model.GrantCommand, from: 192.168.0.235
ERROR com.jajeem.exception.JajeemExcetionHandler: 
ERROR com.jajeem.exception.JajeemExcetionHandler: 
ERROR com.jajeem.exception.JajeemExcetionHandler: 
ERROR com.jajeem.exception.JajeemExcetionHandler: 
ERROR com.jajeem.exception.JajeemExcetionHandler: 
INFO  ServerService.class: Sending: Message type: class com.jajeem.command.model.GrantCommand, from: 192.168.0.235
INFO  ServerService.class: Sending: Message type: class com.jajeem.command.model.GrantCommand, from: 192.168.0.235
ERROR com.jajeem.exception.JajeemExcetionHandler: 
ERROR com.jajeem.exception.JajeemExcetionHandler: 
ERROR com.jajeem.exception.JajeemExcetionHandler: 
ERROR com.jajeem.exception.JajeemExcetionHandler: 
ERROR com.jajeem.exception.JajeemExcetionHandler: 
ERROR com.jajeem.exception.JajeemExcetionHandler: 
INFO  ServerService.class: Sending: Message type: class com.jajeem.command.model.GrantCommand, from: 192.168.0.235
ERROR com.jajeem.exception.JajeemExcetionHandler: 
ERROR com.jajeem.exception.JajeemExcetionHandler: 
