Build started 3/2/2014 4:02:41 PM.
     1>Project "F:\Kar\Jajeem\jajeem\License\SampleC\Sample2\Sample2.vcxproj" on node 2 (build target(s)).
     1>InitializeBuildStatus:
         Creating "Debug\Sample2.unsuccessfulbuild" because "AlwaysCreate" was specified.
       ClCompile:
         C:\Program Files (x86)\Microsoft Visual Studio 10.0\VC\bin\x86_amd64\CL.exe /c /I"C:\Program Files\Java\jdk1.7.0\include" /I"C:\Program Files\Java\jdk1.7.0\include\win32" /Zi /nologo /W3 /WX- /Od /D WIN32 /D _DEBUG /D _WINDOWS /D _UNICODE /D UNICODE /Gm- /EHsc /RTC1 /MDd /GS /fp:precise /Zc:wchar_t /Zc:forScope /Yc"StdAfx.h" /Fp"Debug\Sample2.pch" /Fo"Debug\\" /Fd"Debug\vc100.pdb" /Gd /TP /errorReport:prompt stdafx.cpp
         stdafx.cpp
         C:\Program Files (x86)\Microsoft Visual Studio 10.0\VC\bin\x86_amd64\CL.exe /c /I"C:\Program Files\Java\jdk1.7.0\include" /I"C:\Program Files\Java\jdk1.7.0\include\win32" /Zi /nologo /W3 /WX- /Od /D WIN32 /D _DEBUG /D _WINDOWS /D _UNICODE /D UNICODE /Gm- /EHsc /RTC1 /MDd /GS /fp:precise /Zc:wchar_t /Zc:forScope /Yu"StdAfx.h" /Fp"Debug\Sample2.pch" /Fo"Debug\\" /Fd"Debug\vc100.pdb" /Gd /TP /errorReport:prompt reg.cpp Sample2.cpp
         reg.cpp
         Sample2.cpp
         Generating Code...
       ResourceCompile:
         C:\Program Files (x86)\Microsoft SDKs\Windows\v7.0A\bin\rc.exe /D _UNICODE /D UNICODE /l"0x0409" /nologo /fo"Debug\Sample2.res" Sample2.rc 
       Link:
         C:\Program Files (x86)\Microsoft Visual Studio 10.0\VC\bin\x86_amd64\link.exe /ERRORREPORT:PROMPT /OUT:"F:\Kar\Jajeem\jajeem\License\SampleC\Sample2\Debug\Sample2.exe" /INCREMENTAL:NO /NOLOGO kernel32.lib user32.lib gdi32.lib winspool.lib comdlg32.lib advapi32.lib shell32.lib ole32.lib oleaut32.lib uuid.lib odbc32.lib odbccp32.lib /MANIFEST /ManifestFile:"Debug\Sample2.exe.intermediate.manifest" /MANIFESTUAC:"level='asInvoker' uiAccess='false'" /DEBUG /PDB:"F:\Kar\Jajeem\jajeem\License\SampleC\Sample2\Debug\Sample2.pdb" /SUBSYSTEM:WINDOWS /TLBID:1 /DYNAMICBASE /NXCOMPAT /IMPLIB:"F:\Kar\Jajeem\jajeem\License\SampleC\Sample2\Debug\Sample2.lib" /MACHINE:X64 Debug\Sample2.res
         Debug\reg.obj
         Debug\Sample2.obj
         Debug\stdafx.obj
            Creating library F:\Kar\Jajeem\jajeem\License\SampleC\Sample2\Debug\Sample2.lib and object F:\Kar\Jajeem\jajeem\License\SampleC\Sample2\Debug\Sample2.exp
         Sample2.vcxproj -> F:\Kar\Jajeem\jajeem\License\SampleC\Sample2\Debug\Sample2.exe
       Manifest:
         C:\Program Files (x86)\Microsoft SDKs\Windows\v7.0A\bin\mt.exe /nologo /verbose /outputresource:"F:\Kar\Jajeem\jajeem\License\SampleC\Sample2\Debug\Sample2.exe;#1" /manifest Debug\Sample2.exe.intermediate.manifest
       FinalizeBuildStatus:
         Deleting file "Debug\Sample2.unsuccessfulbuild".
         Touching "Debug\Sample2.lastbuildstate".
     1>Done Building Project "F:\Kar\Jajeem\jajeem\License\SampleC\Sample2\Sample2.vcxproj" (build target(s)).

Build succeeded.

Time Elapsed 00:00:01.10
